[2024-12-15T17:36:12.732+0900] {taskinstance.py:1159} INFO - Dependencies all met for dep_context=non-requeueable deps ti=<TaskInstance: maplestory_rank_collection.collect_rank_data manual__2024-12-15T07:31:39.651658+00:00 [queued]>
[2024-12-15T17:36:12.734+0900] {taskinstance.py:1159} INFO - Dependencies all met for dep_context=requeueable deps ti=<TaskInstance: maplestory_rank_collection.collect_rank_data manual__2024-12-15T07:31:39.651658+00:00 [queued]>
[2024-12-15T17:36:12.734+0900] {taskinstance.py:1361} INFO - Starting attempt 1 of 4
[2024-12-15T17:36:12.738+0900] {taskinstance.py:1382} INFO - Executing <Task(PythonOperator): collect_rank_data> on 2024-12-15 07:31:39.651658+00:00
[2024-12-15T17:36:12.740+0900] {standard_task_runner.py:57} INFO - Started process 70256 to run task
[2024-12-15T17:36:12.742+0900] {standard_task_runner.py:84} INFO - Running: ['airflow', 'tasks', 'run', 'maplestory_rank_collection', 'collect_rank_data', 'manual__2024-12-15T07:31:39.651658+00:00', '--job-id', '8', '--raw', '--subdir', 'DAGS_FOLDER/maple_dag.py', '--cfg-path', '/var/folders/6m/mmxhhxc56qbbz6384vmmvc3m0000gn/T/tmp8i98j724']
[2024-12-15T17:36:12.743+0900] {standard_task_runner.py:85} INFO - Job 8: Subtask collect_rank_data
[2024-12-15T17:36:12.760+0900] {task_command.py:415} INFO - Running <TaskInstance: maplestory_rank_collection.collect_rank_data manual__2024-12-15T07:31:39.651658+00:00 [running]> on host hongseokui-macbookpro.local
[2024-12-15T17:36:12.776+0900] {taskinstance.py:1660} INFO - Exporting env vars: AIRFLOW_CTX_DAG_OWNER='airflow' AIRFLOW_CTX_DAG_ID='maplestory_rank_collection' AIRFLOW_CTX_TASK_ID='collect_rank_data' AIRFLOW_CTX_EXECUTION_DATE='2024-12-15T07:31:39.651658+00:00' AIRFLOW_CTX_TRY_NUMBER='1' AIRFLOW_CTX_DAG_RUN_ID='manual__2024-12-15T07:31:39.651658+00:00'
[2024-12-15T17:36:16.174+0900] {logging_mixin.py:151} INFO - 2024-06-01의 데이터를 수집합니다.
[2024-12-15T17:36:16.180+0900] {logging_mixin.py:151} WARNING -   0%|          | 0/70000 [00:00<?, ?it/s]
[2024-12-15T17:36:16.234+0900] {logging_mixin.py:151} INFO - Error: 429 - {"error":{"name":"OPENAPI00007","message":"Please try again later"}}
[2024-12-15T17:36:16.234+0900] {logging_mixin.py:151} WARNING -   3%|2         | 1774/70000 [00:00<00:02, 32922.12it/s]
[2024-12-15T17:36:16.235+0900] {logging_mixin.py:151} INFO - 2024-06-01에 대한 데이터가 없습니다.
[2024-12-15T17:36:16.235+0900] {logging_mixin.py:151} INFO - 2024-06-02의 데이터를 수집합니다.
[2024-12-15T17:36:16.236+0900] {logging_mixin.py:151} WARNING -   0%|          | 0/70000 [00:00<?, ?it/s]
[2024-12-15T17:36:16.288+0900] {logging_mixin.py:151} INFO - Error: 429 - {"error":{"name":"OPENAPI00007","message":"Please try again later"}}
[2024-12-15T17:36:16.289+0900] {logging_mixin.py:151} WARNING -   3%|2         | 1865/70000 [00:00<00:01, 35356.18it/s]
[2024-12-15T17:36:16.289+0900] {logging_mixin.py:151} INFO - 2024-06-02에 대한 데이터가 없습니다.
[2024-12-15T17:36:16.290+0900] {logging_mixin.py:151} INFO - 2024-06-03의 데이터를 수집합니다.
[2024-12-15T17:36:16.290+0900] {logging_mixin.py:151} WARNING -   0%|          | 0/70000 [00:00<?, ?it/s]
[2024-12-15T17:36:16.339+0900] {logging_mixin.py:151} INFO - Error: 429 - {"error":{"name":"OPENAPI00007","message":"Please try again later"}}
[2024-12-15T17:36:16.340+0900] {logging_mixin.py:151} WARNING -   3%|2         | 1865/70000 [00:00<00:01, 37683.49it/s]
[2024-12-15T17:36:16.341+0900] {logging_mixin.py:151} INFO - 2024-06-03에 대한 데이터가 없습니다.
[2024-12-15T17:36:16.341+0900] {logging_mixin.py:151} INFO - 2024-06-04의 데이터를 수집합니다.
[2024-12-15T17:36:16.341+0900] {logging_mixin.py:151} WARNING -   0%|          | 0/70000 [00:00<?, ?it/s]
[2024-12-15T17:36:16.399+0900] {logging_mixin.py:151} INFO - Error: 429 - {"error":{"name":"OPENAPI00007","message":"Please try again later"}}
[2024-12-15T17:36:16.400+0900] {logging_mixin.py:151} WARNING -   2%|2         | 1466/70000 [00:00<00:02, 25084.75it/s]
[2024-12-15T17:36:16.401+0900] {logging_mixin.py:151} INFO - 2024-06-04에 대한 데이터가 없습니다.
[2024-12-15T17:36:16.401+0900] {logging_mixin.py:151} INFO - 2024-06-05의 데이터를 수집합니다.
[2024-12-15T17:36:16.401+0900] {logging_mixin.py:151} WARNING -   0%|          | 0/70000 [00:00<?, ?it/s]
[2024-12-15T17:36:16.454+0900] {logging_mixin.py:151} INFO - Error: 429 - {"error":{"name":"OPENAPI00007","message":"Please try again later"}}
[2024-12-15T17:36:16.455+0900] {logging_mixin.py:151} WARNING -   0%|          | 0/70000 [00:00<?, ?it/s]
[2024-12-15T17:36:16.456+0900] {logging_mixin.py:151} INFO - 2024-06-05에 대한 데이터가 없습니다.
[2024-12-15T17:36:16.456+0900] {logging_mixin.py:151} INFO - 2024-06-06의 데이터를 수집합니다.
[2024-12-15T17:36:16.456+0900] {logging_mixin.py:151} WARNING -   0%|          | 0/70000 [00:00<?, ?it/s]
[2024-12-15T17:36:16.512+0900] {logging_mixin.py:151} INFO - Error: 429 - {"error":{"name":"OPENAPI00007","message":"Please try again later"}}
[2024-12-15T17:36:16.512+0900] {logging_mixin.py:151} WARNING -   0%|          | 0/70000 [00:00<?, ?it/s]
[2024-12-15T17:36:16.513+0900] {logging_mixin.py:151} INFO - 2024-06-06에 대한 데이터가 없습니다.
[2024-12-15T17:36:16.513+0900] {logging_mixin.py:151} INFO - 2024-06-07의 데이터를 수집합니다.
[2024-12-15T17:36:16.513+0900] {logging_mixin.py:151} WARNING -   0%|          | 0/70000 [00:00<?, ?it/s]
[2024-12-15T17:36:16.567+0900] {logging_mixin.py:151} INFO - Error: 429 - {"error":{"name":"OPENAPI00007","message":"Please try again later"}}
[2024-12-15T17:36:16.567+0900] {logging_mixin.py:151} WARNING -   0%|          | 0/70000 [00:00<?, ?it/s]
[2024-12-15T17:36:16.568+0900] {logging_mixin.py:151} INFO - 2024-06-07에 대한 데이터가 없습니다.
[2024-12-15T17:36:16.569+0900] {logging_mixin.py:151} INFO - 2024-06-08의 데이터를 수집합니다.
[2024-12-15T17:36:16.569+0900] {logging_mixin.py:151} WARNING -   0%|          | 0/70000 [00:00<?, ?it/s]
[2024-12-15T17:36:16.620+0900] {logging_mixin.py:151} INFO - Error: 429 - {"error":{"name":"OPENAPI00007","message":"Please try again later"}}
[2024-12-15T17:36:16.620+0900] {logging_mixin.py:151} WARNING -   0%|          | 0/70000 [00:00<?, ?it/s]
[2024-12-15T17:36:16.621+0900] {logging_mixin.py:151} INFO - 2024-06-08에 대한 데이터가 없습니다.
[2024-12-15T17:36:16.621+0900] {logging_mixin.py:151} INFO - 2024-06-09의 데이터를 수집합니다.
[2024-12-15T17:36:16.621+0900] {logging_mixin.py:151} WARNING -   0%|          | 0/70000 [00:00<?, ?it/s]
[2024-12-15T17:36:16.680+0900] {logging_mixin.py:151} INFO - Error: 429 - {"error":{"name":"OPENAPI00007","message":"Please try again later"}}
[2024-12-15T17:36:16.680+0900] {logging_mixin.py:151} WARNING -   0%|          | 0/70000 [00:00<?, ?it/s]
[2024-12-15T17:36:16.681+0900] {logging_mixin.py:151} INFO - 2024-06-09에 대한 데이터가 없습니다.
[2024-12-15T17:36:16.682+0900] {logging_mixin.py:151} INFO - 2024-06-10의 데이터를 수집합니다.
[2024-12-15T17:36:16.682+0900] {logging_mixin.py:151} WARNING -   0%|          | 0/70000 [00:00<?, ?it/s]
[2024-12-15T17:36:16.740+0900] {logging_mixin.py:151} INFO - Error: 429 - {"error":{"name":"OPENAPI00007","message":"Please try again later"}}
[2024-12-15T17:36:16.740+0900] {logging_mixin.py:151} WARNING -   0%|          | 0/70000 [00:00<?, ?it/s]
[2024-12-15T17:36:16.741+0900] {logging_mixin.py:151} INFO - 2024-06-10에 대한 데이터가 없습니다.
[2024-12-15T17:36:16.742+0900] {python.py:194} INFO - Done. Returned value was: Data collection completed successfully
[2024-12-15T17:36:16.749+0900] {taskinstance.py:1400} INFO - Marking task as SUCCESS. dag_id=maplestory_rank_collection, task_id=collect_rank_data, execution_date=20241215T073139, start_date=20241215T083612, end_date=20241215T083616
[2024-12-15T17:36:16.787+0900] {local_task_job_runner.py:228} INFO - Task exited with return code 0
[2024-12-15T17:36:16.796+0900] {taskinstance.py:2784} INFO - 0 downstream tasks scheduled from follow-on schedule check
