[2024-12-16T09:00:57.487+0900] {processor.py:186} INFO - Started process (PID=50197) to work on /Users/hongseoklee/miniconda3/envs/aivenv/lib/python3.11/site-packages/airflow/example_dags/plugins/event_listener.py
[2024-12-16T09:00:57.487+0900] {processor.py:914} INFO - Processing file /Users/hongseoklee/miniconda3/envs/aivenv/lib/python3.11/site-packages/airflow/example_dags/plugins/event_listener.py for tasks to queue
[2024-12-16T09:00:57.487+0900] {logging_mixin.py:190} INFO - [2024-12-16T09:00:57.487+0900] {dagbag.py:588} INFO - Filling up the DagBag from /Users/hongseoklee/miniconda3/envs/aivenv/lib/python3.11/site-packages/airflow/example_dags/plugins/event_listener.py
[2024-12-16T09:00:57.488+0900] {processor.py:927} WARNING - No viable dags retrieved from /Users/hongseoklee/miniconda3/envs/aivenv/lib/python3.11/site-packages/airflow/example_dags/plugins/event_listener.py
[2024-12-16T09:00:57.515+0900] {processor.py:208} INFO - Processing /Users/hongseoklee/miniconda3/envs/aivenv/lib/python3.11/site-packages/airflow/example_dags/plugins/event_listener.py took 0.029 seconds
[2024-12-16T09:02:13.432+0900] {processor.py:186} INFO - Started process (PID=50559) to work on /Users/hongseoklee/miniconda3/envs/aivenv/lib/python3.11/site-packages/airflow/example_dags/plugins/event_listener.py
[2024-12-16T09:02:13.433+0900] {processor.py:914} INFO - Processing file /Users/hongseoklee/miniconda3/envs/aivenv/lib/python3.11/site-packages/airflow/example_dags/plugins/event_listener.py for tasks to queue
[2024-12-16T09:02:13.433+0900] {logging_mixin.py:190} INFO - [2024-12-16T09:02:13.433+0900] {dagbag.py:588} INFO - Filling up the DagBag from /Users/hongseoklee/miniconda3/envs/aivenv/lib/python3.11/site-packages/airflow/example_dags/plugins/event_listener.py
[2024-12-16T09:02:13.434+0900] {processor.py:927} WARNING - No viable dags retrieved from /Users/hongseoklee/miniconda3/envs/aivenv/lib/python3.11/site-packages/airflow/example_dags/plugins/event_listener.py
[2024-12-16T09:02:13.461+0900] {processor.py:208} INFO - Processing /Users/hongseoklee/miniconda3/envs/aivenv/lib/python3.11/site-packages/airflow/example_dags/plugins/event_listener.py took 0.030 seconds
[2024-12-16T09:03:31.134+0900] {processor.py:186} INFO - Started process (PID=50780) to work on /Users/hongseoklee/miniconda3/envs/aivenv/lib/python3.11/site-packages/airflow/example_dags/plugins/event_listener.py
[2024-12-16T09:03:31.135+0900] {processor.py:914} INFO - Processing file /Users/hongseoklee/miniconda3/envs/aivenv/lib/python3.11/site-packages/airflow/example_dags/plugins/event_listener.py for tasks to queue
[2024-12-16T09:03:31.136+0900] {logging_mixin.py:190} INFO - [2024-12-16T09:03:31.136+0900] {dagbag.py:588} INFO - Filling up the DagBag from /Users/hongseoklee/miniconda3/envs/aivenv/lib/python3.11/site-packages/airflow/example_dags/plugins/event_listener.py
[2024-12-16T09:03:31.136+0900] {processor.py:927} WARNING - No viable dags retrieved from /Users/hongseoklee/miniconda3/envs/aivenv/lib/python3.11/site-packages/airflow/example_dags/plugins/event_listener.py
[2024-12-16T09:03:31.162+0900] {processor.py:208} INFO - Processing /Users/hongseoklee/miniconda3/envs/aivenv/lib/python3.11/site-packages/airflow/example_dags/plugins/event_listener.py took 0.029 seconds
[2024-12-16T09:04:50.525+0900] {processor.py:186} INFO - Started process (PID=51010) to work on /Users/hongseoklee/miniconda3/envs/aivenv/lib/python3.11/site-packages/airflow/example_dags/plugins/event_listener.py
[2024-12-16T09:04:50.525+0900] {processor.py:914} INFO - Processing file /Users/hongseoklee/miniconda3/envs/aivenv/lib/python3.11/site-packages/airflow/example_dags/plugins/event_listener.py for tasks to queue
[2024-12-16T09:04:50.526+0900] {logging_mixin.py:190} INFO - [2024-12-16T09:04:50.526+0900] {dagbag.py:588} INFO - Filling up the DagBag from /Users/hongseoklee/miniconda3/envs/aivenv/lib/python3.11/site-packages/airflow/example_dags/plugins/event_listener.py
[2024-12-16T09:04:50.527+0900] {processor.py:927} WARNING - No viable dags retrieved from /Users/hongseoklee/miniconda3/envs/aivenv/lib/python3.11/site-packages/airflow/example_dags/plugins/event_listener.py
[2024-12-16T09:04:50.555+0900] {processor.py:208} INFO - Processing /Users/hongseoklee/miniconda3/envs/aivenv/lib/python3.11/site-packages/airflow/example_dags/plugins/event_listener.py took 0.031 seconds
[2024-12-16T09:06:09.751+0900] {processor.py:186} INFO - Started process (PID=51231) to work on /Users/hongseoklee/miniconda3/envs/aivenv/lib/python3.11/site-packages/airflow/example_dags/plugins/event_listener.py
[2024-12-16T09:06:09.752+0900] {processor.py:914} INFO - Processing file /Users/hongseoklee/miniconda3/envs/aivenv/lib/python3.11/site-packages/airflow/example_dags/plugins/event_listener.py for tasks to queue
[2024-12-16T09:06:09.753+0900] {logging_mixin.py:190} INFO - [2024-12-16T09:06:09.752+0900] {dagbag.py:588} INFO - Filling up the DagBag from /Users/hongseoklee/miniconda3/envs/aivenv/lib/python3.11/site-packages/airflow/example_dags/plugins/event_listener.py
[2024-12-16T09:06:09.753+0900] {processor.py:927} WARNING - No viable dags retrieved from /Users/hongseoklee/miniconda3/envs/aivenv/lib/python3.11/site-packages/airflow/example_dags/plugins/event_listener.py
[2024-12-16T09:06:09.779+0900] {processor.py:208} INFO - Processing /Users/hongseoklee/miniconda3/envs/aivenv/lib/python3.11/site-packages/airflow/example_dags/plugins/event_listener.py took 0.029 seconds
[2024-12-16T09:07:27.408+0900] {processor.py:186} INFO - Started process (PID=51434) to work on /Users/hongseoklee/miniconda3/envs/aivenv/lib/python3.11/site-packages/airflow/example_dags/plugins/event_listener.py
[2024-12-16T09:07:27.408+0900] {processor.py:914} INFO - Processing file /Users/hongseoklee/miniconda3/envs/aivenv/lib/python3.11/site-packages/airflow/example_dags/plugins/event_listener.py for tasks to queue
[2024-12-16T09:07:27.409+0900] {logging_mixin.py:190} INFO - [2024-12-16T09:07:27.409+0900] {dagbag.py:588} INFO - Filling up the DagBag from /Users/hongseoklee/miniconda3/envs/aivenv/lib/python3.11/site-packages/airflow/example_dags/plugins/event_listener.py
[2024-12-16T09:07:27.409+0900] {processor.py:927} WARNING - No viable dags retrieved from /Users/hongseoklee/miniconda3/envs/aivenv/lib/python3.11/site-packages/airflow/example_dags/plugins/event_listener.py
[2024-12-16T09:07:27.438+0900] {processor.py:208} INFO - Processing /Users/hongseoklee/miniconda3/envs/aivenv/lib/python3.11/site-packages/airflow/example_dags/plugins/event_listener.py took 0.031 seconds
[2024-12-16T09:08:43.669+0900] {processor.py:186} INFO - Started process (PID=51647) to work on /Users/hongseoklee/miniconda3/envs/aivenv/lib/python3.11/site-packages/airflow/example_dags/plugins/event_listener.py
[2024-12-16T09:08:43.670+0900] {processor.py:914} INFO - Processing file /Users/hongseoklee/miniconda3/envs/aivenv/lib/python3.11/site-packages/airflow/example_dags/plugins/event_listener.py for tasks to queue
[2024-12-16T09:08:43.671+0900] {logging_mixin.py:190} INFO - [2024-12-16T09:08:43.671+0900] {dagbag.py:588} INFO - Filling up the DagBag from /Users/hongseoklee/miniconda3/envs/aivenv/lib/python3.11/site-packages/airflow/example_dags/plugins/event_listener.py
[2024-12-16T09:08:43.671+0900] {processor.py:927} WARNING - No viable dags retrieved from /Users/hongseoklee/miniconda3/envs/aivenv/lib/python3.11/site-packages/airflow/example_dags/plugins/event_listener.py
[2024-12-16T09:08:43.698+0900] {processor.py:208} INFO - Processing /Users/hongseoklee/miniconda3/envs/aivenv/lib/python3.11/site-packages/airflow/example_dags/plugins/event_listener.py took 0.030 seconds
