[2024-12-16T09:00:55.542+0900] {processor.py:186} INFO - Started process (PID=50189) to work on /Users/hongseoklee/miniconda3/envs/aivenv/lib/python3.11/site-packages/airflow/example_dags/plugins/listener_plugin.py
[2024-12-16T09:00:55.543+0900] {processor.py:914} INFO - Processing file /Users/hongseoklee/miniconda3/envs/aivenv/lib/python3.11/site-packages/airflow/example_dags/plugins/listener_plugin.py for tasks to queue
[2024-12-16T09:00:55.543+0900] {logging_mixin.py:190} INFO - [2024-12-16T09:00:55.543+0900] {dagbag.py:588} INFO - Filling up the DagBag from /Users/hongseoklee/miniconda3/envs/aivenv/lib/python3.11/site-packages/airflow/example_dags/plugins/listener_plugin.py
[2024-12-16T09:00:55.545+0900] {processor.py:927} WARNING - No viable dags retrieved from /Users/hongseoklee/miniconda3/envs/aivenv/lib/python3.11/site-packages/airflow/example_dags/plugins/listener_plugin.py
[2024-12-16T09:00:55.572+0900] {processor.py:208} INFO - Processing /Users/hongseoklee/miniconda3/envs/aivenv/lib/python3.11/site-packages/airflow/example_dags/plugins/listener_plugin.py took 0.030 seconds
[2024-12-16T09:02:11.446+0900] {processor.py:186} INFO - Started process (PID=50530) to work on /Users/hongseoklee/miniconda3/envs/aivenv/lib/python3.11/site-packages/airflow/example_dags/plugins/listener_plugin.py
[2024-12-16T09:02:11.447+0900] {processor.py:914} INFO - Processing file /Users/hongseoklee/miniconda3/envs/aivenv/lib/python3.11/site-packages/airflow/example_dags/plugins/listener_plugin.py for tasks to queue
[2024-12-16T09:02:11.447+0900] {logging_mixin.py:190} INFO - [2024-12-16T09:02:11.447+0900] {dagbag.py:588} INFO - Filling up the DagBag from /Users/hongseoklee/miniconda3/envs/aivenv/lib/python3.11/site-packages/airflow/example_dags/plugins/listener_plugin.py
[2024-12-16T09:02:11.449+0900] {processor.py:927} WARNING - No viable dags retrieved from /Users/hongseoklee/miniconda3/envs/aivenv/lib/python3.11/site-packages/airflow/example_dags/plugins/listener_plugin.py
[2024-12-16T09:02:11.478+0900] {processor.py:208} INFO - Processing /Users/hongseoklee/miniconda3/envs/aivenv/lib/python3.11/site-packages/airflow/example_dags/plugins/listener_plugin.py took 0.032 seconds
[2024-12-16T09:03:29.326+0900] {processor.py:186} INFO - Started process (PID=50774) to work on /Users/hongseoklee/miniconda3/envs/aivenv/lib/python3.11/site-packages/airflow/example_dags/plugins/listener_plugin.py
[2024-12-16T09:03:29.326+0900] {processor.py:914} INFO - Processing file /Users/hongseoklee/miniconda3/envs/aivenv/lib/python3.11/site-packages/airflow/example_dags/plugins/listener_plugin.py for tasks to queue
[2024-12-16T09:03:29.327+0900] {logging_mixin.py:190} INFO - [2024-12-16T09:03:29.327+0900] {dagbag.py:588} INFO - Filling up the DagBag from /Users/hongseoklee/miniconda3/envs/aivenv/lib/python3.11/site-packages/airflow/example_dags/plugins/listener_plugin.py
[2024-12-16T09:03:29.328+0900] {processor.py:927} WARNING - No viable dags retrieved from /Users/hongseoklee/miniconda3/envs/aivenv/lib/python3.11/site-packages/airflow/example_dags/plugins/listener_plugin.py
[2024-12-16T09:03:29.354+0900] {processor.py:208} INFO - Processing /Users/hongseoklee/miniconda3/envs/aivenv/lib/python3.11/site-packages/airflow/example_dags/plugins/listener_plugin.py took 0.029 seconds
[2024-12-16T09:04:49.192+0900] {processor.py:186} INFO - Started process (PID=51003) to work on /Users/hongseoklee/miniconda3/envs/aivenv/lib/python3.11/site-packages/airflow/example_dags/plugins/listener_plugin.py
[2024-12-16T09:04:49.192+0900] {processor.py:914} INFO - Processing file /Users/hongseoklee/miniconda3/envs/aivenv/lib/python3.11/site-packages/airflow/example_dags/plugins/listener_plugin.py for tasks to queue
[2024-12-16T09:04:49.193+0900] {logging_mixin.py:190} INFO - [2024-12-16T09:04:49.193+0900] {dagbag.py:588} INFO - Filling up the DagBag from /Users/hongseoklee/miniconda3/envs/aivenv/lib/python3.11/site-packages/airflow/example_dags/plugins/listener_plugin.py
[2024-12-16T09:04:49.194+0900] {processor.py:927} WARNING - No viable dags retrieved from /Users/hongseoklee/miniconda3/envs/aivenv/lib/python3.11/site-packages/airflow/example_dags/plugins/listener_plugin.py
[2024-12-16T09:04:49.221+0900] {processor.py:208} INFO - Processing /Users/hongseoklee/miniconda3/envs/aivenv/lib/python3.11/site-packages/airflow/example_dags/plugins/listener_plugin.py took 0.030 seconds
[2024-12-16T09:06:07.838+0900] {processor.py:186} INFO - Started process (PID=51226) to work on /Users/hongseoklee/miniconda3/envs/aivenv/lib/python3.11/site-packages/airflow/example_dags/plugins/listener_plugin.py
[2024-12-16T09:06:07.838+0900] {processor.py:914} INFO - Processing file /Users/hongseoklee/miniconda3/envs/aivenv/lib/python3.11/site-packages/airflow/example_dags/plugins/listener_plugin.py for tasks to queue
[2024-12-16T09:06:07.839+0900] {logging_mixin.py:190} INFO - [2024-12-16T09:06:07.839+0900] {dagbag.py:588} INFO - Filling up the DagBag from /Users/hongseoklee/miniconda3/envs/aivenv/lib/python3.11/site-packages/airflow/example_dags/plugins/listener_plugin.py
[2024-12-16T09:06:07.840+0900] {processor.py:927} WARNING - No viable dags retrieved from /Users/hongseoklee/miniconda3/envs/aivenv/lib/python3.11/site-packages/airflow/example_dags/plugins/listener_plugin.py
[2024-12-16T09:06:07.867+0900] {processor.py:208} INFO - Processing /Users/hongseoklee/miniconda3/envs/aivenv/lib/python3.11/site-packages/airflow/example_dags/plugins/listener_plugin.py took 0.030 seconds
[2024-12-16T09:07:25.571+0900] {processor.py:186} INFO - Started process (PID=51430) to work on /Users/hongseoklee/miniconda3/envs/aivenv/lib/python3.11/site-packages/airflow/example_dags/plugins/listener_plugin.py
[2024-12-16T09:07:25.572+0900] {processor.py:914} INFO - Processing file /Users/hongseoklee/miniconda3/envs/aivenv/lib/python3.11/site-packages/airflow/example_dags/plugins/listener_plugin.py for tasks to queue
[2024-12-16T09:07:25.572+0900] {logging_mixin.py:190} INFO - [2024-12-16T09:07:25.572+0900] {dagbag.py:588} INFO - Filling up the DagBag from /Users/hongseoklee/miniconda3/envs/aivenv/lib/python3.11/site-packages/airflow/example_dags/plugins/listener_plugin.py
[2024-12-16T09:07:25.574+0900] {processor.py:927} WARNING - No viable dags retrieved from /Users/hongseoklee/miniconda3/envs/aivenv/lib/python3.11/site-packages/airflow/example_dags/plugins/listener_plugin.py
[2024-12-16T09:07:25.600+0900] {processor.py:208} INFO - Processing /Users/hongseoklee/miniconda3/envs/aivenv/lib/python3.11/site-packages/airflow/example_dags/plugins/listener_plugin.py took 0.030 seconds
[2024-12-16T09:08:41.861+0900] {processor.py:186} INFO - Started process (PID=51641) to work on /Users/hongseoklee/miniconda3/envs/aivenv/lib/python3.11/site-packages/airflow/example_dags/plugins/listener_plugin.py
[2024-12-16T09:08:41.862+0900] {processor.py:914} INFO - Processing file /Users/hongseoklee/miniconda3/envs/aivenv/lib/python3.11/site-packages/airflow/example_dags/plugins/listener_plugin.py for tasks to queue
[2024-12-16T09:08:41.862+0900] {logging_mixin.py:190} INFO - [2024-12-16T09:08:41.862+0900] {dagbag.py:588} INFO - Filling up the DagBag from /Users/hongseoklee/miniconda3/envs/aivenv/lib/python3.11/site-packages/airflow/example_dags/plugins/listener_plugin.py
[2024-12-16T09:08:41.864+0900] {processor.py:927} WARNING - No viable dags retrieved from /Users/hongseoklee/miniconda3/envs/aivenv/lib/python3.11/site-packages/airflow/example_dags/plugins/listener_plugin.py
[2024-12-16T09:08:41.892+0900] {processor.py:208} INFO - Processing /Users/hongseoklee/miniconda3/envs/aivenv/lib/python3.11/site-packages/airflow/example_dags/plugins/listener_plugin.py took 0.032 seconds
