[2024-12-16T09:00:53.432+0900] {processor.py:186} INFO - Started process (PID=50185) to work on /Users/hongseoklee/miniconda3/envs/aivenv/lib/python3.11/site-packages/airflow/example_dags/plugins/workday.py
[2024-12-16T09:00:53.432+0900] {processor.py:914} INFO - Processing file /Users/hongseoklee/miniconda3/envs/aivenv/lib/python3.11/site-packages/airflow/example_dags/plugins/workday.py for tasks to queue
[2024-12-16T09:00:53.433+0900] {logging_mixin.py:190} INFO - [2024-12-16T09:00:53.433+0900] {dagbag.py:588} INFO - Filling up the DagBag from /Users/hongseoklee/miniconda3/envs/aivenv/lib/python3.11/site-packages/airflow/example_dags/plugins/workday.py
[2024-12-16T09:00:53.677+0900] {processor.py:927} WARNING - No viable dags retrieved from /Users/hongseoklee/miniconda3/envs/aivenv/lib/python3.11/site-packages/airflow/example_dags/plugins/workday.py
[2024-12-16T09:00:53.711+0900] {processor.py:208} INFO - Processing /Users/hongseoklee/miniconda3/envs/aivenv/lib/python3.11/site-packages/airflow/example_dags/plugins/workday.py took 0.280 seconds
[2024-12-16T09:02:09.215+0900] {processor.py:186} INFO - Started process (PID=50518) to work on /Users/hongseoklee/miniconda3/envs/aivenv/lib/python3.11/site-packages/airflow/example_dags/plugins/workday.py
[2024-12-16T09:02:09.215+0900] {processor.py:914} INFO - Processing file /Users/hongseoklee/miniconda3/envs/aivenv/lib/python3.11/site-packages/airflow/example_dags/plugins/workday.py for tasks to queue
[2024-12-16T09:02:09.216+0900] {logging_mixin.py:190} INFO - [2024-12-16T09:02:09.216+0900] {dagbag.py:588} INFO - Filling up the DagBag from /Users/hongseoklee/miniconda3/envs/aivenv/lib/python3.11/site-packages/airflow/example_dags/plugins/workday.py
[2024-12-16T09:02:09.466+0900] {processor.py:927} WARNING - No viable dags retrieved from /Users/hongseoklee/miniconda3/envs/aivenv/lib/python3.11/site-packages/airflow/example_dags/plugins/workday.py
[2024-12-16T09:02:09.494+0900] {processor.py:208} INFO - Processing /Users/hongseoklee/miniconda3/envs/aivenv/lib/python3.11/site-packages/airflow/example_dags/plugins/workday.py took 0.280 seconds
[2024-12-16T09:03:27.142+0900] {processor.py:186} INFO - Started process (PID=50768) to work on /Users/hongseoklee/miniconda3/envs/aivenv/lib/python3.11/site-packages/airflow/example_dags/plugins/workday.py
[2024-12-16T09:03:27.144+0900] {processor.py:914} INFO - Processing file /Users/hongseoklee/miniconda3/envs/aivenv/lib/python3.11/site-packages/airflow/example_dags/plugins/workday.py for tasks to queue
[2024-12-16T09:03:27.144+0900] {logging_mixin.py:190} INFO - [2024-12-16T09:03:27.144+0900] {dagbag.py:588} INFO - Filling up the DagBag from /Users/hongseoklee/miniconda3/envs/aivenv/lib/python3.11/site-packages/airflow/example_dags/plugins/workday.py
[2024-12-16T09:03:27.382+0900] {processor.py:927} WARNING - No viable dags retrieved from /Users/hongseoklee/miniconda3/envs/aivenv/lib/python3.11/site-packages/airflow/example_dags/plugins/workday.py
[2024-12-16T09:03:27.419+0900] {processor.py:208} INFO - Processing /Users/hongseoklee/miniconda3/envs/aivenv/lib/python3.11/site-packages/airflow/example_dags/plugins/workday.py took 0.278 seconds
[2024-12-16T09:04:46.820+0900] {processor.py:186} INFO - Started process (PID=50992) to work on /Users/hongseoklee/miniconda3/envs/aivenv/lib/python3.11/site-packages/airflow/example_dags/plugins/workday.py
[2024-12-16T09:04:46.820+0900] {processor.py:914} INFO - Processing file /Users/hongseoklee/miniconda3/envs/aivenv/lib/python3.11/site-packages/airflow/example_dags/plugins/workday.py for tasks to queue
[2024-12-16T09:04:46.821+0900] {logging_mixin.py:190} INFO - [2024-12-16T09:04:46.820+0900] {dagbag.py:588} INFO - Filling up the DagBag from /Users/hongseoklee/miniconda3/envs/aivenv/lib/python3.11/site-packages/airflow/example_dags/plugins/workday.py
[2024-12-16T09:04:47.112+0900] {processor.py:927} WARNING - No viable dags retrieved from /Users/hongseoklee/miniconda3/envs/aivenv/lib/python3.11/site-packages/airflow/example_dags/plugins/workday.py
[2024-12-16T09:04:47.142+0900] {processor.py:208} INFO - Processing /Users/hongseoklee/miniconda3/envs/aivenv/lib/python3.11/site-packages/airflow/example_dags/plugins/workday.py took 0.323 seconds
[2024-12-16T09:06:05.501+0900] {processor.py:186} INFO - Started process (PID=51219) to work on /Users/hongseoklee/miniconda3/envs/aivenv/lib/python3.11/site-packages/airflow/example_dags/plugins/workday.py
[2024-12-16T09:06:05.502+0900] {processor.py:914} INFO - Processing file /Users/hongseoklee/miniconda3/envs/aivenv/lib/python3.11/site-packages/airflow/example_dags/plugins/workday.py for tasks to queue
[2024-12-16T09:06:05.503+0900] {logging_mixin.py:190} INFO - [2024-12-16T09:06:05.503+0900] {dagbag.py:588} INFO - Filling up the DagBag from /Users/hongseoklee/miniconda3/envs/aivenv/lib/python3.11/site-packages/airflow/example_dags/plugins/workday.py
[2024-12-16T09:06:05.782+0900] {processor.py:927} WARNING - No viable dags retrieved from /Users/hongseoklee/miniconda3/envs/aivenv/lib/python3.11/site-packages/airflow/example_dags/plugins/workday.py
[2024-12-16T09:06:05.815+0900] {processor.py:208} INFO - Processing /Users/hongseoklee/miniconda3/envs/aivenv/lib/python3.11/site-packages/airflow/example_dags/plugins/workday.py took 0.314 seconds
[2024-12-16T09:07:23.387+0900] {processor.py:186} INFO - Started process (PID=51426) to work on /Users/hongseoklee/miniconda3/envs/aivenv/lib/python3.11/site-packages/airflow/example_dags/plugins/workday.py
[2024-12-16T09:07:23.388+0900] {processor.py:914} INFO - Processing file /Users/hongseoklee/miniconda3/envs/aivenv/lib/python3.11/site-packages/airflow/example_dags/plugins/workday.py for tasks to queue
[2024-12-16T09:07:23.388+0900] {logging_mixin.py:190} INFO - [2024-12-16T09:07:23.388+0900] {dagbag.py:588} INFO - Filling up the DagBag from /Users/hongseoklee/miniconda3/envs/aivenv/lib/python3.11/site-packages/airflow/example_dags/plugins/workday.py
[2024-12-16T09:07:23.613+0900] {processor.py:927} WARNING - No viable dags retrieved from /Users/hongseoklee/miniconda3/envs/aivenv/lib/python3.11/site-packages/airflow/example_dags/plugins/workday.py
[2024-12-16T09:07:23.653+0900] {processor.py:208} INFO - Processing /Users/hongseoklee/miniconda3/envs/aivenv/lib/python3.11/site-packages/airflow/example_dags/plugins/workday.py took 0.267 seconds
[2024-12-16T09:08:39.635+0900] {processor.py:186} INFO - Started process (PID=51635) to work on /Users/hongseoklee/miniconda3/envs/aivenv/lib/python3.11/site-packages/airflow/example_dags/plugins/workday.py
[2024-12-16T09:08:39.636+0900] {processor.py:914} INFO - Processing file /Users/hongseoklee/miniconda3/envs/aivenv/lib/python3.11/site-packages/airflow/example_dags/plugins/workday.py for tasks to queue
[2024-12-16T09:08:39.636+0900] {logging_mixin.py:190} INFO - [2024-12-16T09:08:39.636+0900] {dagbag.py:588} INFO - Filling up the DagBag from /Users/hongseoklee/miniconda3/envs/aivenv/lib/python3.11/site-packages/airflow/example_dags/plugins/workday.py
[2024-12-16T09:08:39.890+0900] {processor.py:927} WARNING - No viable dags retrieved from /Users/hongseoklee/miniconda3/envs/aivenv/lib/python3.11/site-packages/airflow/example_dags/plugins/workday.py
[2024-12-16T09:08:39.918+0900] {processor.py:208} INFO - Processing /Users/hongseoklee/miniconda3/envs/aivenv/lib/python3.11/site-packages/airflow/example_dags/plugins/workday.py took 0.285 seconds
