[2024-12-16T09:00:16.285+0900] {processor.py:186} INFO - Started process (PID=50083) to work on /Users/hongseoklee/miniconda3/envs/aivenv/lib/python3.11/site-packages/airflow/example_dags/example_short_circuit_decorator.py
[2024-12-16T09:00:16.285+0900] {processor.py:914} INFO - Processing file /Users/hongseoklee/miniconda3/envs/aivenv/lib/python3.11/site-packages/airflow/example_dags/example_short_circuit_decorator.py for tasks to queue
[2024-12-16T09:00:16.286+0900] {logging_mixin.py:190} INFO - [2024-12-16T09:00:16.286+0900] {dagbag.py:588} INFO - Filling up the DagBag from /Users/hongseoklee/miniconda3/envs/aivenv/lib/python3.11/site-packages/airflow/example_dags/example_short_circuit_decorator.py
[2024-12-16T09:00:16.299+0900] {processor.py:925} INFO - DAG(s) 'example_short_circuit_decorator' retrieved from /Users/hongseoklee/miniconda3/envs/aivenv/lib/python3.11/site-packages/airflow/example_dags/example_short_circuit_decorator.py
[2024-12-16T09:00:16.328+0900] {logging_mixin.py:190} INFO - [2024-12-16T09:00:16.328+0900] {dag.py:3239} INFO - Sync 1 DAGs
[2024-12-16T09:00:16.364+0900] {logging_mixin.py:190} INFO - [2024-12-16T09:00:16.364+0900] {dag.py:4180} INFO - Setting next_dagrun for example_short_circuit_decorator to None, run_after=None
[2024-12-16T09:00:16.370+0900] {processor.py:208} INFO - Processing /Users/hongseoklee/miniconda3/envs/aivenv/lib/python3.11/site-packages/airflow/example_dags/example_short_circuit_decorator.py took 0.086 seconds
[2024-12-16T09:01:34.449+0900] {processor.py:186} INFO - Started process (PID=50330) to work on /Users/hongseoklee/miniconda3/envs/aivenv/lib/python3.11/site-packages/airflow/example_dags/example_short_circuit_decorator.py
[2024-12-16T09:01:34.451+0900] {processor.py:914} INFO - Processing file /Users/hongseoklee/miniconda3/envs/aivenv/lib/python3.11/site-packages/airflow/example_dags/example_short_circuit_decorator.py for tasks to queue
[2024-12-16T09:01:34.451+0900] {logging_mixin.py:190} INFO - [2024-12-16T09:01:34.451+0900] {dagbag.py:588} INFO - Filling up the DagBag from /Users/hongseoklee/miniconda3/envs/aivenv/lib/python3.11/site-packages/airflow/example_dags/example_short_circuit_decorator.py
[2024-12-16T09:01:34.464+0900] {processor.py:925} INFO - DAG(s) 'example_short_circuit_decorator' retrieved from /Users/hongseoklee/miniconda3/envs/aivenv/lib/python3.11/site-packages/airflow/example_dags/example_short_circuit_decorator.py
[2024-12-16T09:01:34.493+0900] {logging_mixin.py:190} INFO - [2024-12-16T09:01:34.493+0900] {dag.py:3239} INFO - Sync 1 DAGs
[2024-12-16T09:01:34.533+0900] {logging_mixin.py:190} INFO - [2024-12-16T09:01:34.532+0900] {dag.py:4180} INFO - Setting next_dagrun for example_short_circuit_decorator to None, run_after=None
[2024-12-16T09:01:34.539+0900] {processor.py:208} INFO - Processing /Users/hongseoklee/miniconda3/envs/aivenv/lib/python3.11/site-packages/airflow/example_dags/example_short_circuit_decorator.py took 0.090 seconds
[2024-12-16T09:04:06.541+0900] {processor.py:186} INFO - Started process (PID=50884) to work on /Users/hongseoklee/miniconda3/envs/aivenv/lib/python3.11/site-packages/airflow/example_dags/example_short_circuit_decorator.py
[2024-12-16T09:04:06.542+0900] {processor.py:914} INFO - Processing file /Users/hongseoklee/miniconda3/envs/aivenv/lib/python3.11/site-packages/airflow/example_dags/example_short_circuit_decorator.py for tasks to queue
[2024-12-16T09:04:06.543+0900] {logging_mixin.py:190} INFO - [2024-12-16T09:04:06.543+0900] {dagbag.py:588} INFO - Filling up the DagBag from /Users/hongseoklee/miniconda3/envs/aivenv/lib/python3.11/site-packages/airflow/example_dags/example_short_circuit_decorator.py
[2024-12-16T09:04:06.557+0900] {processor.py:925} INFO - DAG(s) 'example_short_circuit_decorator' retrieved from /Users/hongseoklee/miniconda3/envs/aivenv/lib/python3.11/site-packages/airflow/example_dags/example_short_circuit_decorator.py
[2024-12-16T09:04:06.586+0900] {logging_mixin.py:190} INFO - [2024-12-16T09:04:06.586+0900] {dag.py:3239} INFO - Sync 1 DAGs
[2024-12-16T09:04:06.622+0900] {logging_mixin.py:190} INFO - [2024-12-16T09:04:06.622+0900] {dag.py:4180} INFO - Setting next_dagrun for example_short_circuit_decorator to None, run_after=None
[2024-12-16T09:04:06.629+0900] {processor.py:208} INFO - Processing /Users/hongseoklee/miniconda3/envs/aivenv/lib/python3.11/site-packages/airflow/example_dags/example_short_circuit_decorator.py took 0.088 seconds
[2024-12-16T09:05:29.605+0900] {processor.py:186} INFO - Started process (PID=51117) to work on /Users/hongseoklee/miniconda3/envs/aivenv/lib/python3.11/site-packages/airflow/example_dags/example_short_circuit_decorator.py
[2024-12-16T09:05:29.606+0900] {processor.py:914} INFO - Processing file /Users/hongseoklee/miniconda3/envs/aivenv/lib/python3.11/site-packages/airflow/example_dags/example_short_circuit_decorator.py for tasks to queue
[2024-12-16T09:05:29.607+0900] {logging_mixin.py:190} INFO - [2024-12-16T09:05:29.606+0900] {dagbag.py:588} INFO - Filling up the DagBag from /Users/hongseoklee/miniconda3/envs/aivenv/lib/python3.11/site-packages/airflow/example_dags/example_short_circuit_decorator.py
[2024-12-16T09:05:29.619+0900] {processor.py:925} INFO - DAG(s) 'example_short_circuit_decorator' retrieved from /Users/hongseoklee/miniconda3/envs/aivenv/lib/python3.11/site-packages/airflow/example_dags/example_short_circuit_decorator.py
[2024-12-16T09:05:29.648+0900] {logging_mixin.py:190} INFO - [2024-12-16T09:05:29.648+0900] {dag.py:3239} INFO - Sync 1 DAGs
[2024-12-16T09:05:29.682+0900] {logging_mixin.py:190} INFO - [2024-12-16T09:05:29.682+0900] {dag.py:4180} INFO - Setting next_dagrun for example_short_circuit_decorator to None, run_after=None
[2024-12-16T09:05:29.689+0900] {processor.py:208} INFO - Processing /Users/hongseoklee/miniconda3/envs/aivenv/lib/python3.11/site-packages/airflow/example_dags/example_short_circuit_decorator.py took 0.084 seconds
[2024-12-16T09:06:47.316+0900] {processor.py:186} INFO - Started process (PID=51329) to work on /Users/hongseoklee/miniconda3/envs/aivenv/lib/python3.11/site-packages/airflow/example_dags/example_short_circuit_decorator.py
[2024-12-16T09:06:47.317+0900] {processor.py:914} INFO - Processing file /Users/hongseoklee/miniconda3/envs/aivenv/lib/python3.11/site-packages/airflow/example_dags/example_short_circuit_decorator.py for tasks to queue
[2024-12-16T09:06:47.317+0900] {logging_mixin.py:190} INFO - [2024-12-16T09:06:47.317+0900] {dagbag.py:588} INFO - Filling up the DagBag from /Users/hongseoklee/miniconda3/envs/aivenv/lib/python3.11/site-packages/airflow/example_dags/example_short_circuit_decorator.py
[2024-12-16T09:06:47.330+0900] {processor.py:925} INFO - DAG(s) 'example_short_circuit_decorator' retrieved from /Users/hongseoklee/miniconda3/envs/aivenv/lib/python3.11/site-packages/airflow/example_dags/example_short_circuit_decorator.py
[2024-12-16T09:06:47.360+0900] {logging_mixin.py:190} INFO - [2024-12-16T09:06:47.360+0900] {dag.py:3239} INFO - Sync 1 DAGs
[2024-12-16T09:06:47.396+0900] {logging_mixin.py:190} INFO - [2024-12-16T09:06:47.396+0900] {dag.py:4180} INFO - Setting next_dagrun for example_short_circuit_decorator to None, run_after=None
[2024-12-16T09:06:47.402+0900] {processor.py:208} INFO - Processing /Users/hongseoklee/miniconda3/envs/aivenv/lib/python3.11/site-packages/airflow/example_dags/example_short_circuit_decorator.py took 0.087 seconds
[2024-12-16T09:08:04.861+0900] {processor.py:186} INFO - Started process (PID=51537) to work on /Users/hongseoklee/miniconda3/envs/aivenv/lib/python3.11/site-packages/airflow/example_dags/example_short_circuit_decorator.py
[2024-12-16T09:08:04.862+0900] {processor.py:914} INFO - Processing file /Users/hongseoklee/miniconda3/envs/aivenv/lib/python3.11/site-packages/airflow/example_dags/example_short_circuit_decorator.py for tasks to queue
[2024-12-16T09:08:04.863+0900] {logging_mixin.py:190} INFO - [2024-12-16T09:08:04.863+0900] {dagbag.py:588} INFO - Filling up the DagBag from /Users/hongseoklee/miniconda3/envs/aivenv/lib/python3.11/site-packages/airflow/example_dags/example_short_circuit_decorator.py
[2024-12-16T09:08:04.875+0900] {processor.py:925} INFO - DAG(s) 'example_short_circuit_decorator' retrieved from /Users/hongseoklee/miniconda3/envs/aivenv/lib/python3.11/site-packages/airflow/example_dags/example_short_circuit_decorator.py
[2024-12-16T09:08:04.905+0900] {logging_mixin.py:190} INFO - [2024-12-16T09:08:04.905+0900] {dag.py:3239} INFO - Sync 1 DAGs
[2024-12-16T09:08:04.939+0900] {logging_mixin.py:190} INFO - [2024-12-16T09:08:04.939+0900] {dag.py:4180} INFO - Setting next_dagrun for example_short_circuit_decorator to None, run_after=None
[2024-12-16T09:08:04.945+0900] {processor.py:208} INFO - Processing /Users/hongseoklee/miniconda3/envs/aivenv/lib/python3.11/site-packages/airflow/example_dags/example_short_circuit_decorator.py took 0.085 seconds
