[2024-12-16T09:01:17.551+0900] {processor.py:186} INFO - Started process (PID=50287) to work on /Users/hongseoklee/miniconda3/envs/aivenv/lib/python3.11/site-packages/airflow/example_dags/example_trigger_target_dag.py
[2024-12-16T09:01:17.551+0900] {processor.py:914} INFO - Processing file /Users/hongseoklee/miniconda3/envs/aivenv/lib/python3.11/site-packages/airflow/example_dags/example_trigger_target_dag.py for tasks to queue
[2024-12-16T09:01:17.552+0900] {logging_mixin.py:190} INFO - [2024-12-16T09:01:17.552+0900] {dagbag.py:588} INFO - Filling up the DagBag from /Users/hongseoklee/miniconda3/envs/aivenv/lib/python3.11/site-packages/airflow/example_dags/example_trigger_target_dag.py
[2024-12-16T09:01:17.563+0900] {processor.py:925} INFO - DAG(s) 'example_trigger_target_dag' retrieved from /Users/hongseoklee/miniconda3/envs/aivenv/lib/python3.11/site-packages/airflow/example_dags/example_trigger_target_dag.py
[2024-12-16T09:01:17.591+0900] {logging_mixin.py:190} INFO - [2024-12-16T09:01:17.591+0900] {dag.py:3239} INFO - Sync 1 DAGs
[2024-12-16T09:01:17.626+0900] {logging_mixin.py:190} INFO - [2024-12-16T09:01:17.625+0900] {dag.py:4180} INFO - Setting next_dagrun for example_trigger_target_dag to None, run_after=None
[2024-12-16T09:01:17.632+0900] {processor.py:208} INFO - Processing /Users/hongseoklee/miniconda3/envs/aivenv/lib/python3.11/site-packages/airflow/example_dags/example_trigger_target_dag.py took 0.082 seconds
[2024-12-16T09:02:34.575+0900] {processor.py:186} INFO - Started process (PID=50619) to work on /Users/hongseoklee/miniconda3/envs/aivenv/lib/python3.11/site-packages/airflow/example_dags/example_trigger_target_dag.py
[2024-12-16T09:02:34.576+0900] {processor.py:914} INFO - Processing file /Users/hongseoklee/miniconda3/envs/aivenv/lib/python3.11/site-packages/airflow/example_dags/example_trigger_target_dag.py for tasks to queue
[2024-12-16T09:02:34.576+0900] {logging_mixin.py:190} INFO - [2024-12-16T09:02:34.576+0900] {dagbag.py:588} INFO - Filling up the DagBag from /Users/hongseoklee/miniconda3/envs/aivenv/lib/python3.11/site-packages/airflow/example_dags/example_trigger_target_dag.py
[2024-12-16T09:02:34.588+0900] {processor.py:925} INFO - DAG(s) 'example_trigger_target_dag' retrieved from /Users/hongseoklee/miniconda3/envs/aivenv/lib/python3.11/site-packages/airflow/example_dags/example_trigger_target_dag.py
[2024-12-16T09:02:34.616+0900] {logging_mixin.py:190} INFO - [2024-12-16T09:02:34.616+0900] {dag.py:3239} INFO - Sync 1 DAGs
[2024-12-16T09:02:34.651+0900] {logging_mixin.py:190} INFO - [2024-12-16T09:02:34.651+0900] {dag.py:4180} INFO - Setting next_dagrun for example_trigger_target_dag to None, run_after=None
[2024-12-16T09:02:34.657+0900] {processor.py:208} INFO - Processing /Users/hongseoklee/miniconda3/envs/aivenv/lib/python3.11/site-packages/airflow/example_dags/example_trigger_target_dag.py took 0.082 seconds
[2024-12-16T09:03:49.496+0900] {processor.py:186} INFO - Started process (PID=50842) to work on /Users/hongseoklee/miniconda3/envs/aivenv/lib/python3.11/site-packages/airflow/example_dags/example_trigger_target_dag.py
[2024-12-16T09:03:49.496+0900] {processor.py:914} INFO - Processing file /Users/hongseoklee/miniconda3/envs/aivenv/lib/python3.11/site-packages/airflow/example_dags/example_trigger_target_dag.py for tasks to queue
[2024-12-16T09:03:49.496+0900] {logging_mixin.py:190} INFO - [2024-12-16T09:03:49.496+0900] {dagbag.py:588} INFO - Filling up the DagBag from /Users/hongseoklee/miniconda3/envs/aivenv/lib/python3.11/site-packages/airflow/example_dags/example_trigger_target_dag.py
[2024-12-16T09:03:49.509+0900] {processor.py:925} INFO - DAG(s) 'example_trigger_target_dag' retrieved from /Users/hongseoklee/miniconda3/envs/aivenv/lib/python3.11/site-packages/airflow/example_dags/example_trigger_target_dag.py
[2024-12-16T09:03:49.537+0900] {logging_mixin.py:190} INFO - [2024-12-16T09:03:49.537+0900] {dag.py:3239} INFO - Sync 1 DAGs
[2024-12-16T09:03:49.571+0900] {logging_mixin.py:190} INFO - [2024-12-16T09:03:49.571+0900] {dag.py:4180} INFO - Setting next_dagrun for example_trigger_target_dag to None, run_after=None
[2024-12-16T09:03:49.581+0900] {processor.py:208} INFO - Processing /Users/hongseoklee/miniconda3/envs/aivenv/lib/python3.11/site-packages/airflow/example_dags/example_trigger_target_dag.py took 0.086 seconds
[2024-12-16T09:05:12.578+0900] {processor.py:186} INFO - Started process (PID=51073) to work on /Users/hongseoklee/miniconda3/envs/aivenv/lib/python3.11/site-packages/airflow/example_dags/example_trigger_target_dag.py
[2024-12-16T09:05:12.578+0900] {processor.py:914} INFO - Processing file /Users/hongseoklee/miniconda3/envs/aivenv/lib/python3.11/site-packages/airflow/example_dags/example_trigger_target_dag.py for tasks to queue
[2024-12-16T09:05:12.579+0900] {logging_mixin.py:190} INFO - [2024-12-16T09:05:12.578+0900] {dagbag.py:588} INFO - Filling up the DagBag from /Users/hongseoklee/miniconda3/envs/aivenv/lib/python3.11/site-packages/airflow/example_dags/example_trigger_target_dag.py
[2024-12-16T09:05:12.590+0900] {processor.py:925} INFO - DAG(s) 'example_trigger_target_dag' retrieved from /Users/hongseoklee/miniconda3/envs/aivenv/lib/python3.11/site-packages/airflow/example_dags/example_trigger_target_dag.py
[2024-12-16T09:05:12.618+0900] {logging_mixin.py:190} INFO - [2024-12-16T09:05:12.618+0900] {dag.py:3239} INFO - Sync 1 DAGs
[2024-12-16T09:05:12.653+0900] {logging_mixin.py:190} INFO - [2024-12-16T09:05:12.653+0900] {dag.py:4180} INFO - Setting next_dagrun for example_trigger_target_dag to None, run_after=None
[2024-12-16T09:05:12.660+0900] {processor.py:208} INFO - Processing /Users/hongseoklee/miniconda3/envs/aivenv/lib/python3.11/site-packages/airflow/example_dags/example_trigger_target_dag.py took 0.083 seconds
[2024-12-16T09:06:30.006+0900] {processor.py:186} INFO - Started process (PID=51286) to work on /Users/hongseoklee/miniconda3/envs/aivenv/lib/python3.11/site-packages/airflow/example_dags/example_trigger_target_dag.py
[2024-12-16T09:06:30.006+0900] {processor.py:914} INFO - Processing file /Users/hongseoklee/miniconda3/envs/aivenv/lib/python3.11/site-packages/airflow/example_dags/example_trigger_target_dag.py for tasks to queue
[2024-12-16T09:06:30.007+0900] {logging_mixin.py:190} INFO - [2024-12-16T09:06:30.007+0900] {dagbag.py:588} INFO - Filling up the DagBag from /Users/hongseoklee/miniconda3/envs/aivenv/lib/python3.11/site-packages/airflow/example_dags/example_trigger_target_dag.py
[2024-12-16T09:06:30.018+0900] {processor.py:925} INFO - DAG(s) 'example_trigger_target_dag' retrieved from /Users/hongseoklee/miniconda3/envs/aivenv/lib/python3.11/site-packages/airflow/example_dags/example_trigger_target_dag.py
[2024-12-16T09:06:30.046+0900] {logging_mixin.py:190} INFO - [2024-12-16T09:06:30.046+0900] {dag.py:3239} INFO - Sync 1 DAGs
[2024-12-16T09:06:30.081+0900] {logging_mixin.py:190} INFO - [2024-12-16T09:06:30.081+0900] {dag.py:4180} INFO - Setting next_dagrun for example_trigger_target_dag to None, run_after=None
[2024-12-16T09:06:30.087+0900] {processor.py:208} INFO - Processing /Users/hongseoklee/miniconda3/envs/aivenv/lib/python3.11/site-packages/airflow/example_dags/example_trigger_target_dag.py took 0.082 seconds
[2024-12-16T09:07:46.755+0900] {processor.py:186} INFO - Started process (PID=51490) to work on /Users/hongseoklee/miniconda3/envs/aivenv/lib/python3.11/site-packages/airflow/example_dags/example_trigger_target_dag.py
[2024-12-16T09:07:46.756+0900] {processor.py:914} INFO - Processing file /Users/hongseoklee/miniconda3/envs/aivenv/lib/python3.11/site-packages/airflow/example_dags/example_trigger_target_dag.py for tasks to queue
[2024-12-16T09:07:46.757+0900] {logging_mixin.py:190} INFO - [2024-12-16T09:07:46.757+0900] {dagbag.py:588} INFO - Filling up the DagBag from /Users/hongseoklee/miniconda3/envs/aivenv/lib/python3.11/site-packages/airflow/example_dags/example_trigger_target_dag.py
[2024-12-16T09:07:46.769+0900] {processor.py:925} INFO - DAG(s) 'example_trigger_target_dag' retrieved from /Users/hongseoklee/miniconda3/envs/aivenv/lib/python3.11/site-packages/airflow/example_dags/example_trigger_target_dag.py
[2024-12-16T09:07:46.797+0900] {logging_mixin.py:190} INFO - [2024-12-16T09:07:46.797+0900] {dag.py:3239} INFO - Sync 1 DAGs
[2024-12-16T09:07:46.831+0900] {logging_mixin.py:190} INFO - [2024-12-16T09:07:46.831+0900] {dag.py:4180} INFO - Setting next_dagrun for example_trigger_target_dag to None, run_after=None
[2024-12-16T09:07:46.838+0900] {processor.py:208} INFO - Processing /Users/hongseoklee/miniconda3/envs/aivenv/lib/python3.11/site-packages/airflow/example_dags/example_trigger_target_dag.py took 0.083 seconds
