[2024-12-16T09:00:45.099+0900] {processor.py:186} INFO - Started process (PID=50163) to work on /Users/hongseoklee/miniconda3/envs/aivenv/lib/python3.11/site-packages/airflow/example_dags/example_branch_operator_decorator.py
[2024-12-16T09:00:45.099+0900] {processor.py:914} INFO - Processing file /Users/hongseoklee/miniconda3/envs/aivenv/lib/python3.11/site-packages/airflow/example_dags/example_branch_operator_decorator.py for tasks to queue
[2024-12-16T09:00:45.100+0900] {logging_mixin.py:190} INFO - [2024-12-16T09:00:45.099+0900] {dagbag.py:588} INFO - Filling up the DagBag from /Users/hongseoklee/miniconda3/envs/aivenv/lib/python3.11/site-packages/airflow/example_dags/example_branch_operator_decorator.py
[2024-12-16T09:00:45.107+0900] {processor.py:927} WARNING - No viable dags retrieved from /Users/hongseoklee/miniconda3/envs/aivenv/lib/python3.11/site-packages/airflow/example_dags/example_branch_operator_decorator.py
[2024-12-16T09:00:45.133+0900] {processor.py:208} INFO - Processing /Users/hongseoklee/miniconda3/envs/aivenv/lib/python3.11/site-packages/airflow/example_dags/example_branch_operator_decorator.py took 0.035 seconds
[2024-12-16T09:03:19.294+0900] {processor.py:186} INFO - Started process (PID=50747) to work on /Users/hongseoklee/miniconda3/envs/aivenv/lib/python3.11/site-packages/airflow/example_dags/example_branch_operator_decorator.py
[2024-12-16T09:03:19.295+0900] {processor.py:914} INFO - Processing file /Users/hongseoklee/miniconda3/envs/aivenv/lib/python3.11/site-packages/airflow/example_dags/example_branch_operator_decorator.py for tasks to queue
[2024-12-16T09:03:19.296+0900] {logging_mixin.py:190} INFO - [2024-12-16T09:03:19.296+0900] {dagbag.py:588} INFO - Filling up the DagBag from /Users/hongseoklee/miniconda3/envs/aivenv/lib/python3.11/site-packages/airflow/example_dags/example_branch_operator_decorator.py
[2024-12-16T09:03:19.303+0900] {processor.py:927} WARNING - No viable dags retrieved from /Users/hongseoklee/miniconda3/envs/aivenv/lib/python3.11/site-packages/airflow/example_dags/example_branch_operator_decorator.py
[2024-12-16T09:03:19.329+0900] {processor.py:208} INFO - Processing /Users/hongseoklee/miniconda3/envs/aivenv/lib/python3.11/site-packages/airflow/example_dags/example_branch_operator_decorator.py took 0.036 seconds
[2024-12-16T09:05:58.634+0900] {processor.py:186} INFO - Started process (PID=51197) to work on /Users/hongseoklee/miniconda3/envs/aivenv/lib/python3.11/site-packages/airflow/example_dags/example_branch_operator_decorator.py
[2024-12-16T09:05:58.635+0900] {processor.py:914} INFO - Processing file /Users/hongseoklee/miniconda3/envs/aivenv/lib/python3.11/site-packages/airflow/example_dags/example_branch_operator_decorator.py for tasks to queue
[2024-12-16T09:05:58.636+0900] {logging_mixin.py:190} INFO - [2024-12-16T09:05:58.636+0900] {dagbag.py:588} INFO - Filling up the DagBag from /Users/hongseoklee/miniconda3/envs/aivenv/lib/python3.11/site-packages/airflow/example_dags/example_branch_operator_decorator.py
[2024-12-16T09:05:58.643+0900] {processor.py:927} WARNING - No viable dags retrieved from /Users/hongseoklee/miniconda3/envs/aivenv/lib/python3.11/site-packages/airflow/example_dags/example_branch_operator_decorator.py
[2024-12-16T09:05:58.669+0900] {processor.py:208} INFO - Processing /Users/hongseoklee/miniconda3/envs/aivenv/lib/python3.11/site-packages/airflow/example_dags/example_branch_operator_decorator.py took 0.036 seconds
[2024-12-16T09:08:34.992+0900] {processor.py:186} INFO - Started process (PID=51621) to work on /Users/hongseoklee/miniconda3/envs/aivenv/lib/python3.11/site-packages/airflow/example_dags/example_branch_operator_decorator.py
[2024-12-16T09:08:34.993+0900] {processor.py:914} INFO - Processing file /Users/hongseoklee/miniconda3/envs/aivenv/lib/python3.11/site-packages/airflow/example_dags/example_branch_operator_decorator.py for tasks to queue
[2024-12-16T09:08:34.993+0900] {logging_mixin.py:190} INFO - [2024-12-16T09:08:34.993+0900] {dagbag.py:588} INFO - Filling up the DagBag from /Users/hongseoklee/miniconda3/envs/aivenv/lib/python3.11/site-packages/airflow/example_dags/example_branch_operator_decorator.py
[2024-12-16T09:08:35.000+0900] {processor.py:927} WARNING - No viable dags retrieved from /Users/hongseoklee/miniconda3/envs/aivenv/lib/python3.11/site-packages/airflow/example_dags/example_branch_operator_decorator.py
[2024-12-16T09:08:35.026+0900] {processor.py:208} INFO - Processing /Users/hongseoklee/miniconda3/envs/aivenv/lib/python3.11/site-packages/airflow/example_dags/example_branch_operator_decorator.py took 0.035 seconds
