[2024-12-16T09:00:43.145+0900] {processor.py:186} INFO - Started process (PID=50159) to work on /Users/hongseoklee/miniconda3/envs/aivenv/lib/python3.11/site-packages/airflow/example_dags/example_branch_python_dop_operator_3.py
[2024-12-16T09:00:43.145+0900] {processor.py:914} INFO - Processing file /Users/hongseoklee/miniconda3/envs/aivenv/lib/python3.11/site-packages/airflow/example_dags/example_branch_python_dop_operator_3.py for tasks to queue
[2024-12-16T09:00:43.146+0900] {logging_mixin.py:190} INFO - [2024-12-16T09:00:43.146+0900] {dagbag.py:588} INFO - Filling up the DagBag from /Users/hongseoklee/miniconda3/envs/aivenv/lib/python3.11/site-packages/airflow/example_dags/example_branch_python_dop_operator_3.py
[2024-12-16T09:00:43.159+0900] {processor.py:925} INFO - DAG(s) 'example_branch_dop_operator_v3' retrieved from /Users/hongseoklee/miniconda3/envs/aivenv/lib/python3.11/site-packages/airflow/example_dags/example_branch_python_dop_operator_3.py
[2024-12-16T09:00:43.189+0900] {logging_mixin.py:190} INFO - [2024-12-16T09:00:43.189+0900] {dag.py:3239} INFO - Sync 1 DAGs
[2024-12-16T09:00:43.228+0900] {logging_mixin.py:190} INFO - [2024-12-16T09:00:43.227+0900] {dag.py:4180} INFO - Setting next_dagrun for example_branch_dop_operator_v3 to 2024-12-15T23:59:00+00:00, run_after=2024-12-16T00:00:00+00:00
[2024-12-16T09:00:43.234+0900] {processor.py:208} INFO - Processing /Users/hongseoklee/miniconda3/envs/aivenv/lib/python3.11/site-packages/airflow/example_dags/example_branch_python_dop_operator_3.py took 0.090 seconds
[2024-12-16T09:03:17.289+0900] {processor.py:186} INFO - Started process (PID=50741) to work on /Users/hongseoklee/miniconda3/envs/aivenv/lib/python3.11/site-packages/airflow/example_dags/example_branch_python_dop_operator_3.py
[2024-12-16T09:03:17.289+0900] {processor.py:914} INFO - Processing file /Users/hongseoklee/miniconda3/envs/aivenv/lib/python3.11/site-packages/airflow/example_dags/example_branch_python_dop_operator_3.py for tasks to queue
[2024-12-16T09:03:17.290+0900] {logging_mixin.py:190} INFO - [2024-12-16T09:03:17.289+0900] {dagbag.py:588} INFO - Filling up the DagBag from /Users/hongseoklee/miniconda3/envs/aivenv/lib/python3.11/site-packages/airflow/example_dags/example_branch_python_dop_operator_3.py
[2024-12-16T09:03:17.302+0900] {processor.py:925} INFO - DAG(s) 'example_branch_dop_operator_v3' retrieved from /Users/hongseoklee/miniconda3/envs/aivenv/lib/python3.11/site-packages/airflow/example_dags/example_branch_python_dop_operator_3.py
[2024-12-16T09:03:17.330+0900] {logging_mixin.py:190} INFO - [2024-12-16T09:03:17.330+0900] {dag.py:3239} INFO - Sync 1 DAGs
[2024-12-16T09:03:17.370+0900] {logging_mixin.py:190} INFO - [2024-12-16T09:03:17.370+0900] {dag.py:4180} INFO - Setting next_dagrun for example_branch_dop_operator_v3 to 2024-12-16T00:02:00+00:00, run_after=2024-12-16T00:03:00+00:00
[2024-12-16T09:03:17.376+0900] {processor.py:208} INFO - Processing /Users/hongseoklee/miniconda3/envs/aivenv/lib/python3.11/site-packages/airflow/example_dags/example_branch_python_dop_operator_3.py took 0.089 seconds
[2024-12-16T09:05:56.645+0900] {processor.py:186} INFO - Started process (PID=51191) to work on /Users/hongseoklee/miniconda3/envs/aivenv/lib/python3.11/site-packages/airflow/example_dags/example_branch_python_dop_operator_3.py
[2024-12-16T09:05:56.646+0900] {processor.py:914} INFO - Processing file /Users/hongseoklee/miniconda3/envs/aivenv/lib/python3.11/site-packages/airflow/example_dags/example_branch_python_dop_operator_3.py for tasks to queue
[2024-12-16T09:05:56.646+0900] {logging_mixin.py:190} INFO - [2024-12-16T09:05:56.646+0900] {dagbag.py:588} INFO - Filling up the DagBag from /Users/hongseoklee/miniconda3/envs/aivenv/lib/python3.11/site-packages/airflow/example_dags/example_branch_python_dop_operator_3.py
[2024-12-16T09:05:56.659+0900] {processor.py:925} INFO - DAG(s) 'example_branch_dop_operator_v3' retrieved from /Users/hongseoklee/miniconda3/envs/aivenv/lib/python3.11/site-packages/airflow/example_dags/example_branch_python_dop_operator_3.py
[2024-12-16T09:05:56.688+0900] {logging_mixin.py:190} INFO - [2024-12-16T09:05:56.688+0900] {dag.py:3239} INFO - Sync 1 DAGs
[2024-12-16T09:05:56.731+0900] {logging_mixin.py:190} INFO - [2024-12-16T09:05:56.731+0900] {dag.py:4180} INFO - Setting next_dagrun for example_branch_dop_operator_v3 to 2024-12-16T00:04:00+00:00, run_after=2024-12-16T00:05:00+00:00
[2024-12-16T09:05:56.737+0900] {processor.py:208} INFO - Processing /Users/hongseoklee/miniconda3/envs/aivenv/lib/python3.11/site-packages/airflow/example_dags/example_branch_python_dop_operator_3.py took 0.093 seconds
[2024-12-16T09:08:33.040+0900] {processor.py:186} INFO - Started process (PID=51617) to work on /Users/hongseoklee/miniconda3/envs/aivenv/lib/python3.11/site-packages/airflow/example_dags/example_branch_python_dop_operator_3.py
[2024-12-16T09:08:33.041+0900] {processor.py:914} INFO - Processing file /Users/hongseoklee/miniconda3/envs/aivenv/lib/python3.11/site-packages/airflow/example_dags/example_branch_python_dop_operator_3.py for tasks to queue
[2024-12-16T09:08:33.042+0900] {logging_mixin.py:190} INFO - [2024-12-16T09:08:33.042+0900] {dagbag.py:588} INFO - Filling up the DagBag from /Users/hongseoklee/miniconda3/envs/aivenv/lib/python3.11/site-packages/airflow/example_dags/example_branch_python_dop_operator_3.py
[2024-12-16T09:08:33.054+0900] {processor.py:925} INFO - DAG(s) 'example_branch_dop_operator_v3' retrieved from /Users/hongseoklee/miniconda3/envs/aivenv/lib/python3.11/site-packages/airflow/example_dags/example_branch_python_dop_operator_3.py
[2024-12-16T09:08:33.083+0900] {logging_mixin.py:190} INFO - [2024-12-16T09:08:33.082+0900] {dag.py:3239} INFO - Sync 1 DAGs
[2024-12-16T09:08:33.120+0900] {logging_mixin.py:190} INFO - [2024-12-16T09:08:33.120+0900] {dag.py:4180} INFO - Setting next_dagrun for example_branch_dop_operator_v3 to 2024-12-16T00:07:00+00:00, run_after=2024-12-16T00:08:00+00:00
[2024-12-16T09:08:33.127+0900] {processor.py:208} INFO - Processing /Users/hongseoklee/miniconda3/envs/aivenv/lib/python3.11/site-packages/airflow/example_dags/example_branch_python_dop_operator_3.py took 0.087 seconds
