[2024-12-16T09:00:10.686+0900] {processor.py:186} INFO - Started process (PID=50070) to work on /Users/hongseoklee/miniconda3/envs/aivenv/lib/python3.11/site-packages/airflow/example_dags/example_sla_dag.py
[2024-12-16T09:00:10.686+0900] {processor.py:914} INFO - Processing file /Users/hongseoklee/miniconda3/envs/aivenv/lib/python3.11/site-packages/airflow/example_dags/example_sla_dag.py for tasks to queue
[2024-12-16T09:00:10.687+0900] {logging_mixin.py:190} INFO - [2024-12-16T09:00:10.687+0900] {dagbag.py:588} INFO - Filling up the DagBag from /Users/hongseoklee/miniconda3/envs/aivenv/lib/python3.11/site-packages/airflow/example_dags/example_sla_dag.py
[2024-12-16T09:00:10.699+0900] {processor.py:925} INFO - DAG(s) 'example_sla_dag' retrieved from /Users/hongseoklee/miniconda3/envs/aivenv/lib/python3.11/site-packages/airflow/example_dags/example_sla_dag.py
[2024-12-16T09:00:10.727+0900] {logging_mixin.py:190} INFO - [2024-12-16T09:00:10.727+0900] {dag.py:3239} INFO - Sync 1 DAGs
[2024-12-16T09:00:10.764+0900] {logging_mixin.py:190} INFO - [2024-12-16T09:00:10.764+0900] {dag.py:4180} INFO - Setting next_dagrun for example_sla_dag to 2024-12-15T23:58:00+00:00, run_after=2024-12-16T00:00:00+00:00
[2024-12-16T09:00:10.770+0900] {processor.py:208} INFO - Processing /Users/hongseoklee/miniconda3/envs/aivenv/lib/python3.11/site-packages/airflow/example_dags/example_sla_dag.py took 0.085 seconds
[2024-12-16T09:01:29.467+0900] {processor.py:186} INFO - Started process (PID=50317) to work on /Users/hongseoklee/miniconda3/envs/aivenv/lib/python3.11/site-packages/airflow/example_dags/example_sla_dag.py
[2024-12-16T09:01:29.467+0900] {processor.py:914} INFO - Processing file /Users/hongseoklee/miniconda3/envs/aivenv/lib/python3.11/site-packages/airflow/example_dags/example_sla_dag.py for tasks to queue
[2024-12-16T09:01:29.468+0900] {logging_mixin.py:190} INFO - [2024-12-16T09:01:29.467+0900] {dagbag.py:588} INFO - Filling up the DagBag from /Users/hongseoklee/miniconda3/envs/aivenv/lib/python3.11/site-packages/airflow/example_dags/example_sla_dag.py
[2024-12-16T09:01:29.480+0900] {processor.py:925} INFO - DAG(s) 'example_sla_dag' retrieved from /Users/hongseoklee/miniconda3/envs/aivenv/lib/python3.11/site-packages/airflow/example_dags/example_sla_dag.py
[2024-12-16T09:01:29.509+0900] {logging_mixin.py:190} INFO - [2024-12-16T09:01:29.509+0900] {dag.py:3239} INFO - Sync 1 DAGs
[2024-12-16T09:01:29.548+0900] {logging_mixin.py:190} INFO - [2024-12-16T09:01:29.548+0900] {dag.py:4180} INFO - Setting next_dagrun for example_sla_dag to 2024-12-15T23:58:00+00:00, run_after=2024-12-16T00:00:00+00:00
[2024-12-16T09:01:29.555+0900] {processor.py:208} INFO - Processing /Users/hongseoklee/miniconda3/envs/aivenv/lib/python3.11/site-packages/airflow/example_dags/example_sla_dag.py took 0.089 seconds
[2024-12-16T09:02:45.461+0900] {processor.py:186} INFO - Started process (PID=50648) to work on /Users/hongseoklee/miniconda3/envs/aivenv/lib/python3.11/site-packages/airflow/example_dags/example_sla_dag.py
[2024-12-16T09:02:45.461+0900] {processor.py:914} INFO - Processing file /Users/hongseoklee/miniconda3/envs/aivenv/lib/python3.11/site-packages/airflow/example_dags/example_sla_dag.py for tasks to queue
[2024-12-16T09:02:45.461+0900] {logging_mixin.py:190} INFO - [2024-12-16T09:02:45.461+0900] {dagbag.py:588} INFO - Filling up the DagBag from /Users/hongseoklee/miniconda3/envs/aivenv/lib/python3.11/site-packages/airflow/example_dags/example_sla_dag.py
[2024-12-16T09:02:45.473+0900] {processor.py:925} INFO - DAG(s) 'example_sla_dag' retrieved from /Users/hongseoklee/miniconda3/envs/aivenv/lib/python3.11/site-packages/airflow/example_dags/example_sla_dag.py
[2024-12-16T09:02:45.501+0900] {logging_mixin.py:190} INFO - [2024-12-16T09:02:45.501+0900] {dag.py:3239} INFO - Sync 1 DAGs
[2024-12-16T09:02:45.542+0900] {logging_mixin.py:190} INFO - [2024-12-16T09:02:45.542+0900] {dag.py:4180} INFO - Setting next_dagrun for example_sla_dag to 2024-12-16T00:00:00+00:00, run_after=2024-12-16T00:02:00+00:00
[2024-12-16T09:02:45.549+0900] {processor.py:208} INFO - Processing /Users/hongseoklee/miniconda3/envs/aivenv/lib/python3.11/site-packages/airflow/example_dags/example_sla_dag.py took 0.089 seconds
[2024-12-16T09:04:01.253+0900] {processor.py:186} INFO - Started process (PID=50871) to work on /Users/hongseoklee/miniconda3/envs/aivenv/lib/python3.11/site-packages/airflow/example_dags/example_sla_dag.py
[2024-12-16T09:04:01.253+0900] {processor.py:914} INFO - Processing file /Users/hongseoklee/miniconda3/envs/aivenv/lib/python3.11/site-packages/airflow/example_dags/example_sla_dag.py for tasks to queue
[2024-12-16T09:04:01.254+0900] {logging_mixin.py:190} INFO - [2024-12-16T09:04:01.254+0900] {dagbag.py:588} INFO - Filling up the DagBag from /Users/hongseoklee/miniconda3/envs/aivenv/lib/python3.11/site-packages/airflow/example_dags/example_sla_dag.py
[2024-12-16T09:04:01.266+0900] {processor.py:925} INFO - DAG(s) 'example_sla_dag' retrieved from /Users/hongseoklee/miniconda3/envs/aivenv/lib/python3.11/site-packages/airflow/example_dags/example_sla_dag.py
[2024-12-16T09:04:01.294+0900] {logging_mixin.py:190} INFO - [2024-12-16T09:04:01.294+0900] {dag.py:3239} INFO - Sync 1 DAGs
[2024-12-16T09:04:01.333+0900] {logging_mixin.py:190} INFO - [2024-12-16T09:04:01.332+0900] {dag.py:4180} INFO - Setting next_dagrun for example_sla_dag to 2024-12-16T00:02:00+00:00, run_after=2024-12-16T00:04:00+00:00
[2024-12-16T09:04:01.339+0900] {processor.py:208} INFO - Processing /Users/hongseoklee/miniconda3/envs/aivenv/lib/python3.11/site-packages/airflow/example_dags/example_sla_dag.py took 0.087 seconds
[2024-12-16T09:05:23.809+0900] {processor.py:186} INFO - Started process (PID=51103) to work on /Users/hongseoklee/miniconda3/envs/aivenv/lib/python3.11/site-packages/airflow/example_dags/example_sla_dag.py
[2024-12-16T09:05:23.810+0900] {processor.py:914} INFO - Processing file /Users/hongseoklee/miniconda3/envs/aivenv/lib/python3.11/site-packages/airflow/example_dags/example_sla_dag.py for tasks to queue
[2024-12-16T09:05:23.811+0900] {logging_mixin.py:190} INFO - [2024-12-16T09:05:23.811+0900] {dagbag.py:588} INFO - Filling up the DagBag from /Users/hongseoklee/miniconda3/envs/aivenv/lib/python3.11/site-packages/airflow/example_dags/example_sla_dag.py
[2024-12-16T09:05:23.823+0900] {processor.py:925} INFO - DAG(s) 'example_sla_dag' retrieved from /Users/hongseoklee/miniconda3/envs/aivenv/lib/python3.11/site-packages/airflow/example_dags/example_sla_dag.py
[2024-12-16T09:05:23.851+0900] {logging_mixin.py:190} INFO - [2024-12-16T09:05:23.851+0900] {dag.py:3239} INFO - Sync 1 DAGs
[2024-12-16T09:05:23.888+0900] {logging_mixin.py:190} INFO - [2024-12-16T09:05:23.888+0900] {dag.py:4180} INFO - Setting next_dagrun for example_sla_dag to 2024-12-16T00:02:00+00:00, run_after=2024-12-16T00:04:00+00:00
[2024-12-16T09:05:23.895+0900] {processor.py:208} INFO - Processing /Users/hongseoklee/miniconda3/envs/aivenv/lib/python3.11/site-packages/airflow/example_dags/example_sla_dag.py took 0.087 seconds
[2024-12-16T09:06:41.339+0900] {processor.py:186} INFO - Started process (PID=51314) to work on /Users/hongseoklee/miniconda3/envs/aivenv/lib/python3.11/site-packages/airflow/example_dags/example_sla_dag.py
[2024-12-16T09:06:41.339+0900] {processor.py:914} INFO - Processing file /Users/hongseoklee/miniconda3/envs/aivenv/lib/python3.11/site-packages/airflow/example_dags/example_sla_dag.py for tasks to queue
[2024-12-16T09:06:41.340+0900] {logging_mixin.py:190} INFO - [2024-12-16T09:06:41.340+0900] {dagbag.py:588} INFO - Filling up the DagBag from /Users/hongseoklee/miniconda3/envs/aivenv/lib/python3.11/site-packages/airflow/example_dags/example_sla_dag.py
[2024-12-16T09:06:41.353+0900] {processor.py:925} INFO - DAG(s) 'example_sla_dag' retrieved from /Users/hongseoklee/miniconda3/envs/aivenv/lib/python3.11/site-packages/airflow/example_dags/example_sla_dag.py
[2024-12-16T09:06:41.384+0900] {logging_mixin.py:190} INFO - [2024-12-16T09:06:41.384+0900] {dag.py:3239} INFO - Sync 1 DAGs
[2024-12-16T09:06:41.426+0900] {logging_mixin.py:190} INFO - [2024-12-16T09:06:41.426+0900] {dag.py:4180} INFO - Setting next_dagrun for example_sla_dag to 2024-12-16T00:04:00+00:00, run_after=2024-12-16T00:06:00+00:00
[2024-12-16T09:06:41.432+0900] {processor.py:208} INFO - Processing /Users/hongseoklee/miniconda3/envs/aivenv/lib/python3.11/site-packages/airflow/example_dags/example_sla_dag.py took 0.094 seconds
[2024-12-16T09:07:58.981+0900] {processor.py:186} INFO - Started process (PID=51522) to work on /Users/hongseoklee/miniconda3/envs/aivenv/lib/python3.11/site-packages/airflow/example_dags/example_sla_dag.py
[2024-12-16T09:07:58.981+0900] {processor.py:914} INFO - Processing file /Users/hongseoklee/miniconda3/envs/aivenv/lib/python3.11/site-packages/airflow/example_dags/example_sla_dag.py for tasks to queue
[2024-12-16T09:07:58.982+0900] {logging_mixin.py:190} INFO - [2024-12-16T09:07:58.982+0900] {dagbag.py:588} INFO - Filling up the DagBag from /Users/hongseoklee/miniconda3/envs/aivenv/lib/python3.11/site-packages/airflow/example_dags/example_sla_dag.py
[2024-12-16T09:07:58.994+0900] {processor.py:925} INFO - DAG(s) 'example_sla_dag' retrieved from /Users/hongseoklee/miniconda3/envs/aivenv/lib/python3.11/site-packages/airflow/example_dags/example_sla_dag.py
[2024-12-16T09:07:59.026+0900] {logging_mixin.py:190} INFO - [2024-12-16T09:07:59.025+0900] {dag.py:3239} INFO - Sync 1 DAGs
[2024-12-16T09:07:59.069+0900] {logging_mixin.py:190} INFO - [2024-12-16T09:07:59.068+0900] {dag.py:4180} INFO - Setting next_dagrun for example_sla_dag to 2024-12-16T00:04:00+00:00, run_after=2024-12-16T00:06:00+00:00
[2024-12-16T09:07:59.075+0900] {processor.py:208} INFO - Processing /Users/hongseoklee/miniconda3/envs/aivenv/lib/python3.11/site-packages/airflow/example_dags/example_sla_dag.py took 0.095 seconds
