[2024-12-16T09:01:12.282+0900] {processor.py:186} INFO - Started process (PID=50270) to work on /Users/hongseoklee/miniconda3/envs/aivenv/lib/python3.11/site-packages/airflow/example_dags/example_xcomargs.py
[2024-12-16T09:01:12.282+0900] {processor.py:914} INFO - Processing file /Users/hongseoklee/miniconda3/envs/aivenv/lib/python3.11/site-packages/airflow/example_dags/example_xcomargs.py for tasks to queue
[2024-12-16T09:01:12.283+0900] {logging_mixin.py:190} INFO - [2024-12-16T09:01:12.283+0900] {dagbag.py:588} INFO - Filling up the DagBag from /Users/hongseoklee/miniconda3/envs/aivenv/lib/python3.11/site-packages/airflow/example_dags/example_xcomargs.py
[2024-12-16T09:01:12.296+0900] {processor.py:925} INFO - DAG(s) 'example_xcom_args_with_operators', 'example_xcom_args' retrieved from /Users/hongseoklee/miniconda3/envs/aivenv/lib/python3.11/site-packages/airflow/example_dags/example_xcomargs.py
[2024-12-16T09:01:12.327+0900] {logging_mixin.py:190} INFO - [2024-12-16T09:01:12.327+0900] {dag.py:3239} INFO - Sync 2 DAGs
[2024-12-16T09:01:12.365+0900] {logging_mixin.py:190} INFO - [2024-12-16T09:01:12.365+0900] {dag.py:4180} INFO - Setting next_dagrun for example_xcom_args to None, run_after=None
[2024-12-16T09:01:12.366+0900] {logging_mixin.py:190} INFO - [2024-12-16T09:01:12.366+0900] {dag.py:4180} INFO - Setting next_dagrun for example_xcom_args_with_operators to None, run_after=None
[2024-12-16T09:01:12.371+0900] {processor.py:208} INFO - Processing /Users/hongseoklee/miniconda3/envs/aivenv/lib/python3.11/site-packages/airflow/example_dags/example_xcomargs.py took 0.090 seconds
[2024-12-16T09:02:28.365+0900] {processor.py:186} INFO - Started process (PID=50604) to work on /Users/hongseoklee/miniconda3/envs/aivenv/lib/python3.11/site-packages/airflow/example_dags/example_xcomargs.py
[2024-12-16T09:02:28.366+0900] {processor.py:914} INFO - Processing file /Users/hongseoklee/miniconda3/envs/aivenv/lib/python3.11/site-packages/airflow/example_dags/example_xcomargs.py for tasks to queue
[2024-12-16T09:02:28.366+0900] {logging_mixin.py:190} INFO - [2024-12-16T09:02:28.366+0900] {dagbag.py:588} INFO - Filling up the DagBag from /Users/hongseoklee/miniconda3/envs/aivenv/lib/python3.11/site-packages/airflow/example_dags/example_xcomargs.py
[2024-12-16T09:02:28.379+0900] {processor.py:925} INFO - DAG(s) 'example_xcom_args_with_operators', 'example_xcom_args' retrieved from /Users/hongseoklee/miniconda3/envs/aivenv/lib/python3.11/site-packages/airflow/example_dags/example_xcomargs.py
[2024-12-16T09:02:28.409+0900] {logging_mixin.py:190} INFO - [2024-12-16T09:02:28.409+0900] {dag.py:3239} INFO - Sync 2 DAGs
[2024-12-16T09:02:28.445+0900] {logging_mixin.py:190} INFO - [2024-12-16T09:02:28.445+0900] {dag.py:4180} INFO - Setting next_dagrun for example_xcom_args to None, run_after=None
[2024-12-16T09:02:28.446+0900] {logging_mixin.py:190} INFO - [2024-12-16T09:02:28.446+0900] {dag.py:4180} INFO - Setting next_dagrun for example_xcom_args_with_operators to None, run_after=None
[2024-12-16T09:02:28.452+0900] {processor.py:208} INFO - Processing /Users/hongseoklee/miniconda3/envs/aivenv/lib/python3.11/site-packages/airflow/example_dags/example_xcomargs.py took 0.088 seconds
[2024-12-16T09:03:44.035+0900] {processor.py:186} INFO - Started process (PID=50816) to work on /Users/hongseoklee/miniconda3/envs/aivenv/lib/python3.11/site-packages/airflow/example_dags/example_xcomargs.py
[2024-12-16T09:03:44.036+0900] {processor.py:914} INFO - Processing file /Users/hongseoklee/miniconda3/envs/aivenv/lib/python3.11/site-packages/airflow/example_dags/example_xcomargs.py for tasks to queue
[2024-12-16T09:03:44.036+0900] {logging_mixin.py:190} INFO - [2024-12-16T09:03:44.036+0900] {dagbag.py:588} INFO - Filling up the DagBag from /Users/hongseoklee/miniconda3/envs/aivenv/lib/python3.11/site-packages/airflow/example_dags/example_xcomargs.py
[2024-12-16T09:03:44.049+0900] {processor.py:925} INFO - DAG(s) 'example_xcom_args', 'example_xcom_args_with_operators' retrieved from /Users/hongseoklee/miniconda3/envs/aivenv/lib/python3.11/site-packages/airflow/example_dags/example_xcomargs.py
[2024-12-16T09:03:44.078+0900] {logging_mixin.py:190} INFO - [2024-12-16T09:03:44.078+0900] {dag.py:3239} INFO - Sync 2 DAGs
[2024-12-16T09:03:44.113+0900] {logging_mixin.py:190} INFO - [2024-12-16T09:03:44.113+0900] {dag.py:4180} INFO - Setting next_dagrun for example_xcom_args to None, run_after=None
[2024-12-16T09:03:44.114+0900] {logging_mixin.py:190} INFO - [2024-12-16T09:03:44.114+0900] {dag.py:4180} INFO - Setting next_dagrun for example_xcom_args_with_operators to None, run_after=None
[2024-12-16T09:03:44.119+0900] {processor.py:208} INFO - Processing /Users/hongseoklee/miniconda3/envs/aivenv/lib/python3.11/site-packages/airflow/example_dags/example_xcomargs.py took 0.085 seconds
[2024-12-16T09:05:06.161+0900] {processor.py:186} INFO - Started process (PID=51056) to work on /Users/hongseoklee/miniconda3/envs/aivenv/lib/python3.11/site-packages/airflow/example_dags/example_xcomargs.py
[2024-12-16T09:05:06.162+0900] {processor.py:914} INFO - Processing file /Users/hongseoklee/miniconda3/envs/aivenv/lib/python3.11/site-packages/airflow/example_dags/example_xcomargs.py for tasks to queue
[2024-12-16T09:05:06.163+0900] {logging_mixin.py:190} INFO - [2024-12-16T09:05:06.163+0900] {dagbag.py:588} INFO - Filling up the DagBag from /Users/hongseoklee/miniconda3/envs/aivenv/lib/python3.11/site-packages/airflow/example_dags/example_xcomargs.py
[2024-12-16T09:05:06.177+0900] {processor.py:925} INFO - DAG(s) 'example_xcom_args', 'example_xcom_args_with_operators' retrieved from /Users/hongseoklee/miniconda3/envs/aivenv/lib/python3.11/site-packages/airflow/example_dags/example_xcomargs.py
[2024-12-16T09:05:06.207+0900] {logging_mixin.py:190} INFO - [2024-12-16T09:05:06.207+0900] {dag.py:3239} INFO - Sync 2 DAGs
[2024-12-16T09:05:06.244+0900] {logging_mixin.py:190} INFO - [2024-12-16T09:05:06.244+0900] {dag.py:4180} INFO - Setting next_dagrun for example_xcom_args to None, run_after=None
[2024-12-16T09:05:06.245+0900] {logging_mixin.py:190} INFO - [2024-12-16T09:05:06.245+0900] {dag.py:4180} INFO - Setting next_dagrun for example_xcom_args_with_operators to None, run_after=None
[2024-12-16T09:05:06.251+0900] {processor.py:208} INFO - Processing /Users/hongseoklee/miniconda3/envs/aivenv/lib/python3.11/site-packages/airflow/example_dags/example_xcomargs.py took 0.091 seconds
[2024-12-16T09:06:24.728+0900] {processor.py:186} INFO - Started process (PID=51272) to work on /Users/hongseoklee/miniconda3/envs/aivenv/lib/python3.11/site-packages/airflow/example_dags/example_xcomargs.py
[2024-12-16T09:06:24.729+0900] {processor.py:914} INFO - Processing file /Users/hongseoklee/miniconda3/envs/aivenv/lib/python3.11/site-packages/airflow/example_dags/example_xcomargs.py for tasks to queue
[2024-12-16T09:06:24.730+0900] {logging_mixin.py:190} INFO - [2024-12-16T09:06:24.730+0900] {dagbag.py:588} INFO - Filling up the DagBag from /Users/hongseoklee/miniconda3/envs/aivenv/lib/python3.11/site-packages/airflow/example_dags/example_xcomargs.py
[2024-12-16T09:06:24.743+0900] {processor.py:925} INFO - DAG(s) 'example_xcom_args', 'example_xcom_args_with_operators' retrieved from /Users/hongseoklee/miniconda3/envs/aivenv/lib/python3.11/site-packages/airflow/example_dags/example_xcomargs.py
[2024-12-16T09:06:24.772+0900] {logging_mixin.py:190} INFO - [2024-12-16T09:06:24.772+0900] {dag.py:3239} INFO - Sync 2 DAGs
[2024-12-16T09:06:24.806+0900] {logging_mixin.py:190} INFO - [2024-12-16T09:06:24.806+0900] {dag.py:4180} INFO - Setting next_dagrun for example_xcom_args to None, run_after=None
[2024-12-16T09:06:24.807+0900] {logging_mixin.py:190} INFO - [2024-12-16T09:06:24.807+0900] {dag.py:4180} INFO - Setting next_dagrun for example_xcom_args_with_operators to None, run_after=None
[2024-12-16T09:06:24.813+0900] {processor.py:208} INFO - Processing /Users/hongseoklee/miniconda3/envs/aivenv/lib/python3.11/site-packages/airflow/example_dags/example_xcomargs.py took 0.085 seconds
[2024-12-16T09:07:40.626+0900] {processor.py:186} INFO - Started process (PID=51475) to work on /Users/hongseoklee/miniconda3/envs/aivenv/lib/python3.11/site-packages/airflow/example_dags/example_xcomargs.py
[2024-12-16T09:07:40.627+0900] {processor.py:914} INFO - Processing file /Users/hongseoklee/miniconda3/envs/aivenv/lib/python3.11/site-packages/airflow/example_dags/example_xcomargs.py for tasks to queue
[2024-12-16T09:07:40.628+0900] {logging_mixin.py:190} INFO - [2024-12-16T09:07:40.627+0900] {dagbag.py:588} INFO - Filling up the DagBag from /Users/hongseoklee/miniconda3/envs/aivenv/lib/python3.11/site-packages/airflow/example_dags/example_xcomargs.py
[2024-12-16T09:07:40.640+0900] {processor.py:925} INFO - DAG(s) 'example_xcom_args', 'example_xcom_args_with_operators' retrieved from /Users/hongseoklee/miniconda3/envs/aivenv/lib/python3.11/site-packages/airflow/example_dags/example_xcomargs.py
[2024-12-16T09:07:40.669+0900] {logging_mixin.py:190} INFO - [2024-12-16T09:07:40.669+0900] {dag.py:3239} INFO - Sync 2 DAGs
[2024-12-16T09:07:40.703+0900] {logging_mixin.py:190} INFO - [2024-12-16T09:07:40.703+0900] {dag.py:4180} INFO - Setting next_dagrun for example_xcom_args to None, run_after=None
[2024-12-16T09:07:40.704+0900] {logging_mixin.py:190} INFO - [2024-12-16T09:07:40.704+0900] {dag.py:4180} INFO - Setting next_dagrun for example_xcom_args_with_operators to None, run_after=None
[2024-12-16T09:07:40.710+0900] {processor.py:208} INFO - Processing /Users/hongseoklee/miniconda3/envs/aivenv/lib/python3.11/site-packages/airflow/example_dags/example_xcomargs.py took 0.085 seconds
