[2024-12-16T09:01:45.406+0900] {processor.py:186} INFO - Started process (PID=50366) to work on /Users/hongseoklee/miniconda3/envs/aivenv/lib/python3.11/site-packages/airflow/example_dags/example_params_ui_tutorial.py
[2024-12-16T09:01:45.407+0900] {processor.py:914} INFO - Processing file /Users/hongseoklee/miniconda3/envs/aivenv/lib/python3.11/site-packages/airflow/example_dags/example_params_ui_tutorial.py for tasks to queue
[2024-12-16T09:01:45.407+0900] {logging_mixin.py:190} INFO - [2024-12-16T09:01:45.407+0900] {dagbag.py:588} INFO - Filling up the DagBag from /Users/hongseoklee/miniconda3/envs/aivenv/lib/python3.11/site-packages/airflow/example_dags/example_params_ui_tutorial.py
[2024-12-16T09:01:45.420+0900] {processor.py:925} INFO - DAG(s) 'example_params_ui_tutorial' retrieved from /Users/hongseoklee/miniconda3/envs/aivenv/lib/python3.11/site-packages/airflow/example_dags/example_params_ui_tutorial.py
[2024-12-16T09:01:45.454+0900] {logging_mixin.py:190} INFO - [2024-12-16T09:01:45.454+0900] {dag.py:3239} INFO - Sync 1 DAGs
[2024-12-16T09:01:45.488+0900] {logging_mixin.py:190} INFO - [2024-12-16T09:01:45.488+0900] {dag.py:4180} INFO - Setting next_dagrun for example_params_ui_tutorial to None, run_after=None
[2024-12-16T09:01:45.495+0900] {processor.py:208} INFO - Processing /Users/hongseoklee/miniconda3/envs/aivenv/lib/python3.11/site-packages/airflow/example_dags/example_params_ui_tutorial.py took 0.090 seconds
[2024-12-16T09:04:20.227+0900] {processor.py:186} INFO - Started process (PID=50921) to work on /Users/hongseoklee/miniconda3/envs/aivenv/lib/python3.11/site-packages/airflow/example_dags/example_params_ui_tutorial.py
[2024-12-16T09:04:20.228+0900] {processor.py:914} INFO - Processing file /Users/hongseoklee/miniconda3/envs/aivenv/lib/python3.11/site-packages/airflow/example_dags/example_params_ui_tutorial.py for tasks to queue
[2024-12-16T09:04:20.228+0900] {logging_mixin.py:190} INFO - [2024-12-16T09:04:20.228+0900] {dagbag.py:588} INFO - Filling up the DagBag from /Users/hongseoklee/miniconda3/envs/aivenv/lib/python3.11/site-packages/airflow/example_dags/example_params_ui_tutorial.py
[2024-12-16T09:04:20.240+0900] {processor.py:925} INFO - DAG(s) 'example_params_ui_tutorial' retrieved from /Users/hongseoklee/miniconda3/envs/aivenv/lib/python3.11/site-packages/airflow/example_dags/example_params_ui_tutorial.py
[2024-12-16T09:04:20.274+0900] {logging_mixin.py:190} INFO - [2024-12-16T09:04:20.274+0900] {dag.py:3239} INFO - Sync 1 DAGs
[2024-12-16T09:04:20.310+0900] {logging_mixin.py:190} INFO - [2024-12-16T09:04:20.310+0900] {dag.py:4180} INFO - Setting next_dagrun for example_params_ui_tutorial to None, run_after=None
[2024-12-16T09:04:20.317+0900] {processor.py:208} INFO - Processing /Users/hongseoklee/miniconda3/envs/aivenv/lib/python3.11/site-packages/airflow/example_dags/example_params_ui_tutorial.py took 0.091 seconds
[2024-12-16T09:06:59.643+0900] {processor.py:186} INFO - Started process (PID=51363) to work on /Users/hongseoklee/miniconda3/envs/aivenv/lib/python3.11/site-packages/airflow/example_dags/example_params_ui_tutorial.py
[2024-12-16T09:06:59.644+0900] {processor.py:914} INFO - Processing file /Users/hongseoklee/miniconda3/envs/aivenv/lib/python3.11/site-packages/airflow/example_dags/example_params_ui_tutorial.py for tasks to queue
[2024-12-16T09:06:59.645+0900] {logging_mixin.py:190} INFO - [2024-12-16T09:06:59.645+0900] {dagbag.py:588} INFO - Filling up the DagBag from /Users/hongseoklee/miniconda3/envs/aivenv/lib/python3.11/site-packages/airflow/example_dags/example_params_ui_tutorial.py
[2024-12-16T09:06:59.658+0900] {processor.py:925} INFO - DAG(s) 'example_params_ui_tutorial' retrieved from /Users/hongseoklee/miniconda3/envs/aivenv/lib/python3.11/site-packages/airflow/example_dags/example_params_ui_tutorial.py
[2024-12-16T09:06:59.693+0900] {logging_mixin.py:190} INFO - [2024-12-16T09:06:59.693+0900] {dag.py:3239} INFO - Sync 1 DAGs
[2024-12-16T09:06:59.731+0900] {logging_mixin.py:190} INFO - [2024-12-16T09:06:59.730+0900] {dag.py:4180} INFO - Setting next_dagrun for example_params_ui_tutorial to None, run_after=None
[2024-12-16T09:06:59.738+0900] {processor.py:208} INFO - Processing /Users/hongseoklee/miniconda3/envs/aivenv/lib/python3.11/site-packages/airflow/example_dags/example_params_ui_tutorial.py took 0.095 seconds
