[2024-12-16T09:01:53.183+0900] {processor.py:186} INFO - Started process (PID=50389) to work on /Users/hongseoklee/miniconda3/envs/aivenv/lib/python3.11/site-packages/airflow/example_dags/example_dataset_alias_with_no_taskflow.py
[2024-12-16T09:01:53.184+0900] {processor.py:914} INFO - Processing file /Users/hongseoklee/miniconda3/envs/aivenv/lib/python3.11/site-packages/airflow/example_dags/example_dataset_alias_with_no_taskflow.py for tasks to queue
[2024-12-16T09:01:53.184+0900] {logging_mixin.py:190} INFO - [2024-12-16T09:01:53.184+0900] {dagbag.py:588} INFO - Filling up the DagBag from /Users/hongseoklee/miniconda3/envs/aivenv/lib/python3.11/site-packages/airflow/example_dags/example_dataset_alias_with_no_taskflow.py
[2024-12-16T09:01:53.243+0900] {processor.py:925} INFO - DAG(s) 'dataset_s3_bucket_producer_with_no_taskflow', 'dataset_alias_example_alias_producer_with_no_taskflow', 'dataset_alias_example_alias_consumer_with_no_taskflow', 'dataset_s3_bucket_consumer_with_no_taskflow' retrieved from /Users/hongseoklee/miniconda3/envs/aivenv/lib/python3.11/site-packages/airflow/example_dags/example_dataset_alias_with_no_taskflow.py
[2024-12-16T09:01:53.286+0900] {logging_mixin.py:190} INFO - [2024-12-16T09:01:53.285+0900] {dag.py:3239} INFO - Sync 4 DAGs
[2024-12-16T09:01:53.291+0900] {logging_mixin.py:190} INFO - [2024-12-16T09:01:53.291+0900] {dag.py:4180} INFO - Setting next_dagrun for dataset_alias_example_alias_consumer_with_no_taskflow to None, run_after=None
[2024-12-16T09:01:53.292+0900] {logging_mixin.py:190} INFO - [2024-12-16T09:01:53.292+0900] {dag.py:4180} INFO - Setting next_dagrun for dataset_alias_example_alias_producer_with_no_taskflow to None, run_after=None
[2024-12-16T09:01:53.292+0900] {logging_mixin.py:190} INFO - [2024-12-16T09:01:53.292+0900] {dag.py:4180} INFO - Setting next_dagrun for dataset_s3_bucket_consumer_with_no_taskflow to None, run_after=None
[2024-12-16T09:01:53.292+0900] {logging_mixin.py:190} INFO - [2024-12-16T09:01:53.292+0900] {dag.py:4180} INFO - Setting next_dagrun for dataset_s3_bucket_producer_with_no_taskflow to None, run_after=None
[2024-12-16T09:01:53.299+0900] {processor.py:208} INFO - Processing /Users/hongseoklee/miniconda3/envs/aivenv/lib/python3.11/site-packages/airflow/example_dags/example_dataset_alias_with_no_taskflow.py took 0.116 seconds
[2024-12-16T09:04:27.696+0900] {processor.py:186} INFO - Started process (PID=50944) to work on /Users/hongseoklee/miniconda3/envs/aivenv/lib/python3.11/site-packages/airflow/example_dags/example_dataset_alias_with_no_taskflow.py
[2024-12-16T09:04:27.697+0900] {processor.py:914} INFO - Processing file /Users/hongseoklee/miniconda3/envs/aivenv/lib/python3.11/site-packages/airflow/example_dags/example_dataset_alias_with_no_taskflow.py for tasks to queue
[2024-12-16T09:04:27.698+0900] {logging_mixin.py:190} INFO - [2024-12-16T09:04:27.698+0900] {dagbag.py:588} INFO - Filling up the DagBag from /Users/hongseoklee/miniconda3/envs/aivenv/lib/python3.11/site-packages/airflow/example_dags/example_dataset_alias_with_no_taskflow.py
[2024-12-16T09:04:27.749+0900] {processor.py:925} INFO - DAG(s) 'dataset_alias_example_alias_consumer_with_no_taskflow', 'dataset_s3_bucket_producer_with_no_taskflow', 'dataset_alias_example_alias_producer_with_no_taskflow', 'dataset_s3_bucket_consumer_with_no_taskflow' retrieved from /Users/hongseoklee/miniconda3/envs/aivenv/lib/python3.11/site-packages/airflow/example_dags/example_dataset_alias_with_no_taskflow.py
[2024-12-16T09:04:27.787+0900] {logging_mixin.py:190} INFO - [2024-12-16T09:04:27.787+0900] {dag.py:3239} INFO - Sync 4 DAGs
[2024-12-16T09:04:27.793+0900] {logging_mixin.py:190} INFO - [2024-12-16T09:04:27.793+0900] {dag.py:4180} INFO - Setting next_dagrun for dataset_alias_example_alias_consumer_with_no_taskflow to None, run_after=None
[2024-12-16T09:04:27.793+0900] {logging_mixin.py:190} INFO - [2024-12-16T09:04:27.793+0900] {dag.py:4180} INFO - Setting next_dagrun for dataset_alias_example_alias_producer_with_no_taskflow to None, run_after=None
[2024-12-16T09:04:27.794+0900] {logging_mixin.py:190} INFO - [2024-12-16T09:04:27.794+0900] {dag.py:4180} INFO - Setting next_dagrun for dataset_s3_bucket_consumer_with_no_taskflow to None, run_after=None
[2024-12-16T09:04:27.794+0900] {logging_mixin.py:190} INFO - [2024-12-16T09:04:27.794+0900] {dag.py:4180} INFO - Setting next_dagrun for dataset_s3_bucket_producer_with_no_taskflow to None, run_after=None
[2024-12-16T09:04:27.801+0900] {processor.py:208} INFO - Processing /Users/hongseoklee/miniconda3/envs/aivenv/lib/python3.11/site-packages/airflow/example_dags/example_dataset_alias_with_no_taskflow.py took 0.105 seconds
[2024-12-16T09:07:07.565+0900] {processor.py:186} INFO - Started process (PID=51381) to work on /Users/hongseoklee/miniconda3/envs/aivenv/lib/python3.11/site-packages/airflow/example_dags/example_dataset_alias_with_no_taskflow.py
[2024-12-16T09:07:07.565+0900] {processor.py:914} INFO - Processing file /Users/hongseoklee/miniconda3/envs/aivenv/lib/python3.11/site-packages/airflow/example_dags/example_dataset_alias_with_no_taskflow.py for tasks to queue
[2024-12-16T09:07:07.566+0900] {logging_mixin.py:190} INFO - [2024-12-16T09:07:07.566+0900] {dagbag.py:588} INFO - Filling up the DagBag from /Users/hongseoklee/miniconda3/envs/aivenv/lib/python3.11/site-packages/airflow/example_dags/example_dataset_alias_with_no_taskflow.py
[2024-12-16T09:07:07.627+0900] {processor.py:925} INFO - DAG(s) 'dataset_s3_bucket_producer_with_no_taskflow', 'dataset_alias_example_alias_consumer_with_no_taskflow', 'dataset_s3_bucket_consumer_with_no_taskflow', 'dataset_alias_example_alias_producer_with_no_taskflow' retrieved from /Users/hongseoklee/miniconda3/envs/aivenv/lib/python3.11/site-packages/airflow/example_dags/example_dataset_alias_with_no_taskflow.py
[2024-12-16T09:07:07.671+0900] {logging_mixin.py:190} INFO - [2024-12-16T09:07:07.670+0900] {dag.py:3239} INFO - Sync 4 DAGs
[2024-12-16T09:07:07.676+0900] {logging_mixin.py:190} INFO - [2024-12-16T09:07:07.676+0900] {dag.py:4180} INFO - Setting next_dagrun for dataset_alias_example_alias_consumer_with_no_taskflow to None, run_after=None
[2024-12-16T09:07:07.677+0900] {logging_mixin.py:190} INFO - [2024-12-16T09:07:07.677+0900] {dag.py:4180} INFO - Setting next_dagrun for dataset_alias_example_alias_producer_with_no_taskflow to None, run_after=None
[2024-12-16T09:07:07.677+0900] {logging_mixin.py:190} INFO - [2024-12-16T09:07:07.677+0900] {dag.py:4180} INFO - Setting next_dagrun for dataset_s3_bucket_consumer_with_no_taskflow to None, run_after=None
[2024-12-16T09:07:07.677+0900] {logging_mixin.py:190} INFO - [2024-12-16T09:07:07.677+0900] {dag.py:4180} INFO - Setting next_dagrun for dataset_s3_bucket_producer_with_no_taskflow to None, run_after=None
[2024-12-16T09:07:07.684+0900] {processor.py:208} INFO - Processing /Users/hongseoklee/miniconda3/envs/aivenv/lib/python3.11/site-packages/airflow/example_dags/example_dataset_alias_with_no_taskflow.py took 0.120 seconds
