[2024-12-16T09:00:21.592+0900] {processor.py:186} INFO - Started process (PID=50100) to work on /Users/hongseoklee/miniconda3/envs/aivenv/lib/python3.11/site-packages/airflow/example_dags/example_params_trigger_ui.py
[2024-12-16T09:00:21.592+0900] {processor.py:914} INFO - Processing file /Users/hongseoklee/miniconda3/envs/aivenv/lib/python3.11/site-packages/airflow/example_dags/example_params_trigger_ui.py for tasks to queue
[2024-12-16T09:00:21.592+0900] {logging_mixin.py:190} INFO - [2024-12-16T09:00:21.592+0900] {dagbag.py:588} INFO - Filling up the DagBag from /Users/hongseoklee/miniconda3/envs/aivenv/lib/python3.11/site-packages/airflow/example_dags/example_params_trigger_ui.py
[2024-12-16T09:00:21.607+0900] {processor.py:925} INFO - DAG(s) 'example_params_trigger_ui' retrieved from /Users/hongseoklee/miniconda3/envs/aivenv/lib/python3.11/site-packages/airflow/example_dags/example_params_trigger_ui.py
[2024-12-16T09:00:21.643+0900] {logging_mixin.py:190} INFO - [2024-12-16T09:00:21.643+0900] {dag.py:3239} INFO - Sync 1 DAGs
[2024-12-16T09:00:21.679+0900] {logging_mixin.py:190} INFO - [2024-12-16T09:00:21.678+0900] {dag.py:4180} INFO - Setting next_dagrun for example_params_trigger_ui to None, run_after=None
[2024-12-16T09:00:21.685+0900] {processor.py:208} INFO - Processing /Users/hongseoklee/miniconda3/envs/aivenv/lib/python3.11/site-packages/airflow/example_dags/example_params_trigger_ui.py took 0.094 seconds
[2024-12-16T09:02:53.614+0900] {processor.py:186} INFO - Started process (PID=50672) to work on /Users/hongseoklee/miniconda3/envs/aivenv/lib/python3.11/site-packages/airflow/example_dags/example_params_trigger_ui.py
[2024-12-16T09:02:53.615+0900] {processor.py:914} INFO - Processing file /Users/hongseoklee/miniconda3/envs/aivenv/lib/python3.11/site-packages/airflow/example_dags/example_params_trigger_ui.py for tasks to queue
[2024-12-16T09:02:53.616+0900] {logging_mixin.py:190} INFO - [2024-12-16T09:02:53.616+0900] {dagbag.py:588} INFO - Filling up the DagBag from /Users/hongseoklee/miniconda3/envs/aivenv/lib/python3.11/site-packages/airflow/example_dags/example_params_trigger_ui.py
[2024-12-16T09:02:53.628+0900] {processor.py:925} INFO - DAG(s) 'example_params_trigger_ui' retrieved from /Users/hongseoklee/miniconda3/envs/aivenv/lib/python3.11/site-packages/airflow/example_dags/example_params_trigger_ui.py
[2024-12-16T09:02:53.662+0900] {logging_mixin.py:190} INFO - [2024-12-16T09:02:53.662+0900] {dag.py:3239} INFO - Sync 1 DAGs
[2024-12-16T09:02:53.696+0900] {logging_mixin.py:190} INFO - [2024-12-16T09:02:53.696+0900] {dag.py:4180} INFO - Setting next_dagrun for example_params_trigger_ui to None, run_after=None
[2024-12-16T09:02:53.702+0900] {processor.py:208} INFO - Processing /Users/hongseoklee/miniconda3/envs/aivenv/lib/python3.11/site-packages/airflow/example_dags/example_params_trigger_ui.py took 0.089 seconds
[2024-12-16T09:05:34.726+0900] {processor.py:186} INFO - Started process (PID=51131) to work on /Users/hongseoklee/miniconda3/envs/aivenv/lib/python3.11/site-packages/airflow/example_dags/example_params_trigger_ui.py
[2024-12-16T09:05:34.727+0900] {processor.py:914} INFO - Processing file /Users/hongseoklee/miniconda3/envs/aivenv/lib/python3.11/site-packages/airflow/example_dags/example_params_trigger_ui.py for tasks to queue
[2024-12-16T09:05:34.727+0900] {logging_mixin.py:190} INFO - [2024-12-16T09:05:34.727+0900] {dagbag.py:588} INFO - Filling up the DagBag from /Users/hongseoklee/miniconda3/envs/aivenv/lib/python3.11/site-packages/airflow/example_dags/example_params_trigger_ui.py
[2024-12-16T09:05:34.740+0900] {processor.py:925} INFO - DAG(s) 'example_params_trigger_ui' retrieved from /Users/hongseoklee/miniconda3/envs/aivenv/lib/python3.11/site-packages/airflow/example_dags/example_params_trigger_ui.py
[2024-12-16T09:05:34.774+0900] {logging_mixin.py:190} INFO - [2024-12-16T09:05:34.774+0900] {dag.py:3239} INFO - Sync 1 DAGs
[2024-12-16T09:05:34.808+0900] {logging_mixin.py:190} INFO - [2024-12-16T09:05:34.808+0900] {dag.py:4180} INFO - Setting next_dagrun for example_params_trigger_ui to None, run_after=None
[2024-12-16T09:05:34.814+0900] {processor.py:208} INFO - Processing /Users/hongseoklee/miniconda3/envs/aivenv/lib/python3.11/site-packages/airflow/example_dags/example_params_trigger_ui.py took 0.089 seconds
[2024-12-16T09:08:10.705+0900] {processor.py:186} INFO - Started process (PID=51553) to work on /Users/hongseoklee/miniconda3/envs/aivenv/lib/python3.11/site-packages/airflow/example_dags/example_params_trigger_ui.py
[2024-12-16T09:08:10.706+0900] {processor.py:914} INFO - Processing file /Users/hongseoklee/miniconda3/envs/aivenv/lib/python3.11/site-packages/airflow/example_dags/example_params_trigger_ui.py for tasks to queue
[2024-12-16T09:08:10.707+0900] {logging_mixin.py:190} INFO - [2024-12-16T09:08:10.707+0900] {dagbag.py:588} INFO - Filling up the DagBag from /Users/hongseoklee/miniconda3/envs/aivenv/lib/python3.11/site-packages/airflow/example_dags/example_params_trigger_ui.py
[2024-12-16T09:08:10.720+0900] {processor.py:925} INFO - DAG(s) 'example_params_trigger_ui' retrieved from /Users/hongseoklee/miniconda3/envs/aivenv/lib/python3.11/site-packages/airflow/example_dags/example_params_trigger_ui.py
[2024-12-16T09:08:10.754+0900] {logging_mixin.py:190} INFO - [2024-12-16T09:08:10.754+0900] {dag.py:3239} INFO - Sync 1 DAGs
[2024-12-16T09:08:10.790+0900] {logging_mixin.py:190} INFO - [2024-12-16T09:08:10.790+0900] {dag.py:4180} INFO - Setting next_dagrun for example_params_trigger_ui to None, run_after=None
[2024-12-16T09:08:10.797+0900] {processor.py:208} INFO - Processing /Users/hongseoklee/miniconda3/envs/aivenv/lib/python3.11/site-packages/airflow/example_dags/example_params_trigger_ui.py took 0.092 seconds
