[2024-12-16T09:01:58.307+0900] {processor.py:186} INFO - Started process (PID=50490) to work on /Users/hongseoklee/miniconda3/envs/aivenv/lib/python3.11/site-packages/airflow/example_dags/example_branch_day_of_week_operator.py
[2024-12-16T09:01:58.307+0900] {processor.py:914} INFO - Processing file /Users/hongseoklee/miniconda3/envs/aivenv/lib/python3.11/site-packages/airflow/example_dags/example_branch_day_of_week_operator.py for tasks to queue
[2024-12-16T09:01:58.307+0900] {logging_mixin.py:190} INFO - [2024-12-16T09:01:58.307+0900] {dagbag.py:588} INFO - Filling up the DagBag from /Users/hongseoklee/miniconda3/envs/aivenv/lib/python3.11/site-packages/airflow/example_dags/example_branch_day_of_week_operator.py
[2024-12-16T09:01:58.311+0900] {processor.py:925} INFO - DAG(s) 'example_weekday_branch_operator' retrieved from /Users/hongseoklee/miniconda3/envs/aivenv/lib/python3.11/site-packages/airflow/example_dags/example_branch_day_of_week_operator.py
[2024-12-16T09:01:58.340+0900] {logging_mixin.py:190} INFO - [2024-12-16T09:01:58.340+0900] {dag.py:3239} INFO - Sync 1 DAGs
[2024-12-16T09:01:58.346+0900] {logging_mixin.py:190} INFO - [2024-12-16T09:01:58.346+0900] {dag.py:4180} INFO - Setting next_dagrun for example_weekday_branch_operator to 2024-12-15T00:00:00+00:00, run_after=2024-12-16T00:00:00+00:00
[2024-12-16T09:01:58.351+0900] {processor.py:208} INFO - Processing /Users/hongseoklee/miniconda3/envs/aivenv/lib/python3.11/site-packages/airflow/example_dags/example_branch_day_of_week_operator.py took 0.046 seconds
[2024-12-16T09:04:32.864+0900] {processor.py:186} INFO - Started process (PID=50958) to work on /Users/hongseoklee/miniconda3/envs/aivenv/lib/python3.11/site-packages/airflow/example_dags/example_branch_day_of_week_operator.py
[2024-12-16T09:04:32.865+0900] {processor.py:914} INFO - Processing file /Users/hongseoklee/miniconda3/envs/aivenv/lib/python3.11/site-packages/airflow/example_dags/example_branch_day_of_week_operator.py for tasks to queue
[2024-12-16T09:04:32.865+0900] {logging_mixin.py:190} INFO - [2024-12-16T09:04:32.865+0900] {dagbag.py:588} INFO - Filling up the DagBag from /Users/hongseoklee/miniconda3/envs/aivenv/lib/python3.11/site-packages/airflow/example_dags/example_branch_day_of_week_operator.py
[2024-12-16T09:04:32.869+0900] {processor.py:925} INFO - DAG(s) 'example_weekday_branch_operator' retrieved from /Users/hongseoklee/miniconda3/envs/aivenv/lib/python3.11/site-packages/airflow/example_dags/example_branch_day_of_week_operator.py
[2024-12-16T09:04:32.902+0900] {logging_mixin.py:190} INFO - [2024-12-16T09:04:32.902+0900] {dag.py:3239} INFO - Sync 1 DAGs
[2024-12-16T09:04:32.909+0900] {logging_mixin.py:190} INFO - [2024-12-16T09:04:32.909+0900] {dag.py:4180} INFO - Setting next_dagrun for example_weekday_branch_operator to 2024-12-15T00:00:00+00:00, run_after=2024-12-16T00:00:00+00:00
[2024-12-16T09:04:32.916+0900] {processor.py:208} INFO - Processing /Users/hongseoklee/miniconda3/envs/aivenv/lib/python3.11/site-packages/airflow/example_dags/example_branch_day_of_week_operator.py took 0.053 seconds
[2024-12-16T09:07:12.548+0900] {processor.py:186} INFO - Started process (PID=51395) to work on /Users/hongseoklee/miniconda3/envs/aivenv/lib/python3.11/site-packages/airflow/example_dags/example_branch_day_of_week_operator.py
[2024-12-16T09:07:12.549+0900] {processor.py:914} INFO - Processing file /Users/hongseoklee/miniconda3/envs/aivenv/lib/python3.11/site-packages/airflow/example_dags/example_branch_day_of_week_operator.py for tasks to queue
[2024-12-16T09:07:12.549+0900] {logging_mixin.py:190} INFO - [2024-12-16T09:07:12.549+0900] {dagbag.py:588} INFO - Filling up the DagBag from /Users/hongseoklee/miniconda3/envs/aivenv/lib/python3.11/site-packages/airflow/example_dags/example_branch_day_of_week_operator.py
[2024-12-16T09:07:12.553+0900] {processor.py:925} INFO - DAG(s) 'example_weekday_branch_operator' retrieved from /Users/hongseoklee/miniconda3/envs/aivenv/lib/python3.11/site-packages/airflow/example_dags/example_branch_day_of_week_operator.py
[2024-12-16T09:07:12.583+0900] {logging_mixin.py:190} INFO - [2024-12-16T09:07:12.583+0900] {dag.py:3239} INFO - Sync 1 DAGs
[2024-12-16T09:07:12.589+0900] {logging_mixin.py:190} INFO - [2024-12-16T09:07:12.589+0900] {dag.py:4180} INFO - Setting next_dagrun for example_weekday_branch_operator to 2024-12-15T00:00:00+00:00, run_after=2024-12-16T00:00:00+00:00
[2024-12-16T09:07:12.595+0900] {processor.py:208} INFO - Processing /Users/hongseoklee/miniconda3/envs/aivenv/lib/python3.11/site-packages/airflow/example_dags/example_branch_day_of_week_operator.py took 0.048 seconds
