[2024-12-16T09:01:55.180+0900] {processor.py:186} INFO - Started process (PID=50481) to work on /Users/hongseoklee/miniconda3/envs/aivenv/lib/python3.11/site-packages/airflow/example_dags/example_dataset_alias.py
[2024-12-16T09:01:55.180+0900] {processor.py:914} INFO - Processing file /Users/hongseoklee/miniconda3/envs/aivenv/lib/python3.11/site-packages/airflow/example_dags/example_dataset_alias.py for tasks to queue
[2024-12-16T09:01:55.181+0900] {logging_mixin.py:190} INFO - [2024-12-16T09:01:55.181+0900] {dagbag.py:588} INFO - Filling up the DagBag from /Users/hongseoklee/miniconda3/envs/aivenv/lib/python3.11/site-packages/airflow/example_dags/example_dataset_alias.py
[2024-12-16T09:01:55.235+0900] {processor.py:925} INFO - DAG(s) 'dataset_alias_example_alias_consumer', 'dataset_s3_bucket_producer', 'dataset_alias_example_alias_producer', 'dataset_s3_bucket_consumer' retrieved from /Users/hongseoklee/miniconda3/envs/aivenv/lib/python3.11/site-packages/airflow/example_dags/example_dataset_alias.py
[2024-12-16T09:01:55.274+0900] {logging_mixin.py:190} INFO - [2024-12-16T09:01:55.273+0900] {dag.py:3239} INFO - Sync 4 DAGs
[2024-12-16T09:01:55.279+0900] {logging_mixin.py:190} INFO - [2024-12-16T09:01:55.279+0900] {dag.py:4180} INFO - Setting next_dagrun for dataset_alias_example_alias_consumer to None, run_after=None
[2024-12-16T09:01:55.279+0900] {logging_mixin.py:190} INFO - [2024-12-16T09:01:55.279+0900] {dag.py:4180} INFO - Setting next_dagrun for dataset_alias_example_alias_producer to None, run_after=None
[2024-12-16T09:01:55.280+0900] {logging_mixin.py:190} INFO - [2024-12-16T09:01:55.280+0900] {dag.py:4180} INFO - Setting next_dagrun for dataset_s3_bucket_consumer to None, run_after=None
[2024-12-16T09:01:55.280+0900] {logging_mixin.py:190} INFO - [2024-12-16T09:01:55.280+0900] {dag.py:4180} INFO - Setting next_dagrun for dataset_s3_bucket_producer to None, run_after=None
[2024-12-16T09:01:55.287+0900] {processor.py:208} INFO - Processing /Users/hongseoklee/miniconda3/envs/aivenv/lib/python3.11/site-packages/airflow/example_dags/example_dataset_alias.py took 0.108 seconds
[2024-12-16T09:04:28.945+0900] {processor.py:186} INFO - Started process (PID=50947) to work on /Users/hongseoklee/miniconda3/envs/aivenv/lib/python3.11/site-packages/airflow/example_dags/example_dataset_alias.py
[2024-12-16T09:04:28.946+0900] {processor.py:914} INFO - Processing file /Users/hongseoklee/miniconda3/envs/aivenv/lib/python3.11/site-packages/airflow/example_dags/example_dataset_alias.py for tasks to queue
[2024-12-16T09:04:28.947+0900] {logging_mixin.py:190} INFO - [2024-12-16T09:04:28.946+0900] {dagbag.py:588} INFO - Filling up the DagBag from /Users/hongseoklee/miniconda3/envs/aivenv/lib/python3.11/site-packages/airflow/example_dags/example_dataset_alias.py
[2024-12-16T09:04:29.001+0900] {processor.py:925} INFO - DAG(s) 'dataset_alias_example_alias_producer', 'dataset_s3_bucket_producer', 'dataset_s3_bucket_consumer', 'dataset_alias_example_alias_consumer' retrieved from /Users/hongseoklee/miniconda3/envs/aivenv/lib/python3.11/site-packages/airflow/example_dags/example_dataset_alias.py
[2024-12-16T09:04:29.039+0900] {logging_mixin.py:190} INFO - [2024-12-16T09:04:29.039+0900] {dag.py:3239} INFO - Sync 4 DAGs
[2024-12-16T09:04:29.045+0900] {logging_mixin.py:190} INFO - [2024-12-16T09:04:29.045+0900] {dag.py:4180} INFO - Setting next_dagrun for dataset_alias_example_alias_consumer to None, run_after=None
[2024-12-16T09:04:29.045+0900] {logging_mixin.py:190} INFO - [2024-12-16T09:04:29.045+0900] {dag.py:4180} INFO - Setting next_dagrun for dataset_alias_example_alias_producer to None, run_after=None
[2024-12-16T09:04:29.046+0900] {logging_mixin.py:190} INFO - [2024-12-16T09:04:29.046+0900] {dag.py:4180} INFO - Setting next_dagrun for dataset_s3_bucket_consumer to None, run_after=None
[2024-12-16T09:04:29.046+0900] {logging_mixin.py:190} INFO - [2024-12-16T09:04:29.046+0900] {dag.py:4180} INFO - Setting next_dagrun for dataset_s3_bucket_producer to None, run_after=None
[2024-12-16T09:04:29.053+0900] {processor.py:208} INFO - Processing /Users/hongseoklee/miniconda3/envs/aivenv/lib/python3.11/site-packages/airflow/example_dags/example_dataset_alias.py took 0.109 seconds
[2024-12-16T09:07:09.480+0900] {processor.py:186} INFO - Started process (PID=51387) to work on /Users/hongseoklee/miniconda3/envs/aivenv/lib/python3.11/site-packages/airflow/example_dags/example_dataset_alias.py
[2024-12-16T09:07:09.481+0900] {processor.py:914} INFO - Processing file /Users/hongseoklee/miniconda3/envs/aivenv/lib/python3.11/site-packages/airflow/example_dags/example_dataset_alias.py for tasks to queue
[2024-12-16T09:07:09.482+0900] {logging_mixin.py:190} INFO - [2024-12-16T09:07:09.482+0900] {dagbag.py:588} INFO - Filling up the DagBag from /Users/hongseoklee/miniconda3/envs/aivenv/lib/python3.11/site-packages/airflow/example_dags/example_dataset_alias.py
[2024-12-16T09:07:09.536+0900] {processor.py:925} INFO - DAG(s) 'dataset_s3_bucket_consumer', 'dataset_alias_example_alias_consumer', 'dataset_s3_bucket_producer', 'dataset_alias_example_alias_producer' retrieved from /Users/hongseoklee/miniconda3/envs/aivenv/lib/python3.11/site-packages/airflow/example_dags/example_dataset_alias.py
[2024-12-16T09:07:09.575+0900] {logging_mixin.py:190} INFO - [2024-12-16T09:07:09.575+0900] {dag.py:3239} INFO - Sync 4 DAGs
[2024-12-16T09:07:09.580+0900] {logging_mixin.py:190} INFO - [2024-12-16T09:07:09.580+0900] {dag.py:4180} INFO - Setting next_dagrun for dataset_alias_example_alias_consumer to None, run_after=None
[2024-12-16T09:07:09.581+0900] {logging_mixin.py:190} INFO - [2024-12-16T09:07:09.581+0900] {dag.py:4180} INFO - Setting next_dagrun for dataset_alias_example_alias_producer to None, run_after=None
[2024-12-16T09:07:09.581+0900] {logging_mixin.py:190} INFO - [2024-12-16T09:07:09.581+0900] {dag.py:4180} INFO - Setting next_dagrun for dataset_s3_bucket_consumer to None, run_after=None
[2024-12-16T09:07:09.581+0900] {logging_mixin.py:190} INFO - [2024-12-16T09:07:09.581+0900] {dag.py:4180} INFO - Setting next_dagrun for dataset_s3_bucket_producer to None, run_after=None
[2024-12-16T09:07:09.589+0900] {processor.py:208} INFO - Processing /Users/hongseoklee/miniconda3/envs/aivenv/lib/python3.11/site-packages/airflow/example_dags/example_dataset_alias.py took 0.109 seconds
