[2024-12-16T09:00:39.153+0900] {processor.py:186} INFO - Started process (PID=50149) to work on /Users/hongseoklee/miniconda3/envs/aivenv/lib/python3.11/site-packages/airflow/example_dags/example_dag_decorator.py
[2024-12-16T09:00:39.154+0900] {processor.py:914} INFO - Processing file /Users/hongseoklee/miniconda3/envs/aivenv/lib/python3.11/site-packages/airflow/example_dags/example_dag_decorator.py for tasks to queue
[2024-12-16T09:00:39.154+0900] {logging_mixin.py:190} INFO - [2024-12-16T09:00:39.154+0900] {dagbag.py:588} INFO - Filling up the DagBag from /Users/hongseoklee/miniconda3/envs/aivenv/lib/python3.11/site-packages/airflow/example_dags/example_dag_decorator.py
[2024-12-16T09:00:39.167+0900] {processor.py:925} INFO - DAG(s) 'example_dag_decorator' retrieved from /Users/hongseoklee/miniconda3/envs/aivenv/lib/python3.11/site-packages/airflow/example_dags/example_dag_decorator.py
[2024-12-16T09:00:39.404+0900] {logging_mixin.py:190} INFO - [2024-12-16T09:00:39.404+0900] {dag.py:3239} INFO - Sync 1 DAGs
[2024-12-16T09:00:39.407+0900] {logging_mixin.py:190} INFO - [2024-12-16T09:00:39.407+0900] {dag.py:4180} INFO - Setting next_dagrun for example_dag_decorator to None, run_after=None
[2024-12-16T09:00:39.413+0900] {processor.py:208} INFO - Processing /Users/hongseoklee/miniconda3/envs/aivenv/lib/python3.11/site-packages/airflow/example_dags/example_dag_decorator.py took 0.261 seconds
[2024-12-16T09:03:13.332+0900] {processor.py:186} INFO - Started process (PID=50730) to work on /Users/hongseoklee/miniconda3/envs/aivenv/lib/python3.11/site-packages/airflow/example_dags/example_dag_decorator.py
[2024-12-16T09:03:13.333+0900] {processor.py:914} INFO - Processing file /Users/hongseoklee/miniconda3/envs/aivenv/lib/python3.11/site-packages/airflow/example_dags/example_dag_decorator.py for tasks to queue
[2024-12-16T09:03:13.334+0900] {logging_mixin.py:190} INFO - [2024-12-16T09:03:13.333+0900] {dagbag.py:588} INFO - Filling up the DagBag from /Users/hongseoklee/miniconda3/envs/aivenv/lib/python3.11/site-packages/airflow/example_dags/example_dag_decorator.py
[2024-12-16T09:03:13.347+0900] {processor.py:925} INFO - DAG(s) 'example_dag_decorator' retrieved from /Users/hongseoklee/miniconda3/envs/aivenv/lib/python3.11/site-packages/airflow/example_dags/example_dag_decorator.py
[2024-12-16T09:03:13.446+0900] {logging_mixin.py:190} INFO - [2024-12-16T09:03:13.446+0900] {dag.py:3239} INFO - Sync 1 DAGs
[2024-12-16T09:03:13.449+0900] {logging_mixin.py:190} INFO - [2024-12-16T09:03:13.449+0900] {dag.py:4180} INFO - Setting next_dagrun for example_dag_decorator to None, run_after=None
[2024-12-16T09:03:13.455+0900] {processor.py:208} INFO - Processing /Users/hongseoklee/miniconda3/envs/aivenv/lib/python3.11/site-packages/airflow/example_dags/example_dag_decorator.py took 0.123 seconds
[2024-12-16T09:05:53.570+0900] {processor.py:186} INFO - Started process (PID=51183) to work on /Users/hongseoklee/miniconda3/envs/aivenv/lib/python3.11/site-packages/airflow/example_dags/example_dag_decorator.py
[2024-12-16T09:05:53.571+0900] {processor.py:914} INFO - Processing file /Users/hongseoklee/miniconda3/envs/aivenv/lib/python3.11/site-packages/airflow/example_dags/example_dag_decorator.py for tasks to queue
[2024-12-16T09:05:53.571+0900] {logging_mixin.py:190} INFO - [2024-12-16T09:05:53.571+0900] {dagbag.py:588} INFO - Filling up the DagBag from /Users/hongseoklee/miniconda3/envs/aivenv/lib/python3.11/site-packages/airflow/example_dags/example_dag_decorator.py
[2024-12-16T09:05:53.587+0900] {processor.py:925} INFO - DAG(s) 'example_dag_decorator' retrieved from /Users/hongseoklee/miniconda3/envs/aivenv/lib/python3.11/site-packages/airflow/example_dags/example_dag_decorator.py
[2024-12-16T09:05:53.687+0900] {logging_mixin.py:190} INFO - [2024-12-16T09:05:53.687+0900] {dag.py:3239} INFO - Sync 1 DAGs
[2024-12-16T09:05:53.690+0900] {logging_mixin.py:190} INFO - [2024-12-16T09:05:53.690+0900] {dag.py:4180} INFO - Setting next_dagrun for example_dag_decorator to None, run_after=None
[2024-12-16T09:05:53.696+0900] {processor.py:208} INFO - Processing /Users/hongseoklee/miniconda3/envs/aivenv/lib/python3.11/site-packages/airflow/example_dags/example_dag_decorator.py took 0.127 seconds
[2024-12-16T09:08:29.024+0900] {processor.py:186} INFO - Started process (PID=51606) to work on /Users/hongseoklee/miniconda3/envs/aivenv/lib/python3.11/site-packages/airflow/example_dags/example_dag_decorator.py
[2024-12-16T09:08:29.025+0900] {processor.py:914} INFO - Processing file /Users/hongseoklee/miniconda3/envs/aivenv/lib/python3.11/site-packages/airflow/example_dags/example_dag_decorator.py for tasks to queue
[2024-12-16T09:08:29.025+0900] {logging_mixin.py:190} INFO - [2024-12-16T09:08:29.025+0900] {dagbag.py:588} INFO - Filling up the DagBag from /Users/hongseoklee/miniconda3/envs/aivenv/lib/python3.11/site-packages/airflow/example_dags/example_dag_decorator.py
[2024-12-16T09:08:29.039+0900] {processor.py:925} INFO - DAG(s) 'example_dag_decorator' retrieved from /Users/hongseoklee/miniconda3/envs/aivenv/lib/python3.11/site-packages/airflow/example_dags/example_dag_decorator.py
[2024-12-16T09:08:29.131+0900] {logging_mixin.py:190} INFO - [2024-12-16T09:08:29.130+0900] {dag.py:3239} INFO - Sync 1 DAGs
[2024-12-16T09:08:29.133+0900] {logging_mixin.py:190} INFO - [2024-12-16T09:08:29.133+0900] {dag.py:4180} INFO - Setting next_dagrun for example_dag_decorator to None, run_after=None
[2024-12-16T09:08:29.139+0900] {processor.py:208} INFO - Processing /Users/hongseoklee/miniconda3/envs/aivenv/lib/python3.11/site-packages/airflow/example_dags/example_dag_decorator.py took 0.116 seconds
