[2024-12-16T09:00:34.939+0900] {processor.py:186} INFO - Started process (PID=50138) to work on /Users/hongseoklee/miniconda3/envs/aivenv/lib/python3.11/site-packages/airflow/example_dags/example_external_task_marker_dag.py
[2024-12-16T09:00:34.940+0900] {processor.py:914} INFO - Processing file /Users/hongseoklee/miniconda3/envs/aivenv/lib/python3.11/site-packages/airflow/example_dags/example_external_task_marker_dag.py for tasks to queue
[2024-12-16T09:00:34.940+0900] {logging_mixin.py:190} INFO - [2024-12-16T09:00:34.940+0900] {dagbag.py:588} INFO - Filling up the DagBag from /Users/hongseoklee/miniconda3/envs/aivenv/lib/python3.11/site-packages/airflow/example_dags/example_external_task_marker_dag.py
[2024-12-16T09:00:34.945+0900] {processor.py:925} INFO - DAG(s) 'example_external_task_marker_child', 'example_external_task_marker_parent' retrieved from /Users/hongseoklee/miniconda3/envs/aivenv/lib/python3.11/site-packages/airflow/example_dags/example_external_task_marker_dag.py
[2024-12-16T09:00:35.221+0900] {logging_mixin.py:190} INFO - [2024-12-16T09:00:35.221+0900] {dag.py:3239} INFO - Sync 2 DAGs
[2024-12-16T09:00:35.224+0900] {logging_mixin.py:190} INFO - [2024-12-16T09:00:35.224+0900] {dag.py:4180} INFO - Setting next_dagrun for example_external_task_marker_child to None, run_after=None
[2024-12-16T09:00:35.226+0900] {logging_mixin.py:190} INFO - [2024-12-16T09:00:35.226+0900] {dag.py:4180} INFO - Setting next_dagrun for example_external_task_marker_parent to None, run_after=None
[2024-12-16T09:00:35.234+0900] {processor.py:208} INFO - Processing /Users/hongseoklee/miniconda3/envs/aivenv/lib/python3.11/site-packages/airflow/example_dags/example_external_task_marker_dag.py took 0.296 seconds
[2024-12-16T09:03:09.354+0900] {processor.py:186} INFO - Started process (PID=50719) to work on /Users/hongseoklee/miniconda3/envs/aivenv/lib/python3.11/site-packages/airflow/example_dags/example_external_task_marker_dag.py
[2024-12-16T09:03:09.354+0900] {processor.py:914} INFO - Processing file /Users/hongseoklee/miniconda3/envs/aivenv/lib/python3.11/site-packages/airflow/example_dags/example_external_task_marker_dag.py for tasks to queue
[2024-12-16T09:03:09.355+0900] {logging_mixin.py:190} INFO - [2024-12-16T09:03:09.355+0900] {dagbag.py:588} INFO - Filling up the DagBag from /Users/hongseoklee/miniconda3/envs/aivenv/lib/python3.11/site-packages/airflow/example_dags/example_external_task_marker_dag.py
[2024-12-16T09:03:09.359+0900] {processor.py:925} INFO - DAG(s) 'example_external_task_marker_parent', 'example_external_task_marker_child' retrieved from /Users/hongseoklee/miniconda3/envs/aivenv/lib/python3.11/site-packages/airflow/example_dags/example_external_task_marker_dag.py
[2024-12-16T09:03:09.668+0900] {logging_mixin.py:190} INFO - [2024-12-16T09:03:09.668+0900] {dag.py:3239} INFO - Sync 2 DAGs
[2024-12-16T09:03:09.673+0900] {logging_mixin.py:190} INFO - [2024-12-16T09:03:09.672+0900] {dag.py:4180} INFO - Setting next_dagrun for example_external_task_marker_child to None, run_after=None
[2024-12-16T09:03:09.674+0900] {logging_mixin.py:190} INFO - [2024-12-16T09:03:09.673+0900] {dag.py:4180} INFO - Setting next_dagrun for example_external_task_marker_parent to None, run_after=None
[2024-12-16T09:03:09.679+0900] {processor.py:208} INFO - Processing /Users/hongseoklee/miniconda3/envs/aivenv/lib/python3.11/site-packages/airflow/example_dags/example_external_task_marker_dag.py took 0.326 seconds
[2024-12-16T09:05:49.631+0900] {processor.py:186} INFO - Started process (PID=51170) to work on /Users/hongseoklee/miniconda3/envs/aivenv/lib/python3.11/site-packages/airflow/example_dags/example_external_task_marker_dag.py
[2024-12-16T09:05:49.631+0900] {processor.py:914} INFO - Processing file /Users/hongseoklee/miniconda3/envs/aivenv/lib/python3.11/site-packages/airflow/example_dags/example_external_task_marker_dag.py for tasks to queue
[2024-12-16T09:05:49.632+0900] {logging_mixin.py:190} INFO - [2024-12-16T09:05:49.632+0900] {dagbag.py:588} INFO - Filling up the DagBag from /Users/hongseoklee/miniconda3/envs/aivenv/lib/python3.11/site-packages/airflow/example_dags/example_external_task_marker_dag.py
[2024-12-16T09:05:49.637+0900] {processor.py:925} INFO - DAG(s) 'example_external_task_marker_child', 'example_external_task_marker_parent' retrieved from /Users/hongseoklee/miniconda3/envs/aivenv/lib/python3.11/site-packages/airflow/example_dags/example_external_task_marker_dag.py
[2024-12-16T09:05:49.937+0900] {logging_mixin.py:190} INFO - [2024-12-16T09:05:49.937+0900] {dag.py:3239} INFO - Sync 2 DAGs
[2024-12-16T09:05:49.943+0900] {logging_mixin.py:190} INFO - [2024-12-16T09:05:49.943+0900] {dag.py:4180} INFO - Setting next_dagrun for example_external_task_marker_child to None, run_after=None
[2024-12-16T09:05:49.945+0900] {logging_mixin.py:190} INFO - [2024-12-16T09:05:49.945+0900] {dag.py:4180} INFO - Setting next_dagrun for example_external_task_marker_parent to None, run_after=None
[2024-12-16T09:05:49.951+0900] {processor.py:208} INFO - Processing /Users/hongseoklee/miniconda3/envs/aivenv/lib/python3.11/site-packages/airflow/example_dags/example_external_task_marker_dag.py took 0.321 seconds
[2024-12-16T09:08:24.832+0900] {processor.py:186} INFO - Started process (PID=51594) to work on /Users/hongseoklee/miniconda3/envs/aivenv/lib/python3.11/site-packages/airflow/example_dags/example_external_task_marker_dag.py
[2024-12-16T09:08:24.833+0900] {processor.py:914} INFO - Processing file /Users/hongseoklee/miniconda3/envs/aivenv/lib/python3.11/site-packages/airflow/example_dags/example_external_task_marker_dag.py for tasks to queue
[2024-12-16T09:08:24.833+0900] {logging_mixin.py:190} INFO - [2024-12-16T09:08:24.833+0900] {dagbag.py:588} INFO - Filling up the DagBag from /Users/hongseoklee/miniconda3/envs/aivenv/lib/python3.11/site-packages/airflow/example_dags/example_external_task_marker_dag.py
[2024-12-16T09:08:24.838+0900] {processor.py:925} INFO - DAG(s) 'example_external_task_marker_parent', 'example_external_task_marker_child' retrieved from /Users/hongseoklee/miniconda3/envs/aivenv/lib/python3.11/site-packages/airflow/example_dags/example_external_task_marker_dag.py
[2024-12-16T09:08:25.116+0900] {logging_mixin.py:190} INFO - [2024-12-16T09:08:25.116+0900] {dag.py:3239} INFO - Sync 2 DAGs
[2024-12-16T09:08:25.120+0900] {logging_mixin.py:190} INFO - [2024-12-16T09:08:25.120+0900] {dag.py:4180} INFO - Setting next_dagrun for example_external_task_marker_child to None, run_after=None
[2024-12-16T09:08:25.121+0900] {logging_mixin.py:190} INFO - [2024-12-16T09:08:25.121+0900] {dag.py:4180} INFO - Setting next_dagrun for example_external_task_marker_parent to None, run_after=None
[2024-12-16T09:08:25.127+0900] {processor.py:208} INFO - Processing /Users/hongseoklee/miniconda3/envs/aivenv/lib/python3.11/site-packages/airflow/example_dags/example_external_task_marker_dag.py took 0.297 seconds
