[2024-12-16T09:00:12.646+0900] {processor.py:186} INFO - Started process (PID=50076) to work on /Users/hongseoklee/miniconda3/envs/aivenv/lib/python3.11/site-packages/airflow/example_dags/example_skip_dag.py
[2024-12-16T09:00:12.646+0900] {processor.py:914} INFO - Processing file /Users/hongseoklee/miniconda3/envs/aivenv/lib/python3.11/site-packages/airflow/example_dags/example_skip_dag.py for tasks to queue
[2024-12-16T09:00:12.647+0900] {logging_mixin.py:190} INFO - [2024-12-16T09:00:12.646+0900] {dagbag.py:588} INFO - Filling up the DagBag from /Users/hongseoklee/miniconda3/envs/aivenv/lib/python3.11/site-packages/airflow/example_dags/example_skip_dag.py
[2024-12-16T09:00:12.649+0900] {processor.py:925} INFO - DAG(s) 'example_skip_dag' retrieved from /Users/hongseoklee/miniconda3/envs/aivenv/lib/python3.11/site-packages/airflow/example_dags/example_skip_dag.py
[2024-12-16T09:00:12.679+0900] {logging_mixin.py:190} INFO - [2024-12-16T09:00:12.678+0900] {dag.py:3239} INFO - Sync 1 DAGs
[2024-12-16T09:00:12.684+0900] {logging_mixin.py:190} INFO - [2024-12-16T09:00:12.684+0900] {dag.py:4180} INFO - Setting next_dagrun for example_skip_dag to 2024-12-15T00:00:00+00:00, run_after=2024-12-16T00:00:00+00:00
[2024-12-16T09:00:12.690+0900] {processor.py:208} INFO - Processing /Users/hongseoklee/miniconda3/envs/aivenv/lib/python3.11/site-packages/airflow/example_dags/example_skip_dag.py took 0.045 seconds
[2024-12-16T09:01:31.441+0900] {processor.py:186} INFO - Started process (PID=50321) to work on /Users/hongseoklee/miniconda3/envs/aivenv/lib/python3.11/site-packages/airflow/example_dags/example_skip_dag.py
[2024-12-16T09:01:31.442+0900] {processor.py:914} INFO - Processing file /Users/hongseoklee/miniconda3/envs/aivenv/lib/python3.11/site-packages/airflow/example_dags/example_skip_dag.py for tasks to queue
[2024-12-16T09:01:31.442+0900] {logging_mixin.py:190} INFO - [2024-12-16T09:01:31.442+0900] {dagbag.py:588} INFO - Filling up the DagBag from /Users/hongseoklee/miniconda3/envs/aivenv/lib/python3.11/site-packages/airflow/example_dags/example_skip_dag.py
[2024-12-16T09:01:31.445+0900] {processor.py:925} INFO - DAG(s) 'example_skip_dag' retrieved from /Users/hongseoklee/miniconda3/envs/aivenv/lib/python3.11/site-packages/airflow/example_dags/example_skip_dag.py
[2024-12-16T09:01:31.475+0900] {logging_mixin.py:190} INFO - [2024-12-16T09:01:31.475+0900] {dag.py:3239} INFO - Sync 1 DAGs
[2024-12-16T09:01:31.480+0900] {logging_mixin.py:190} INFO - [2024-12-16T09:01:31.480+0900] {dag.py:4180} INFO - Setting next_dagrun for example_skip_dag to 2024-12-15T00:00:00+00:00, run_after=2024-12-16T00:00:00+00:00
[2024-12-16T09:01:31.487+0900] {processor.py:208} INFO - Processing /Users/hongseoklee/miniconda3/envs/aivenv/lib/python3.11/site-packages/airflow/example_dags/example_skip_dag.py took 0.047 seconds
[2024-12-16T09:02:47.426+0900] {processor.py:186} INFO - Started process (PID=50655) to work on /Users/hongseoklee/miniconda3/envs/aivenv/lib/python3.11/site-packages/airflow/example_dags/example_skip_dag.py
[2024-12-16T09:02:47.427+0900] {processor.py:914} INFO - Processing file /Users/hongseoklee/miniconda3/envs/aivenv/lib/python3.11/site-packages/airflow/example_dags/example_skip_dag.py for tasks to queue
[2024-12-16T09:02:47.428+0900] {logging_mixin.py:190} INFO - [2024-12-16T09:02:47.427+0900] {dagbag.py:588} INFO - Filling up the DagBag from /Users/hongseoklee/miniconda3/envs/aivenv/lib/python3.11/site-packages/airflow/example_dags/example_skip_dag.py
[2024-12-16T09:02:47.430+0900] {processor.py:925} INFO - DAG(s) 'example_skip_dag' retrieved from /Users/hongseoklee/miniconda3/envs/aivenv/lib/python3.11/site-packages/airflow/example_dags/example_skip_dag.py
[2024-12-16T09:02:47.460+0900] {logging_mixin.py:190} INFO - [2024-12-16T09:02:47.460+0900] {dag.py:3239} INFO - Sync 1 DAGs
[2024-12-16T09:02:47.465+0900] {logging_mixin.py:190} INFO - [2024-12-16T09:02:47.465+0900] {dag.py:4180} INFO - Setting next_dagrun for example_skip_dag to 2024-12-15T00:00:00+00:00, run_after=2024-12-16T00:00:00+00:00
[2024-12-16T09:02:47.471+0900] {processor.py:208} INFO - Processing /Users/hongseoklee/miniconda3/envs/aivenv/lib/python3.11/site-packages/airflow/example_dags/example_skip_dag.py took 0.046 seconds
[2024-12-16T09:04:03.203+0900] {processor.py:186} INFO - Started process (PID=50877) to work on /Users/hongseoklee/miniconda3/envs/aivenv/lib/python3.11/site-packages/airflow/example_dags/example_skip_dag.py
[2024-12-16T09:04:03.204+0900] {processor.py:914} INFO - Processing file /Users/hongseoklee/miniconda3/envs/aivenv/lib/python3.11/site-packages/airflow/example_dags/example_skip_dag.py for tasks to queue
[2024-12-16T09:04:03.204+0900] {logging_mixin.py:190} INFO - [2024-12-16T09:04:03.204+0900] {dagbag.py:588} INFO - Filling up the DagBag from /Users/hongseoklee/miniconda3/envs/aivenv/lib/python3.11/site-packages/airflow/example_dags/example_skip_dag.py
[2024-12-16T09:04:03.207+0900] {processor.py:925} INFO - DAG(s) 'example_skip_dag' retrieved from /Users/hongseoklee/miniconda3/envs/aivenv/lib/python3.11/site-packages/airflow/example_dags/example_skip_dag.py
[2024-12-16T09:04:03.238+0900] {logging_mixin.py:190} INFO - [2024-12-16T09:04:03.237+0900] {dag.py:3239} INFO - Sync 1 DAGs
[2024-12-16T09:04:03.243+0900] {logging_mixin.py:190} INFO - [2024-12-16T09:04:03.243+0900] {dag.py:4180} INFO - Setting next_dagrun for example_skip_dag to 2024-12-15T00:00:00+00:00, run_after=2024-12-16T00:00:00+00:00
[2024-12-16T09:04:03.250+0900] {processor.py:208} INFO - Processing /Users/hongseoklee/miniconda3/envs/aivenv/lib/python3.11/site-packages/airflow/example_dags/example_skip_dag.py took 0.047 seconds
[2024-12-16T09:05:25.759+0900] {processor.py:186} INFO - Started process (PID=51107) to work on /Users/hongseoklee/miniconda3/envs/aivenv/lib/python3.11/site-packages/airflow/example_dags/example_skip_dag.py
[2024-12-16T09:05:25.760+0900] {processor.py:914} INFO - Processing file /Users/hongseoklee/miniconda3/envs/aivenv/lib/python3.11/site-packages/airflow/example_dags/example_skip_dag.py for tasks to queue
[2024-12-16T09:05:25.761+0900] {logging_mixin.py:190} INFO - [2024-12-16T09:05:25.761+0900] {dagbag.py:588} INFO - Filling up the DagBag from /Users/hongseoklee/miniconda3/envs/aivenv/lib/python3.11/site-packages/airflow/example_dags/example_skip_dag.py
[2024-12-16T09:05:25.763+0900] {processor.py:925} INFO - DAG(s) 'example_skip_dag' retrieved from /Users/hongseoklee/miniconda3/envs/aivenv/lib/python3.11/site-packages/airflow/example_dags/example_skip_dag.py
[2024-12-16T09:05:25.793+0900] {logging_mixin.py:190} INFO - [2024-12-16T09:05:25.793+0900] {dag.py:3239} INFO - Sync 1 DAGs
[2024-12-16T09:05:25.798+0900] {logging_mixin.py:190} INFO - [2024-12-16T09:05:25.798+0900] {dag.py:4180} INFO - Setting next_dagrun for example_skip_dag to 2024-12-15T00:00:00+00:00, run_after=2024-12-16T00:00:00+00:00
[2024-12-16T09:05:25.805+0900] {processor.py:208} INFO - Processing /Users/hongseoklee/miniconda3/envs/aivenv/lib/python3.11/site-packages/airflow/example_dags/example_skip_dag.py took 0.046 seconds
[2024-12-16T09:06:43.325+0900] {processor.py:186} INFO - Started process (PID=51320) to work on /Users/hongseoklee/miniconda3/envs/aivenv/lib/python3.11/site-packages/airflow/example_dags/example_skip_dag.py
[2024-12-16T09:06:43.326+0900] {processor.py:914} INFO - Processing file /Users/hongseoklee/miniconda3/envs/aivenv/lib/python3.11/site-packages/airflow/example_dags/example_skip_dag.py for tasks to queue
[2024-12-16T09:06:43.327+0900] {logging_mixin.py:190} INFO - [2024-12-16T09:06:43.327+0900] {dagbag.py:588} INFO - Filling up the DagBag from /Users/hongseoklee/miniconda3/envs/aivenv/lib/python3.11/site-packages/airflow/example_dags/example_skip_dag.py
[2024-12-16T09:06:43.330+0900] {processor.py:925} INFO - DAG(s) 'example_skip_dag' retrieved from /Users/hongseoklee/miniconda3/envs/aivenv/lib/python3.11/site-packages/airflow/example_dags/example_skip_dag.py
[2024-12-16T09:06:43.360+0900] {logging_mixin.py:190} INFO - [2024-12-16T09:06:43.360+0900] {dag.py:3239} INFO - Sync 1 DAGs
[2024-12-16T09:06:43.365+0900] {logging_mixin.py:190} INFO - [2024-12-16T09:06:43.365+0900] {dag.py:4180} INFO - Setting next_dagrun for example_skip_dag to 2024-12-15T00:00:00+00:00, run_after=2024-12-16T00:00:00+00:00
[2024-12-16T09:06:43.372+0900] {processor.py:208} INFO - Processing /Users/hongseoklee/miniconda3/envs/aivenv/lib/python3.11/site-packages/airflow/example_dags/example_skip_dag.py took 0.047 seconds
[2024-12-16T09:08:00.980+0900] {processor.py:186} INFO - Started process (PID=51527) to work on /Users/hongseoklee/miniconda3/envs/aivenv/lib/python3.11/site-packages/airflow/example_dags/example_skip_dag.py
[2024-12-16T09:08:00.981+0900] {processor.py:914} INFO - Processing file /Users/hongseoklee/miniconda3/envs/aivenv/lib/python3.11/site-packages/airflow/example_dags/example_skip_dag.py for tasks to queue
[2024-12-16T09:08:00.982+0900] {logging_mixin.py:190} INFO - [2024-12-16T09:08:00.982+0900] {dagbag.py:588} INFO - Filling up the DagBag from /Users/hongseoklee/miniconda3/envs/aivenv/lib/python3.11/site-packages/airflow/example_dags/example_skip_dag.py
[2024-12-16T09:08:00.985+0900] {processor.py:925} INFO - DAG(s) 'example_skip_dag' retrieved from /Users/hongseoklee/miniconda3/envs/aivenv/lib/python3.11/site-packages/airflow/example_dags/example_skip_dag.py
[2024-12-16T09:08:01.018+0900] {logging_mixin.py:190} INFO - [2024-12-16T09:08:01.017+0900] {dag.py:3239} INFO - Sync 1 DAGs
[2024-12-16T09:08:01.023+0900] {logging_mixin.py:190} INFO - [2024-12-16T09:08:01.023+0900] {dag.py:4180} INFO - Setting next_dagrun for example_skip_dag to 2024-12-15T00:00:00+00:00, run_after=2024-12-16T00:00:00+00:00
[2024-12-16T09:08:01.030+0900] {processor.py:208} INFO - Processing /Users/hongseoklee/miniconda3/envs/aivenv/lib/python3.11/site-packages/airflow/example_dags/example_skip_dag.py took 0.051 seconds
