[2024-12-16T09:00:29.605+0900] {processor.py:186} INFO - Started process (PID=50122) to work on /Users/hongseoklee/miniconda3/envs/aivenv/lib/python3.11/site-packages/airflow/example_dags/example_latest_only_with_trigger.py
[2024-12-16T09:00:29.605+0900] {processor.py:914} INFO - Processing file /Users/hongseoklee/miniconda3/envs/aivenv/lib/python3.11/site-packages/airflow/example_dags/example_latest_only_with_trigger.py for tasks to queue
[2024-12-16T09:00:29.606+0900] {logging_mixin.py:190} INFO - [2024-12-16T09:00:29.606+0900] {dagbag.py:588} INFO - Filling up the DagBag from /Users/hongseoklee/miniconda3/envs/aivenv/lib/python3.11/site-packages/airflow/example_dags/example_latest_only_with_trigger.py
[2024-12-16T09:00:29.609+0900] {processor.py:925} INFO - DAG(s) 'latest_only_with_trigger' retrieved from /Users/hongseoklee/miniconda3/envs/aivenv/lib/python3.11/site-packages/airflow/example_dags/example_latest_only_with_trigger.py
[2024-12-16T09:00:29.638+0900] {logging_mixin.py:190} INFO - [2024-12-16T09:00:29.638+0900] {dag.py:3239} INFO - Sync 1 DAGs
[2024-12-16T09:00:29.643+0900] {logging_mixin.py:190} INFO - [2024-12-16T09:00:29.643+0900] {dag.py:4180} INFO - Setting next_dagrun for latest_only_with_trigger to 2024-12-15T20:00:00+00:00, run_after=2024-12-16T00:00:00+00:00
[2024-12-16T09:00:29.649+0900] {processor.py:208} INFO - Processing /Users/hongseoklee/miniconda3/envs/aivenv/lib/python3.11/site-packages/airflow/example_dags/example_latest_only_with_trigger.py took 0.045 seconds
[2024-12-16T09:03:01.313+0900] {processor.py:186} INFO - Started process (PID=50699) to work on /Users/hongseoklee/miniconda3/envs/aivenv/lib/python3.11/site-packages/airflow/example_dags/example_latest_only_with_trigger.py
[2024-12-16T09:03:01.314+0900] {processor.py:914} INFO - Processing file /Users/hongseoklee/miniconda3/envs/aivenv/lib/python3.11/site-packages/airflow/example_dags/example_latest_only_with_trigger.py for tasks to queue
[2024-12-16T09:03:01.314+0900] {logging_mixin.py:190} INFO - [2024-12-16T09:03:01.314+0900] {dagbag.py:588} INFO - Filling up the DagBag from /Users/hongseoklee/miniconda3/envs/aivenv/lib/python3.11/site-packages/airflow/example_dags/example_latest_only_with_trigger.py
[2024-12-16T09:03:01.317+0900] {processor.py:925} INFO - DAG(s) 'latest_only_with_trigger' retrieved from /Users/hongseoklee/miniconda3/envs/aivenv/lib/python3.11/site-packages/airflow/example_dags/example_latest_only_with_trigger.py
[2024-12-16T09:03:01.348+0900] {logging_mixin.py:190} INFO - [2024-12-16T09:03:01.348+0900] {dag.py:3239} INFO - Sync 1 DAGs
[2024-12-16T09:03:01.353+0900] {logging_mixin.py:190} INFO - [2024-12-16T09:03:01.353+0900] {dag.py:4180} INFO - Setting next_dagrun for latest_only_with_trigger to 2024-12-15T20:00:00+00:00, run_after=2024-12-16T00:00:00+00:00
[2024-12-16T09:03:01.360+0900] {processor.py:208} INFO - Processing /Users/hongseoklee/miniconda3/envs/aivenv/lib/python3.11/site-packages/airflow/example_dags/example_latest_only_with_trigger.py took 0.047 seconds
[2024-12-16T09:05:41.850+0900] {processor.py:186} INFO - Started process (PID=51149) to work on /Users/hongseoklee/miniconda3/envs/aivenv/lib/python3.11/site-packages/airflow/example_dags/example_latest_only_with_trigger.py
[2024-12-16T09:05:41.851+0900] {processor.py:914} INFO - Processing file /Users/hongseoklee/miniconda3/envs/aivenv/lib/python3.11/site-packages/airflow/example_dags/example_latest_only_with_trigger.py for tasks to queue
[2024-12-16T09:05:41.851+0900] {logging_mixin.py:190} INFO - [2024-12-16T09:05:41.851+0900] {dagbag.py:588} INFO - Filling up the DagBag from /Users/hongseoklee/miniconda3/envs/aivenv/lib/python3.11/site-packages/airflow/example_dags/example_latest_only_with_trigger.py
[2024-12-16T09:05:41.854+0900] {processor.py:925} INFO - DAG(s) 'latest_only_with_trigger' retrieved from /Users/hongseoklee/miniconda3/envs/aivenv/lib/python3.11/site-packages/airflow/example_dags/example_latest_only_with_trigger.py
[2024-12-16T09:05:41.884+0900] {logging_mixin.py:190} INFO - [2024-12-16T09:05:41.884+0900] {dag.py:3239} INFO - Sync 1 DAGs
[2024-12-16T09:05:41.890+0900] {logging_mixin.py:190} INFO - [2024-12-16T09:05:41.890+0900] {dag.py:4180} INFO - Setting next_dagrun for latest_only_with_trigger to 2024-12-15T20:00:00+00:00, run_after=2024-12-16T00:00:00+00:00
[2024-12-16T09:05:41.897+0900] {processor.py:208} INFO - Processing /Users/hongseoklee/miniconda3/envs/aivenv/lib/python3.11/site-packages/airflow/example_dags/example_latest_only_with_trigger.py took 0.047 seconds
[2024-12-16T09:08:17.943+0900] {processor.py:186} INFO - Started process (PID=51574) to work on /Users/hongseoklee/miniconda3/envs/aivenv/lib/python3.11/site-packages/airflow/example_dags/example_latest_only_with_trigger.py
[2024-12-16T09:08:17.944+0900] {processor.py:914} INFO - Processing file /Users/hongseoklee/miniconda3/envs/aivenv/lib/python3.11/site-packages/airflow/example_dags/example_latest_only_with_trigger.py for tasks to queue
[2024-12-16T09:08:17.945+0900] {logging_mixin.py:190} INFO - [2024-12-16T09:08:17.945+0900] {dagbag.py:588} INFO - Filling up the DagBag from /Users/hongseoklee/miniconda3/envs/aivenv/lib/python3.11/site-packages/airflow/example_dags/example_latest_only_with_trigger.py
[2024-12-16T09:08:17.948+0900] {processor.py:925} INFO - DAG(s) 'latest_only_with_trigger' retrieved from /Users/hongseoklee/miniconda3/envs/aivenv/lib/python3.11/site-packages/airflow/example_dags/example_latest_only_with_trigger.py
[2024-12-16T09:08:17.977+0900] {logging_mixin.py:190} INFO - [2024-12-16T09:08:17.977+0900] {dag.py:3239} INFO - Sync 1 DAGs
[2024-12-16T09:08:17.982+0900] {logging_mixin.py:190} INFO - [2024-12-16T09:08:17.982+0900] {dag.py:4180} INFO - Setting next_dagrun for latest_only_with_trigger to 2024-12-15T20:00:00+00:00, run_after=2024-12-16T00:00:00+00:00
[2024-12-16T09:08:17.988+0900] {processor.py:208} INFO - Processing /Users/hongseoklee/miniconda3/envs/aivenv/lib/python3.11/site-packages/airflow/example_dags/example_latest_only_with_trigger.py took 0.046 seconds
