[2024-12-16T09:02:02.146+0900] {processor.py:186} INFO - Started process (PID=50499) to work on /Users/hongseoklee/miniconda3/envs/aivenv/lib/python3.11/site-packages/airflow/example_dags/example_bash_operator.py
[2024-12-16T09:02:02.147+0900] {processor.py:914} INFO - Processing file /Users/hongseoklee/miniconda3/envs/aivenv/lib/python3.11/site-packages/airflow/example_dags/example_bash_operator.py for tasks to queue
[2024-12-16T09:02:02.147+0900] {logging_mixin.py:190} INFO - [2024-12-16T09:02:02.147+0900] {dagbag.py:588} INFO - Filling up the DagBag from /Users/hongseoklee/miniconda3/envs/aivenv/lib/python3.11/site-packages/airflow/example_dags/example_bash_operator.py
[2024-12-16T09:02:02.151+0900] {processor.py:925} INFO - DAG(s) 'example_bash_operator' retrieved from /Users/hongseoklee/miniconda3/envs/aivenv/lib/python3.11/site-packages/airflow/example_dags/example_bash_operator.py
[2024-12-16T09:02:02.182+0900] {logging_mixin.py:190} INFO - [2024-12-16T09:02:02.182+0900] {dag.py:3239} INFO - Sync 1 DAGs
[2024-12-16T09:02:02.188+0900] {logging_mixin.py:190} INFO - [2024-12-16T09:02:02.188+0900] {dag.py:4180} INFO - Setting next_dagrun for example_bash_operator to 2024-12-15T00:00:00+00:00, run_after=2024-12-16T00:00:00+00:00
[2024-12-16T09:02:02.194+0900] {processor.py:208} INFO - Processing /Users/hongseoklee/miniconda3/envs/aivenv/lib/python3.11/site-packages/airflow/example_dags/example_bash_operator.py took 0.048 seconds
[2024-12-16T09:04:36.806+0900] {processor.py:186} INFO - Started process (PID=50967) to work on /Users/hongseoklee/miniconda3/envs/aivenv/lib/python3.11/site-packages/airflow/example_dags/example_bash_operator.py
[2024-12-16T09:04:36.807+0900] {processor.py:914} INFO - Processing file /Users/hongseoklee/miniconda3/envs/aivenv/lib/python3.11/site-packages/airflow/example_dags/example_bash_operator.py for tasks to queue
[2024-12-16T09:04:36.807+0900] {logging_mixin.py:190} INFO - [2024-12-16T09:04:36.807+0900] {dagbag.py:588} INFO - Filling up the DagBag from /Users/hongseoklee/miniconda3/envs/aivenv/lib/python3.11/site-packages/airflow/example_dags/example_bash_operator.py
[2024-12-16T09:04:36.811+0900] {processor.py:925} INFO - DAG(s) 'example_bash_operator' retrieved from /Users/hongseoklee/miniconda3/envs/aivenv/lib/python3.11/site-packages/airflow/example_dags/example_bash_operator.py
[2024-12-16T09:04:36.843+0900] {logging_mixin.py:190} INFO - [2024-12-16T09:04:36.843+0900] {dag.py:3239} INFO - Sync 1 DAGs
[2024-12-16T09:04:36.849+0900] {logging_mixin.py:190} INFO - [2024-12-16T09:04:36.849+0900] {dag.py:4180} INFO - Setting next_dagrun for example_bash_operator to 2024-12-15T00:00:00+00:00, run_after=2024-12-16T00:00:00+00:00
[2024-12-16T09:04:36.856+0900] {processor.py:208} INFO - Processing /Users/hongseoklee/miniconda3/envs/aivenv/lib/python3.11/site-packages/airflow/example_dags/example_bash_operator.py took 0.050 seconds
[2024-12-16T09:07:15.463+0900] {processor.py:186} INFO - Started process (PID=51404) to work on /Users/hongseoklee/miniconda3/envs/aivenv/lib/python3.11/site-packages/airflow/example_dags/example_bash_operator.py
[2024-12-16T09:07:15.464+0900] {processor.py:914} INFO - Processing file /Users/hongseoklee/miniconda3/envs/aivenv/lib/python3.11/site-packages/airflow/example_dags/example_bash_operator.py for tasks to queue
[2024-12-16T09:07:15.465+0900] {logging_mixin.py:190} INFO - [2024-12-16T09:07:15.465+0900] {dagbag.py:588} INFO - Filling up the DagBag from /Users/hongseoklee/miniconda3/envs/aivenv/lib/python3.11/site-packages/airflow/example_dags/example_bash_operator.py
[2024-12-16T09:07:15.470+0900] {processor.py:925} INFO - DAG(s) 'example_bash_operator' retrieved from /Users/hongseoklee/miniconda3/envs/aivenv/lib/python3.11/site-packages/airflow/example_dags/example_bash_operator.py
[2024-12-16T09:07:15.503+0900] {logging_mixin.py:190} INFO - [2024-12-16T09:07:15.503+0900] {dag.py:3239} INFO - Sync 1 DAGs
[2024-12-16T09:07:15.509+0900] {logging_mixin.py:190} INFO - [2024-12-16T09:07:15.509+0900] {dag.py:4180} INFO - Setting next_dagrun for example_bash_operator to 2024-12-15T00:00:00+00:00, run_after=2024-12-16T00:00:00+00:00
[2024-12-16T09:07:15.516+0900] {processor.py:208} INFO - Processing /Users/hongseoklee/miniconda3/envs/aivenv/lib/python3.11/site-packages/airflow/example_dags/example_bash_operator.py took 0.054 seconds
