[2024-12-16T09:00:04.545+0900] {processor.py:186} INFO - Started process (PID=50053) to work on /Users/hongseoklee/miniconda3/envs/aivenv/lib/python3.11/site-packages/airflow/example_dags/example_task_group_decorator.py
[2024-12-16T09:00:04.545+0900] {processor.py:914} INFO - Processing file /Users/hongseoklee/miniconda3/envs/aivenv/lib/python3.11/site-packages/airflow/example_dags/example_task_group_decorator.py for tasks to queue
[2024-12-16T09:00:04.546+0900] {logging_mixin.py:190} INFO - [2024-12-16T09:00:04.546+0900] {dagbag.py:588} INFO - Filling up the DagBag from /Users/hongseoklee/miniconda3/envs/aivenv/lib/python3.11/site-packages/airflow/example_dags/example_task_group_decorator.py
[2024-12-16T09:00:04.561+0900] {processor.py:925} INFO - DAG(s) 'example_task_group_decorator' retrieved from /Users/hongseoklee/miniconda3/envs/aivenv/lib/python3.11/site-packages/airflow/example_dags/example_task_group_decorator.py
[2024-12-16T09:00:04.591+0900] {logging_mixin.py:190} INFO - [2024-12-16T09:00:04.591+0900] {dag.py:3239} INFO - Sync 1 DAGs
[2024-12-16T09:00:04.630+0900] {logging_mixin.py:190} INFO - [2024-12-16T09:00:04.630+0900] {dag.py:4180} INFO - Setting next_dagrun for example_task_group_decorator to None, run_after=None
[2024-12-16T09:00:04.637+0900] {processor.py:208} INFO - Processing /Users/hongseoklee/miniconda3/envs/aivenv/lib/python3.11/site-packages/airflow/example_dags/example_task_group_decorator.py took 0.093 seconds
[2024-12-16T09:01:23.496+0900] {processor.py:186} INFO - Started process (PID=50302) to work on /Users/hongseoklee/miniconda3/envs/aivenv/lib/python3.11/site-packages/airflow/example_dags/example_task_group_decorator.py
[2024-12-16T09:01:23.497+0900] {processor.py:914} INFO - Processing file /Users/hongseoklee/miniconda3/envs/aivenv/lib/python3.11/site-packages/airflow/example_dags/example_task_group_decorator.py for tasks to queue
[2024-12-16T09:01:23.498+0900] {logging_mixin.py:190} INFO - [2024-12-16T09:01:23.498+0900] {dagbag.py:588} INFO - Filling up the DagBag from /Users/hongseoklee/miniconda3/envs/aivenv/lib/python3.11/site-packages/airflow/example_dags/example_task_group_decorator.py
[2024-12-16T09:01:23.512+0900] {processor.py:925} INFO - DAG(s) 'example_task_group_decorator' retrieved from /Users/hongseoklee/miniconda3/envs/aivenv/lib/python3.11/site-packages/airflow/example_dags/example_task_group_decorator.py
[2024-12-16T09:01:23.542+0900] {logging_mixin.py:190} INFO - [2024-12-16T09:01:23.542+0900] {dag.py:3239} INFO - Sync 1 DAGs
[2024-12-16T09:01:23.576+0900] {logging_mixin.py:190} INFO - [2024-12-16T09:01:23.576+0900] {dag.py:4180} INFO - Setting next_dagrun for example_task_group_decorator to None, run_after=None
[2024-12-16T09:01:23.582+0900] {processor.py:208} INFO - Processing /Users/hongseoklee/miniconda3/envs/aivenv/lib/python3.11/site-packages/airflow/example_dags/example_task_group_decorator.py took 0.087 seconds
[2024-12-16T09:02:39.352+0900] {processor.py:186} INFO - Started process (PID=50633) to work on /Users/hongseoklee/miniconda3/envs/aivenv/lib/python3.11/site-packages/airflow/example_dags/example_task_group_decorator.py
[2024-12-16T09:02:39.352+0900] {processor.py:914} INFO - Processing file /Users/hongseoklee/miniconda3/envs/aivenv/lib/python3.11/site-packages/airflow/example_dags/example_task_group_decorator.py for tasks to queue
[2024-12-16T09:02:39.353+0900] {logging_mixin.py:190} INFO - [2024-12-16T09:02:39.353+0900] {dagbag.py:588} INFO - Filling up the DagBag from /Users/hongseoklee/miniconda3/envs/aivenv/lib/python3.11/site-packages/airflow/example_dags/example_task_group_decorator.py
[2024-12-16T09:02:39.367+0900] {processor.py:925} INFO - DAG(s) 'example_task_group_decorator' retrieved from /Users/hongseoklee/miniconda3/envs/aivenv/lib/python3.11/site-packages/airflow/example_dags/example_task_group_decorator.py
[2024-12-16T09:02:39.397+0900] {logging_mixin.py:190} INFO - [2024-12-16T09:02:39.397+0900] {dag.py:3239} INFO - Sync 1 DAGs
[2024-12-16T09:02:39.433+0900] {logging_mixin.py:190} INFO - [2024-12-16T09:02:39.433+0900] {dag.py:4180} INFO - Setting next_dagrun for example_task_group_decorator to None, run_after=None
[2024-12-16T09:02:39.440+0900] {processor.py:208} INFO - Processing /Users/hongseoklee/miniconda3/envs/aivenv/lib/python3.11/site-packages/airflow/example_dags/example_task_group_decorator.py took 0.089 seconds
[2024-12-16T09:03:55.581+0900] {processor.py:186} INFO - Started process (PID=50856) to work on /Users/hongseoklee/miniconda3/envs/aivenv/lib/python3.11/site-packages/airflow/example_dags/example_task_group_decorator.py
[2024-12-16T09:03:55.581+0900] {processor.py:914} INFO - Processing file /Users/hongseoklee/miniconda3/envs/aivenv/lib/python3.11/site-packages/airflow/example_dags/example_task_group_decorator.py for tasks to queue
[2024-12-16T09:03:55.582+0900] {logging_mixin.py:190} INFO - [2024-12-16T09:03:55.582+0900] {dagbag.py:588} INFO - Filling up the DagBag from /Users/hongseoklee/miniconda3/envs/aivenv/lib/python3.11/site-packages/airflow/example_dags/example_task_group_decorator.py
[2024-12-16T09:03:55.597+0900] {processor.py:925} INFO - DAG(s) 'example_task_group_decorator' retrieved from /Users/hongseoklee/miniconda3/envs/aivenv/lib/python3.11/site-packages/airflow/example_dags/example_task_group_decorator.py
[2024-12-16T09:03:55.627+0900] {logging_mixin.py:190} INFO - [2024-12-16T09:03:55.627+0900] {dag.py:3239} INFO - Sync 1 DAGs
[2024-12-16T09:03:55.664+0900] {logging_mixin.py:190} INFO - [2024-12-16T09:03:55.664+0900] {dag.py:4180} INFO - Setting next_dagrun for example_task_group_decorator to None, run_after=None
[2024-12-16T09:03:55.670+0900] {processor.py:208} INFO - Processing /Users/hongseoklee/miniconda3/envs/aivenv/lib/python3.11/site-packages/airflow/example_dags/example_task_group_decorator.py took 0.091 seconds
[2024-12-16T09:05:18.364+0900] {processor.py:186} INFO - Started process (PID=51088) to work on /Users/hongseoklee/miniconda3/envs/aivenv/lib/python3.11/site-packages/airflow/example_dags/example_task_group_decorator.py
[2024-12-16T09:05:18.365+0900] {processor.py:914} INFO - Processing file /Users/hongseoklee/miniconda3/envs/aivenv/lib/python3.11/site-packages/airflow/example_dags/example_task_group_decorator.py for tasks to queue
[2024-12-16T09:05:18.366+0900] {logging_mixin.py:190} INFO - [2024-12-16T09:05:18.366+0900] {dagbag.py:588} INFO - Filling up the DagBag from /Users/hongseoklee/miniconda3/envs/aivenv/lib/python3.11/site-packages/airflow/example_dags/example_task_group_decorator.py
[2024-12-16T09:05:18.380+0900] {processor.py:925} INFO - DAG(s) 'example_task_group_decorator' retrieved from /Users/hongseoklee/miniconda3/envs/aivenv/lib/python3.11/site-packages/airflow/example_dags/example_task_group_decorator.py
[2024-12-16T09:05:18.410+0900] {logging_mixin.py:190} INFO - [2024-12-16T09:05:18.410+0900] {dag.py:3239} INFO - Sync 1 DAGs
[2024-12-16T09:05:18.445+0900] {logging_mixin.py:190} INFO - [2024-12-16T09:05:18.445+0900] {dag.py:4180} INFO - Setting next_dagrun for example_task_group_decorator to None, run_after=None
[2024-12-16T09:05:18.451+0900] {processor.py:208} INFO - Processing /Users/hongseoklee/miniconda3/envs/aivenv/lib/python3.11/site-packages/airflow/example_dags/example_task_group_decorator.py took 0.088 seconds
[2024-12-16T09:06:36.191+0900] {processor.py:186} INFO - Started process (PID=51300) to work on /Users/hongseoklee/miniconda3/envs/aivenv/lib/python3.11/site-packages/airflow/example_dags/example_task_group_decorator.py
[2024-12-16T09:06:36.192+0900] {processor.py:914} INFO - Processing file /Users/hongseoklee/miniconda3/envs/aivenv/lib/python3.11/site-packages/airflow/example_dags/example_task_group_decorator.py for tasks to queue
[2024-12-16T09:06:36.192+0900] {logging_mixin.py:190} INFO - [2024-12-16T09:06:36.192+0900] {dagbag.py:588} INFO - Filling up the DagBag from /Users/hongseoklee/miniconda3/envs/aivenv/lib/python3.11/site-packages/airflow/example_dags/example_task_group_decorator.py
[2024-12-16T09:06:36.207+0900] {processor.py:925} INFO - DAG(s) 'example_task_group_decorator' retrieved from /Users/hongseoklee/miniconda3/envs/aivenv/lib/python3.11/site-packages/airflow/example_dags/example_task_group_decorator.py
[2024-12-16T09:06:36.237+0900] {logging_mixin.py:190} INFO - [2024-12-16T09:06:36.237+0900] {dag.py:3239} INFO - Sync 1 DAGs
[2024-12-16T09:06:36.273+0900] {logging_mixin.py:190} INFO - [2024-12-16T09:06:36.273+0900] {dag.py:4180} INFO - Setting next_dagrun for example_task_group_decorator to None, run_after=None
[2024-12-16T09:06:36.279+0900] {processor.py:208} INFO - Processing /Users/hongseoklee/miniconda3/envs/aivenv/lib/python3.11/site-packages/airflow/example_dags/example_task_group_decorator.py took 0.089 seconds
[2024-12-16T09:07:52.836+0900] {processor.py:186} INFO - Started process (PID=51508) to work on /Users/hongseoklee/miniconda3/envs/aivenv/lib/python3.11/site-packages/airflow/example_dags/example_task_group_decorator.py
[2024-12-16T09:07:52.837+0900] {processor.py:914} INFO - Processing file /Users/hongseoklee/miniconda3/envs/aivenv/lib/python3.11/site-packages/airflow/example_dags/example_task_group_decorator.py for tasks to queue
[2024-12-16T09:07:52.837+0900] {logging_mixin.py:190} INFO - [2024-12-16T09:07:52.837+0900] {dagbag.py:588} INFO - Filling up the DagBag from /Users/hongseoklee/miniconda3/envs/aivenv/lib/python3.11/site-packages/airflow/example_dags/example_task_group_decorator.py
[2024-12-16T09:07:52.851+0900] {processor.py:925} INFO - DAG(s) 'example_task_group_decorator' retrieved from /Users/hongseoklee/miniconda3/envs/aivenv/lib/python3.11/site-packages/airflow/example_dags/example_task_group_decorator.py
[2024-12-16T09:07:52.882+0900] {logging_mixin.py:190} INFO - [2024-12-16T09:07:52.882+0900] {dag.py:3239} INFO - Sync 1 DAGs
[2024-12-16T09:07:52.916+0900] {logging_mixin.py:190} INFO - [2024-12-16T09:07:52.916+0900] {dag.py:4180} INFO - Setting next_dagrun for example_task_group_decorator to None, run_after=None
[2024-12-16T09:07:52.922+0900] {processor.py:208} INFO - Processing /Users/hongseoklee/miniconda3/envs/aivenv/lib/python3.11/site-packages/airflow/example_dags/example_task_group_decorator.py took 0.087 seconds
