[2024-12-16T09:00:19.670+0900] {processor.py:186} INFO - Started process (PID=50095) to work on /Users/hongseoklee/miniconda3/envs/aivenv/lib/python3.11/site-packages/airflow/example_dags/example_setup_teardown.py
[2024-12-16T09:00:19.670+0900] {processor.py:914} INFO - Processing file /Users/hongseoklee/miniconda3/envs/aivenv/lib/python3.11/site-packages/airflow/example_dags/example_setup_teardown.py for tasks to queue
[2024-12-16T09:00:19.670+0900] {logging_mixin.py:190} INFO - [2024-12-16T09:00:19.670+0900] {dagbag.py:588} INFO - Filling up the DagBag from /Users/hongseoklee/miniconda3/envs/aivenv/lib/python3.11/site-packages/airflow/example_dags/example_setup_teardown.py
[2024-12-16T09:00:19.673+0900] {processor.py:925} INFO - DAG(s) 'example_setup_teardown' retrieved from /Users/hongseoklee/miniconda3/envs/aivenv/lib/python3.11/site-packages/airflow/example_dags/example_setup_teardown.py
[2024-12-16T09:00:19.702+0900] {logging_mixin.py:190} INFO - [2024-12-16T09:00:19.702+0900] {dag.py:3239} INFO - Sync 1 DAGs
[2024-12-16T09:00:19.705+0900] {logging_mixin.py:190} INFO - [2024-12-16T09:00:19.705+0900] {dag.py:4180} INFO - Setting next_dagrun for example_setup_teardown to None, run_after=None
[2024-12-16T09:00:19.711+0900] {processor.py:208} INFO - Processing /Users/hongseoklee/miniconda3/envs/aivenv/lib/python3.11/site-packages/airflow/example_dags/example_setup_teardown.py took 0.042 seconds
[2024-12-16T09:02:52.247+0900] {processor.py:186} INFO - Started process (PID=50667) to work on /Users/hongseoklee/miniconda3/envs/aivenv/lib/python3.11/site-packages/airflow/example_dags/example_setup_teardown.py
[2024-12-16T09:02:52.248+0900] {processor.py:914} INFO - Processing file /Users/hongseoklee/miniconda3/envs/aivenv/lib/python3.11/site-packages/airflow/example_dags/example_setup_teardown.py for tasks to queue
[2024-12-16T09:02:52.248+0900] {logging_mixin.py:190} INFO - [2024-12-16T09:02:52.248+0900] {dagbag.py:588} INFO - Filling up the DagBag from /Users/hongseoklee/miniconda3/envs/aivenv/lib/python3.11/site-packages/airflow/example_dags/example_setup_teardown.py
[2024-12-16T09:02:52.251+0900] {processor.py:925} INFO - DAG(s) 'example_setup_teardown' retrieved from /Users/hongseoklee/miniconda3/envs/aivenv/lib/python3.11/site-packages/airflow/example_dags/example_setup_teardown.py
[2024-12-16T09:02:52.281+0900] {logging_mixin.py:190} INFO - [2024-12-16T09:02:52.281+0900] {dag.py:3239} INFO - Sync 1 DAGs
[2024-12-16T09:02:52.284+0900] {logging_mixin.py:190} INFO - [2024-12-16T09:02:52.284+0900] {dag.py:4180} INFO - Setting next_dagrun for example_setup_teardown to None, run_after=None
[2024-12-16T09:02:52.290+0900] {processor.py:208} INFO - Processing /Users/hongseoklee/miniconda3/envs/aivenv/lib/python3.11/site-packages/airflow/example_dags/example_setup_teardown.py took 0.043 seconds
[2024-12-16T09:05:32.811+0900] {processor.py:186} INFO - Started process (PID=51127) to work on /Users/hongseoklee/miniconda3/envs/aivenv/lib/python3.11/site-packages/airflow/example_dags/example_setup_teardown.py
[2024-12-16T09:05:32.812+0900] {processor.py:914} INFO - Processing file /Users/hongseoklee/miniconda3/envs/aivenv/lib/python3.11/site-packages/airflow/example_dags/example_setup_teardown.py for tasks to queue
[2024-12-16T09:05:32.812+0900] {logging_mixin.py:190} INFO - [2024-12-16T09:05:32.812+0900] {dagbag.py:588} INFO - Filling up the DagBag from /Users/hongseoklee/miniconda3/envs/aivenv/lib/python3.11/site-packages/airflow/example_dags/example_setup_teardown.py
[2024-12-16T09:05:32.815+0900] {processor.py:925} INFO - DAG(s) 'example_setup_teardown' retrieved from /Users/hongseoklee/miniconda3/envs/aivenv/lib/python3.11/site-packages/airflow/example_dags/example_setup_teardown.py
[2024-12-16T09:05:32.844+0900] {logging_mixin.py:190} INFO - [2024-12-16T09:05:32.844+0900] {dag.py:3239} INFO - Sync 1 DAGs
[2024-12-16T09:05:32.848+0900] {logging_mixin.py:190} INFO - [2024-12-16T09:05:32.848+0900] {dag.py:4180} INFO - Setting next_dagrun for example_setup_teardown to None, run_after=None
[2024-12-16T09:05:32.853+0900] {processor.py:208} INFO - Processing /Users/hongseoklee/miniconda3/envs/aivenv/lib/python3.11/site-packages/airflow/example_dags/example_setup_teardown.py took 0.043 seconds
[2024-12-16T09:08:08.777+0900] {processor.py:186} INFO - Started process (PID=51547) to work on /Users/hongseoklee/miniconda3/envs/aivenv/lib/python3.11/site-packages/airflow/example_dags/example_setup_teardown.py
[2024-12-16T09:08:08.778+0900] {processor.py:914} INFO - Processing file /Users/hongseoklee/miniconda3/envs/aivenv/lib/python3.11/site-packages/airflow/example_dags/example_setup_teardown.py for tasks to queue
[2024-12-16T09:08:08.779+0900] {logging_mixin.py:190} INFO - [2024-12-16T09:08:08.779+0900] {dagbag.py:588} INFO - Filling up the DagBag from /Users/hongseoklee/miniconda3/envs/aivenv/lib/python3.11/site-packages/airflow/example_dags/example_setup_teardown.py
[2024-12-16T09:08:08.782+0900] {processor.py:925} INFO - DAG(s) 'example_setup_teardown' retrieved from /Users/hongseoklee/miniconda3/envs/aivenv/lib/python3.11/site-packages/airflow/example_dags/example_setup_teardown.py
[2024-12-16T09:08:08.811+0900] {logging_mixin.py:190} INFO - [2024-12-16T09:08:08.811+0900] {dag.py:3239} INFO - Sync 1 DAGs
[2024-12-16T09:08:08.814+0900] {logging_mixin.py:190} INFO - [2024-12-16T09:08:08.814+0900] {dag.py:4180} INFO - Setting next_dagrun for example_setup_teardown to None, run_after=None
[2024-12-16T09:08:08.820+0900] {processor.py:208} INFO - Processing /Users/hongseoklee/miniconda3/envs/aivenv/lib/python3.11/site-packages/airflow/example_dags/example_setup_teardown.py took 0.043 seconds
