[2024-12-16T09:00:18.224+0900] {processor.py:186} INFO - Started process (PID=50090) to work on /Users/hongseoklee/miniconda3/envs/aivenv/lib/python3.11/site-packages/airflow/example_dags/example_setup_teardown_taskflow.py
[2024-12-16T09:00:18.224+0900] {processor.py:914} INFO - Processing file /Users/hongseoklee/miniconda3/envs/aivenv/lib/python3.11/site-packages/airflow/example_dags/example_setup_teardown_taskflow.py for tasks to queue
[2024-12-16T09:00:18.225+0900] {logging_mixin.py:190} INFO - [2024-12-16T09:00:18.225+0900] {dagbag.py:588} INFO - Filling up the DagBag from /Users/hongseoklee/miniconda3/envs/aivenv/lib/python3.11/site-packages/airflow/example_dags/example_setup_teardown_taskflow.py
[2024-12-16T09:00:18.237+0900] {processor.py:925} INFO - DAG(s) 'example_setup_teardown_taskflow' retrieved from /Users/hongseoklee/miniconda3/envs/aivenv/lib/python3.11/site-packages/airflow/example_dags/example_setup_teardown_taskflow.py
[2024-12-16T09:00:18.266+0900] {logging_mixin.py:190} INFO - [2024-12-16T09:00:18.266+0900] {dag.py:3239} INFO - Sync 1 DAGs
[2024-12-16T09:00:18.300+0900] {logging_mixin.py:190} INFO - [2024-12-16T09:00:18.300+0900] {dag.py:4180} INFO - Setting next_dagrun for example_setup_teardown_taskflow to None, run_after=None
[2024-12-16T09:00:18.306+0900] {processor.py:208} INFO - Processing /Users/hongseoklee/miniconda3/envs/aivenv/lib/python3.11/site-packages/airflow/example_dags/example_setup_teardown_taskflow.py took 0.083 seconds
[2024-12-16T09:02:50.293+0900] {processor.py:186} INFO - Started process (PID=50663) to work on /Users/hongseoklee/miniconda3/envs/aivenv/lib/python3.11/site-packages/airflow/example_dags/example_setup_teardown_taskflow.py
[2024-12-16T09:02:50.294+0900] {processor.py:914} INFO - Processing file /Users/hongseoklee/miniconda3/envs/aivenv/lib/python3.11/site-packages/airflow/example_dags/example_setup_teardown_taskflow.py for tasks to queue
[2024-12-16T09:02:50.294+0900] {logging_mixin.py:190} INFO - [2024-12-16T09:02:50.294+0900] {dagbag.py:588} INFO - Filling up the DagBag from /Users/hongseoklee/miniconda3/envs/aivenv/lib/python3.11/site-packages/airflow/example_dags/example_setup_teardown_taskflow.py
[2024-12-16T09:02:50.307+0900] {processor.py:925} INFO - DAG(s) 'example_setup_teardown_taskflow' retrieved from /Users/hongseoklee/miniconda3/envs/aivenv/lib/python3.11/site-packages/airflow/example_dags/example_setup_teardown_taskflow.py
[2024-12-16T09:02:50.335+0900] {logging_mixin.py:190} INFO - [2024-12-16T09:02:50.335+0900] {dag.py:3239} INFO - Sync 1 DAGs
[2024-12-16T09:02:50.369+0900] {logging_mixin.py:190} INFO - [2024-12-16T09:02:50.369+0900] {dag.py:4180} INFO - Setting next_dagrun for example_setup_teardown_taskflow to None, run_after=None
[2024-12-16T09:02:50.376+0900] {processor.py:208} INFO - Processing /Users/hongseoklee/miniconda3/envs/aivenv/lib/python3.11/site-packages/airflow/example_dags/example_setup_teardown_taskflow.py took 0.084 seconds
[2024-12-16T09:04:08.496+0900] {processor.py:186} INFO - Started process (PID=50890) to work on /Users/hongseoklee/miniconda3/envs/aivenv/lib/python3.11/site-packages/airflow/example_dags/example_setup_teardown_taskflow.py
[2024-12-16T09:04:08.497+0900] {processor.py:914} INFO - Processing file /Users/hongseoklee/miniconda3/envs/aivenv/lib/python3.11/site-packages/airflow/example_dags/example_setup_teardown_taskflow.py for tasks to queue
[2024-12-16T09:04:08.497+0900] {logging_mixin.py:190} INFO - [2024-12-16T09:04:08.497+0900] {dagbag.py:588} INFO - Filling up the DagBag from /Users/hongseoklee/miniconda3/envs/aivenv/lib/python3.11/site-packages/airflow/example_dags/example_setup_teardown_taskflow.py
[2024-12-16T09:04:08.510+0900] {processor.py:925} INFO - DAG(s) 'example_setup_teardown_taskflow' retrieved from /Users/hongseoklee/miniconda3/envs/aivenv/lib/python3.11/site-packages/airflow/example_dags/example_setup_teardown_taskflow.py
[2024-12-16T09:04:08.539+0900] {logging_mixin.py:190} INFO - [2024-12-16T09:04:08.538+0900] {dag.py:3239} INFO - Sync 1 DAGs
[2024-12-16T09:04:08.573+0900] {logging_mixin.py:190} INFO - [2024-12-16T09:04:08.573+0900] {dag.py:4180} INFO - Setting next_dagrun for example_setup_teardown_taskflow to None, run_after=None
[2024-12-16T09:04:08.579+0900] {processor.py:208} INFO - Processing /Users/hongseoklee/miniconda3/envs/aivenv/lib/python3.11/site-packages/airflow/example_dags/example_setup_teardown_taskflow.py took 0.085 seconds
[2024-12-16T09:05:31.572+0900] {processor.py:186} INFO - Started process (PID=51121) to work on /Users/hongseoklee/miniconda3/envs/aivenv/lib/python3.11/site-packages/airflow/example_dags/example_setup_teardown_taskflow.py
[2024-12-16T09:05:31.573+0900] {processor.py:914} INFO - Processing file /Users/hongseoklee/miniconda3/envs/aivenv/lib/python3.11/site-packages/airflow/example_dags/example_setup_teardown_taskflow.py for tasks to queue
[2024-12-16T09:05:31.574+0900] {logging_mixin.py:190} INFO - [2024-12-16T09:05:31.573+0900] {dagbag.py:588} INFO - Filling up the DagBag from /Users/hongseoklee/miniconda3/envs/aivenv/lib/python3.11/site-packages/airflow/example_dags/example_setup_teardown_taskflow.py
[2024-12-16T09:05:31.587+0900] {processor.py:925} INFO - DAG(s) 'example_setup_teardown_taskflow' retrieved from /Users/hongseoklee/miniconda3/envs/aivenv/lib/python3.11/site-packages/airflow/example_dags/example_setup_teardown_taskflow.py
[2024-12-16T09:05:31.615+0900] {logging_mixin.py:190} INFO - [2024-12-16T09:05:31.615+0900] {dag.py:3239} INFO - Sync 1 DAGs
[2024-12-16T09:05:31.652+0900] {logging_mixin.py:190} INFO - [2024-12-16T09:05:31.652+0900] {dag.py:4180} INFO - Setting next_dagrun for example_setup_teardown_taskflow to None, run_after=None
[2024-12-16T09:05:31.658+0900] {processor.py:208} INFO - Processing /Users/hongseoklee/miniconda3/envs/aivenv/lib/python3.11/site-packages/airflow/example_dags/example_setup_teardown_taskflow.py took 0.087 seconds
[2024-12-16T09:08:06.811+0900] {processor.py:186} INFO - Started process (PID=51541) to work on /Users/hongseoklee/miniconda3/envs/aivenv/lib/python3.11/site-packages/airflow/example_dags/example_setup_teardown_taskflow.py
[2024-12-16T09:08:06.812+0900] {processor.py:914} INFO - Processing file /Users/hongseoklee/miniconda3/envs/aivenv/lib/python3.11/site-packages/airflow/example_dags/example_setup_teardown_taskflow.py for tasks to queue
[2024-12-16T09:08:06.812+0900] {logging_mixin.py:190} INFO - [2024-12-16T09:08:06.812+0900] {dagbag.py:588} INFO - Filling up the DagBag from /Users/hongseoklee/miniconda3/envs/aivenv/lib/python3.11/site-packages/airflow/example_dags/example_setup_teardown_taskflow.py
[2024-12-16T09:08:06.825+0900] {processor.py:925} INFO - DAG(s) 'example_setup_teardown_taskflow' retrieved from /Users/hongseoklee/miniconda3/envs/aivenv/lib/python3.11/site-packages/airflow/example_dags/example_setup_teardown_taskflow.py
[2024-12-16T09:08:06.853+0900] {logging_mixin.py:190} INFO - [2024-12-16T09:08:06.853+0900] {dag.py:3239} INFO - Sync 1 DAGs
[2024-12-16T09:08:06.888+0900] {logging_mixin.py:190} INFO - [2024-12-16T09:08:06.888+0900] {dag.py:4180} INFO - Setting next_dagrun for example_setup_teardown_taskflow to None, run_after=None
[2024-12-16T09:08:06.895+0900] {processor.py:208} INFO - Processing /Users/hongseoklee/miniconda3/envs/aivenv/lib/python3.11/site-packages/airflow/example_dags/example_setup_teardown_taskflow.py took 0.084 seconds
