[2024-12-16T09:01:56.368+0900] {processor.py:186} INFO - Started process (PID=50484) to work on /Users/hongseoklee/miniconda3/envs/aivenv/lib/python3.11/site-packages/airflow/example_dags/example_branch_labels.py
[2024-12-16T09:01:56.368+0900] {processor.py:914} INFO - Processing file /Users/hongseoklee/miniconda3/envs/aivenv/lib/python3.11/site-packages/airflow/example_dags/example_branch_labels.py for tasks to queue
[2024-12-16T09:01:56.368+0900] {logging_mixin.py:190} INFO - [2024-12-16T09:01:56.368+0900] {dagbag.py:588} INFO - Filling up the DagBag from /Users/hongseoklee/miniconda3/envs/aivenv/lib/python3.11/site-packages/airflow/example_dags/example_branch_labels.py
[2024-12-16T09:01:56.372+0900] {processor.py:925} INFO - DAG(s) 'example_branch_labels' retrieved from /Users/hongseoklee/miniconda3/envs/aivenv/lib/python3.11/site-packages/airflow/example_dags/example_branch_labels.py
[2024-12-16T09:01:56.402+0900] {logging_mixin.py:190} INFO - [2024-12-16T09:01:56.402+0900] {dag.py:3239} INFO - Sync 1 DAGs
[2024-12-16T09:01:56.408+0900] {logging_mixin.py:190} INFO - [2024-12-16T09:01:56.408+0900] {dag.py:4180} INFO - Setting next_dagrun for example_branch_labels to 2024-12-15T00:00:00+00:00, run_after=2024-12-16T00:00:00+00:00
[2024-12-16T09:01:56.413+0900] {processor.py:208} INFO - Processing /Users/hongseoklee/miniconda3/envs/aivenv/lib/python3.11/site-packages/airflow/example_dags/example_branch_labels.py took 0.046 seconds
[2024-12-16T09:04:30.923+0900] {processor.py:186} INFO - Started process (PID=50952) to work on /Users/hongseoklee/miniconda3/envs/aivenv/lib/python3.11/site-packages/airflow/example_dags/example_branch_labels.py
[2024-12-16T09:04:30.924+0900] {processor.py:914} INFO - Processing file /Users/hongseoklee/miniconda3/envs/aivenv/lib/python3.11/site-packages/airflow/example_dags/example_branch_labels.py for tasks to queue
[2024-12-16T09:04:30.925+0900] {logging_mixin.py:190} INFO - [2024-12-16T09:04:30.925+0900] {dagbag.py:588} INFO - Filling up the DagBag from /Users/hongseoklee/miniconda3/envs/aivenv/lib/python3.11/site-packages/airflow/example_dags/example_branch_labels.py
[2024-12-16T09:04:30.928+0900] {processor.py:925} INFO - DAG(s) 'example_branch_labels' retrieved from /Users/hongseoklee/miniconda3/envs/aivenv/lib/python3.11/site-packages/airflow/example_dags/example_branch_labels.py
[2024-12-16T09:04:30.957+0900] {logging_mixin.py:190} INFO - [2024-12-16T09:04:30.957+0900] {dag.py:3239} INFO - Sync 1 DAGs
[2024-12-16T09:04:30.962+0900] {logging_mixin.py:190} INFO - [2024-12-16T09:04:30.962+0900] {dag.py:4180} INFO - Setting next_dagrun for example_branch_labels to 2024-12-15T00:00:00+00:00, run_after=2024-12-16T00:00:00+00:00
[2024-12-16T09:04:30.968+0900] {processor.py:208} INFO - Processing /Users/hongseoklee/miniconda3/envs/aivenv/lib/python3.11/site-packages/airflow/example_dags/example_branch_labels.py took 0.046 seconds
[2024-12-16T09:07:10.612+0900] {processor.py:186} INFO - Started process (PID=51391) to work on /Users/hongseoklee/miniconda3/envs/aivenv/lib/python3.11/site-packages/airflow/example_dags/example_branch_labels.py
[2024-12-16T09:07:10.613+0900] {processor.py:914} INFO - Processing file /Users/hongseoklee/miniconda3/envs/aivenv/lib/python3.11/site-packages/airflow/example_dags/example_branch_labels.py for tasks to queue
[2024-12-16T09:07:10.614+0900] {logging_mixin.py:190} INFO - [2024-12-16T09:07:10.613+0900] {dagbag.py:588} INFO - Filling up the DagBag from /Users/hongseoklee/miniconda3/envs/aivenv/lib/python3.11/site-packages/airflow/example_dags/example_branch_labels.py
[2024-12-16T09:07:10.617+0900] {processor.py:925} INFO - DAG(s) 'example_branch_labels' retrieved from /Users/hongseoklee/miniconda3/envs/aivenv/lib/python3.11/site-packages/airflow/example_dags/example_branch_labels.py
[2024-12-16T09:07:10.646+0900] {logging_mixin.py:190} INFO - [2024-12-16T09:07:10.646+0900] {dag.py:3239} INFO - Sync 1 DAGs
[2024-12-16T09:07:10.651+0900] {logging_mixin.py:190} INFO - [2024-12-16T09:07:10.651+0900] {dag.py:4180} INFO - Setting next_dagrun for example_branch_labels to 2024-12-15T00:00:00+00:00, run_after=2024-12-16T00:00:00+00:00
[2024-12-16T09:07:10.657+0900] {processor.py:208} INFO - Processing /Users/hongseoklee/miniconda3/envs/aivenv/lib/python3.11/site-packages/airflow/example_dags/example_branch_labels.py took 0.046 seconds
