[2024-12-16T09:00:25.527+0900] {processor.py:186} INFO - Started process (PID=50110) to work on /Users/hongseoklee/miniconda3/envs/aivenv/lib/python3.11/site-packages/airflow/example_dags/example_nested_branch_dag.py
[2024-12-16T09:00:25.527+0900] {processor.py:914} INFO - Processing file /Users/hongseoklee/miniconda3/envs/aivenv/lib/python3.11/site-packages/airflow/example_dags/example_nested_branch_dag.py for tasks to queue
[2024-12-16T09:00:25.528+0900] {logging_mixin.py:190} INFO - [2024-12-16T09:00:25.528+0900] {dagbag.py:588} INFO - Filling up the DagBag from /Users/hongseoklee/miniconda3/envs/aivenv/lib/python3.11/site-packages/airflow/example_dags/example_nested_branch_dag.py
[2024-12-16T09:00:25.542+0900] {processor.py:925} INFO - DAG(s) 'example_nested_branch_dag' retrieved from /Users/hongseoklee/miniconda3/envs/aivenv/lib/python3.11/site-packages/airflow/example_dags/example_nested_branch_dag.py
[2024-12-16T09:00:25.570+0900] {logging_mixin.py:190} INFO - [2024-12-16T09:00:25.570+0900] {dag.py:3239} INFO - Sync 1 DAGs
[2024-12-16T09:00:25.608+0900] {logging_mixin.py:190} INFO - [2024-12-16T09:00:25.608+0900] {dag.py:4180} INFO - Setting next_dagrun for example_nested_branch_dag to 2024-12-15T00:00:00+00:00, run_after=2024-12-16T00:00:00+00:00
[2024-12-16T09:00:25.614+0900] {processor.py:208} INFO - Processing /Users/hongseoklee/miniconda3/envs/aivenv/lib/python3.11/site-packages/airflow/example_dags/example_nested_branch_dag.py took 0.088 seconds
[2024-12-16T09:02:57.302+0900] {processor.py:186} INFO - Started process (PID=50680) to work on /Users/hongseoklee/miniconda3/envs/aivenv/lib/python3.11/site-packages/airflow/example_dags/example_nested_branch_dag.py
[2024-12-16T09:02:57.303+0900] {processor.py:914} INFO - Processing file /Users/hongseoklee/miniconda3/envs/aivenv/lib/python3.11/site-packages/airflow/example_dags/example_nested_branch_dag.py for tasks to queue
[2024-12-16T09:02:57.304+0900] {logging_mixin.py:190} INFO - [2024-12-16T09:02:57.304+0900] {dagbag.py:588} INFO - Filling up the DagBag from /Users/hongseoklee/miniconda3/envs/aivenv/lib/python3.11/site-packages/airflow/example_dags/example_nested_branch_dag.py
[2024-12-16T09:02:57.318+0900] {processor.py:925} INFO - DAG(s) 'example_nested_branch_dag' retrieved from /Users/hongseoklee/miniconda3/envs/aivenv/lib/python3.11/site-packages/airflow/example_dags/example_nested_branch_dag.py
[2024-12-16T09:02:57.346+0900] {logging_mixin.py:190} INFO - [2024-12-16T09:02:57.346+0900] {dag.py:3239} INFO - Sync 1 DAGs
[2024-12-16T09:02:57.385+0900] {logging_mixin.py:190} INFO - [2024-12-16T09:02:57.385+0900] {dag.py:4180} INFO - Setting next_dagrun for example_nested_branch_dag to 2024-12-15T00:00:00+00:00, run_after=2024-12-16T00:00:00+00:00
[2024-12-16T09:02:57.391+0900] {processor.py:208} INFO - Processing /Users/hongseoklee/miniconda3/envs/aivenv/lib/python3.11/site-packages/airflow/example_dags/example_nested_branch_dag.py took 0.090 seconds
[2024-12-16T09:05:37.725+0900] {processor.py:186} INFO - Started process (PID=51140) to work on /Users/hongseoklee/miniconda3/envs/aivenv/lib/python3.11/site-packages/airflow/example_dags/example_nested_branch_dag.py
[2024-12-16T09:05:37.725+0900] {processor.py:914} INFO - Processing file /Users/hongseoklee/miniconda3/envs/aivenv/lib/python3.11/site-packages/airflow/example_dags/example_nested_branch_dag.py for tasks to queue
[2024-12-16T09:05:37.726+0900] {logging_mixin.py:190} INFO - [2024-12-16T09:05:37.726+0900] {dagbag.py:588} INFO - Filling up the DagBag from /Users/hongseoklee/miniconda3/envs/aivenv/lib/python3.11/site-packages/airflow/example_dags/example_nested_branch_dag.py
[2024-12-16T09:05:37.739+0900] {processor.py:925} INFO - DAG(s) 'example_nested_branch_dag' retrieved from /Users/hongseoklee/miniconda3/envs/aivenv/lib/python3.11/site-packages/airflow/example_dags/example_nested_branch_dag.py
[2024-12-16T09:05:37.768+0900] {logging_mixin.py:190} INFO - [2024-12-16T09:05:37.768+0900] {dag.py:3239} INFO - Sync 1 DAGs
[2024-12-16T09:05:37.808+0900] {logging_mixin.py:190} INFO - [2024-12-16T09:05:37.808+0900] {dag.py:4180} INFO - Setting next_dagrun for example_nested_branch_dag to 2024-12-15T00:00:00+00:00, run_after=2024-12-16T00:00:00+00:00
[2024-12-16T09:05:37.814+0900] {processor.py:208} INFO - Processing /Users/hongseoklee/miniconda3/envs/aivenv/lib/python3.11/site-packages/airflow/example_dags/example_nested_branch_dag.py took 0.090 seconds
[2024-12-16T09:08:13.857+0900] {processor.py:186} INFO - Started process (PID=51563) to work on /Users/hongseoklee/miniconda3/envs/aivenv/lib/python3.11/site-packages/airflow/example_dags/example_nested_branch_dag.py
[2024-12-16T09:08:13.858+0900] {processor.py:914} INFO - Processing file /Users/hongseoklee/miniconda3/envs/aivenv/lib/python3.11/site-packages/airflow/example_dags/example_nested_branch_dag.py for tasks to queue
[2024-12-16T09:08:13.858+0900] {logging_mixin.py:190} INFO - [2024-12-16T09:08:13.858+0900] {dagbag.py:588} INFO - Filling up the DagBag from /Users/hongseoklee/miniconda3/envs/aivenv/lib/python3.11/site-packages/airflow/example_dags/example_nested_branch_dag.py
[2024-12-16T09:08:13.871+0900] {processor.py:925} INFO - DAG(s) 'example_nested_branch_dag' retrieved from /Users/hongseoklee/miniconda3/envs/aivenv/lib/python3.11/site-packages/airflow/example_dags/example_nested_branch_dag.py
[2024-12-16T09:08:13.900+0900] {logging_mixin.py:190} INFO - [2024-12-16T09:08:13.900+0900] {dag.py:3239} INFO - Sync 1 DAGs
[2024-12-16T09:08:13.936+0900] {logging_mixin.py:190} INFO - [2024-12-16T09:08:13.936+0900] {dag.py:4180} INFO - Setting next_dagrun for example_nested_branch_dag to 2024-12-15T00:00:00+00:00, run_after=2024-12-16T00:00:00+00:00
[2024-12-16T09:08:13.943+0900] {processor.py:208} INFO - Processing /Users/hongseoklee/miniconda3/envs/aivenv/lib/python3.11/site-packages/airflow/example_dags/example_nested_branch_dag.py took 0.087 seconds
