[2024-12-16T09:01:15.328+0900] {processor.py:186} INFO - Started process (PID=50279) to work on /Users/hongseoklee/miniconda3/envs/aivenv/lib/python3.11/site-packages/airflow/example_dags/example_workday_timetable.py
[2024-12-16T09:01:15.329+0900] {processor.py:914} INFO - Processing file /Users/hongseoklee/miniconda3/envs/aivenv/lib/python3.11/site-packages/airflow/example_dags/example_workday_timetable.py for tasks to queue
[2024-12-16T09:01:15.329+0900] {logging_mixin.py:190} INFO - [2024-12-16T09:01:15.329+0900] {dagbag.py:588} INFO - Filling up the DagBag from /Users/hongseoklee/miniconda3/envs/aivenv/lib/python3.11/site-packages/airflow/example_dags/example_workday_timetable.py
[2024-12-16T09:01:15.580+0900] {processor.py:925} INFO - DAG(s) 'example_workday_timetable' retrieved from /Users/hongseoklee/miniconda3/envs/aivenv/lib/python3.11/site-packages/airflow/example_dags/example_workday_timetable.py
[2024-12-16T09:01:15.620+0900] {logging_mixin.py:190} INFO - [2024-12-16T09:01:15.620+0900] {dag.py:3239} INFO - Sync 1 DAGs
[2024-12-16T09:01:15.635+0900] {logging_mixin.py:190} INFO - [2024-12-16T09:01:15.635+0900] {dag.py:4180} INFO - Setting next_dagrun for example_workday_timetable to 2021-01-04T00:00:00+00:00, run_after=2021-01-05T00:00:00+00:00
[2024-12-16T09:01:15.641+0900] {processor.py:208} INFO - Processing /Users/hongseoklee/miniconda3/envs/aivenv/lib/python3.11/site-packages/airflow/example_dags/example_workday_timetable.py took 0.314 seconds
[2024-12-16T09:02:32.308+0900] {processor.py:186} INFO - Started process (PID=50613) to work on /Users/hongseoklee/miniconda3/envs/aivenv/lib/python3.11/site-packages/airflow/example_dags/example_workday_timetable.py
[2024-12-16T09:02:32.308+0900] {processor.py:914} INFO - Processing file /Users/hongseoklee/miniconda3/envs/aivenv/lib/python3.11/site-packages/airflow/example_dags/example_workday_timetable.py for tasks to queue
[2024-12-16T09:02:32.309+0900] {logging_mixin.py:190} INFO - [2024-12-16T09:02:32.309+0900] {dagbag.py:588} INFO - Filling up the DagBag from /Users/hongseoklee/miniconda3/envs/aivenv/lib/python3.11/site-packages/airflow/example_dags/example_workday_timetable.py
[2024-12-16T09:02:32.600+0900] {processor.py:925} INFO - DAG(s) 'example_workday_timetable' retrieved from /Users/hongseoklee/miniconda3/envs/aivenv/lib/python3.11/site-packages/airflow/example_dags/example_workday_timetable.py
[2024-12-16T09:02:32.636+0900] {logging_mixin.py:190} INFO - [2024-12-16T09:02:32.636+0900] {dag.py:3239} INFO - Sync 1 DAGs
[2024-12-16T09:02:32.652+0900] {logging_mixin.py:190} INFO - [2024-12-16T09:02:32.651+0900] {dag.py:4180} INFO - Setting next_dagrun for example_workday_timetable to 2021-01-04T00:00:00+00:00, run_after=2021-01-05T00:00:00+00:00
[2024-12-16T09:02:32.657+0900] {processor.py:208} INFO - Processing /Users/hongseoklee/miniconda3/envs/aivenv/lib/python3.11/site-packages/airflow/example_dags/example_workday_timetable.py took 0.350 seconds
[2024-12-16T09:03:47.204+0900] {processor.py:186} INFO - Started process (PID=50824) to work on /Users/hongseoklee/miniconda3/envs/aivenv/lib/python3.11/site-packages/airflow/example_dags/example_workday_timetable.py
[2024-12-16T09:03:47.204+0900] {processor.py:914} INFO - Processing file /Users/hongseoklee/miniconda3/envs/aivenv/lib/python3.11/site-packages/airflow/example_dags/example_workday_timetable.py for tasks to queue
[2024-12-16T09:03:47.205+0900] {logging_mixin.py:190} INFO - [2024-12-16T09:03:47.205+0900] {dagbag.py:588} INFO - Filling up the DagBag from /Users/hongseoklee/miniconda3/envs/aivenv/lib/python3.11/site-packages/airflow/example_dags/example_workday_timetable.py
[2024-12-16T09:03:47.503+0900] {processor.py:925} INFO - DAG(s) 'example_workday_timetable' retrieved from /Users/hongseoklee/miniconda3/envs/aivenv/lib/python3.11/site-packages/airflow/example_dags/example_workday_timetable.py
[2024-12-16T09:03:47.539+0900] {logging_mixin.py:190} INFO - [2024-12-16T09:03:47.539+0900] {dag.py:3239} INFO - Sync 1 DAGs
[2024-12-16T09:03:47.554+0900] {logging_mixin.py:190} INFO - [2024-12-16T09:03:47.554+0900] {dag.py:4180} INFO - Setting next_dagrun for example_workday_timetable to 2021-01-04T00:00:00+00:00, run_after=2021-01-05T00:00:00+00:00
[2024-12-16T09:03:47.560+0900] {processor.py:208} INFO - Processing /Users/hongseoklee/miniconda3/envs/aivenv/lib/python3.11/site-packages/airflow/example_dags/example_workday_timetable.py took 0.357 seconds
[2024-12-16T09:05:10.364+0900] {processor.py:186} INFO - Started process (PID=51067) to work on /Users/hongseoklee/miniconda3/envs/aivenv/lib/python3.11/site-packages/airflow/example_dags/example_workday_timetable.py
[2024-12-16T09:05:10.365+0900] {processor.py:914} INFO - Processing file /Users/hongseoklee/miniconda3/envs/aivenv/lib/python3.11/site-packages/airflow/example_dags/example_workday_timetable.py for tasks to queue
[2024-12-16T09:05:10.366+0900] {logging_mixin.py:190} INFO - [2024-12-16T09:05:10.366+0900] {dagbag.py:588} INFO - Filling up the DagBag from /Users/hongseoklee/miniconda3/envs/aivenv/lib/python3.11/site-packages/airflow/example_dags/example_workday_timetable.py
[2024-12-16T09:05:10.610+0900] {processor.py:925} INFO - DAG(s) 'example_workday_timetable' retrieved from /Users/hongseoklee/miniconda3/envs/aivenv/lib/python3.11/site-packages/airflow/example_dags/example_workday_timetable.py
[2024-12-16T09:05:10.661+0900] {logging_mixin.py:190} INFO - [2024-12-16T09:05:10.661+0900] {dag.py:3239} INFO - Sync 1 DAGs
[2024-12-16T09:05:10.676+0900] {logging_mixin.py:190} INFO - [2024-12-16T09:05:10.676+0900] {dag.py:4180} INFO - Setting next_dagrun for example_workday_timetable to 2021-01-04T00:00:00+00:00, run_after=2021-01-05T00:00:00+00:00
[2024-12-16T09:05:10.682+0900] {processor.py:208} INFO - Processing /Users/hongseoklee/miniconda3/envs/aivenv/lib/python3.11/site-packages/airflow/example_dags/example_workday_timetable.py took 0.318 seconds
[2024-12-16T09:06:27.781+0900] {processor.py:186} INFO - Started process (PID=51281) to work on /Users/hongseoklee/miniconda3/envs/aivenv/lib/python3.11/site-packages/airflow/example_dags/example_workday_timetable.py
[2024-12-16T09:06:27.782+0900] {processor.py:914} INFO - Processing file /Users/hongseoklee/miniconda3/envs/aivenv/lib/python3.11/site-packages/airflow/example_dags/example_workday_timetable.py for tasks to queue
[2024-12-16T09:06:27.783+0900] {logging_mixin.py:190} INFO - [2024-12-16T09:06:27.782+0900] {dagbag.py:588} INFO - Filling up the DagBag from /Users/hongseoklee/miniconda3/envs/aivenv/lib/python3.11/site-packages/airflow/example_dags/example_workday_timetable.py
[2024-12-16T09:06:28.030+0900] {processor.py:925} INFO - DAG(s) 'example_workday_timetable' retrieved from /Users/hongseoklee/miniconda3/envs/aivenv/lib/python3.11/site-packages/airflow/example_dags/example_workday_timetable.py
[2024-12-16T09:06:28.074+0900] {logging_mixin.py:190} INFO - [2024-12-16T09:06:28.074+0900] {dag.py:3239} INFO - Sync 1 DAGs
[2024-12-16T09:06:28.089+0900] {logging_mixin.py:190} INFO - [2024-12-16T09:06:28.089+0900] {dag.py:4180} INFO - Setting next_dagrun for example_workday_timetable to 2021-01-04T00:00:00+00:00, run_after=2021-01-05T00:00:00+00:00
[2024-12-16T09:06:28.094+0900] {processor.py:208} INFO - Processing /Users/hongseoklee/miniconda3/envs/aivenv/lib/python3.11/site-packages/airflow/example_dags/example_workday_timetable.py took 0.314 seconds
[2024-12-16T09:07:44.532+0900] {processor.py:186} INFO - Started process (PID=51485) to work on /Users/hongseoklee/miniconda3/envs/aivenv/lib/python3.11/site-packages/airflow/example_dags/example_workday_timetable.py
[2024-12-16T09:07:44.533+0900] {processor.py:914} INFO - Processing file /Users/hongseoklee/miniconda3/envs/aivenv/lib/python3.11/site-packages/airflow/example_dags/example_workday_timetable.py for tasks to queue
[2024-12-16T09:07:44.534+0900] {logging_mixin.py:190} INFO - [2024-12-16T09:07:44.534+0900] {dagbag.py:588} INFO - Filling up the DagBag from /Users/hongseoklee/miniconda3/envs/aivenv/lib/python3.11/site-packages/airflow/example_dags/example_workday_timetable.py
[2024-12-16T09:07:44.775+0900] {processor.py:925} INFO - DAG(s) 'example_workday_timetable' retrieved from /Users/hongseoklee/miniconda3/envs/aivenv/lib/python3.11/site-packages/airflow/example_dags/example_workday_timetable.py
[2024-12-16T09:07:44.821+0900] {logging_mixin.py:190} INFO - [2024-12-16T09:07:44.820+0900] {dag.py:3239} INFO - Sync 1 DAGs
[2024-12-16T09:07:44.836+0900] {logging_mixin.py:190} INFO - [2024-12-16T09:07:44.836+0900] {dag.py:4180} INFO - Setting next_dagrun for example_workday_timetable to 2021-01-04T00:00:00+00:00, run_after=2021-01-05T00:00:00+00:00
[2024-12-16T09:07:44.843+0900] {processor.py:208} INFO - Processing /Users/hongseoklee/miniconda3/envs/aivenv/lib/python3.11/site-packages/airflow/example_dags/example_workday_timetable.py took 0.311 seconds
