[2024-12-16T09:00:31.456+0900] {processor.py:186} INFO - Started process (PID=50128) to work on /Users/hongseoklee/miniconda3/envs/aivenv/lib/python3.11/site-packages/airflow/example_dags/example_kubernetes_executor.py
[2024-12-16T09:00:31.457+0900] {processor.py:914} INFO - Processing file /Users/hongseoklee/miniconda3/envs/aivenv/lib/python3.11/site-packages/airflow/example_dags/example_kubernetes_executor.py for tasks to queue
[2024-12-16T09:00:31.457+0900] {logging_mixin.py:190} INFO - [2024-12-16T09:00:31.457+0900] {dagbag.py:588} INFO - Filling up the DagBag from /Users/hongseoklee/miniconda3/envs/aivenv/lib/python3.11/site-packages/airflow/example_dags/example_kubernetes_executor.py
[2024-12-16T09:00:31.573+0900] {processor.py:925} INFO - DAG(s) 'example_kubernetes_executor' retrieved from /Users/hongseoklee/miniconda3/envs/aivenv/lib/python3.11/site-packages/airflow/example_dags/example_kubernetes_executor.py
[2024-12-16T09:00:31.599+0900] {logging_mixin.py:190} WARNING - /Users/hongseoklee/miniconda3/envs/aivenv/lib/python3.11/site-packages/airflow/serialization/serialized_objects.py:1884 DeprecationWarning: This module is deprecated. The `cncf.kubernetes` provider before version 7.4.0 uses this module - you should migrate to a newer version of `cncf.kubernetes` to get rid of this warning. If you import the module via `airflow.kubernetes` import, please use `cncf.kubernetes' provider 7.4.0+ and switch all your imports to use `apache.airflow.providers.cncf.kubernetes` to get rid of the warning.
[2024-12-16T09:00:31.604+0900] {logging_mixin.py:190} INFO - [2024-12-16T09:00:31.604+0900] {dag.py:3239} INFO - Sync 1 DAGs
[2024-12-16T09:00:31.607+0900] {logging_mixin.py:190} INFO - [2024-12-16T09:00:31.607+0900] {dag.py:4180} INFO - Setting next_dagrun for example_kubernetes_executor to None, run_after=None
[2024-12-16T09:00:31.614+0900] {processor.py:208} INFO - Processing /Users/hongseoklee/miniconda3/envs/aivenv/lib/python3.11/site-packages/airflow/example_dags/example_kubernetes_executor.py took 0.158 seconds
[2024-12-16T09:03:05.338+0900] {processor.py:186} INFO - Started process (PID=50709) to work on /Users/hongseoklee/miniconda3/envs/aivenv/lib/python3.11/site-packages/airflow/example_dags/example_kubernetes_executor.py
[2024-12-16T09:03:05.339+0900] {processor.py:914} INFO - Processing file /Users/hongseoklee/miniconda3/envs/aivenv/lib/python3.11/site-packages/airflow/example_dags/example_kubernetes_executor.py for tasks to queue
[2024-12-16T09:03:05.339+0900] {logging_mixin.py:190} INFO - [2024-12-16T09:03:05.339+0900] {dagbag.py:588} INFO - Filling up the DagBag from /Users/hongseoklee/miniconda3/envs/aivenv/lib/python3.11/site-packages/airflow/example_dags/example_kubernetes_executor.py
[2024-12-16T09:03:05.515+0900] {processor.py:925} INFO - DAG(s) 'example_kubernetes_executor' retrieved from /Users/hongseoklee/miniconda3/envs/aivenv/lib/python3.11/site-packages/airflow/example_dags/example_kubernetes_executor.py
[2024-12-16T09:03:05.542+0900] {logging_mixin.py:190} WARNING - /Users/hongseoklee/miniconda3/envs/aivenv/lib/python3.11/site-packages/airflow/serialization/serialized_objects.py:1884 DeprecationWarning: This module is deprecated. The `cncf.kubernetes` provider before version 7.4.0 uses this module - you should migrate to a newer version of `cncf.kubernetes` to get rid of this warning. If you import the module via `airflow.kubernetes` import, please use `cncf.kubernetes' provider 7.4.0+ and switch all your imports to use `apache.airflow.providers.cncf.kubernetes` to get rid of the warning.
[2024-12-16T09:03:05.547+0900] {logging_mixin.py:190} INFO - [2024-12-16T09:03:05.547+0900] {dag.py:3239} INFO - Sync 1 DAGs
[2024-12-16T09:03:05.550+0900] {logging_mixin.py:190} INFO - [2024-12-16T09:03:05.550+0900] {dag.py:4180} INFO - Setting next_dagrun for example_kubernetes_executor to None, run_after=None
[2024-12-16T09:03:05.556+0900] {processor.py:208} INFO - Processing /Users/hongseoklee/miniconda3/envs/aivenv/lib/python3.11/site-packages/airflow/example_dags/example_kubernetes_executor.py took 0.219 seconds
[2024-12-16T09:05:45.681+0900] {processor.py:186} INFO - Started process (PID=51159) to work on /Users/hongseoklee/miniconda3/envs/aivenv/lib/python3.11/site-packages/airflow/example_dags/example_kubernetes_executor.py
[2024-12-16T09:05:45.682+0900] {processor.py:914} INFO - Processing file /Users/hongseoklee/miniconda3/envs/aivenv/lib/python3.11/site-packages/airflow/example_dags/example_kubernetes_executor.py for tasks to queue
[2024-12-16T09:05:45.682+0900] {logging_mixin.py:190} INFO - [2024-12-16T09:05:45.682+0900] {dagbag.py:588} INFO - Filling up the DagBag from /Users/hongseoklee/miniconda3/envs/aivenv/lib/python3.11/site-packages/airflow/example_dags/example_kubernetes_executor.py
[2024-12-16T09:05:45.799+0900] {processor.py:925} INFO - DAG(s) 'example_kubernetes_executor' retrieved from /Users/hongseoklee/miniconda3/envs/aivenv/lib/python3.11/site-packages/airflow/example_dags/example_kubernetes_executor.py
[2024-12-16T09:05:45.826+0900] {logging_mixin.py:190} WARNING - /Users/hongseoklee/miniconda3/envs/aivenv/lib/python3.11/site-packages/airflow/serialization/serialized_objects.py:1884 DeprecationWarning: This module is deprecated. The `cncf.kubernetes` provider before version 7.4.0 uses this module - you should migrate to a newer version of `cncf.kubernetes` to get rid of this warning. If you import the module via `airflow.kubernetes` import, please use `cncf.kubernetes' provider 7.4.0+ and switch all your imports to use `apache.airflow.providers.cncf.kubernetes` to get rid of the warning.
[2024-12-16T09:05:45.830+0900] {logging_mixin.py:190} INFO - [2024-12-16T09:05:45.830+0900] {dag.py:3239} INFO - Sync 1 DAGs
[2024-12-16T09:05:45.834+0900] {logging_mixin.py:190} INFO - [2024-12-16T09:05:45.834+0900] {dag.py:4180} INFO - Setting next_dagrun for example_kubernetes_executor to None, run_after=None
[2024-12-16T09:05:45.841+0900] {processor.py:208} INFO - Processing /Users/hongseoklee/miniconda3/envs/aivenv/lib/python3.11/site-packages/airflow/example_dags/example_kubernetes_executor.py took 0.161 seconds
[2024-12-16T09:08:21.733+0900] {processor.py:186} INFO - Started process (PID=51585) to work on /Users/hongseoklee/miniconda3/envs/aivenv/lib/python3.11/site-packages/airflow/example_dags/example_kubernetes_executor.py
[2024-12-16T09:08:21.734+0900] {processor.py:914} INFO - Processing file /Users/hongseoklee/miniconda3/envs/aivenv/lib/python3.11/site-packages/airflow/example_dags/example_kubernetes_executor.py for tasks to queue
[2024-12-16T09:08:21.734+0900] {logging_mixin.py:190} INFO - [2024-12-16T09:08:21.734+0900] {dagbag.py:588} INFO - Filling up the DagBag from /Users/hongseoklee/miniconda3/envs/aivenv/lib/python3.11/site-packages/airflow/example_dags/example_kubernetes_executor.py
[2024-12-16T09:08:21.851+0900] {processor.py:925} INFO - DAG(s) 'example_kubernetes_executor' retrieved from /Users/hongseoklee/miniconda3/envs/aivenv/lib/python3.11/site-packages/airflow/example_dags/example_kubernetes_executor.py
[2024-12-16T09:08:21.877+0900] {logging_mixin.py:190} WARNING - /Users/hongseoklee/miniconda3/envs/aivenv/lib/python3.11/site-packages/airflow/serialization/serialized_objects.py:1884 DeprecationWarning: This module is deprecated. The `cncf.kubernetes` provider before version 7.4.0 uses this module - you should migrate to a newer version of `cncf.kubernetes` to get rid of this warning. If you import the module via `airflow.kubernetes` import, please use `cncf.kubernetes' provider 7.4.0+ and switch all your imports to use `apache.airflow.providers.cncf.kubernetes` to get rid of the warning.
[2024-12-16T09:08:21.882+0900] {logging_mixin.py:190} INFO - [2024-12-16T09:08:21.882+0900] {dag.py:3239} INFO - Sync 1 DAGs
[2024-12-16T09:08:21.885+0900] {logging_mixin.py:190} INFO - [2024-12-16T09:08:21.885+0900] {dag.py:4180} INFO - Setting next_dagrun for example_kubernetes_executor to None, run_after=None
[2024-12-16T09:08:21.892+0900] {processor.py:208} INFO - Processing /Users/hongseoklee/miniconda3/envs/aivenv/lib/python3.11/site-packages/airflow/example_dags/example_kubernetes_executor.py took 0.160 seconds
