[2024-12-16T09:00:46.993+0900] {processor.py:186} INFO - Started process (PID=50168) to work on /Users/hongseoklee/miniconda3/envs/aivenv/lib/python3.11/site-packages/airflow/example_dags/example_branch_operator.py
[2024-12-16T09:00:46.993+0900] {processor.py:914} INFO - Processing file /Users/hongseoklee/miniconda3/envs/aivenv/lib/python3.11/site-packages/airflow/example_dags/example_branch_operator.py for tasks to queue
[2024-12-16T09:00:46.994+0900] {logging_mixin.py:190} INFO - [2024-12-16T09:00:46.994+0900] {dagbag.py:588} INFO - Filling up the DagBag from /Users/hongseoklee/miniconda3/envs/aivenv/lib/python3.11/site-packages/airflow/example_dags/example_branch_operator.py
[2024-12-16T09:00:47.001+0900] {processor.py:927} WARNING - No viable dags retrieved from /Users/hongseoklee/miniconda3/envs/aivenv/lib/python3.11/site-packages/airflow/example_dags/example_branch_operator.py
[2024-12-16T09:00:47.028+0900] {processor.py:208} INFO - Processing /Users/hongseoklee/miniconda3/envs/aivenv/lib/python3.11/site-packages/airflow/example_dags/example_branch_operator.py took 0.035 seconds
[2024-12-16T09:03:21.216+0900] {processor.py:186} INFO - Started process (PID=50752) to work on /Users/hongseoklee/miniconda3/envs/aivenv/lib/python3.11/site-packages/airflow/example_dags/example_branch_operator.py
[2024-12-16T09:03:21.217+0900] {processor.py:914} INFO - Processing file /Users/hongseoklee/miniconda3/envs/aivenv/lib/python3.11/site-packages/airflow/example_dags/example_branch_operator.py for tasks to queue
[2024-12-16T09:03:21.218+0900] {logging_mixin.py:190} INFO - [2024-12-16T09:03:21.218+0900] {dagbag.py:588} INFO - Filling up the DagBag from /Users/hongseoklee/miniconda3/envs/aivenv/lib/python3.11/site-packages/airflow/example_dags/example_branch_operator.py
[2024-12-16T09:03:21.225+0900] {processor.py:927} WARNING - No viable dags retrieved from /Users/hongseoklee/miniconda3/envs/aivenv/lib/python3.11/site-packages/airflow/example_dags/example_branch_operator.py
[2024-12-16T09:03:21.250+0900] {processor.py:208} INFO - Processing /Users/hongseoklee/miniconda3/envs/aivenv/lib/python3.11/site-packages/airflow/example_dags/example_branch_operator.py took 0.035 seconds
[2024-12-16T09:05:59.596+0900] {processor.py:186} INFO - Started process (PID=51201) to work on /Users/hongseoklee/miniconda3/envs/aivenv/lib/python3.11/site-packages/airflow/example_dags/example_branch_operator.py
[2024-12-16T09:05:59.597+0900] {processor.py:914} INFO - Processing file /Users/hongseoklee/miniconda3/envs/aivenv/lib/python3.11/site-packages/airflow/example_dags/example_branch_operator.py for tasks to queue
[2024-12-16T09:05:59.598+0900] {logging_mixin.py:190} INFO - [2024-12-16T09:05:59.598+0900] {dagbag.py:588} INFO - Filling up the DagBag from /Users/hongseoklee/miniconda3/envs/aivenv/lib/python3.11/site-packages/airflow/example_dags/example_branch_operator.py
[2024-12-16T09:05:59.604+0900] {processor.py:927} WARNING - No viable dags retrieved from /Users/hongseoklee/miniconda3/envs/aivenv/lib/python3.11/site-packages/airflow/example_dags/example_branch_operator.py
[2024-12-16T09:05:59.630+0900] {processor.py:208} INFO - Processing /Users/hongseoklee/miniconda3/envs/aivenv/lib/python3.11/site-packages/airflow/example_dags/example_branch_operator.py took 0.034 seconds
[2024-12-16T09:08:36.043+0900] {processor.py:186} INFO - Started process (PID=51624) to work on /Users/hongseoklee/miniconda3/envs/aivenv/lib/python3.11/site-packages/airflow/example_dags/example_branch_operator.py
[2024-12-16T09:08:36.044+0900] {processor.py:914} INFO - Processing file /Users/hongseoklee/miniconda3/envs/aivenv/lib/python3.11/site-packages/airflow/example_dags/example_branch_operator.py for tasks to queue
[2024-12-16T09:08:36.045+0900] {logging_mixin.py:190} INFO - [2024-12-16T09:08:36.045+0900] {dagbag.py:588} INFO - Filling up the DagBag from /Users/hongseoklee/miniconda3/envs/aivenv/lib/python3.11/site-packages/airflow/example_dags/example_branch_operator.py
[2024-12-16T09:08:36.051+0900] {processor.py:927} WARNING - No viable dags retrieved from /Users/hongseoklee/miniconda3/envs/aivenv/lib/python3.11/site-packages/airflow/example_dags/example_branch_operator.py
[2024-12-16T09:08:36.077+0900] {processor.py:208} INFO - Processing /Users/hongseoklee/miniconda3/envs/aivenv/lib/python3.11/site-packages/airflow/example_dags/example_branch_operator.py took 0.035 seconds
