[2024-12-16T09:00:08.425+0900] {processor.py:186} INFO - Started process (PID=50063) to work on /Users/hongseoklee/miniconda3/envs/aivenv/lib/python3.11/site-packages/airflow/example_dags/example_subdag_operator.py
[2024-12-16T09:00:08.425+0900] {processor.py:914} INFO - Processing file /Users/hongseoklee/miniconda3/envs/aivenv/lib/python3.11/site-packages/airflow/example_dags/example_subdag_operator.py for tasks to queue
[2024-12-16T09:00:08.425+0900] {logging_mixin.py:190} INFO - [2024-12-16T09:00:08.425+0900] {dagbag.py:588} INFO - Filling up the DagBag from /Users/hongseoklee/miniconda3/envs/aivenv/lib/python3.11/site-packages/airflow/example_dags/example_subdag_operator.py
[2024-12-16T09:00:08.457+0900] {processor.py:925} INFO - DAG(s) 'example_subdag_operator.section-1', 'example_subdag_operator.section-2', 'example_subdag_operator' retrieved from /Users/hongseoklee/miniconda3/envs/aivenv/lib/python3.11/site-packages/airflow/example_dags/example_subdag_operator.py
[2024-12-16T09:00:08.721+0900] {logging_mixin.py:190} INFO - [2024-12-16T09:00:08.721+0900] {dag.py:3239} INFO - Sync 3 DAGs
[2024-12-16T09:00:08.729+0900] {logging_mixin.py:190} INFO - [2024-12-16T09:00:08.729+0900] {dag.py:4180} INFO - Setting next_dagrun for example_subdag_operator to 2022-01-01T00:00:00+00:00, run_after=2022-01-01T00:00:00+00:00
[2024-12-16T09:00:08.730+0900] {logging_mixin.py:190} INFO - [2024-12-16T09:00:08.730+0900] {dag.py:4180} INFO - Setting next_dagrun for example_subdag_operator.section-1 to None, run_after=None
[2024-12-16T09:00:08.731+0900] {logging_mixin.py:190} INFO - [2024-12-16T09:00:08.731+0900] {dag.py:4180} INFO - Setting next_dagrun for example_subdag_operator.section-2 to None, run_after=None
[2024-12-16T09:00:08.733+0900] {logging_mixin.py:190} INFO - [2024-12-16T09:00:08.733+0900] {dag.py:3239} INFO - Sync 2 DAGs
[2024-12-16T09:00:08.734+0900] {logging_mixin.py:190} INFO - [2024-12-16T09:00:08.734+0900] {dag.py:4180} INFO - Setting next_dagrun for example_subdag_operator.section-1 to None, run_after=None
[2024-12-16T09:00:08.734+0900] {logging_mixin.py:190} INFO - [2024-12-16T09:00:08.734+0900] {dag.py:4180} INFO - Setting next_dagrun for example_subdag_operator.section-2 to None, run_after=None
[2024-12-16T09:00:08.738+0900] {processor.py:208} INFO - Processing /Users/hongseoklee/miniconda3/envs/aivenv/lib/python3.11/site-packages/airflow/example_dags/example_subdag_operator.py took 0.314 seconds
[2024-12-16T09:01:27.356+0900] {processor.py:186} INFO - Started process (PID=50312) to work on /Users/hongseoklee/miniconda3/envs/aivenv/lib/python3.11/site-packages/airflow/example_dags/example_subdag_operator.py
[2024-12-16T09:01:27.357+0900] {processor.py:914} INFO - Processing file /Users/hongseoklee/miniconda3/envs/aivenv/lib/python3.11/site-packages/airflow/example_dags/example_subdag_operator.py for tasks to queue
[2024-12-16T09:01:27.358+0900] {logging_mixin.py:190} INFO - [2024-12-16T09:01:27.358+0900] {dagbag.py:588} INFO - Filling up the DagBag from /Users/hongseoklee/miniconda3/envs/aivenv/lib/python3.11/site-packages/airflow/example_dags/example_subdag_operator.py
[2024-12-16T09:01:27.388+0900] {processor.py:925} INFO - DAG(s) 'example_subdag_operator.section-1', 'example_subdag_operator.section-2', 'example_subdag_operator' retrieved from /Users/hongseoklee/miniconda3/envs/aivenv/lib/python3.11/site-packages/airflow/example_dags/example_subdag_operator.py
[2024-12-16T09:01:27.669+0900] {logging_mixin.py:190} INFO - [2024-12-16T09:01:27.669+0900] {dag.py:3239} INFO - Sync 3 DAGs
[2024-12-16T09:01:27.676+0900] {logging_mixin.py:190} INFO - [2024-12-16T09:01:27.676+0900] {dag.py:4180} INFO - Setting next_dagrun for example_subdag_operator to 2022-01-01T00:00:00+00:00, run_after=2022-01-01T00:00:00+00:00
[2024-12-16T09:01:27.677+0900] {logging_mixin.py:190} INFO - [2024-12-16T09:01:27.677+0900] {dag.py:4180} INFO - Setting next_dagrun for example_subdag_operator.section-1 to None, run_after=None
[2024-12-16T09:01:27.677+0900] {logging_mixin.py:190} INFO - [2024-12-16T09:01:27.677+0900] {dag.py:4180} INFO - Setting next_dagrun for example_subdag_operator.section-2 to None, run_after=None
[2024-12-16T09:01:27.679+0900] {logging_mixin.py:190} INFO - [2024-12-16T09:01:27.679+0900] {dag.py:3239} INFO - Sync 2 DAGs
[2024-12-16T09:01:27.680+0900] {logging_mixin.py:190} INFO - [2024-12-16T09:01:27.680+0900] {dag.py:4180} INFO - Setting next_dagrun for example_subdag_operator.section-1 to None, run_after=None
[2024-12-16T09:01:27.680+0900] {logging_mixin.py:190} INFO - [2024-12-16T09:01:27.680+0900] {dag.py:4180} INFO - Setting next_dagrun for example_subdag_operator.section-2 to None, run_after=None
[2024-12-16T09:01:27.685+0900] {processor.py:208} INFO - Processing /Users/hongseoklee/miniconda3/envs/aivenv/lib/python3.11/site-packages/airflow/example_dags/example_subdag_operator.py took 0.330 seconds
[2024-12-16T09:02:43.242+0900] {processor.py:186} INFO - Started process (PID=50644) to work on /Users/hongseoklee/miniconda3/envs/aivenv/lib/python3.11/site-packages/airflow/example_dags/example_subdag_operator.py
[2024-12-16T09:02:43.243+0900] {processor.py:914} INFO - Processing file /Users/hongseoklee/miniconda3/envs/aivenv/lib/python3.11/site-packages/airflow/example_dags/example_subdag_operator.py for tasks to queue
[2024-12-16T09:02:43.244+0900] {logging_mixin.py:190} INFO - [2024-12-16T09:02:43.244+0900] {dagbag.py:588} INFO - Filling up the DagBag from /Users/hongseoklee/miniconda3/envs/aivenv/lib/python3.11/site-packages/airflow/example_dags/example_subdag_operator.py
[2024-12-16T09:02:43.276+0900] {processor.py:925} INFO - DAG(s) 'example_subdag_operator.section-1', 'example_subdag_operator.section-2', 'example_subdag_operator' retrieved from /Users/hongseoklee/miniconda3/envs/aivenv/lib/python3.11/site-packages/airflow/example_dags/example_subdag_operator.py
[2024-12-16T09:02:43.529+0900] {logging_mixin.py:190} INFO - [2024-12-16T09:02:43.529+0900] {dag.py:3239} INFO - Sync 3 DAGs
[2024-12-16T09:02:43.537+0900] {logging_mixin.py:190} INFO - [2024-12-16T09:02:43.536+0900] {dag.py:4180} INFO - Setting next_dagrun for example_subdag_operator to 2022-01-01T00:00:00+00:00, run_after=2022-01-01T00:00:00+00:00
[2024-12-16T09:02:43.539+0900] {logging_mixin.py:190} INFO - [2024-12-16T09:02:43.539+0900] {dag.py:4180} INFO - Setting next_dagrun for example_subdag_operator.section-1 to None, run_after=None
[2024-12-16T09:02:43.539+0900] {logging_mixin.py:190} INFO - [2024-12-16T09:02:43.539+0900] {dag.py:4180} INFO - Setting next_dagrun for example_subdag_operator.section-2 to None, run_after=None
[2024-12-16T09:02:43.544+0900] {logging_mixin.py:190} INFO - [2024-12-16T09:02:43.544+0900] {dag.py:3239} INFO - Sync 2 DAGs
[2024-12-16T09:02:43.546+0900] {logging_mixin.py:190} INFO - [2024-12-16T09:02:43.546+0900] {dag.py:4180} INFO - Setting next_dagrun for example_subdag_operator.section-1 to None, run_after=None
[2024-12-16T09:02:43.547+0900] {logging_mixin.py:190} INFO - [2024-12-16T09:02:43.547+0900] {dag.py:4180} INFO - Setting next_dagrun for example_subdag_operator.section-2 to None, run_after=None
[2024-12-16T09:02:43.552+0900] {processor.py:208} INFO - Processing /Users/hongseoklee/miniconda3/envs/aivenv/lib/python3.11/site-packages/airflow/example_dags/example_subdag_operator.py took 0.311 seconds
[2024-12-16T09:03:59.018+0900] {processor.py:186} INFO - Started process (PID=50866) to work on /Users/hongseoklee/miniconda3/envs/aivenv/lib/python3.11/site-packages/airflow/example_dags/example_subdag_operator.py
[2024-12-16T09:03:59.020+0900] {processor.py:914} INFO - Processing file /Users/hongseoklee/miniconda3/envs/aivenv/lib/python3.11/site-packages/airflow/example_dags/example_subdag_operator.py for tasks to queue
[2024-12-16T09:03:59.020+0900] {logging_mixin.py:190} INFO - [2024-12-16T09:03:59.020+0900] {dagbag.py:588} INFO - Filling up the DagBag from /Users/hongseoklee/miniconda3/envs/aivenv/lib/python3.11/site-packages/airflow/example_dags/example_subdag_operator.py
[2024-12-16T09:03:59.052+0900] {processor.py:925} INFO - DAG(s) 'example_subdag_operator.section-1', 'example_subdag_operator.section-2', 'example_subdag_operator' retrieved from /Users/hongseoklee/miniconda3/envs/aivenv/lib/python3.11/site-packages/airflow/example_dags/example_subdag_operator.py
[2024-12-16T09:03:59.303+0900] {logging_mixin.py:190} INFO - [2024-12-16T09:03:59.303+0900] {dag.py:3239} INFO - Sync 3 DAGs
[2024-12-16T09:03:59.310+0900] {logging_mixin.py:190} INFO - [2024-12-16T09:03:59.309+0900] {dag.py:4180} INFO - Setting next_dagrun for example_subdag_operator to 2022-01-01T00:00:00+00:00, run_after=2022-01-01T00:00:00+00:00
[2024-12-16T09:03:59.312+0900] {logging_mixin.py:190} INFO - [2024-12-16T09:03:59.312+0900] {dag.py:4180} INFO - Setting next_dagrun for example_subdag_operator.section-1 to None, run_after=None
[2024-12-16T09:03:59.313+0900] {logging_mixin.py:190} INFO - [2024-12-16T09:03:59.313+0900] {dag.py:4180} INFO - Setting next_dagrun for example_subdag_operator.section-2 to None, run_after=None
[2024-12-16T09:03:59.317+0900] {logging_mixin.py:190} INFO - [2024-12-16T09:03:59.317+0900] {dag.py:3239} INFO - Sync 2 DAGs
[2024-12-16T09:03:59.319+0900] {logging_mixin.py:190} INFO - [2024-12-16T09:03:59.319+0900] {dag.py:4180} INFO - Setting next_dagrun for example_subdag_operator.section-1 to None, run_after=None
[2024-12-16T09:03:59.320+0900] {logging_mixin.py:190} INFO - [2024-12-16T09:03:59.319+0900] {dag.py:4180} INFO - Setting next_dagrun for example_subdag_operator.section-2 to None, run_after=None
[2024-12-16T09:03:59.330+0900] {processor.py:208} INFO - Processing /Users/hongseoklee/miniconda3/envs/aivenv/lib/python3.11/site-packages/airflow/example_dags/example_subdag_operator.py took 0.313 seconds
[2024-12-16T09:05:21.588+0900] {processor.py:186} INFO - Started process (PID=51096) to work on /Users/hongseoklee/miniconda3/envs/aivenv/lib/python3.11/site-packages/airflow/example_dags/example_subdag_operator.py
[2024-12-16T09:05:21.589+0900] {processor.py:914} INFO - Processing file /Users/hongseoklee/miniconda3/envs/aivenv/lib/python3.11/site-packages/airflow/example_dags/example_subdag_operator.py for tasks to queue
[2024-12-16T09:05:21.589+0900] {logging_mixin.py:190} INFO - [2024-12-16T09:05:21.589+0900] {dagbag.py:588} INFO - Filling up the DagBag from /Users/hongseoklee/miniconda3/envs/aivenv/lib/python3.11/site-packages/airflow/example_dags/example_subdag_operator.py
[2024-12-16T09:05:21.620+0900] {processor.py:925} INFO - DAG(s) 'example_subdag_operator.section-1', 'example_subdag_operator.section-2', 'example_subdag_operator' retrieved from /Users/hongseoklee/miniconda3/envs/aivenv/lib/python3.11/site-packages/airflow/example_dags/example_subdag_operator.py
[2024-12-16T09:05:21.866+0900] {logging_mixin.py:190} INFO - [2024-12-16T09:05:21.866+0900] {dag.py:3239} INFO - Sync 3 DAGs
[2024-12-16T09:05:21.878+0900] {logging_mixin.py:190} INFO - [2024-12-16T09:05:21.878+0900] {dag.py:4180} INFO - Setting next_dagrun for example_subdag_operator to 2022-01-01T00:00:00+00:00, run_after=2022-01-01T00:00:00+00:00
[2024-12-16T09:05:21.879+0900] {logging_mixin.py:190} INFO - [2024-12-16T09:05:21.879+0900] {dag.py:4180} INFO - Setting next_dagrun for example_subdag_operator.section-1 to None, run_after=None
[2024-12-16T09:05:21.879+0900] {logging_mixin.py:190} INFO - [2024-12-16T09:05:21.879+0900] {dag.py:4180} INFO - Setting next_dagrun for example_subdag_operator.section-2 to None, run_after=None
[2024-12-16T09:05:21.881+0900] {logging_mixin.py:190} INFO - [2024-12-16T09:05:21.881+0900] {dag.py:3239} INFO - Sync 2 DAGs
[2024-12-16T09:05:21.882+0900] {logging_mixin.py:190} INFO - [2024-12-16T09:05:21.882+0900] {dag.py:4180} INFO - Setting next_dagrun for example_subdag_operator.section-1 to None, run_after=None
[2024-12-16T09:05:21.882+0900] {logging_mixin.py:190} INFO - [2024-12-16T09:05:21.882+0900] {dag.py:4180} INFO - Setting next_dagrun for example_subdag_operator.section-2 to None, run_after=None
[2024-12-16T09:05:21.887+0900] {processor.py:208} INFO - Processing /Users/hongseoklee/miniconda3/envs/aivenv/lib/python3.11/site-packages/airflow/example_dags/example_subdag_operator.py took 0.300 seconds
[2024-12-16T09:06:39.013+0900] {processor.py:186} INFO - Started process (PID=51309) to work on /Users/hongseoklee/miniconda3/envs/aivenv/lib/python3.11/site-packages/airflow/example_dags/example_subdag_operator.py
[2024-12-16T09:06:39.014+0900] {processor.py:914} INFO - Processing file /Users/hongseoklee/miniconda3/envs/aivenv/lib/python3.11/site-packages/airflow/example_dags/example_subdag_operator.py for tasks to queue
[2024-12-16T09:06:39.015+0900] {logging_mixin.py:190} INFO - [2024-12-16T09:06:39.015+0900] {dagbag.py:588} INFO - Filling up the DagBag from /Users/hongseoklee/miniconda3/envs/aivenv/lib/python3.11/site-packages/airflow/example_dags/example_subdag_operator.py
[2024-12-16T09:06:39.047+0900] {processor.py:925} INFO - DAG(s) 'example_subdag_operator.section-1', 'example_subdag_operator.section-2', 'example_subdag_operator' retrieved from /Users/hongseoklee/miniconda3/envs/aivenv/lib/python3.11/site-packages/airflow/example_dags/example_subdag_operator.py
[2024-12-16T09:06:39.335+0900] {logging_mixin.py:190} INFO - [2024-12-16T09:06:39.334+0900] {dag.py:3239} INFO - Sync 3 DAGs
[2024-12-16T09:06:39.341+0900] {logging_mixin.py:190} INFO - [2024-12-16T09:06:39.341+0900] {dag.py:4180} INFO - Setting next_dagrun for example_subdag_operator to 2022-01-01T00:00:00+00:00, run_after=2022-01-01T00:00:00+00:00
[2024-12-16T09:06:39.342+0900] {logging_mixin.py:190} INFO - [2024-12-16T09:06:39.342+0900] {dag.py:4180} INFO - Setting next_dagrun for example_subdag_operator.section-1 to None, run_after=None
[2024-12-16T09:06:39.342+0900] {logging_mixin.py:190} INFO - [2024-12-16T09:06:39.342+0900] {dag.py:4180} INFO - Setting next_dagrun for example_subdag_operator.section-2 to None, run_after=None
[2024-12-16T09:06:39.344+0900] {logging_mixin.py:190} INFO - [2024-12-16T09:06:39.344+0900] {dag.py:3239} INFO - Sync 2 DAGs
[2024-12-16T09:06:39.345+0900] {logging_mixin.py:190} INFO - [2024-12-16T09:06:39.345+0900] {dag.py:4180} INFO - Setting next_dagrun for example_subdag_operator.section-1 to None, run_after=None
[2024-12-16T09:06:39.345+0900] {logging_mixin.py:190} INFO - [2024-12-16T09:06:39.345+0900] {dag.py:4180} INFO - Setting next_dagrun for example_subdag_operator.section-2 to None, run_after=None
[2024-12-16T09:06:39.349+0900] {processor.py:208} INFO - Processing /Users/hongseoklee/miniconda3/envs/aivenv/lib/python3.11/site-packages/airflow/example_dags/example_subdag_operator.py took 0.337 seconds
[2024-12-16T09:07:56.728+0900] {processor.py:186} INFO - Started process (PID=51516) to work on /Users/hongseoklee/miniconda3/envs/aivenv/lib/python3.11/site-packages/airflow/example_dags/example_subdag_operator.py
[2024-12-16T09:07:56.729+0900] {processor.py:914} INFO - Processing file /Users/hongseoklee/miniconda3/envs/aivenv/lib/python3.11/site-packages/airflow/example_dags/example_subdag_operator.py for tasks to queue
[2024-12-16T09:07:56.729+0900] {logging_mixin.py:190} INFO - [2024-12-16T09:07:56.729+0900] {dagbag.py:588} INFO - Filling up the DagBag from /Users/hongseoklee/miniconda3/envs/aivenv/lib/python3.11/site-packages/airflow/example_dags/example_subdag_operator.py
[2024-12-16T09:07:56.760+0900] {processor.py:925} INFO - DAG(s) 'example_subdag_operator.section-1', 'example_subdag_operator.section-2', 'example_subdag_operator' retrieved from /Users/hongseoklee/miniconda3/envs/aivenv/lib/python3.11/site-packages/airflow/example_dags/example_subdag_operator.py
[2024-12-16T09:07:57.031+0900] {logging_mixin.py:190} INFO - [2024-12-16T09:07:57.030+0900] {dag.py:3239} INFO - Sync 3 DAGs
[2024-12-16T09:07:57.038+0900] {logging_mixin.py:190} INFO - [2024-12-16T09:07:57.037+0900] {dag.py:4180} INFO - Setting next_dagrun for example_subdag_operator to 2022-01-01T00:00:00+00:00, run_after=2022-01-01T00:00:00+00:00
[2024-12-16T09:07:57.039+0900] {logging_mixin.py:190} INFO - [2024-12-16T09:07:57.039+0900] {dag.py:4180} INFO - Setting next_dagrun for example_subdag_operator.section-1 to None, run_after=None
[2024-12-16T09:07:57.039+0900] {logging_mixin.py:190} INFO - [2024-12-16T09:07:57.039+0900] {dag.py:4180} INFO - Setting next_dagrun for example_subdag_operator.section-2 to None, run_after=None
[2024-12-16T09:07:57.041+0900] {logging_mixin.py:190} INFO - [2024-12-16T09:07:57.041+0900] {dag.py:3239} INFO - Sync 2 DAGs
[2024-12-16T09:07:57.042+0900] {logging_mixin.py:190} INFO - [2024-12-16T09:07:57.042+0900] {dag.py:4180} INFO - Setting next_dagrun for example_subdag_operator.section-1 to None, run_after=None
[2024-12-16T09:07:57.042+0900] {logging_mixin.py:190} INFO - [2024-12-16T09:07:57.042+0900] {dag.py:4180} INFO - Setting next_dagrun for example_subdag_operator.section-2 to None, run_after=None
[2024-12-16T09:07:57.047+0900] {processor.py:208} INFO - Processing /Users/hongseoklee/miniconda3/envs/aivenv/lib/python3.11/site-packages/airflow/example_dags/example_subdag_operator.py took 0.320 seconds
