[2024-12-16T09:01:49.283+0900] {processor.py:186} INFO - Started process (PID=50379) to work on /Users/hongseoklee/miniconda3/envs/aivenv/lib/python3.11/site-packages/airflow/example_dags/example_dynamic_task_mapping.py
[2024-12-16T09:01:49.283+0900] {processor.py:914} INFO - Processing file /Users/hongseoklee/miniconda3/envs/aivenv/lib/python3.11/site-packages/airflow/example_dags/example_dynamic_task_mapping.py for tasks to queue
[2024-12-16T09:01:49.284+0900] {logging_mixin.py:190} INFO - [2024-12-16T09:01:49.283+0900] {dagbag.py:588} INFO - Filling up the DagBag from /Users/hongseoklee/miniconda3/envs/aivenv/lib/python3.11/site-packages/airflow/example_dags/example_dynamic_task_mapping.py
[2024-12-16T09:01:49.296+0900] {processor.py:925} INFO - DAG(s) 'example_dynamic_task_mapping' retrieved from /Users/hongseoklee/miniconda3/envs/aivenv/lib/python3.11/site-packages/airflow/example_dags/example_dynamic_task_mapping.py
[2024-12-16T09:01:49.324+0900] {logging_mixin.py:190} INFO - [2024-12-16T09:01:49.324+0900] {dag.py:3239} INFO - Sync 1 DAGs
[2024-12-16T09:01:49.359+0900] {logging_mixin.py:190} INFO - [2024-12-16T09:01:49.359+0900] {dag.py:4180} INFO - Setting next_dagrun for example_dynamic_task_mapping to None, run_after=None
[2024-12-16T09:01:49.366+0900] {processor.py:208} INFO - Processing /Users/hongseoklee/miniconda3/envs/aivenv/lib/python3.11/site-packages/airflow/example_dags/example_dynamic_task_mapping.py took 0.084 seconds
[2024-12-16T09:04:24.112+0900] {processor.py:186} INFO - Started process (PID=50933) to work on /Users/hongseoklee/miniconda3/envs/aivenv/lib/python3.11/site-packages/airflow/example_dags/example_dynamic_task_mapping.py
[2024-12-16T09:04:24.112+0900] {processor.py:914} INFO - Processing file /Users/hongseoklee/miniconda3/envs/aivenv/lib/python3.11/site-packages/airflow/example_dags/example_dynamic_task_mapping.py for tasks to queue
[2024-12-16T09:04:24.112+0900] {logging_mixin.py:190} INFO - [2024-12-16T09:04:24.112+0900] {dagbag.py:588} INFO - Filling up the DagBag from /Users/hongseoklee/miniconda3/envs/aivenv/lib/python3.11/site-packages/airflow/example_dags/example_dynamic_task_mapping.py
[2024-12-16T09:04:24.124+0900] {processor.py:925} INFO - DAG(s) 'example_dynamic_task_mapping' retrieved from /Users/hongseoklee/miniconda3/envs/aivenv/lib/python3.11/site-packages/airflow/example_dags/example_dynamic_task_mapping.py
[2024-12-16T09:04:24.152+0900] {logging_mixin.py:190} INFO - [2024-12-16T09:04:24.152+0900] {dag.py:3239} INFO - Sync 1 DAGs
[2024-12-16T09:04:24.188+0900] {logging_mixin.py:190} INFO - [2024-12-16T09:04:24.188+0900] {dag.py:4180} INFO - Setting next_dagrun for example_dynamic_task_mapping to None, run_after=None
[2024-12-16T09:04:24.194+0900] {processor.py:208} INFO - Processing /Users/hongseoklee/miniconda3/envs/aivenv/lib/python3.11/site-packages/airflow/example_dags/example_dynamic_task_mapping.py took 0.083 seconds
[2024-12-16T09:07:03.522+0900] {processor.py:186} INFO - Started process (PID=51373) to work on /Users/hongseoklee/miniconda3/envs/aivenv/lib/python3.11/site-packages/airflow/example_dags/example_dynamic_task_mapping.py
[2024-12-16T09:07:03.523+0900] {processor.py:914} INFO - Processing file /Users/hongseoklee/miniconda3/envs/aivenv/lib/python3.11/site-packages/airflow/example_dags/example_dynamic_task_mapping.py for tasks to queue
[2024-12-16T09:07:03.523+0900] {logging_mixin.py:190} INFO - [2024-12-16T09:07:03.523+0900] {dagbag.py:588} INFO - Filling up the DagBag from /Users/hongseoklee/miniconda3/envs/aivenv/lib/python3.11/site-packages/airflow/example_dags/example_dynamic_task_mapping.py
[2024-12-16T09:07:03.535+0900] {processor.py:925} INFO - DAG(s) 'example_dynamic_task_mapping' retrieved from /Users/hongseoklee/miniconda3/envs/aivenv/lib/python3.11/site-packages/airflow/example_dags/example_dynamic_task_mapping.py
[2024-12-16T09:07:03.563+0900] {logging_mixin.py:190} INFO - [2024-12-16T09:07:03.563+0900] {dag.py:3239} INFO - Sync 1 DAGs
[2024-12-16T09:07:03.597+0900] {logging_mixin.py:190} INFO - [2024-12-16T09:07:03.597+0900] {dag.py:4180} INFO - Setting next_dagrun for example_dynamic_task_mapping to None, run_after=None
[2024-12-16T09:07:03.603+0900] {processor.py:208} INFO - Processing /Users/hongseoklee/miniconda3/envs/aivenv/lib/python3.11/site-packages/airflow/example_dags/example_dynamic_task_mapping.py took 0.083 seconds
