[2024-12-16T09:00:00.367+0900] {processor.py:186} INFO - Started process (PID=50043) to work on /Users/hongseoklee/miniconda3/envs/aivenv/lib/python3.11/site-packages/airflow/example_dags/example_trigger_controller_dag.py
[2024-12-16T09:00:00.367+0900] {processor.py:914} INFO - Processing file /Users/hongseoklee/miniconda3/envs/aivenv/lib/python3.11/site-packages/airflow/example_dags/example_trigger_controller_dag.py for tasks to queue
[2024-12-16T09:00:00.368+0900] {logging_mixin.py:190} INFO - [2024-12-16T09:00:00.368+0900] {dagbag.py:588} INFO - Filling up the DagBag from /Users/hongseoklee/miniconda3/envs/aivenv/lib/python3.11/site-packages/airflow/example_dags/example_trigger_controller_dag.py
[2024-12-16T09:00:00.372+0900] {processor.py:925} INFO - DAG(s) 'example_trigger_controller_dag' retrieved from /Users/hongseoklee/miniconda3/envs/aivenv/lib/python3.11/site-packages/airflow/example_dags/example_trigger_controller_dag.py
[2024-12-16T09:00:00.399+0900] {logging_mixin.py:190} INFO - [2024-12-16T09:00:00.399+0900] {dag.py:3239} INFO - Sync 1 DAGs
[2024-12-16T09:00:00.404+0900] {logging_mixin.py:190} INFO - [2024-12-16T09:00:00.404+0900] {dag.py:4180} INFO - Setting next_dagrun for example_trigger_controller_dag to 2021-01-01T00:00:00+00:00, run_after=2021-01-01T00:00:00+00:00
[2024-12-16T09:00:00.410+0900] {processor.py:208} INFO - Processing /Users/hongseoklee/miniconda3/envs/aivenv/lib/python3.11/site-packages/airflow/example_dags/example_trigger_controller_dag.py took 0.044 seconds
[2024-12-16T09:01:19.499+0900] {processor.py:186} INFO - Started process (PID=50292) to work on /Users/hongseoklee/miniconda3/envs/aivenv/lib/python3.11/site-packages/airflow/example_dags/example_trigger_controller_dag.py
[2024-12-16T09:01:19.500+0900] {processor.py:914} INFO - Processing file /Users/hongseoklee/miniconda3/envs/aivenv/lib/python3.11/site-packages/airflow/example_dags/example_trigger_controller_dag.py for tasks to queue
[2024-12-16T09:01:19.501+0900] {logging_mixin.py:190} INFO - [2024-12-16T09:01:19.501+0900] {dagbag.py:588} INFO - Filling up the DagBag from /Users/hongseoklee/miniconda3/envs/aivenv/lib/python3.11/site-packages/airflow/example_dags/example_trigger_controller_dag.py
[2024-12-16T09:01:19.505+0900] {processor.py:925} INFO - DAG(s) 'example_trigger_controller_dag' retrieved from /Users/hongseoklee/miniconda3/envs/aivenv/lib/python3.11/site-packages/airflow/example_dags/example_trigger_controller_dag.py
[2024-12-16T09:01:19.532+0900] {logging_mixin.py:190} INFO - [2024-12-16T09:01:19.532+0900] {dag.py:3239} INFO - Sync 1 DAGs
[2024-12-16T09:01:19.537+0900] {logging_mixin.py:190} INFO - [2024-12-16T09:01:19.537+0900] {dag.py:4180} INFO - Setting next_dagrun for example_trigger_controller_dag to 2021-01-01T00:00:00+00:00, run_after=2021-01-01T00:00:00+00:00
[2024-12-16T09:01:19.542+0900] {processor.py:208} INFO - Processing /Users/hongseoklee/miniconda3/envs/aivenv/lib/python3.11/site-packages/airflow/example_dags/example_trigger_controller_dag.py took 0.044 seconds
[2024-12-16T09:02:36.170+0900] {processor.py:186} INFO - Started process (PID=50623) to work on /Users/hongseoklee/miniconda3/envs/aivenv/lib/python3.11/site-packages/airflow/example_dags/example_trigger_controller_dag.py
[2024-12-16T09:02:36.170+0900] {processor.py:914} INFO - Processing file /Users/hongseoklee/miniconda3/envs/aivenv/lib/python3.11/site-packages/airflow/example_dags/example_trigger_controller_dag.py for tasks to queue
[2024-12-16T09:02:36.171+0900] {logging_mixin.py:190} INFO - [2024-12-16T09:02:36.171+0900] {dagbag.py:588} INFO - Filling up the DagBag from /Users/hongseoklee/miniconda3/envs/aivenv/lib/python3.11/site-packages/airflow/example_dags/example_trigger_controller_dag.py
[2024-12-16T09:02:36.175+0900] {processor.py:925} INFO - DAG(s) 'example_trigger_controller_dag' retrieved from /Users/hongseoklee/miniconda3/envs/aivenv/lib/python3.11/site-packages/airflow/example_dags/example_trigger_controller_dag.py
[2024-12-16T09:02:36.203+0900] {logging_mixin.py:190} INFO - [2024-12-16T09:02:36.203+0900] {dag.py:3239} INFO - Sync 1 DAGs
[2024-12-16T09:02:36.208+0900] {logging_mixin.py:190} INFO - [2024-12-16T09:02:36.208+0900] {dag.py:4180} INFO - Setting next_dagrun for example_trigger_controller_dag to 2021-01-01T00:00:00+00:00, run_after=2021-01-01T00:00:00+00:00
[2024-12-16T09:02:36.214+0900] {processor.py:208} INFO - Processing /Users/hongseoklee/miniconda3/envs/aivenv/lib/python3.11/site-packages/airflow/example_dags/example_trigger_controller_dag.py took 0.045 seconds
[2024-12-16T09:03:51.445+0900] {processor.py:186} INFO - Started process (PID=50846) to work on /Users/hongseoklee/miniconda3/envs/aivenv/lib/python3.11/site-packages/airflow/example_dags/example_trigger_controller_dag.py
[2024-12-16T09:03:51.446+0900] {processor.py:914} INFO - Processing file /Users/hongseoklee/miniconda3/envs/aivenv/lib/python3.11/site-packages/airflow/example_dags/example_trigger_controller_dag.py for tasks to queue
[2024-12-16T09:03:51.446+0900] {logging_mixin.py:190} INFO - [2024-12-16T09:03:51.446+0900] {dagbag.py:588} INFO - Filling up the DagBag from /Users/hongseoklee/miniconda3/envs/aivenv/lib/python3.11/site-packages/airflow/example_dags/example_trigger_controller_dag.py
[2024-12-16T09:03:51.450+0900] {processor.py:925} INFO - DAG(s) 'example_trigger_controller_dag' retrieved from /Users/hongseoklee/miniconda3/envs/aivenv/lib/python3.11/site-packages/airflow/example_dags/example_trigger_controller_dag.py
[2024-12-16T09:03:51.477+0900] {logging_mixin.py:190} INFO - [2024-12-16T09:03:51.477+0900] {dag.py:3239} INFO - Sync 1 DAGs
[2024-12-16T09:03:51.482+0900] {logging_mixin.py:190} INFO - [2024-12-16T09:03:51.482+0900] {dag.py:4180} INFO - Setting next_dagrun for example_trigger_controller_dag to 2021-01-01T00:00:00+00:00, run_after=2021-01-01T00:00:00+00:00
[2024-12-16T09:03:51.489+0900] {processor.py:208} INFO - Processing /Users/hongseoklee/miniconda3/envs/aivenv/lib/python3.11/site-packages/airflow/example_dags/example_trigger_controller_dag.py took 0.045 seconds
[2024-12-16T09:05:14.298+0900] {processor.py:186} INFO - Started process (PID=51077) to work on /Users/hongseoklee/miniconda3/envs/aivenv/lib/python3.11/site-packages/airflow/example_dags/example_trigger_controller_dag.py
[2024-12-16T09:05:14.299+0900] {processor.py:914} INFO - Processing file /Users/hongseoklee/miniconda3/envs/aivenv/lib/python3.11/site-packages/airflow/example_dags/example_trigger_controller_dag.py for tasks to queue
[2024-12-16T09:05:14.299+0900] {logging_mixin.py:190} INFO - [2024-12-16T09:05:14.299+0900] {dagbag.py:588} INFO - Filling up the DagBag from /Users/hongseoklee/miniconda3/envs/aivenv/lib/python3.11/site-packages/airflow/example_dags/example_trigger_controller_dag.py
[2024-12-16T09:05:14.303+0900] {processor.py:925} INFO - DAG(s) 'example_trigger_controller_dag' retrieved from /Users/hongseoklee/miniconda3/envs/aivenv/lib/python3.11/site-packages/airflow/example_dags/example_trigger_controller_dag.py
[2024-12-16T09:05:14.330+0900] {logging_mixin.py:190} INFO - [2024-12-16T09:05:14.330+0900] {dag.py:3239} INFO - Sync 1 DAGs
[2024-12-16T09:05:14.335+0900] {logging_mixin.py:190} INFO - [2024-12-16T09:05:14.335+0900] {dag.py:4180} INFO - Setting next_dagrun for example_trigger_controller_dag to 2021-01-01T00:00:00+00:00, run_after=2021-01-01T00:00:00+00:00
[2024-12-16T09:05:14.341+0900] {processor.py:208} INFO - Processing /Users/hongseoklee/miniconda3/envs/aivenv/lib/python3.11/site-packages/airflow/example_dags/example_trigger_controller_dag.py took 0.044 seconds
[2024-12-16T09:06:31.953+0900] {processor.py:186} INFO - Started process (PID=51290) to work on /Users/hongseoklee/miniconda3/envs/aivenv/lib/python3.11/site-packages/airflow/example_dags/example_trigger_controller_dag.py
[2024-12-16T09:06:31.953+0900] {processor.py:914} INFO - Processing file /Users/hongseoklee/miniconda3/envs/aivenv/lib/python3.11/site-packages/airflow/example_dags/example_trigger_controller_dag.py for tasks to queue
[2024-12-16T09:06:31.954+0900] {logging_mixin.py:190} INFO - [2024-12-16T09:06:31.954+0900] {dagbag.py:588} INFO - Filling up the DagBag from /Users/hongseoklee/miniconda3/envs/aivenv/lib/python3.11/site-packages/airflow/example_dags/example_trigger_controller_dag.py
[2024-12-16T09:06:31.958+0900] {processor.py:925} INFO - DAG(s) 'example_trigger_controller_dag' retrieved from /Users/hongseoklee/miniconda3/envs/aivenv/lib/python3.11/site-packages/airflow/example_dags/example_trigger_controller_dag.py
[2024-12-16T09:06:31.986+0900] {logging_mixin.py:190} INFO - [2024-12-16T09:06:31.986+0900] {dag.py:3239} INFO - Sync 1 DAGs
[2024-12-16T09:06:31.991+0900] {logging_mixin.py:190} INFO - [2024-12-16T09:06:31.991+0900] {dag.py:4180} INFO - Setting next_dagrun for example_trigger_controller_dag to 2021-01-01T00:00:00+00:00, run_after=2021-01-01T00:00:00+00:00
[2024-12-16T09:06:31.997+0900] {processor.py:208} INFO - Processing /Users/hongseoklee/miniconda3/envs/aivenv/lib/python3.11/site-packages/airflow/example_dags/example_trigger_controller_dag.py took 0.045 seconds
[2024-12-16T09:07:48.721+0900] {processor.py:186} INFO - Started process (PID=51497) to work on /Users/hongseoklee/miniconda3/envs/aivenv/lib/python3.11/site-packages/airflow/example_dags/example_trigger_controller_dag.py
[2024-12-16T09:07:48.721+0900] {processor.py:914} INFO - Processing file /Users/hongseoklee/miniconda3/envs/aivenv/lib/python3.11/site-packages/airflow/example_dags/example_trigger_controller_dag.py for tasks to queue
[2024-12-16T09:07:48.722+0900] {logging_mixin.py:190} INFO - [2024-12-16T09:07:48.721+0900] {dagbag.py:588} INFO - Filling up the DagBag from /Users/hongseoklee/miniconda3/envs/aivenv/lib/python3.11/site-packages/airflow/example_dags/example_trigger_controller_dag.py
[2024-12-16T09:07:48.725+0900] {processor.py:925} INFO - DAG(s) 'example_trigger_controller_dag' retrieved from /Users/hongseoklee/miniconda3/envs/aivenv/lib/python3.11/site-packages/airflow/example_dags/example_trigger_controller_dag.py
[2024-12-16T09:07:48.752+0900] {logging_mixin.py:190} INFO - [2024-12-16T09:07:48.752+0900] {dag.py:3239} INFO - Sync 1 DAGs
[2024-12-16T09:07:48.758+0900] {logging_mixin.py:190} INFO - [2024-12-16T09:07:48.757+0900] {dag.py:4180} INFO - Setting next_dagrun for example_trigger_controller_dag to 2021-01-01T00:00:00+00:00, run_after=2021-01-01T00:00:00+00:00
[2024-12-16T09:07:48.763+0900] {processor.py:208} INFO - Processing /Users/hongseoklee/miniconda3/envs/aivenv/lib/python3.11/site-packages/airflow/example_dags/example_trigger_controller_dag.py took 0.043 seconds
