[2024-12-16T09:01:13.366+0900] {processor.py:186} INFO - Started process (PID=50275) to work on /Users/hongseoklee/miniconda3/envs/aivenv/lib/python3.11/site-packages/airflow/example_dags/example_xcom.py
[2024-12-16T09:01:13.366+0900] {processor.py:914} INFO - Processing file /Users/hongseoklee/miniconda3/envs/aivenv/lib/python3.11/site-packages/airflow/example_dags/example_xcom.py for tasks to queue
[2024-12-16T09:01:13.367+0900] {logging_mixin.py:190} INFO - [2024-12-16T09:01:13.367+0900] {dagbag.py:588} INFO - Filling up the DagBag from /Users/hongseoklee/miniconda3/envs/aivenv/lib/python3.11/site-packages/airflow/example_dags/example_xcom.py
[2024-12-16T09:01:13.380+0900] {processor.py:925} INFO - DAG(s) 'example_xcom' retrieved from /Users/hongseoklee/miniconda3/envs/aivenv/lib/python3.11/site-packages/airflow/example_dags/example_xcom.py
[2024-12-16T09:01:13.409+0900] {logging_mixin.py:190} INFO - [2024-12-16T09:01:13.409+0900] {dag.py:3239} INFO - Sync 1 DAGs
[2024-12-16T09:01:13.447+0900] {logging_mixin.py:190} INFO - [2024-12-16T09:01:13.447+0900] {dag.py:4180} INFO - Setting next_dagrun for example_xcom to 2021-01-01T00:00:00+00:00, run_after=2021-01-01T00:00:00+00:00
[2024-12-16T09:01:13.453+0900] {processor.py:208} INFO - Processing /Users/hongseoklee/miniconda3/envs/aivenv/lib/python3.11/site-packages/airflow/example_dags/example_xcom.py took 0.088 seconds
[2024-12-16T09:02:30.337+0900] {processor.py:186} INFO - Started process (PID=50609) to work on /Users/hongseoklee/miniconda3/envs/aivenv/lib/python3.11/site-packages/airflow/example_dags/example_xcom.py
[2024-12-16T09:02:30.339+0900] {processor.py:914} INFO - Processing file /Users/hongseoklee/miniconda3/envs/aivenv/lib/python3.11/site-packages/airflow/example_dags/example_xcom.py for tasks to queue
[2024-12-16T09:02:30.339+0900] {logging_mixin.py:190} INFO - [2024-12-16T09:02:30.339+0900] {dagbag.py:588} INFO - Filling up the DagBag from /Users/hongseoklee/miniconda3/envs/aivenv/lib/python3.11/site-packages/airflow/example_dags/example_xcom.py
[2024-12-16T09:02:30.351+0900] {processor.py:925} INFO - DAG(s) 'example_xcom' retrieved from /Users/hongseoklee/miniconda3/envs/aivenv/lib/python3.11/site-packages/airflow/example_dags/example_xcom.py
[2024-12-16T09:02:30.380+0900] {logging_mixin.py:190} INFO - [2024-12-16T09:02:30.380+0900] {dag.py:3239} INFO - Sync 1 DAGs
[2024-12-16T09:02:30.416+0900] {logging_mixin.py:190} INFO - [2024-12-16T09:02:30.416+0900] {dag.py:4180} INFO - Setting next_dagrun for example_xcom to 2021-01-01T00:00:00+00:00, run_after=2021-01-01T00:00:00+00:00
[2024-12-16T09:02:30.423+0900] {processor.py:208} INFO - Processing /Users/hongseoklee/miniconda3/envs/aivenv/lib/python3.11/site-packages/airflow/example_dags/example_xcom.py took 0.086 seconds
[2024-12-16T09:03:45.220+0900] {processor.py:186} INFO - Started process (PID=50819) to work on /Users/hongseoklee/miniconda3/envs/aivenv/lib/python3.11/site-packages/airflow/example_dags/example_xcom.py
[2024-12-16T09:03:45.220+0900] {processor.py:914} INFO - Processing file /Users/hongseoklee/miniconda3/envs/aivenv/lib/python3.11/site-packages/airflow/example_dags/example_xcom.py for tasks to queue
[2024-12-16T09:03:45.221+0900] {logging_mixin.py:190} INFO - [2024-12-16T09:03:45.221+0900] {dagbag.py:588} INFO - Filling up the DagBag from /Users/hongseoklee/miniconda3/envs/aivenv/lib/python3.11/site-packages/airflow/example_dags/example_xcom.py
[2024-12-16T09:03:45.233+0900] {processor.py:925} INFO - DAG(s) 'example_xcom' retrieved from /Users/hongseoklee/miniconda3/envs/aivenv/lib/python3.11/site-packages/airflow/example_dags/example_xcom.py
[2024-12-16T09:03:45.262+0900] {logging_mixin.py:190} INFO - [2024-12-16T09:03:45.262+0900] {dag.py:3239} INFO - Sync 1 DAGs
[2024-12-16T09:03:45.301+0900] {logging_mixin.py:190} INFO - [2024-12-16T09:03:45.301+0900] {dag.py:4180} INFO - Setting next_dagrun for example_xcom to 2021-01-01T00:00:00+00:00, run_after=2021-01-01T00:00:00+00:00
[2024-12-16T09:03:45.308+0900] {processor.py:208} INFO - Processing /Users/hongseoklee/miniconda3/envs/aivenv/lib/python3.11/site-packages/airflow/example_dags/example_xcom.py took 0.089 seconds
[2024-12-16T09:05:08.257+0900] {processor.py:186} INFO - Started process (PID=51062) to work on /Users/hongseoklee/miniconda3/envs/aivenv/lib/python3.11/site-packages/airflow/example_dags/example_xcom.py
[2024-12-16T09:05:08.258+0900] {processor.py:914} INFO - Processing file /Users/hongseoklee/miniconda3/envs/aivenv/lib/python3.11/site-packages/airflow/example_dags/example_xcom.py for tasks to queue
[2024-12-16T09:05:08.258+0900] {logging_mixin.py:190} INFO - [2024-12-16T09:05:08.258+0900] {dagbag.py:588} INFO - Filling up the DagBag from /Users/hongseoklee/miniconda3/envs/aivenv/lib/python3.11/site-packages/airflow/example_dags/example_xcom.py
[2024-12-16T09:05:08.272+0900] {processor.py:925} INFO - DAG(s) 'example_xcom' retrieved from /Users/hongseoklee/miniconda3/envs/aivenv/lib/python3.11/site-packages/airflow/example_dags/example_xcom.py
[2024-12-16T09:05:08.324+0900] {logging_mixin.py:190} INFO - [2024-12-16T09:05:08.323+0900] {dag.py:3239} INFO - Sync 1 DAGs
[2024-12-16T09:05:08.372+0900] {logging_mixin.py:190} INFO - [2024-12-16T09:05:08.371+0900] {dag.py:4180} INFO - Setting next_dagrun for example_xcom to 2021-01-01T00:00:00+00:00, run_after=2021-01-01T00:00:00+00:00
[2024-12-16T09:05:08.378+0900] {processor.py:208} INFO - Processing /Users/hongseoklee/miniconda3/envs/aivenv/lib/python3.11/site-packages/airflow/example_dags/example_xcom.py took 0.121 seconds
[2024-12-16T09:06:26.682+0900] {processor.py:186} INFO - Started process (PID=51276) to work on /Users/hongseoklee/miniconda3/envs/aivenv/lib/python3.11/site-packages/airflow/example_dags/example_xcom.py
[2024-12-16T09:06:26.683+0900] {processor.py:914} INFO - Processing file /Users/hongseoklee/miniconda3/envs/aivenv/lib/python3.11/site-packages/airflow/example_dags/example_xcom.py for tasks to queue
[2024-12-16T09:06:26.683+0900] {logging_mixin.py:190} INFO - [2024-12-16T09:06:26.683+0900] {dagbag.py:588} INFO - Filling up the DagBag from /Users/hongseoklee/miniconda3/envs/aivenv/lib/python3.11/site-packages/airflow/example_dags/example_xcom.py
[2024-12-16T09:06:26.696+0900] {processor.py:925} INFO - DAG(s) 'example_xcom' retrieved from /Users/hongseoklee/miniconda3/envs/aivenv/lib/python3.11/site-packages/airflow/example_dags/example_xcom.py
[2024-12-16T09:06:26.724+0900] {logging_mixin.py:190} INFO - [2024-12-16T09:06:26.724+0900] {dag.py:3239} INFO - Sync 1 DAGs
[2024-12-16T09:06:26.760+0900] {logging_mixin.py:190} INFO - [2024-12-16T09:06:26.760+0900] {dag.py:4180} INFO - Setting next_dagrun for example_xcom to 2021-01-01T00:00:00+00:00, run_after=2021-01-01T00:00:00+00:00
[2024-12-16T09:06:26.767+0900] {processor.py:208} INFO - Processing /Users/hongseoklee/miniconda3/envs/aivenv/lib/python3.11/site-packages/airflow/example_dags/example_xcom.py took 0.086 seconds
[2024-12-16T09:07:42.580+0900] {processor.py:186} INFO - Started process (PID=51479) to work on /Users/hongseoklee/miniconda3/envs/aivenv/lib/python3.11/site-packages/airflow/example_dags/example_xcom.py
[2024-12-16T09:07:42.581+0900] {processor.py:914} INFO - Processing file /Users/hongseoklee/miniconda3/envs/aivenv/lib/python3.11/site-packages/airflow/example_dags/example_xcom.py for tasks to queue
[2024-12-16T09:07:42.581+0900] {logging_mixin.py:190} INFO - [2024-12-16T09:07:42.581+0900] {dagbag.py:588} INFO - Filling up the DagBag from /Users/hongseoklee/miniconda3/envs/aivenv/lib/python3.11/site-packages/airflow/example_dags/example_xcom.py
[2024-12-16T09:07:42.594+0900] {processor.py:925} INFO - DAG(s) 'example_xcom' retrieved from /Users/hongseoklee/miniconda3/envs/aivenv/lib/python3.11/site-packages/airflow/example_dags/example_xcom.py
[2024-12-16T09:07:42.622+0900] {logging_mixin.py:190} INFO - [2024-12-16T09:07:42.622+0900] {dag.py:3239} INFO - Sync 1 DAGs
[2024-12-16T09:07:42.659+0900] {logging_mixin.py:190} INFO - [2024-12-16T09:07:42.659+0900] {dag.py:4180} INFO - Setting next_dagrun for example_xcom to 2021-01-01T00:00:00+00:00, run_after=2021-01-01T00:00:00+00:00
[2024-12-16T09:07:42.665+0900] {processor.py:208} INFO - Processing /Users/hongseoklee/miniconda3/envs/aivenv/lib/python3.11/site-packages/airflow/example_dags/example_xcom.py took 0.086 seconds
