[2024-12-16T09:00:23.549+0900] {processor.py:186} INFO - Started process (PID=50106) to work on /Users/hongseoklee/miniconda3/envs/aivenv/lib/python3.11/site-packages/airflow/example_dags/example_outlet_event_extra.py
[2024-12-16T09:00:23.549+0900] {processor.py:914} INFO - Processing file /Users/hongseoklee/miniconda3/envs/aivenv/lib/python3.11/site-packages/airflow/example_dags/example_outlet_event_extra.py for tasks to queue
[2024-12-16T09:00:23.550+0900] {logging_mixin.py:190} INFO - [2024-12-16T09:00:23.550+0900] {dagbag.py:588} INFO - Filling up the DagBag from /Users/hongseoklee/miniconda3/envs/aivenv/lib/python3.11/site-packages/airflow/example_dags/example_outlet_event_extra.py
[2024-12-16T09:00:23.587+0900] {processor.py:925} INFO - DAG(s) 'dataset_with_extra_by_context', 'dataset_with_extra_by_yield', 'dataset_with_extra_from_classic_operator' retrieved from /Users/hongseoklee/miniconda3/envs/aivenv/lib/python3.11/site-packages/airflow/example_dags/example_outlet_event_extra.py
[2024-12-16T09:00:23.648+0900] {logging_mixin.py:190} INFO - [2024-12-16T09:00:23.648+0900] {dag.py:3239} INFO - Sync 3 DAGs
[2024-12-16T09:00:23.654+0900] {logging_mixin.py:190} INFO - [2024-12-16T09:00:23.654+0900] {dag.py:4180} INFO - Setting next_dagrun for dataset_with_extra_by_context to 2024-12-15T00:00:00+00:00, run_after=2024-12-16T00:00:00+00:00
[2024-12-16T09:00:23.655+0900] {logging_mixin.py:190} INFO - [2024-12-16T09:00:23.655+0900] {dag.py:4180} INFO - Setting next_dagrun for dataset_with_extra_by_yield to 2024-12-15T00:00:00+00:00, run_after=2024-12-16T00:00:00+00:00
[2024-12-16T09:00:23.656+0900] {logging_mixin.py:190} INFO - [2024-12-16T09:00:23.656+0900] {dag.py:4180} INFO - Setting next_dagrun for dataset_with_extra_from_classic_operator to 2024-12-15T00:00:00+00:00, run_after=2024-12-16T00:00:00+00:00
[2024-12-16T09:00:23.662+0900] {processor.py:208} INFO - Processing /Users/hongseoklee/miniconda3/envs/aivenv/lib/python3.11/site-packages/airflow/example_dags/example_outlet_event_extra.py took 0.114 seconds
[2024-12-16T09:02:55.282+0900] {processor.py:186} INFO - Started process (PID=50676) to work on /Users/hongseoklee/miniconda3/envs/aivenv/lib/python3.11/site-packages/airflow/example_dags/example_outlet_event_extra.py
[2024-12-16T09:02:55.283+0900] {processor.py:914} INFO - Processing file /Users/hongseoklee/miniconda3/envs/aivenv/lib/python3.11/site-packages/airflow/example_dags/example_outlet_event_extra.py for tasks to queue
[2024-12-16T09:02:55.283+0900] {logging_mixin.py:190} INFO - [2024-12-16T09:02:55.283+0900] {dagbag.py:588} INFO - Filling up the DagBag from /Users/hongseoklee/miniconda3/envs/aivenv/lib/python3.11/site-packages/airflow/example_dags/example_outlet_event_extra.py
[2024-12-16T09:02:55.332+0900] {processor.py:925} INFO - DAG(s) 'dataset_with_extra_by_context', 'dataset_with_extra_from_classic_operator', 'dataset_with_extra_by_yield' retrieved from /Users/hongseoklee/miniconda3/envs/aivenv/lib/python3.11/site-packages/airflow/example_dags/example_outlet_event_extra.py
[2024-12-16T09:02:55.396+0900] {logging_mixin.py:190} INFO - [2024-12-16T09:02:55.396+0900] {dag.py:3239} INFO - Sync 3 DAGs
[2024-12-16T09:02:55.402+0900] {logging_mixin.py:190} INFO - [2024-12-16T09:02:55.402+0900] {dag.py:4180} INFO - Setting next_dagrun for dataset_with_extra_by_context to 2024-12-15T00:00:00+00:00, run_after=2024-12-16T00:00:00+00:00
[2024-12-16T09:02:55.403+0900] {logging_mixin.py:190} INFO - [2024-12-16T09:02:55.403+0900] {dag.py:4180} INFO - Setting next_dagrun for dataset_with_extra_by_yield to 2024-12-15T00:00:00+00:00, run_after=2024-12-16T00:00:00+00:00
[2024-12-16T09:02:55.404+0900] {logging_mixin.py:190} INFO - [2024-12-16T09:02:55.404+0900] {dag.py:4180} INFO - Setting next_dagrun for dataset_with_extra_from_classic_operator to 2024-12-15T00:00:00+00:00, run_after=2024-12-16T00:00:00+00:00
[2024-12-16T09:02:55.410+0900] {processor.py:208} INFO - Processing /Users/hongseoklee/miniconda3/envs/aivenv/lib/python3.11/site-packages/airflow/example_dags/example_outlet_event_extra.py took 0.130 seconds
[2024-12-16T09:05:36.682+0900] {processor.py:186} INFO - Started process (PID=51135) to work on /Users/hongseoklee/miniconda3/envs/aivenv/lib/python3.11/site-packages/airflow/example_dags/example_outlet_event_extra.py
[2024-12-16T09:05:36.683+0900] {processor.py:914} INFO - Processing file /Users/hongseoklee/miniconda3/envs/aivenv/lib/python3.11/site-packages/airflow/example_dags/example_outlet_event_extra.py for tasks to queue
[2024-12-16T09:05:36.684+0900] {logging_mixin.py:190} INFO - [2024-12-16T09:05:36.684+0900] {dagbag.py:588} INFO - Filling up the DagBag from /Users/hongseoklee/miniconda3/envs/aivenv/lib/python3.11/site-packages/airflow/example_dags/example_outlet_event_extra.py
[2024-12-16T09:05:36.721+0900] {processor.py:925} INFO - DAG(s) 'dataset_with_extra_by_yield', 'dataset_with_extra_by_context', 'dataset_with_extra_from_classic_operator' retrieved from /Users/hongseoklee/miniconda3/envs/aivenv/lib/python3.11/site-packages/airflow/example_dags/example_outlet_event_extra.py
[2024-12-16T09:05:36.788+0900] {logging_mixin.py:190} INFO - [2024-12-16T09:05:36.787+0900] {dag.py:3239} INFO - Sync 3 DAGs
[2024-12-16T09:05:36.794+0900] {logging_mixin.py:190} INFO - [2024-12-16T09:05:36.794+0900] {dag.py:4180} INFO - Setting next_dagrun for dataset_with_extra_by_context to 2024-12-15T00:00:00+00:00, run_after=2024-12-16T00:00:00+00:00
[2024-12-16T09:05:36.795+0900] {logging_mixin.py:190} INFO - [2024-12-16T09:05:36.795+0900] {dag.py:4180} INFO - Setting next_dagrun for dataset_with_extra_by_yield to 2024-12-15T00:00:00+00:00, run_after=2024-12-16T00:00:00+00:00
[2024-12-16T09:05:36.795+0900] {logging_mixin.py:190} INFO - [2024-12-16T09:05:36.795+0900] {dag.py:4180} INFO - Setting next_dagrun for dataset_with_extra_from_classic_operator to 2024-12-15T00:00:00+00:00, run_after=2024-12-16T00:00:00+00:00
[2024-12-16T09:05:36.802+0900] {processor.py:208} INFO - Processing /Users/hongseoklee/miniconda3/envs/aivenv/lib/python3.11/site-packages/airflow/example_dags/example_outlet_event_extra.py took 0.121 seconds
[2024-12-16T09:08:12.669+0900] {processor.py:186} INFO - Started process (PID=51558) to work on /Users/hongseoklee/miniconda3/envs/aivenv/lib/python3.11/site-packages/airflow/example_dags/example_outlet_event_extra.py
[2024-12-16T09:08:12.670+0900] {processor.py:914} INFO - Processing file /Users/hongseoklee/miniconda3/envs/aivenv/lib/python3.11/site-packages/airflow/example_dags/example_outlet_event_extra.py for tasks to queue
[2024-12-16T09:08:12.671+0900] {logging_mixin.py:190} INFO - [2024-12-16T09:08:12.671+0900] {dagbag.py:588} INFO - Filling up the DagBag from /Users/hongseoklee/miniconda3/envs/aivenv/lib/python3.11/site-packages/airflow/example_dags/example_outlet_event_extra.py
[2024-12-16T09:08:12.707+0900] {processor.py:925} INFO - DAG(s) 'dataset_with_extra_by_yield', 'dataset_with_extra_from_classic_operator', 'dataset_with_extra_by_context' retrieved from /Users/hongseoklee/miniconda3/envs/aivenv/lib/python3.11/site-packages/airflow/example_dags/example_outlet_event_extra.py
[2024-12-16T09:08:12.769+0900] {logging_mixin.py:190} INFO - [2024-12-16T09:08:12.769+0900] {dag.py:3239} INFO - Sync 3 DAGs
[2024-12-16T09:08:12.775+0900] {logging_mixin.py:190} INFO - [2024-12-16T09:08:12.775+0900] {dag.py:4180} INFO - Setting next_dagrun for dataset_with_extra_by_context to 2024-12-15T00:00:00+00:00, run_after=2024-12-16T00:00:00+00:00
[2024-12-16T09:08:12.776+0900] {logging_mixin.py:190} INFO - [2024-12-16T09:08:12.776+0900] {dag.py:4180} INFO - Setting next_dagrun for dataset_with_extra_by_yield to 2024-12-15T00:00:00+00:00, run_after=2024-12-16T00:00:00+00:00
[2024-12-16T09:08:12.777+0900] {logging_mixin.py:190} INFO - [2024-12-16T09:08:12.777+0900] {dag.py:4180} INFO - Setting next_dagrun for dataset_with_extra_from_classic_operator to 2024-12-15T00:00:00+00:00, run_after=2024-12-16T00:00:00+00:00
[2024-12-16T09:08:12.783+0900] {processor.py:208} INFO - Processing /Users/hongseoklee/miniconda3/envs/aivenv/lib/python3.11/site-packages/airflow/example_dags/example_outlet_event_extra.py took 0.115 seconds
