[2024-12-16T09:02:00.232+0900] {processor.py:186} INFO - Started process (PID=50495) to work on /Users/hongseoklee/miniconda3/envs/aivenv/lib/python3.11/site-packages/airflow/example_dags/example_branch_datetime_operator.py
[2024-12-16T09:02:00.233+0900] {processor.py:914} INFO - Processing file /Users/hongseoklee/miniconda3/envs/aivenv/lib/python3.11/site-packages/airflow/example_dags/example_branch_datetime_operator.py for tasks to queue
[2024-12-16T09:02:00.233+0900] {logging_mixin.py:190} INFO - [2024-12-16T09:02:00.233+0900] {dagbag.py:588} INFO - Filling up the DagBag from /Users/hongseoklee/miniconda3/envs/aivenv/lib/python3.11/site-packages/airflow/example_dags/example_branch_datetime_operator.py
[2024-12-16T09:02:00.238+0900] {processor.py:925} INFO - DAG(s) 'example_branch_datetime_operator_3', 'example_branch_datetime_operator', 'example_branch_datetime_operator_2' retrieved from /Users/hongseoklee/miniconda3/envs/aivenv/lib/python3.11/site-packages/airflow/example_dags/example_branch_datetime_operator.py
[2024-12-16T09:02:00.268+0900] {logging_mixin.py:190} INFO - [2024-12-16T09:02:00.268+0900] {dag.py:3239} INFO - Sync 3 DAGs
[2024-12-16T09:02:00.274+0900] {logging_mixin.py:190} INFO - [2024-12-16T09:02:00.274+0900] {dag.py:4180} INFO - Setting next_dagrun for example_branch_datetime_operator to 2024-12-15T00:00:00+00:00, run_after=2024-12-16T00:00:00+00:00
[2024-12-16T09:02:00.275+0900] {logging_mixin.py:190} INFO - [2024-12-16T09:02:00.275+0900] {dag.py:4180} INFO - Setting next_dagrun for example_branch_datetime_operator_2 to 2024-12-15T00:00:00+00:00, run_after=2024-12-16T00:00:00+00:00
[2024-12-16T09:02:00.276+0900] {logging_mixin.py:190} INFO - [2024-12-16T09:02:00.276+0900] {dag.py:4180} INFO - Setting next_dagrun for example_branch_datetime_operator_3 to 2024-12-15T00:00:00+00:00, run_after=2024-12-16T00:00:00+00:00
[2024-12-16T09:02:00.281+0900] {processor.py:208} INFO - Processing /Users/hongseoklee/miniconda3/envs/aivenv/lib/python3.11/site-packages/airflow/example_dags/example_branch_datetime_operator.py took 0.050 seconds
[2024-12-16T09:04:34.878+0900] {processor.py:186} INFO - Started process (PID=50963) to work on /Users/hongseoklee/miniconda3/envs/aivenv/lib/python3.11/site-packages/airflow/example_dags/example_branch_datetime_operator.py
[2024-12-16T09:04:34.878+0900] {processor.py:914} INFO - Processing file /Users/hongseoklee/miniconda3/envs/aivenv/lib/python3.11/site-packages/airflow/example_dags/example_branch_datetime_operator.py for tasks to queue
[2024-12-16T09:04:34.878+0900] {logging_mixin.py:190} INFO - [2024-12-16T09:04:34.878+0900] {dagbag.py:588} INFO - Filling up the DagBag from /Users/hongseoklee/miniconda3/envs/aivenv/lib/python3.11/site-packages/airflow/example_dags/example_branch_datetime_operator.py
[2024-12-16T09:04:34.882+0900] {processor.py:925} INFO - DAG(s) 'example_branch_datetime_operator_3', 'example_branch_datetime_operator_2', 'example_branch_datetime_operator' retrieved from /Users/hongseoklee/miniconda3/envs/aivenv/lib/python3.11/site-packages/airflow/example_dags/example_branch_datetime_operator.py
[2024-12-16T09:04:34.913+0900] {logging_mixin.py:190} INFO - [2024-12-16T09:04:34.913+0900] {dag.py:3239} INFO - Sync 3 DAGs
[2024-12-16T09:04:34.919+0900] {logging_mixin.py:190} INFO - [2024-12-16T09:04:34.919+0900] {dag.py:4180} INFO - Setting next_dagrun for example_branch_datetime_operator to 2024-12-15T00:00:00+00:00, run_after=2024-12-16T00:00:00+00:00
[2024-12-16T09:04:34.920+0900] {logging_mixin.py:190} INFO - [2024-12-16T09:04:34.920+0900] {dag.py:4180} INFO - Setting next_dagrun for example_branch_datetime_operator_2 to 2024-12-15T00:00:00+00:00, run_after=2024-12-16T00:00:00+00:00
[2024-12-16T09:04:34.921+0900] {logging_mixin.py:190} INFO - [2024-12-16T09:04:34.921+0900] {dag.py:4180} INFO - Setting next_dagrun for example_branch_datetime_operator_3 to 2024-12-15T00:00:00+00:00, run_after=2024-12-16T00:00:00+00:00
[2024-12-16T09:04:34.927+0900] {processor.py:208} INFO - Processing /Users/hongseoklee/miniconda3/envs/aivenv/lib/python3.11/site-packages/airflow/example_dags/example_branch_datetime_operator.py took 0.050 seconds
[2024-12-16T09:07:14.500+0900] {processor.py:186} INFO - Started process (PID=51401) to work on /Users/hongseoklee/miniconda3/envs/aivenv/lib/python3.11/site-packages/airflow/example_dags/example_branch_datetime_operator.py
[2024-12-16T09:07:14.501+0900] {processor.py:914} INFO - Processing file /Users/hongseoklee/miniconda3/envs/aivenv/lib/python3.11/site-packages/airflow/example_dags/example_branch_datetime_operator.py for tasks to queue
[2024-12-16T09:07:14.502+0900] {logging_mixin.py:190} INFO - [2024-12-16T09:07:14.502+0900] {dagbag.py:588} INFO - Filling up the DagBag from /Users/hongseoklee/miniconda3/envs/aivenv/lib/python3.11/site-packages/airflow/example_dags/example_branch_datetime_operator.py
[2024-12-16T09:07:14.506+0900] {processor.py:925} INFO - DAG(s) 'example_branch_datetime_operator_2', 'example_branch_datetime_operator', 'example_branch_datetime_operator_3' retrieved from /Users/hongseoklee/miniconda3/envs/aivenv/lib/python3.11/site-packages/airflow/example_dags/example_branch_datetime_operator.py
[2024-12-16T09:07:14.537+0900] {logging_mixin.py:190} INFO - [2024-12-16T09:07:14.537+0900] {dag.py:3239} INFO - Sync 3 DAGs
[2024-12-16T09:07:14.543+0900] {logging_mixin.py:190} INFO - [2024-12-16T09:07:14.543+0900] {dag.py:4180} INFO - Setting next_dagrun for example_branch_datetime_operator to 2024-12-15T00:00:00+00:00, run_after=2024-12-16T00:00:00+00:00
[2024-12-16T09:07:14.544+0900] {logging_mixin.py:190} INFO - [2024-12-16T09:07:14.544+0900] {dag.py:4180} INFO - Setting next_dagrun for example_branch_datetime_operator_2 to 2024-12-15T00:00:00+00:00, run_after=2024-12-16T00:00:00+00:00
[2024-12-16T09:07:14.545+0900] {logging_mixin.py:190} INFO - [2024-12-16T09:07:14.545+0900] {dag.py:4180} INFO - Setting next_dagrun for example_branch_datetime_operator_3 to 2024-12-15T00:00:00+00:00, run_after=2024-12-16T00:00:00+00:00
[2024-12-16T09:07:14.550+0900] {processor.py:208} INFO - Processing /Users/hongseoklee/miniconda3/envs/aivenv/lib/python3.11/site-packages/airflow/example_dags/example_branch_datetime_operator.py took 0.051 seconds
