[2024-12-16T09:00:33.523+0900] {processor.py:186} INFO - Started process (PID=50134) to work on /Users/hongseoklee/miniconda3/envs/aivenv/lib/python3.11/site-packages/airflow/example_dags/example_inlet_event_extra.py
[2024-12-16T09:00:33.523+0900] {processor.py:914} INFO - Processing file /Users/hongseoklee/miniconda3/envs/aivenv/lib/python3.11/site-packages/airflow/example_dags/example_inlet_event_extra.py for tasks to queue
[2024-12-16T09:00:33.524+0900] {logging_mixin.py:190} INFO - [2024-12-16T09:00:33.523+0900] {dagbag.py:588} INFO - Filling up the DagBag from /Users/hongseoklee/miniconda3/envs/aivenv/lib/python3.11/site-packages/airflow/example_dags/example_inlet_event_extra.py
[2024-12-16T09:00:33.553+0900] {processor.py:925} INFO - DAG(s) 'read_dataset_event_from_classic', 'read_dataset_event' retrieved from /Users/hongseoklee/miniconda3/envs/aivenv/lib/python3.11/site-packages/airflow/example_dags/example_inlet_event_extra.py
[2024-12-16T09:00:33.615+0900] {logging_mixin.py:190} INFO - [2024-12-16T09:00:33.615+0900] {dag.py:3239} INFO - Sync 2 DAGs
[2024-12-16T09:00:33.622+0900] {logging_mixin.py:190} INFO - [2024-12-16T09:00:33.622+0900] {dag.py:4180} INFO - Setting next_dagrun for read_dataset_event to 2024-12-15T00:00:00+00:00, run_after=2024-12-16T00:00:00+00:00
[2024-12-16T09:00:33.623+0900] {logging_mixin.py:190} INFO - [2024-12-16T09:00:33.623+0900] {dag.py:4180} INFO - Setting next_dagrun for read_dataset_event_from_classic to 2024-12-15T00:00:00+00:00, run_after=2024-12-16T00:00:00+00:00
[2024-12-16T09:00:33.629+0900] {processor.py:208} INFO - Processing /Users/hongseoklee/miniconda3/envs/aivenv/lib/python3.11/site-packages/airflow/example_dags/example_inlet_event_extra.py took 0.107 seconds
[2024-12-16T09:03:07.309+0900] {processor.py:186} INFO - Started process (PID=50713) to work on /Users/hongseoklee/miniconda3/envs/aivenv/lib/python3.11/site-packages/airflow/example_dags/example_inlet_event_extra.py
[2024-12-16T09:03:07.309+0900] {processor.py:914} INFO - Processing file /Users/hongseoklee/miniconda3/envs/aivenv/lib/python3.11/site-packages/airflow/example_dags/example_inlet_event_extra.py for tasks to queue
[2024-12-16T09:03:07.310+0900] {logging_mixin.py:190} INFO - [2024-12-16T09:03:07.310+0900] {dagbag.py:588} INFO - Filling up the DagBag from /Users/hongseoklee/miniconda3/envs/aivenv/lib/python3.11/site-packages/airflow/example_dags/example_inlet_event_extra.py
[2024-12-16T09:03:07.358+0900] {processor.py:925} INFO - DAG(s) 'read_dataset_event', 'read_dataset_event_from_classic' retrieved from /Users/hongseoklee/miniconda3/envs/aivenv/lib/python3.11/site-packages/airflow/example_dags/example_inlet_event_extra.py
[2024-12-16T09:03:07.422+0900] {logging_mixin.py:190} INFO - [2024-12-16T09:03:07.422+0900] {dag.py:3239} INFO - Sync 2 DAGs
[2024-12-16T09:03:07.429+0900] {logging_mixin.py:190} INFO - [2024-12-16T09:03:07.428+0900] {dag.py:4180} INFO - Setting next_dagrun for read_dataset_event to 2024-12-15T00:00:00+00:00, run_after=2024-12-16T00:00:00+00:00
[2024-12-16T09:03:07.430+0900] {logging_mixin.py:190} INFO - [2024-12-16T09:03:07.430+0900] {dag.py:4180} INFO - Setting next_dagrun for read_dataset_event_from_classic to 2024-12-15T00:00:00+00:00, run_after=2024-12-16T00:00:00+00:00
[2024-12-16T09:03:07.435+0900] {processor.py:208} INFO - Processing /Users/hongseoklee/miniconda3/envs/aivenv/lib/python3.11/site-packages/airflow/example_dags/example_inlet_event_extra.py took 0.127 seconds
[2024-12-16T09:05:47.559+0900] {processor.py:186} INFO - Started process (PID=51163) to work on /Users/hongseoklee/miniconda3/envs/aivenv/lib/python3.11/site-packages/airflow/example_dags/example_inlet_event_extra.py
[2024-12-16T09:05:47.560+0900] {processor.py:914} INFO - Processing file /Users/hongseoklee/miniconda3/envs/aivenv/lib/python3.11/site-packages/airflow/example_dags/example_inlet_event_extra.py for tasks to queue
[2024-12-16T09:05:47.561+0900] {logging_mixin.py:190} INFO - [2024-12-16T09:05:47.561+0900] {dagbag.py:588} INFO - Filling up the DagBag from /Users/hongseoklee/miniconda3/envs/aivenv/lib/python3.11/site-packages/airflow/example_dags/example_inlet_event_extra.py
[2024-12-16T09:05:47.589+0900] {processor.py:925} INFO - DAG(s) 'read_dataset_event', 'read_dataset_event_from_classic' retrieved from /Users/hongseoklee/miniconda3/envs/aivenv/lib/python3.11/site-packages/airflow/example_dags/example_inlet_event_extra.py
[2024-12-16T09:05:47.652+0900] {logging_mixin.py:190} INFO - [2024-12-16T09:05:47.652+0900] {dag.py:3239} INFO - Sync 2 DAGs
[2024-12-16T09:05:47.658+0900] {logging_mixin.py:190} INFO - [2024-12-16T09:05:47.657+0900] {dag.py:4180} INFO - Setting next_dagrun for read_dataset_event to 2024-12-15T00:00:00+00:00, run_after=2024-12-16T00:00:00+00:00
[2024-12-16T09:05:47.659+0900] {logging_mixin.py:190} INFO - [2024-12-16T09:05:47.659+0900] {dag.py:4180} INFO - Setting next_dagrun for read_dataset_event_from_classic to 2024-12-15T00:00:00+00:00, run_after=2024-12-16T00:00:00+00:00
[2024-12-16T09:05:47.664+0900] {processor.py:208} INFO - Processing /Users/hongseoklee/miniconda3/envs/aivenv/lib/python3.11/site-packages/airflow/example_dags/example_inlet_event_extra.py took 0.106 seconds
[2024-12-16T09:08:23.798+0900] {processor.py:186} INFO - Started process (PID=51591) to work on /Users/hongseoklee/miniconda3/envs/aivenv/lib/python3.11/site-packages/airflow/example_dags/example_inlet_event_extra.py
[2024-12-16T09:08:23.799+0900] {processor.py:914} INFO - Processing file /Users/hongseoklee/miniconda3/envs/aivenv/lib/python3.11/site-packages/airflow/example_dags/example_inlet_event_extra.py for tasks to queue
[2024-12-16T09:08:23.799+0900] {logging_mixin.py:190} INFO - [2024-12-16T09:08:23.799+0900] {dagbag.py:588} INFO - Filling up the DagBag from /Users/hongseoklee/miniconda3/envs/aivenv/lib/python3.11/site-packages/airflow/example_dags/example_inlet_event_extra.py
[2024-12-16T09:08:23.828+0900] {processor.py:925} INFO - DAG(s) 'read_dataset_event_from_classic', 'read_dataset_event' retrieved from /Users/hongseoklee/miniconda3/envs/aivenv/lib/python3.11/site-packages/airflow/example_dags/example_inlet_event_extra.py
[2024-12-16T09:08:23.887+0900] {logging_mixin.py:190} INFO - [2024-12-16T09:08:23.887+0900] {dag.py:3239} INFO - Sync 2 DAGs
[2024-12-16T09:08:23.893+0900] {logging_mixin.py:190} INFO - [2024-12-16T09:08:23.893+0900] {dag.py:4180} INFO - Setting next_dagrun for read_dataset_event to 2024-12-15T00:00:00+00:00, run_after=2024-12-16T00:00:00+00:00
[2024-12-16T09:08:23.894+0900] {logging_mixin.py:190} INFO - [2024-12-16T09:08:23.894+0900] {dag.py:4180} INFO - Setting next_dagrun for read_dataset_event_from_classic to 2024-12-15T00:00:00+00:00, run_after=2024-12-16T00:00:00+00:00
[2024-12-16T09:08:23.900+0900] {processor.py:208} INFO - Processing /Users/hongseoklee/miniconda3/envs/aivenv/lib/python3.11/site-packages/airflow/example_dags/example_inlet_event_extra.py took 0.103 seconds
