[2024-12-16T09:00:14.553+0900] {processor.py:186} INFO - Started process (PID=50079) to work on /Users/hongseoklee/miniconda3/envs/aivenv/lib/python3.11/site-packages/airflow/example_dags/example_short_circuit_operator.py
[2024-12-16T09:00:14.553+0900] {processor.py:914} INFO - Processing file /Users/hongseoklee/miniconda3/envs/aivenv/lib/python3.11/site-packages/airflow/example_dags/example_short_circuit_operator.py for tasks to queue
[2024-12-16T09:00:14.554+0900] {logging_mixin.py:190} INFO - [2024-12-16T09:00:14.554+0900] {dagbag.py:588} INFO - Filling up the DagBag from /Users/hongseoklee/miniconda3/envs/aivenv/lib/python3.11/site-packages/airflow/example_dags/example_short_circuit_operator.py
[2024-12-16T09:00:14.562+0900] {processor.py:925} INFO - DAG(s) 'example_short_circuit_operator' retrieved from /Users/hongseoklee/miniconda3/envs/aivenv/lib/python3.11/site-packages/airflow/example_dags/example_short_circuit_operator.py
[2024-12-16T09:00:14.591+0900] {logging_mixin.py:190} INFO - [2024-12-16T09:00:14.591+0900] {dag.py:3239} INFO - Sync 1 DAGs
[2024-12-16T09:00:14.625+0900] {logging_mixin.py:190} INFO - [2024-12-16T09:00:14.625+0900] {dag.py:4180} INFO - Setting next_dagrun for example_short_circuit_operator to None, run_after=None
[2024-12-16T09:00:14.632+0900] {processor.py:208} INFO - Processing /Users/hongseoklee/miniconda3/envs/aivenv/lib/python3.11/site-packages/airflow/example_dags/example_short_circuit_operator.py took 0.080 seconds
[2024-12-16T09:01:33.353+0900] {processor.py:186} INFO - Started process (PID=50327) to work on /Users/hongseoklee/miniconda3/envs/aivenv/lib/python3.11/site-packages/airflow/example_dags/example_short_circuit_operator.py
[2024-12-16T09:01:33.353+0900] {processor.py:914} INFO - Processing file /Users/hongseoklee/miniconda3/envs/aivenv/lib/python3.11/site-packages/airflow/example_dags/example_short_circuit_operator.py for tasks to queue
[2024-12-16T09:01:33.354+0900] {logging_mixin.py:190} INFO - [2024-12-16T09:01:33.354+0900] {dagbag.py:588} INFO - Filling up the DagBag from /Users/hongseoklee/miniconda3/envs/aivenv/lib/python3.11/site-packages/airflow/example_dags/example_short_circuit_operator.py
[2024-12-16T09:01:33.362+0900] {processor.py:925} INFO - DAG(s) 'example_short_circuit_operator' retrieved from /Users/hongseoklee/miniconda3/envs/aivenv/lib/python3.11/site-packages/airflow/example_dags/example_short_circuit_operator.py
[2024-12-16T09:01:33.391+0900] {logging_mixin.py:190} INFO - [2024-12-16T09:01:33.391+0900] {dag.py:3239} INFO - Sync 1 DAGs
[2024-12-16T09:01:33.425+0900] {logging_mixin.py:190} INFO - [2024-12-16T09:01:33.425+0900] {dag.py:4180} INFO - Setting next_dagrun for example_short_circuit_operator to None, run_after=None
[2024-12-16T09:01:33.432+0900] {processor.py:208} INFO - Processing /Users/hongseoklee/miniconda3/envs/aivenv/lib/python3.11/site-packages/airflow/example_dags/example_short_circuit_operator.py took 0.080 seconds
[2024-12-16T09:02:49.334+0900] {processor.py:186} INFO - Started process (PID=50660) to work on /Users/hongseoklee/miniconda3/envs/aivenv/lib/python3.11/site-packages/airflow/example_dags/example_short_circuit_operator.py
[2024-12-16T09:02:49.336+0900] {processor.py:914} INFO - Processing file /Users/hongseoklee/miniconda3/envs/aivenv/lib/python3.11/site-packages/airflow/example_dags/example_short_circuit_operator.py for tasks to queue
[2024-12-16T09:02:49.336+0900] {logging_mixin.py:190} INFO - [2024-12-16T09:02:49.336+0900] {dagbag.py:588} INFO - Filling up the DagBag from /Users/hongseoklee/miniconda3/envs/aivenv/lib/python3.11/site-packages/airflow/example_dags/example_short_circuit_operator.py
[2024-12-16T09:02:49.345+0900] {processor.py:925} INFO - DAG(s) 'example_short_circuit_operator' retrieved from /Users/hongseoklee/miniconda3/envs/aivenv/lib/python3.11/site-packages/airflow/example_dags/example_short_circuit_operator.py
[2024-12-16T09:02:49.374+0900] {logging_mixin.py:190} INFO - [2024-12-16T09:02:49.373+0900] {dag.py:3239} INFO - Sync 1 DAGs
[2024-12-16T09:02:49.408+0900] {logging_mixin.py:190} INFO - [2024-12-16T09:02:49.408+0900] {dag.py:4180} INFO - Setting next_dagrun for example_short_circuit_operator to None, run_after=None
[2024-12-16T09:02:49.414+0900] {processor.py:208} INFO - Processing /Users/hongseoklee/miniconda3/envs/aivenv/lib/python3.11/site-packages/airflow/example_dags/example_short_circuit_operator.py took 0.080 seconds
[2024-12-16T09:04:05.125+0900] {processor.py:186} INFO - Started process (PID=50881) to work on /Users/hongseoklee/miniconda3/envs/aivenv/lib/python3.11/site-packages/airflow/example_dags/example_short_circuit_operator.py
[2024-12-16T09:04:05.126+0900] {processor.py:914} INFO - Processing file /Users/hongseoklee/miniconda3/envs/aivenv/lib/python3.11/site-packages/airflow/example_dags/example_short_circuit_operator.py for tasks to queue
[2024-12-16T09:04:05.126+0900] {logging_mixin.py:190} INFO - [2024-12-16T09:04:05.126+0900] {dagbag.py:588} INFO - Filling up the DagBag from /Users/hongseoklee/miniconda3/envs/aivenv/lib/python3.11/site-packages/airflow/example_dags/example_short_circuit_operator.py
[2024-12-16T09:04:05.135+0900] {processor.py:925} INFO - DAG(s) 'example_short_circuit_operator' retrieved from /Users/hongseoklee/miniconda3/envs/aivenv/lib/python3.11/site-packages/airflow/example_dags/example_short_circuit_operator.py
[2024-12-16T09:04:05.164+0900] {logging_mixin.py:190} INFO - [2024-12-16T09:04:05.164+0900] {dag.py:3239} INFO - Sync 1 DAGs
[2024-12-16T09:04:05.198+0900] {logging_mixin.py:190} INFO - [2024-12-16T09:04:05.198+0900] {dag.py:4180} INFO - Setting next_dagrun for example_short_circuit_operator to None, run_after=None
[2024-12-16T09:04:05.205+0900] {processor.py:208} INFO - Processing /Users/hongseoklee/miniconda3/envs/aivenv/lib/python3.11/site-packages/airflow/example_dags/example_short_circuit_operator.py took 0.081 seconds
[2024-12-16T09:05:27.667+0900] {processor.py:186} INFO - Started process (PID=51113) to work on /Users/hongseoklee/miniconda3/envs/aivenv/lib/python3.11/site-packages/airflow/example_dags/example_short_circuit_operator.py
[2024-12-16T09:05:27.669+0900] {processor.py:914} INFO - Processing file /Users/hongseoklee/miniconda3/envs/aivenv/lib/python3.11/site-packages/airflow/example_dags/example_short_circuit_operator.py for tasks to queue
[2024-12-16T09:05:27.670+0900] {logging_mixin.py:190} INFO - [2024-12-16T09:05:27.670+0900] {dagbag.py:588} INFO - Filling up the DagBag from /Users/hongseoklee/miniconda3/envs/aivenv/lib/python3.11/site-packages/airflow/example_dags/example_short_circuit_operator.py
[2024-12-16T09:05:27.678+0900] {processor.py:925} INFO - DAG(s) 'example_short_circuit_operator' retrieved from /Users/hongseoklee/miniconda3/envs/aivenv/lib/python3.11/site-packages/airflow/example_dags/example_short_circuit_operator.py
[2024-12-16T09:05:27.707+0900] {logging_mixin.py:190} INFO - [2024-12-16T09:05:27.707+0900] {dag.py:3239} INFO - Sync 1 DAGs
[2024-12-16T09:05:27.741+0900] {logging_mixin.py:190} INFO - [2024-12-16T09:05:27.741+0900] {dag.py:4180} INFO - Setting next_dagrun for example_short_circuit_operator to None, run_after=None
[2024-12-16T09:05:27.748+0900] {processor.py:208} INFO - Processing /Users/hongseoklee/miniconda3/envs/aivenv/lib/python3.11/site-packages/airflow/example_dags/example_short_circuit_operator.py took 0.082 seconds
[2024-12-16T09:06:45.334+0900] {processor.py:186} INFO - Started process (PID=51325) to work on /Users/hongseoklee/miniconda3/envs/aivenv/lib/python3.11/site-packages/airflow/example_dags/example_short_circuit_operator.py
[2024-12-16T09:06:45.334+0900] {processor.py:914} INFO - Processing file /Users/hongseoklee/miniconda3/envs/aivenv/lib/python3.11/site-packages/airflow/example_dags/example_short_circuit_operator.py for tasks to queue
[2024-12-16T09:06:45.335+0900] {logging_mixin.py:190} INFO - [2024-12-16T09:06:45.335+0900] {dagbag.py:588} INFO - Filling up the DagBag from /Users/hongseoklee/miniconda3/envs/aivenv/lib/python3.11/site-packages/airflow/example_dags/example_short_circuit_operator.py
[2024-12-16T09:06:45.345+0900] {processor.py:925} INFO - DAG(s) 'example_short_circuit_operator' retrieved from /Users/hongseoklee/miniconda3/envs/aivenv/lib/python3.11/site-packages/airflow/example_dags/example_short_circuit_operator.py
[2024-12-16T09:06:45.378+0900] {logging_mixin.py:190} INFO - [2024-12-16T09:06:45.377+0900] {dag.py:3239} INFO - Sync 1 DAGs
[2024-12-16T09:06:45.420+0900] {logging_mixin.py:190} INFO - [2024-12-16T09:06:45.420+0900] {dag.py:4180} INFO - Setting next_dagrun for example_short_circuit_operator to None, run_after=None
[2024-12-16T09:06:45.427+0900] {processor.py:208} INFO - Processing /Users/hongseoklee/miniconda3/envs/aivenv/lib/python3.11/site-packages/airflow/example_dags/example_short_circuit_operator.py took 0.094 seconds
[2024-12-16T09:08:02.909+0900] {processor.py:186} INFO - Started process (PID=51533) to work on /Users/hongseoklee/miniconda3/envs/aivenv/lib/python3.11/site-packages/airflow/example_dags/example_short_circuit_operator.py
[2024-12-16T09:08:02.910+0900] {processor.py:914} INFO - Processing file /Users/hongseoklee/miniconda3/envs/aivenv/lib/python3.11/site-packages/airflow/example_dags/example_short_circuit_operator.py for tasks to queue
[2024-12-16T09:08:02.910+0900] {logging_mixin.py:190} INFO - [2024-12-16T09:08:02.910+0900] {dagbag.py:588} INFO - Filling up the DagBag from /Users/hongseoklee/miniconda3/envs/aivenv/lib/python3.11/site-packages/airflow/example_dags/example_short_circuit_operator.py
[2024-12-16T09:08:02.919+0900] {processor.py:925} INFO - DAG(s) 'example_short_circuit_operator' retrieved from /Users/hongseoklee/miniconda3/envs/aivenv/lib/python3.11/site-packages/airflow/example_dags/example_short_circuit_operator.py
[2024-12-16T09:08:02.948+0900] {logging_mixin.py:190} INFO - [2024-12-16T09:08:02.948+0900] {dag.py:3239} INFO - Sync 1 DAGs
[2024-12-16T09:08:02.983+0900] {logging_mixin.py:190} INFO - [2024-12-16T09:08:02.983+0900] {dag.py:4180} INFO - Setting next_dagrun for example_short_circuit_operator to None, run_after=None
[2024-12-16T09:08:02.990+0900] {processor.py:208} INFO - Processing /Users/hongseoklee/miniconda3/envs/aivenv/lib/python3.11/site-packages/airflow/example_dags/example_short_circuit_operator.py took 0.082 seconds
