[2024-12-16T09:00:02.273+0900] {processor.py:186} INFO - Started process (PID=50048) to work on /Users/hongseoklee/miniconda3/envs/aivenv/lib/python3.11/site-packages/airflow/example_dags/example_time_delta_sensor_async.py
[2024-12-16T09:00:02.273+0900] {processor.py:914} INFO - Processing file /Users/hongseoklee/miniconda3/envs/aivenv/lib/python3.11/site-packages/airflow/example_dags/example_time_delta_sensor_async.py for tasks to queue
[2024-12-16T09:00:02.274+0900] {logging_mixin.py:190} INFO - [2024-12-16T09:00:02.274+0900] {dagbag.py:588} INFO - Filling up the DagBag from /Users/hongseoklee/miniconda3/envs/aivenv/lib/python3.11/site-packages/airflow/example_dags/example_time_delta_sensor_async.py
[2024-12-16T09:00:02.277+0900] {processor.py:925} INFO - DAG(s) 'example_time_delta_sensor_async' retrieved from /Users/hongseoklee/miniconda3/envs/aivenv/lib/python3.11/site-packages/airflow/example_dags/example_time_delta_sensor_async.py
[2024-12-16T09:00:02.577+0900] {logging_mixin.py:190} INFO - [2024-12-16T09:00:02.577+0900] {dag.py:3239} INFO - Sync 1 DAGs
[2024-12-16T09:00:02.580+0900] {logging_mixin.py:190} INFO - [2024-12-16T09:00:02.580+0900] {dag.py:4180} INFO - Setting next_dagrun for example_time_delta_sensor_async to None, run_after=None
[2024-12-16T09:00:02.587+0900] {processor.py:208} INFO - Processing /Users/hongseoklee/miniconda3/envs/aivenv/lib/python3.11/site-packages/airflow/example_dags/example_time_delta_sensor_async.py took 0.315 seconds
[2024-12-16T09:01:21.478+0900] {processor.py:186} INFO - Started process (PID=50296) to work on /Users/hongseoklee/miniconda3/envs/aivenv/lib/python3.11/site-packages/airflow/example_dags/example_time_delta_sensor_async.py
[2024-12-16T09:01:21.479+0900] {processor.py:914} INFO - Processing file /Users/hongseoklee/miniconda3/envs/aivenv/lib/python3.11/site-packages/airflow/example_dags/example_time_delta_sensor_async.py for tasks to queue
[2024-12-16T09:01:21.479+0900] {logging_mixin.py:190} INFO - [2024-12-16T09:01:21.479+0900] {dagbag.py:588} INFO - Filling up the DagBag from /Users/hongseoklee/miniconda3/envs/aivenv/lib/python3.11/site-packages/airflow/example_dags/example_time_delta_sensor_async.py
[2024-12-16T09:01:21.483+0900] {processor.py:925} INFO - DAG(s) 'example_time_delta_sensor_async' retrieved from /Users/hongseoklee/miniconda3/envs/aivenv/lib/python3.11/site-packages/airflow/example_dags/example_time_delta_sensor_async.py
[2024-12-16T09:01:21.797+0900] {logging_mixin.py:190} INFO - [2024-12-16T09:01:21.797+0900] {dag.py:3239} INFO - Sync 1 DAGs
[2024-12-16T09:01:21.801+0900] {logging_mixin.py:190} INFO - [2024-12-16T09:01:21.801+0900] {dag.py:4180} INFO - Setting next_dagrun for example_time_delta_sensor_async to None, run_after=None
[2024-12-16T09:01:21.808+0900] {processor.py:208} INFO - Processing /Users/hongseoklee/miniconda3/envs/aivenv/lib/python3.11/site-packages/airflow/example_dags/example_time_delta_sensor_async.py took 0.330 seconds
[2024-12-16T09:02:37.387+0900] {processor.py:186} INFO - Started process (PID=50626) to work on /Users/hongseoklee/miniconda3/envs/aivenv/lib/python3.11/site-packages/airflow/example_dags/example_time_delta_sensor_async.py
[2024-12-16T09:02:37.389+0900] {processor.py:914} INFO - Processing file /Users/hongseoklee/miniconda3/envs/aivenv/lib/python3.11/site-packages/airflow/example_dags/example_time_delta_sensor_async.py for tasks to queue
[2024-12-16T09:02:37.389+0900] {logging_mixin.py:190} INFO - [2024-12-16T09:02:37.389+0900] {dagbag.py:588} INFO - Filling up the DagBag from /Users/hongseoklee/miniconda3/envs/aivenv/lib/python3.11/site-packages/airflow/example_dags/example_time_delta_sensor_async.py
[2024-12-16T09:02:37.392+0900] {processor.py:925} INFO - DAG(s) 'example_time_delta_sensor_async' retrieved from /Users/hongseoklee/miniconda3/envs/aivenv/lib/python3.11/site-packages/airflow/example_dags/example_time_delta_sensor_async.py
[2024-12-16T09:02:37.690+0900] {logging_mixin.py:190} INFO - [2024-12-16T09:02:37.690+0900] {dag.py:3239} INFO - Sync 1 DAGs
[2024-12-16T09:02:37.693+0900] {logging_mixin.py:190} INFO - [2024-12-16T09:02:37.693+0900] {dag.py:4180} INFO - Setting next_dagrun for example_time_delta_sensor_async to None, run_after=None
[2024-12-16T09:02:37.700+0900] {processor.py:208} INFO - Processing /Users/hongseoklee/miniconda3/envs/aivenv/lib/python3.11/site-packages/airflow/example_dags/example_time_delta_sensor_async.py took 0.314 seconds
[2024-12-16T09:03:53.365+0900] {processor.py:186} INFO - Started process (PID=50852) to work on /Users/hongseoklee/miniconda3/envs/aivenv/lib/python3.11/site-packages/airflow/example_dags/example_time_delta_sensor_async.py
[2024-12-16T09:03:53.366+0900] {processor.py:914} INFO - Processing file /Users/hongseoklee/miniconda3/envs/aivenv/lib/python3.11/site-packages/airflow/example_dags/example_time_delta_sensor_async.py for tasks to queue
[2024-12-16T09:03:53.367+0900] {logging_mixin.py:190} INFO - [2024-12-16T09:03:53.367+0900] {dagbag.py:588} INFO - Filling up the DagBag from /Users/hongseoklee/miniconda3/envs/aivenv/lib/python3.11/site-packages/airflow/example_dags/example_time_delta_sensor_async.py
[2024-12-16T09:03:53.370+0900] {processor.py:925} INFO - DAG(s) 'example_time_delta_sensor_async' retrieved from /Users/hongseoklee/miniconda3/envs/aivenv/lib/python3.11/site-packages/airflow/example_dags/example_time_delta_sensor_async.py
[2024-12-16T09:03:53.636+0900] {logging_mixin.py:190} INFO - [2024-12-16T09:03:53.635+0900] {dag.py:3239} INFO - Sync 1 DAGs
[2024-12-16T09:03:53.639+0900] {logging_mixin.py:190} INFO - [2024-12-16T09:03:53.639+0900] {dag.py:4180} INFO - Setting next_dagrun for example_time_delta_sensor_async to None, run_after=None
[2024-12-16T09:03:53.646+0900] {processor.py:208} INFO - Processing /Users/hongseoklee/miniconda3/envs/aivenv/lib/python3.11/site-packages/airflow/example_dags/example_time_delta_sensor_async.py took 0.282 seconds
[2024-12-16T09:05:16.151+0900] {processor.py:186} INFO - Started process (PID=51081) to work on /Users/hongseoklee/miniconda3/envs/aivenv/lib/python3.11/site-packages/airflow/example_dags/example_time_delta_sensor_async.py
[2024-12-16T09:05:16.151+0900] {processor.py:914} INFO - Processing file /Users/hongseoklee/miniconda3/envs/aivenv/lib/python3.11/site-packages/airflow/example_dags/example_time_delta_sensor_async.py for tasks to queue
[2024-12-16T09:05:16.152+0900] {logging_mixin.py:190} INFO - [2024-12-16T09:05:16.152+0900] {dagbag.py:588} INFO - Filling up the DagBag from /Users/hongseoklee/miniconda3/envs/aivenv/lib/python3.11/site-packages/airflow/example_dags/example_time_delta_sensor_async.py
[2024-12-16T09:05:16.155+0900] {processor.py:925} INFO - DAG(s) 'example_time_delta_sensor_async' retrieved from /Users/hongseoklee/miniconda3/envs/aivenv/lib/python3.11/site-packages/airflow/example_dags/example_time_delta_sensor_async.py
[2024-12-16T09:05:16.440+0900] {logging_mixin.py:190} INFO - [2024-12-16T09:05:16.440+0900] {dag.py:3239} INFO - Sync 1 DAGs
[2024-12-16T09:05:16.444+0900] {logging_mixin.py:190} INFO - [2024-12-16T09:05:16.444+0900] {dag.py:4180} INFO - Setting next_dagrun for example_time_delta_sensor_async to None, run_after=None
[2024-12-16T09:05:16.451+0900] {processor.py:208} INFO - Processing /Users/hongseoklee/miniconda3/envs/aivenv/lib/python3.11/site-packages/airflow/example_dags/example_time_delta_sensor_async.py took 0.301 seconds
[2024-12-16T09:06:33.909+0900] {processor.py:186} INFO - Started process (PID=51296) to work on /Users/hongseoklee/miniconda3/envs/aivenv/lib/python3.11/site-packages/airflow/example_dags/example_time_delta_sensor_async.py
[2024-12-16T09:06:33.910+0900] {processor.py:914} INFO - Processing file /Users/hongseoklee/miniconda3/envs/aivenv/lib/python3.11/site-packages/airflow/example_dags/example_time_delta_sensor_async.py for tasks to queue
[2024-12-16T09:06:33.911+0900] {logging_mixin.py:190} INFO - [2024-12-16T09:06:33.911+0900] {dagbag.py:588} INFO - Filling up the DagBag from /Users/hongseoklee/miniconda3/envs/aivenv/lib/python3.11/site-packages/airflow/example_dags/example_time_delta_sensor_async.py
[2024-12-16T09:06:33.914+0900] {processor.py:925} INFO - DAG(s) 'example_time_delta_sensor_async' retrieved from /Users/hongseoklee/miniconda3/envs/aivenv/lib/python3.11/site-packages/airflow/example_dags/example_time_delta_sensor_async.py
[2024-12-16T09:06:34.245+0900] {logging_mixin.py:190} INFO - [2024-12-16T09:06:34.244+0900] {dag.py:3239} INFO - Sync 1 DAGs
[2024-12-16T09:06:34.249+0900] {logging_mixin.py:190} INFO - [2024-12-16T09:06:34.249+0900] {dag.py:4180} INFO - Setting next_dagrun for example_time_delta_sensor_async to None, run_after=None
[2024-12-16T09:06:34.255+0900] {processor.py:208} INFO - Processing /Users/hongseoklee/miniconda3/envs/aivenv/lib/python3.11/site-packages/airflow/example_dags/example_time_delta_sensor_async.py took 0.347 seconds
[2024-12-16T09:07:50.633+0900] {processor.py:186} INFO - Started process (PID=51501) to work on /Users/hongseoklee/miniconda3/envs/aivenv/lib/python3.11/site-packages/airflow/example_dags/example_time_delta_sensor_async.py
[2024-12-16T09:07:50.633+0900] {processor.py:914} INFO - Processing file /Users/hongseoklee/miniconda3/envs/aivenv/lib/python3.11/site-packages/airflow/example_dags/example_time_delta_sensor_async.py for tasks to queue
[2024-12-16T09:07:50.634+0900] {logging_mixin.py:190} INFO - [2024-12-16T09:07:50.633+0900] {dagbag.py:588} INFO - Filling up the DagBag from /Users/hongseoklee/miniconda3/envs/aivenv/lib/python3.11/site-packages/airflow/example_dags/example_time_delta_sensor_async.py
[2024-12-16T09:07:50.637+0900] {processor.py:925} INFO - DAG(s) 'example_time_delta_sensor_async' retrieved from /Users/hongseoklee/miniconda3/envs/aivenv/lib/python3.11/site-packages/airflow/example_dags/example_time_delta_sensor_async.py
[2024-12-16T09:07:50.908+0900] {logging_mixin.py:190} INFO - [2024-12-16T09:07:50.908+0900] {dag.py:3239} INFO - Sync 1 DAGs
[2024-12-16T09:07:50.912+0900] {logging_mixin.py:190} INFO - [2024-12-16T09:07:50.912+0900] {dag.py:4180} INFO - Setting next_dagrun for example_time_delta_sensor_async to None, run_after=None
[2024-12-16T09:07:50.919+0900] {processor.py:208} INFO - Processing /Users/hongseoklee/miniconda3/envs/aivenv/lib/python3.11/site-packages/airflow/example_dags/example_time_delta_sensor_async.py took 0.287 seconds
