[2024-12-16T09:00:37.161+0900] {processor.py:186} INFO - Started process (PID=50142) to work on /Users/hongseoklee/miniconda3/envs/aivenv/lib/python3.11/site-packages/airflow/example_dags/example_datasets.py
[2024-12-16T09:00:37.162+0900] {processor.py:914} INFO - Processing file /Users/hongseoklee/miniconda3/envs/aivenv/lib/python3.11/site-packages/airflow/example_dags/example_datasets.py for tasks to queue
[2024-12-16T09:00:37.162+0900] {logging_mixin.py:190} INFO - [2024-12-16T09:00:37.162+0900] {dagbag.py:588} INFO - Filling up the DagBag from /Users/hongseoklee/miniconda3/envs/aivenv/lib/python3.11/site-packages/airflow/example_dags/example_datasets.py
[2024-12-16T09:00:37.183+0900] {processor.py:925} INFO - DAG(s) 'dataset_produces_2', 'conditional_dataset_and_time_based_timetable', 'dataset_consumes_unknown_never_scheduled', 'dataset_consumes_1', 'consume_1_and_2_with_dataset_expressions', 'dataset_consumes_1_and_2', 'consume_1_or_both_2_and_3_with_dataset_expressions', 'dataset_produces_1', 'dataset_consumes_1_never_scheduled', 'consume_1_or_2_with_dataset_expressions' retrieved from /Users/hongseoklee/miniconda3/envs/aivenv/lib/python3.11/site-packages/airflow/example_dags/example_datasets.py
[2024-12-16T09:00:37.218+0900] {logging_mixin.py:190} INFO - [2024-12-16T09:00:37.217+0900] {dag.py:3239} INFO - Sync 10 DAGs
[2024-12-16T09:00:37.255+0900] {logging_mixin.py:190} INFO - [2024-12-16T09:00:37.255+0900] {dag.py:4180} INFO - Setting next_dagrun for conditional_dataset_and_time_based_timetable to 2024-12-11T01:00:00+00:00, run_after=2024-12-11T01:00:00+00:00
[2024-12-16T09:00:37.256+0900] {logging_mixin.py:190} INFO - [2024-12-16T09:00:37.256+0900] {dag.py:4180} INFO - Setting next_dagrun for consume_1_and_2_with_dataset_expressions to None, run_after=None
[2024-12-16T09:00:37.256+0900] {logging_mixin.py:190} INFO - [2024-12-16T09:00:37.256+0900] {dag.py:4180} INFO - Setting next_dagrun for consume_1_or_2_with_dataset_expressions to None, run_after=None
[2024-12-16T09:00:37.256+0900] {logging_mixin.py:190} INFO - [2024-12-16T09:00:37.256+0900] {dag.py:4180} INFO - Setting next_dagrun for consume_1_or_both_2_and_3_with_dataset_expressions to None, run_after=None
[2024-12-16T09:00:37.257+0900] {logging_mixin.py:190} INFO - [2024-12-16T09:00:37.256+0900] {dag.py:4180} INFO - Setting next_dagrun for dataset_consumes_1 to None, run_after=None
[2024-12-16T09:00:37.257+0900] {logging_mixin.py:190} INFO - [2024-12-16T09:00:37.257+0900] {dag.py:4180} INFO - Setting next_dagrun for dataset_consumes_1_and_2 to None, run_after=None
[2024-12-16T09:00:37.257+0900] {logging_mixin.py:190} INFO - [2024-12-16T09:00:37.257+0900] {dag.py:4180} INFO - Setting next_dagrun for dataset_consumes_1_never_scheduled to None, run_after=None
[2024-12-16T09:00:37.257+0900] {logging_mixin.py:190} INFO - [2024-12-16T09:00:37.257+0900] {dag.py:4180} INFO - Setting next_dagrun for dataset_consumes_unknown_never_scheduled to None, run_after=None
[2024-12-16T09:00:37.258+0900] {logging_mixin.py:190} INFO - [2024-12-16T09:00:37.258+0900] {dag.py:4180} INFO - Setting next_dagrun for dataset_produces_1 to 2024-12-15T00:00:00+00:00, run_after=2024-12-16T00:00:00+00:00
[2024-12-16T09:00:37.258+0900] {logging_mixin.py:190} INFO - [2024-12-16T09:00:37.258+0900] {dag.py:4180} INFO - Setting next_dagrun for dataset_produces_2 to None, run_after=None
[2024-12-16T09:00:37.266+0900] {processor.py:208} INFO - Processing /Users/hongseoklee/miniconda3/envs/aivenv/lib/python3.11/site-packages/airflow/example_dags/example_datasets.py took 0.106 seconds
[2024-12-16T09:03:11.613+0900] {processor.py:186} INFO - Started process (PID=50724) to work on /Users/hongseoklee/miniconda3/envs/aivenv/lib/python3.11/site-packages/airflow/example_dags/example_datasets.py
[2024-12-16T09:03:11.614+0900] {processor.py:914} INFO - Processing file /Users/hongseoklee/miniconda3/envs/aivenv/lib/python3.11/site-packages/airflow/example_dags/example_datasets.py for tasks to queue
[2024-12-16T09:03:11.615+0900] {logging_mixin.py:190} INFO - [2024-12-16T09:03:11.615+0900] {dagbag.py:588} INFO - Filling up the DagBag from /Users/hongseoklee/miniconda3/envs/aivenv/lib/python3.11/site-packages/airflow/example_dags/example_datasets.py
[2024-12-16T09:03:11.637+0900] {processor.py:925} INFO - DAG(s) 'dataset_produces_1', 'consume_1_and_2_with_dataset_expressions', 'dataset_consumes_1_and_2', 'conditional_dataset_and_time_based_timetable', 'dataset_consumes_unknown_never_scheduled', 'dataset_produces_2', 'dataset_consumes_1', 'consume_1_or_2_with_dataset_expressions', 'consume_1_or_both_2_and_3_with_dataset_expressions', 'dataset_consumes_1_never_scheduled' retrieved from /Users/hongseoklee/miniconda3/envs/aivenv/lib/python3.11/site-packages/airflow/example_dags/example_datasets.py
[2024-12-16T09:03:11.672+0900] {logging_mixin.py:190} INFO - [2024-12-16T09:03:11.672+0900] {dag.py:3239} INFO - Sync 10 DAGs
[2024-12-16T09:03:11.710+0900] {logging_mixin.py:190} INFO - [2024-12-16T09:03:11.710+0900] {dag.py:4180} INFO - Setting next_dagrun for conditional_dataset_and_time_based_timetable to 2024-12-11T01:00:00+00:00, run_after=2024-12-11T01:00:00+00:00
[2024-12-16T09:03:11.711+0900] {logging_mixin.py:190} INFO - [2024-12-16T09:03:11.711+0900] {dag.py:4180} INFO - Setting next_dagrun for consume_1_and_2_with_dataset_expressions to None, run_after=None
[2024-12-16T09:03:11.711+0900] {logging_mixin.py:190} INFO - [2024-12-16T09:03:11.711+0900] {dag.py:4180} INFO - Setting next_dagrun for consume_1_or_2_with_dataset_expressions to None, run_after=None
[2024-12-16T09:03:11.712+0900] {logging_mixin.py:190} INFO - [2024-12-16T09:03:11.712+0900] {dag.py:4180} INFO - Setting next_dagrun for consume_1_or_both_2_and_3_with_dataset_expressions to None, run_after=None
[2024-12-16T09:03:11.712+0900] {logging_mixin.py:190} INFO - [2024-12-16T09:03:11.712+0900] {dag.py:4180} INFO - Setting next_dagrun for dataset_consumes_1 to None, run_after=None
[2024-12-16T09:03:11.712+0900] {logging_mixin.py:190} INFO - [2024-12-16T09:03:11.712+0900] {dag.py:4180} INFO - Setting next_dagrun for dataset_consumes_1_and_2 to None, run_after=None
[2024-12-16T09:03:11.712+0900] {logging_mixin.py:190} INFO - [2024-12-16T09:03:11.712+0900] {dag.py:4180} INFO - Setting next_dagrun for dataset_consumes_1_never_scheduled to None, run_after=None
[2024-12-16T09:03:11.712+0900] {logging_mixin.py:190} INFO - [2024-12-16T09:03:11.712+0900] {dag.py:4180} INFO - Setting next_dagrun for dataset_consumes_unknown_never_scheduled to None, run_after=None
[2024-12-16T09:03:11.713+0900] {logging_mixin.py:190} INFO - [2024-12-16T09:03:11.713+0900] {dag.py:4180} INFO - Setting next_dagrun for dataset_produces_1 to 2024-12-15T00:00:00+00:00, run_after=2024-12-16T00:00:00+00:00
[2024-12-16T09:03:11.713+0900] {logging_mixin.py:190} INFO - [2024-12-16T09:03:11.713+0900] {dag.py:4180} INFO - Setting next_dagrun for dataset_produces_2 to None, run_after=None
[2024-12-16T09:03:11.721+0900] {processor.py:208} INFO - Processing /Users/hongseoklee/miniconda3/envs/aivenv/lib/python3.11/site-packages/airflow/example_dags/example_datasets.py took 0.109 seconds
[2024-12-16T09:05:51.907+0900] {processor.py:186} INFO - Started process (PID=51178) to work on /Users/hongseoklee/miniconda3/envs/aivenv/lib/python3.11/site-packages/airflow/example_dags/example_datasets.py
[2024-12-16T09:05:51.908+0900] {processor.py:914} INFO - Processing file /Users/hongseoklee/miniconda3/envs/aivenv/lib/python3.11/site-packages/airflow/example_dags/example_datasets.py for tasks to queue
[2024-12-16T09:05:51.908+0900] {logging_mixin.py:190} INFO - [2024-12-16T09:05:51.908+0900] {dagbag.py:588} INFO - Filling up the DagBag from /Users/hongseoklee/miniconda3/envs/aivenv/lib/python3.11/site-packages/airflow/example_dags/example_datasets.py
[2024-12-16T09:05:51.931+0900] {processor.py:925} INFO - DAG(s) 'dataset_consumes_1_never_scheduled', 'consume_1_or_both_2_and_3_with_dataset_expressions', 'consume_1_or_2_with_dataset_expressions', 'dataset_consumes_unknown_never_scheduled', 'dataset_produces_1', 'dataset_consumes_1', 'conditional_dataset_and_time_based_timetable', 'dataset_consumes_1_and_2', 'dataset_produces_2', 'consume_1_and_2_with_dataset_expressions' retrieved from /Users/hongseoklee/miniconda3/envs/aivenv/lib/python3.11/site-packages/airflow/example_dags/example_datasets.py
[2024-12-16T09:05:51.966+0900] {logging_mixin.py:190} INFO - [2024-12-16T09:05:51.966+0900] {dag.py:3239} INFO - Sync 10 DAGs
[2024-12-16T09:05:52.008+0900] {logging_mixin.py:190} INFO - [2024-12-16T09:05:52.008+0900] {dag.py:4180} INFO - Setting next_dagrun for conditional_dataset_and_time_based_timetable to 2024-12-11T01:00:00+00:00, run_after=2024-12-11T01:00:00+00:00
[2024-12-16T09:05:52.009+0900] {logging_mixin.py:190} INFO - [2024-12-16T09:05:52.009+0900] {dag.py:4180} INFO - Setting next_dagrun for consume_1_and_2_with_dataset_expressions to None, run_after=None
[2024-12-16T09:05:52.009+0900] {logging_mixin.py:190} INFO - [2024-12-16T09:05:52.009+0900] {dag.py:4180} INFO - Setting next_dagrun for consume_1_or_2_with_dataset_expressions to None, run_after=None
[2024-12-16T09:05:52.009+0900] {logging_mixin.py:190} INFO - [2024-12-16T09:05:52.009+0900] {dag.py:4180} INFO - Setting next_dagrun for consume_1_or_both_2_and_3_with_dataset_expressions to None, run_after=None
[2024-12-16T09:05:52.010+0900] {logging_mixin.py:190} INFO - [2024-12-16T09:05:52.010+0900] {dag.py:4180} INFO - Setting next_dagrun for dataset_consumes_1 to None, run_after=None
[2024-12-16T09:05:52.010+0900] {logging_mixin.py:190} INFO - [2024-12-16T09:05:52.010+0900] {dag.py:4180} INFO - Setting next_dagrun for dataset_consumes_1_and_2 to None, run_after=None
[2024-12-16T09:05:52.010+0900] {logging_mixin.py:190} INFO - [2024-12-16T09:05:52.010+0900] {dag.py:4180} INFO - Setting next_dagrun for dataset_consumes_1_never_scheduled to None, run_after=None
[2024-12-16T09:05:52.010+0900] {logging_mixin.py:190} INFO - [2024-12-16T09:05:52.010+0900] {dag.py:4180} INFO - Setting next_dagrun for dataset_consumes_unknown_never_scheduled to None, run_after=None
[2024-12-16T09:05:52.011+0900] {logging_mixin.py:190} INFO - [2024-12-16T09:05:52.011+0900] {dag.py:4180} INFO - Setting next_dagrun for dataset_produces_1 to 2024-12-15T00:00:00+00:00, run_after=2024-12-16T00:00:00+00:00
[2024-12-16T09:05:52.011+0900] {logging_mixin.py:190} INFO - [2024-12-16T09:05:52.011+0900] {dag.py:4180} INFO - Setting next_dagrun for dataset_produces_2 to None, run_after=None
[2024-12-16T09:05:52.020+0900] {processor.py:208} INFO - Processing /Users/hongseoklee/miniconda3/envs/aivenv/lib/python3.11/site-packages/airflow/example_dags/example_datasets.py took 0.114 seconds
[2024-12-16T09:08:27.046+0900] {processor.py:186} INFO - Started process (PID=51598) to work on /Users/hongseoklee/miniconda3/envs/aivenv/lib/python3.11/site-packages/airflow/example_dags/example_datasets.py
[2024-12-16T09:08:27.047+0900] {processor.py:914} INFO - Processing file /Users/hongseoklee/miniconda3/envs/aivenv/lib/python3.11/site-packages/airflow/example_dags/example_datasets.py for tasks to queue
[2024-12-16T09:08:27.048+0900] {logging_mixin.py:190} INFO - [2024-12-16T09:08:27.048+0900] {dagbag.py:588} INFO - Filling up the DagBag from /Users/hongseoklee/miniconda3/envs/aivenv/lib/python3.11/site-packages/airflow/example_dags/example_datasets.py
[2024-12-16T09:08:27.069+0900] {processor.py:925} INFO - DAG(s) 'consume_1_or_both_2_and_3_with_dataset_expressions', 'conditional_dataset_and_time_based_timetable', 'dataset_consumes_1_never_scheduled', 'consume_1_or_2_with_dataset_expressions', 'dataset_consumes_1_and_2', 'dataset_consumes_1', 'consume_1_and_2_with_dataset_expressions', 'dataset_produces_1', 'dataset_consumes_unknown_never_scheduled', 'dataset_produces_2' retrieved from /Users/hongseoklee/miniconda3/envs/aivenv/lib/python3.11/site-packages/airflow/example_dags/example_datasets.py
[2024-12-16T09:08:27.103+0900] {logging_mixin.py:190} INFO - [2024-12-16T09:08:27.103+0900] {dag.py:3239} INFO - Sync 10 DAGs
[2024-12-16T09:08:27.141+0900] {logging_mixin.py:190} INFO - [2024-12-16T09:08:27.141+0900] {dag.py:4180} INFO - Setting next_dagrun for conditional_dataset_and_time_based_timetable to 2024-12-11T01:00:00+00:00, run_after=2024-12-11T01:00:00+00:00
[2024-12-16T09:08:27.142+0900] {logging_mixin.py:190} INFO - [2024-12-16T09:08:27.142+0900] {dag.py:4180} INFO - Setting next_dagrun for consume_1_and_2_with_dataset_expressions to None, run_after=None
[2024-12-16T09:08:27.142+0900] {logging_mixin.py:190} INFO - [2024-12-16T09:08:27.142+0900] {dag.py:4180} INFO - Setting next_dagrun for consume_1_or_2_with_dataset_expressions to None, run_after=None
[2024-12-16T09:08:27.142+0900] {logging_mixin.py:190} INFO - [2024-12-16T09:08:27.142+0900] {dag.py:4180} INFO - Setting next_dagrun for consume_1_or_both_2_and_3_with_dataset_expressions to None, run_after=None
[2024-12-16T09:08:27.142+0900] {logging_mixin.py:190} INFO - [2024-12-16T09:08:27.142+0900] {dag.py:4180} INFO - Setting next_dagrun for dataset_consumes_1 to None, run_after=None
[2024-12-16T09:08:27.143+0900] {logging_mixin.py:190} INFO - [2024-12-16T09:08:27.143+0900] {dag.py:4180} INFO - Setting next_dagrun for dataset_consumes_1_and_2 to None, run_after=None
[2024-12-16T09:08:27.143+0900] {logging_mixin.py:190} INFO - [2024-12-16T09:08:27.143+0900] {dag.py:4180} INFO - Setting next_dagrun for dataset_consumes_1_never_scheduled to None, run_after=None
[2024-12-16T09:08:27.143+0900] {logging_mixin.py:190} INFO - [2024-12-16T09:08:27.143+0900] {dag.py:4180} INFO - Setting next_dagrun for dataset_consumes_unknown_never_scheduled to None, run_after=None
[2024-12-16T09:08:27.144+0900] {logging_mixin.py:190} INFO - [2024-12-16T09:08:27.144+0900] {dag.py:4180} INFO - Setting next_dagrun for dataset_produces_1 to 2024-12-15T00:00:00+00:00, run_after=2024-12-16T00:00:00+00:00
[2024-12-16T09:08:27.144+0900] {logging_mixin.py:190} INFO - [2024-12-16T09:08:27.144+0900] {dag.py:4180} INFO - Setting next_dagrun for dataset_produces_2 to None, run_after=None
[2024-12-16T09:08:27.152+0900] {processor.py:208} INFO - Processing /Users/hongseoklee/miniconda3/envs/aivenv/lib/python3.11/site-packages/airflow/example_dags/example_datasets.py took 0.107 seconds
