[2024-12-16T09:00:27.471+0900] {processor.py:186} INFO - Started process (PID=50116) to work on /Users/hongseoklee/miniconda3/envs/aivenv/lib/python3.11/site-packages/airflow/example_dags/example_local_kubernetes_executor.py
[2024-12-16T09:00:27.471+0900] {processor.py:914} INFO - Processing file /Users/hongseoklee/miniconda3/envs/aivenv/lib/python3.11/site-packages/airflow/example_dags/example_local_kubernetes_executor.py for tasks to queue
[2024-12-16T09:00:27.472+0900] {logging_mixin.py:190} INFO - [2024-12-16T09:00:27.471+0900] {dagbag.py:588} INFO - Filling up the DagBag from /Users/hongseoklee/miniconda3/envs/aivenv/lib/python3.11/site-packages/airflow/example_dags/example_local_kubernetes_executor.py
[2024-12-16T09:00:27.650+0900] {processor.py:925} INFO - DAG(s) 'example_local_kubernetes_executor' retrieved from /Users/hongseoklee/miniconda3/envs/aivenv/lib/python3.11/site-packages/airflow/example_dags/example_local_kubernetes_executor.py
[2024-12-16T09:00:27.677+0900] {logging_mixin.py:190} WARNING - /Users/hongseoklee/miniconda3/envs/aivenv/lib/python3.11/site-packages/airflow/serialization/serialized_objects.py:1884 DeprecationWarning: This module is deprecated. The `cncf.kubernetes` provider before version 7.4.0 uses this module - you should migrate to a newer version of `cncf.kubernetes` to get rid of this warning. If you import the module via `airflow.kubernetes` import, please use `cncf.kubernetes' provider 7.4.0+ and switch all your imports to use `apache.airflow.providers.cncf.kubernetes` to get rid of the warning.
[2024-12-16T09:00:27.681+0900] {logging_mixin.py:190} INFO - [2024-12-16T09:00:27.681+0900] {dag.py:3239} INFO - Sync 1 DAGs
[2024-12-16T09:00:27.685+0900] {logging_mixin.py:190} INFO - [2024-12-16T09:00:27.685+0900] {dag.py:4180} INFO - Setting next_dagrun for example_local_kubernetes_executor to None, run_after=None
[2024-12-16T09:00:27.690+0900] {processor.py:208} INFO - Processing /Users/hongseoklee/miniconda3/envs/aivenv/lib/python3.11/site-packages/airflow/example_dags/example_local_kubernetes_executor.py took 0.221 seconds
[2024-12-16T09:02:59.287+0900] {processor.py:186} INFO - Started process (PID=50691) to work on /Users/hongseoklee/miniconda3/envs/aivenv/lib/python3.11/site-packages/airflow/example_dags/example_local_kubernetes_executor.py
[2024-12-16T09:02:59.287+0900] {processor.py:914} INFO - Processing file /Users/hongseoklee/miniconda3/envs/aivenv/lib/python3.11/site-packages/airflow/example_dags/example_local_kubernetes_executor.py for tasks to queue
[2024-12-16T09:02:59.288+0900] {logging_mixin.py:190} INFO - [2024-12-16T09:02:59.288+0900] {dagbag.py:588} INFO - Filling up the DagBag from /Users/hongseoklee/miniconda3/envs/aivenv/lib/python3.11/site-packages/airflow/example_dags/example_local_kubernetes_executor.py
[2024-12-16T09:02:59.474+0900] {processor.py:925} INFO - DAG(s) 'example_local_kubernetes_executor' retrieved from /Users/hongseoklee/miniconda3/envs/aivenv/lib/python3.11/site-packages/airflow/example_dags/example_local_kubernetes_executor.py
[2024-12-16T09:02:59.502+0900] {logging_mixin.py:190} WARNING - /Users/hongseoklee/miniconda3/envs/aivenv/lib/python3.11/site-packages/airflow/serialization/serialized_objects.py:1884 DeprecationWarning: This module is deprecated. The `cncf.kubernetes` provider before version 7.4.0 uses this module - you should migrate to a newer version of `cncf.kubernetes` to get rid of this warning. If you import the module via `airflow.kubernetes` import, please use `cncf.kubernetes' provider 7.4.0+ and switch all your imports to use `apache.airflow.providers.cncf.kubernetes` to get rid of the warning.
[2024-12-16T09:02:59.506+0900] {logging_mixin.py:190} INFO - [2024-12-16T09:02:59.506+0900] {dag.py:3239} INFO - Sync 1 DAGs
[2024-12-16T09:02:59.510+0900] {logging_mixin.py:190} INFO - [2024-12-16T09:02:59.510+0900] {dag.py:4180} INFO - Setting next_dagrun for example_local_kubernetes_executor to None, run_after=None
[2024-12-16T09:02:59.516+0900] {processor.py:208} INFO - Processing /Users/hongseoklee/miniconda3/envs/aivenv/lib/python3.11/site-packages/airflow/example_dags/example_local_kubernetes_executor.py took 0.230 seconds
[2024-12-16T09:05:39.702+0900] {processor.py:186} INFO - Started process (PID=51145) to work on /Users/hongseoklee/miniconda3/envs/aivenv/lib/python3.11/site-packages/airflow/example_dags/example_local_kubernetes_executor.py
[2024-12-16T09:05:39.703+0900] {processor.py:914} INFO - Processing file /Users/hongseoklee/miniconda3/envs/aivenv/lib/python3.11/site-packages/airflow/example_dags/example_local_kubernetes_executor.py for tasks to queue
[2024-12-16T09:05:39.703+0900] {logging_mixin.py:190} INFO - [2024-12-16T09:05:39.703+0900] {dagbag.py:588} INFO - Filling up the DagBag from /Users/hongseoklee/miniconda3/envs/aivenv/lib/python3.11/site-packages/airflow/example_dags/example_local_kubernetes_executor.py
[2024-12-16T09:05:39.883+0900] {processor.py:925} INFO - DAG(s) 'example_local_kubernetes_executor' retrieved from /Users/hongseoklee/miniconda3/envs/aivenv/lib/python3.11/site-packages/airflow/example_dags/example_local_kubernetes_executor.py
[2024-12-16T09:05:39.911+0900] {logging_mixin.py:190} WARNING - /Users/hongseoklee/miniconda3/envs/aivenv/lib/python3.11/site-packages/airflow/serialization/serialized_objects.py:1884 DeprecationWarning: This module is deprecated. The `cncf.kubernetes` provider before version 7.4.0 uses this module - you should migrate to a newer version of `cncf.kubernetes` to get rid of this warning. If you import the module via `airflow.kubernetes` import, please use `cncf.kubernetes' provider 7.4.0+ and switch all your imports to use `apache.airflow.providers.cncf.kubernetes` to get rid of the warning.
[2024-12-16T09:05:39.915+0900] {logging_mixin.py:190} INFO - [2024-12-16T09:05:39.915+0900] {dag.py:3239} INFO - Sync 1 DAGs
[2024-12-16T09:05:39.919+0900] {logging_mixin.py:190} INFO - [2024-12-16T09:05:39.919+0900] {dag.py:4180} INFO - Setting next_dagrun for example_local_kubernetes_executor to None, run_after=None
[2024-12-16T09:05:39.926+0900] {processor.py:208} INFO - Processing /Users/hongseoklee/miniconda3/envs/aivenv/lib/python3.11/site-packages/airflow/example_dags/example_local_kubernetes_executor.py took 0.225 seconds
[2024-12-16T09:08:15.842+0900] {processor.py:186} INFO - Started process (PID=51567) to work on /Users/hongseoklee/miniconda3/envs/aivenv/lib/python3.11/site-packages/airflow/example_dags/example_local_kubernetes_executor.py
[2024-12-16T09:08:15.843+0900] {processor.py:914} INFO - Processing file /Users/hongseoklee/miniconda3/envs/aivenv/lib/python3.11/site-packages/airflow/example_dags/example_local_kubernetes_executor.py for tasks to queue
[2024-12-16T09:08:15.844+0900] {logging_mixin.py:190} INFO - [2024-12-16T09:08:15.843+0900] {dagbag.py:588} INFO - Filling up the DagBag from /Users/hongseoklee/miniconda3/envs/aivenv/lib/python3.11/site-packages/airflow/example_dags/example_local_kubernetes_executor.py
[2024-12-16T09:08:16.006+0900] {processor.py:925} INFO - DAG(s) 'example_local_kubernetes_executor' retrieved from /Users/hongseoklee/miniconda3/envs/aivenv/lib/python3.11/site-packages/airflow/example_dags/example_local_kubernetes_executor.py
[2024-12-16T09:08:16.033+0900] {logging_mixin.py:190} WARNING - /Users/hongseoklee/miniconda3/envs/aivenv/lib/python3.11/site-packages/airflow/serialization/serialized_objects.py:1884 DeprecationWarning: This module is deprecated. The `cncf.kubernetes` provider before version 7.4.0 uses this module - you should migrate to a newer version of `cncf.kubernetes` to get rid of this warning. If you import the module via `airflow.kubernetes` import, please use `cncf.kubernetes' provider 7.4.0+ and switch all your imports to use `apache.airflow.providers.cncf.kubernetes` to get rid of the warning.
[2024-12-16T09:08:16.036+0900] {logging_mixin.py:190} INFO - [2024-12-16T09:08:16.036+0900] {dag.py:3239} INFO - Sync 1 DAGs
[2024-12-16T09:08:16.039+0900] {logging_mixin.py:190} INFO - [2024-12-16T09:08:16.039+0900] {dag.py:4180} INFO - Setting next_dagrun for example_local_kubernetes_executor to None, run_after=None
[2024-12-16T09:08:16.045+0900] {processor.py:208} INFO - Processing /Users/hongseoklee/miniconda3/envs/aivenv/lib/python3.11/site-packages/airflow/example_dags/example_local_kubernetes_executor.py took 0.204 seconds
