[2024-12-16T09:01:08.394+0900] {processor.py:186} INFO - Started process (PID=50259) to work on /Users/hongseoklee/miniconda3/envs/aivenv/lib/python3.11/site-packages/airflow/example_dags/tutorial_dag.py
[2024-12-16T09:01:08.394+0900] {processor.py:914} INFO - Processing file /Users/hongseoklee/miniconda3/envs/aivenv/lib/python3.11/site-packages/airflow/example_dags/tutorial_dag.py for tasks to queue
[2024-12-16T09:01:08.395+0900] {logging_mixin.py:190} INFO - [2024-12-16T09:01:08.395+0900] {dagbag.py:588} INFO - Filling up the DagBag from /Users/hongseoklee/miniconda3/envs/aivenv/lib/python3.11/site-packages/airflow/example_dags/tutorial_dag.py
[2024-12-16T09:01:08.403+0900] {processor.py:925} INFO - DAG(s) 'tutorial_dag' retrieved from /Users/hongseoklee/miniconda3/envs/aivenv/lib/python3.11/site-packages/airflow/example_dags/tutorial_dag.py
[2024-12-16T09:01:08.431+0900] {logging_mixin.py:190} INFO - [2024-12-16T09:01:08.430+0900] {dag.py:3239} INFO - Sync 1 DAGs
[2024-12-16T09:01:08.434+0900] {logging_mixin.py:190} INFO - [2024-12-16T09:01:08.434+0900] {dag.py:4180} INFO - Setting next_dagrun for tutorial_dag to None, run_after=None
[2024-12-16T09:01:08.475+0900] {processor.py:208} INFO - Processing /Users/hongseoklee/miniconda3/envs/aivenv/lib/python3.11/site-packages/airflow/example_dags/tutorial_dag.py took 0.082 seconds
[2024-12-16T09:02:25.353+0900] {processor.py:186} INFO - Started process (PID=50593) to work on /Users/hongseoklee/miniconda3/envs/aivenv/lib/python3.11/site-packages/airflow/example_dags/tutorial_dag.py
[2024-12-16T09:02:25.354+0900] {processor.py:914} INFO - Processing file /Users/hongseoklee/miniconda3/envs/aivenv/lib/python3.11/site-packages/airflow/example_dags/tutorial_dag.py for tasks to queue
[2024-12-16T09:02:25.354+0900] {logging_mixin.py:190} INFO - [2024-12-16T09:02:25.354+0900] {dagbag.py:588} INFO - Filling up the DagBag from /Users/hongseoklee/miniconda3/envs/aivenv/lib/python3.11/site-packages/airflow/example_dags/tutorial_dag.py
[2024-12-16T09:02:25.362+0900] {processor.py:925} INFO - DAG(s) 'tutorial_dag' retrieved from /Users/hongseoklee/miniconda3/envs/aivenv/lib/python3.11/site-packages/airflow/example_dags/tutorial_dag.py
[2024-12-16T09:02:25.390+0900] {logging_mixin.py:190} INFO - [2024-12-16T09:02:25.390+0900] {dag.py:3239} INFO - Sync 1 DAGs
[2024-12-16T09:02:25.393+0900] {logging_mixin.py:190} INFO - [2024-12-16T09:02:25.393+0900] {dag.py:4180} INFO - Setting next_dagrun for tutorial_dag to None, run_after=None
[2024-12-16T09:02:25.431+0900] {processor.py:208} INFO - Processing /Users/hongseoklee/miniconda3/envs/aivenv/lib/python3.11/site-packages/airflow/example_dags/tutorial_dag.py took 0.079 seconds
[2024-12-16T09:03:41.128+0900] {processor.py:186} INFO - Started process (PID=50807) to work on /Users/hongseoklee/miniconda3/envs/aivenv/lib/python3.11/site-packages/airflow/example_dags/tutorial_dag.py
[2024-12-16T09:03:41.128+0900] {processor.py:914} INFO - Processing file /Users/hongseoklee/miniconda3/envs/aivenv/lib/python3.11/site-packages/airflow/example_dags/tutorial_dag.py for tasks to queue
[2024-12-16T09:03:41.129+0900] {logging_mixin.py:190} INFO - [2024-12-16T09:03:41.129+0900] {dagbag.py:588} INFO - Filling up the DagBag from /Users/hongseoklee/miniconda3/envs/aivenv/lib/python3.11/site-packages/airflow/example_dags/tutorial_dag.py
[2024-12-16T09:03:41.137+0900] {processor.py:925} INFO - DAG(s) 'tutorial_dag' retrieved from /Users/hongseoklee/miniconda3/envs/aivenv/lib/python3.11/site-packages/airflow/example_dags/tutorial_dag.py
[2024-12-16T09:03:41.167+0900] {logging_mixin.py:190} INFO - [2024-12-16T09:03:41.167+0900] {dag.py:3239} INFO - Sync 1 DAGs
[2024-12-16T09:03:41.171+0900] {logging_mixin.py:190} INFO - [2024-12-16T09:03:41.171+0900] {dag.py:4180} INFO - Setting next_dagrun for tutorial_dag to None, run_after=None
[2024-12-16T09:03:41.211+0900] {processor.py:208} INFO - Processing /Users/hongseoklee/miniconda3/envs/aivenv/lib/python3.11/site-packages/airflow/example_dags/tutorial_dag.py took 0.085 seconds
[2024-12-16T09:05:02.177+0900] {processor.py:186} INFO - Started process (PID=51046) to work on /Users/hongseoklee/miniconda3/envs/aivenv/lib/python3.11/site-packages/airflow/example_dags/tutorial_dag.py
[2024-12-16T09:05:02.178+0900] {processor.py:914} INFO - Processing file /Users/hongseoklee/miniconda3/envs/aivenv/lib/python3.11/site-packages/airflow/example_dags/tutorial_dag.py for tasks to queue
[2024-12-16T09:05:02.178+0900] {logging_mixin.py:190} INFO - [2024-12-16T09:05:02.178+0900] {dagbag.py:588} INFO - Filling up the DagBag from /Users/hongseoklee/miniconda3/envs/aivenv/lib/python3.11/site-packages/airflow/example_dags/tutorial_dag.py
[2024-12-16T09:05:02.187+0900] {processor.py:925} INFO - DAG(s) 'tutorial_dag' retrieved from /Users/hongseoklee/miniconda3/envs/aivenv/lib/python3.11/site-packages/airflow/example_dags/tutorial_dag.py
[2024-12-16T09:05:02.218+0900] {logging_mixin.py:190} INFO - [2024-12-16T09:05:02.218+0900] {dag.py:3239} INFO - Sync 1 DAGs
[2024-12-16T09:05:02.222+0900] {logging_mixin.py:190} INFO - [2024-12-16T09:05:02.222+0900] {dag.py:4180} INFO - Setting next_dagrun for tutorial_dag to None, run_after=None
[2024-12-16T09:05:02.265+0900] {processor.py:208} INFO - Processing /Users/hongseoklee/miniconda3/envs/aivenv/lib/python3.11/site-packages/airflow/example_dags/tutorial_dag.py took 0.089 seconds
[2024-12-16T09:06:20.878+0900] {processor.py:186} INFO - Started process (PID=51262) to work on /Users/hongseoklee/miniconda3/envs/aivenv/lib/python3.11/site-packages/airflow/example_dags/tutorial_dag.py
[2024-12-16T09:06:20.879+0900] {processor.py:914} INFO - Processing file /Users/hongseoklee/miniconda3/envs/aivenv/lib/python3.11/site-packages/airflow/example_dags/tutorial_dag.py for tasks to queue
[2024-12-16T09:06:20.879+0900] {logging_mixin.py:190} INFO - [2024-12-16T09:06:20.879+0900] {dagbag.py:588} INFO - Filling up the DagBag from /Users/hongseoklee/miniconda3/envs/aivenv/lib/python3.11/site-packages/airflow/example_dags/tutorial_dag.py
[2024-12-16T09:06:20.888+0900] {processor.py:925} INFO - DAG(s) 'tutorial_dag' retrieved from /Users/hongseoklee/miniconda3/envs/aivenv/lib/python3.11/site-packages/airflow/example_dags/tutorial_dag.py
[2024-12-16T09:06:20.916+0900] {logging_mixin.py:190} INFO - [2024-12-16T09:06:20.916+0900] {dag.py:3239} INFO - Sync 1 DAGs
[2024-12-16T09:06:20.920+0900] {logging_mixin.py:190} INFO - [2024-12-16T09:06:20.920+0900] {dag.py:4180} INFO - Setting next_dagrun for tutorial_dag to None, run_after=None
[2024-12-16T09:06:20.958+0900] {processor.py:208} INFO - Processing /Users/hongseoklee/miniconda3/envs/aivenv/lib/python3.11/site-packages/airflow/example_dags/tutorial_dag.py took 0.082 seconds
[2024-12-16T09:07:37.242+0900] {processor.py:186} INFO - Started process (PID=51465) to work on /Users/hongseoklee/miniconda3/envs/aivenv/lib/python3.11/site-packages/airflow/example_dags/tutorial_dag.py
[2024-12-16T09:07:37.242+0900] {processor.py:914} INFO - Processing file /Users/hongseoklee/miniconda3/envs/aivenv/lib/python3.11/site-packages/airflow/example_dags/tutorial_dag.py for tasks to queue
[2024-12-16T09:07:37.243+0900] {logging_mixin.py:190} INFO - [2024-12-16T09:07:37.243+0900] {dagbag.py:588} INFO - Filling up the DagBag from /Users/hongseoklee/miniconda3/envs/aivenv/lib/python3.11/site-packages/airflow/example_dags/tutorial_dag.py
[2024-12-16T09:07:37.251+0900] {processor.py:925} INFO - DAG(s) 'tutorial_dag' retrieved from /Users/hongseoklee/miniconda3/envs/aivenv/lib/python3.11/site-packages/airflow/example_dags/tutorial_dag.py
[2024-12-16T09:07:37.281+0900] {logging_mixin.py:190} INFO - [2024-12-16T09:07:37.281+0900] {dag.py:3239} INFO - Sync 1 DAGs
[2024-12-16T09:07:37.285+0900] {logging_mixin.py:190} INFO - [2024-12-16T09:07:37.285+0900] {dag.py:4180} INFO - Setting next_dagrun for tutorial_dag to None, run_after=None
[2024-12-16T09:07:37.325+0900] {processor.py:208} INFO - Processing /Users/hongseoklee/miniconda3/envs/aivenv/lib/python3.11/site-packages/airflow/example_dags/tutorial_dag.py took 0.083 seconds
