[2024-12-16T09:01:06.415+0900] {processor.py:186} INFO - Started process (PID=50247) to work on /Users/hongseoklee/miniconda3/envs/aivenv/lib/python3.11/site-packages/airflow/example_dags/tutorial_objectstorage.py
[2024-12-16T09:01:06.415+0900] {processor.py:914} INFO - Processing file /Users/hongseoklee/miniconda3/envs/aivenv/lib/python3.11/site-packages/airflow/example_dags/tutorial_objectstorage.py for tasks to queue
[2024-12-16T09:01:06.416+0900] {logging_mixin.py:190} INFO - [2024-12-16T09:01:06.416+0900] {dagbag.py:588} INFO - Filling up the DagBag from /Users/hongseoklee/miniconda3/envs/aivenv/lib/python3.11/site-packages/airflow/example_dags/tutorial_objectstorage.py
[2024-12-16T09:01:06.429+0900] {processor.py:925} INFO - DAG(s) 'tutorial_objectstorage' retrieved from /Users/hongseoklee/miniconda3/envs/aivenv/lib/python3.11/site-packages/airflow/example_dags/tutorial_objectstorage.py
[2024-12-16T09:01:06.458+0900] {logging_mixin.py:190} INFO - [2024-12-16T09:01:06.458+0900] {dag.py:3239} INFO - Sync 1 DAGs
[2024-12-16T09:01:06.497+0900] {logging_mixin.py:190} INFO - [2024-12-16T09:01:06.497+0900] {dag.py:4180} INFO - Setting next_dagrun for tutorial_objectstorage to None, run_after=None
[2024-12-16T09:01:06.504+0900] {processor.py:208} INFO - Processing /Users/hongseoklee/miniconda3/envs/aivenv/lib/python3.11/site-packages/airflow/example_dags/tutorial_objectstorage.py took 0.090 seconds
[2024-12-16T09:02:23.387+0900] {processor.py:186} INFO - Started process (PID=50589) to work on /Users/hongseoklee/miniconda3/envs/aivenv/lib/python3.11/site-packages/airflow/example_dags/tutorial_objectstorage.py
[2024-12-16T09:02:23.388+0900] {processor.py:914} INFO - Processing file /Users/hongseoklee/miniconda3/envs/aivenv/lib/python3.11/site-packages/airflow/example_dags/tutorial_objectstorage.py for tasks to queue
[2024-12-16T09:02:23.388+0900] {logging_mixin.py:190} INFO - [2024-12-16T09:02:23.388+0900] {dagbag.py:588} INFO - Filling up the DagBag from /Users/hongseoklee/miniconda3/envs/aivenv/lib/python3.11/site-packages/airflow/example_dags/tutorial_objectstorage.py
[2024-12-16T09:02:23.400+0900] {processor.py:925} INFO - DAG(s) 'tutorial_objectstorage' retrieved from /Users/hongseoklee/miniconda3/envs/aivenv/lib/python3.11/site-packages/airflow/example_dags/tutorial_objectstorage.py
[2024-12-16T09:02:23.429+0900] {logging_mixin.py:190} INFO - [2024-12-16T09:02:23.429+0900] {dag.py:3239} INFO - Sync 1 DAGs
[2024-12-16T09:02:23.464+0900] {logging_mixin.py:190} INFO - [2024-12-16T09:02:23.464+0900] {dag.py:4180} INFO - Setting next_dagrun for tutorial_objectstorage to None, run_after=None
[2024-12-16T09:02:23.470+0900] {processor.py:208} INFO - Processing /Users/hongseoklee/miniconda3/envs/aivenv/lib/python3.11/site-packages/airflow/example_dags/tutorial_objectstorage.py took 0.084 seconds
[2024-12-16T09:03:40.105+0900] {processor.py:186} INFO - Started process (PID=50804) to work on /Users/hongseoklee/miniconda3/envs/aivenv/lib/python3.11/site-packages/airflow/example_dags/tutorial_objectstorage.py
[2024-12-16T09:03:40.105+0900] {processor.py:914} INFO - Processing file /Users/hongseoklee/miniconda3/envs/aivenv/lib/python3.11/site-packages/airflow/example_dags/tutorial_objectstorage.py for tasks to queue
[2024-12-16T09:03:40.106+0900] {logging_mixin.py:190} INFO - [2024-12-16T09:03:40.106+0900] {dagbag.py:588} INFO - Filling up the DagBag from /Users/hongseoklee/miniconda3/envs/aivenv/lib/python3.11/site-packages/airflow/example_dags/tutorial_objectstorage.py
[2024-12-16T09:03:40.118+0900] {processor.py:925} INFO - DAG(s) 'tutorial_objectstorage' retrieved from /Users/hongseoklee/miniconda3/envs/aivenv/lib/python3.11/site-packages/airflow/example_dags/tutorial_objectstorage.py
[2024-12-16T09:03:40.146+0900] {logging_mixin.py:190} INFO - [2024-12-16T09:03:40.146+0900] {dag.py:3239} INFO - Sync 1 DAGs
[2024-12-16T09:03:40.182+0900] {logging_mixin.py:190} INFO - [2024-12-16T09:03:40.182+0900] {dag.py:4180} INFO - Setting next_dagrun for tutorial_objectstorage to None, run_after=None
[2024-12-16T09:03:40.188+0900] {processor.py:208} INFO - Processing /Users/hongseoklee/miniconda3/envs/aivenv/lib/python3.11/site-packages/airflow/example_dags/tutorial_objectstorage.py took 0.084 seconds
[2024-12-16T09:05:00.140+0900] {processor.py:186} INFO - Started process (PID=51042) to work on /Users/hongseoklee/miniconda3/envs/aivenv/lib/python3.11/site-packages/airflow/example_dags/tutorial_objectstorage.py
[2024-12-16T09:05:00.141+0900] {processor.py:914} INFO - Processing file /Users/hongseoklee/miniconda3/envs/aivenv/lib/python3.11/site-packages/airflow/example_dags/tutorial_objectstorage.py for tasks to queue
[2024-12-16T09:05:00.141+0900] {logging_mixin.py:190} INFO - [2024-12-16T09:05:00.141+0900] {dagbag.py:588} INFO - Filling up the DagBag from /Users/hongseoklee/miniconda3/envs/aivenv/lib/python3.11/site-packages/airflow/example_dags/tutorial_objectstorage.py
[2024-12-16T09:05:00.154+0900] {processor.py:925} INFO - DAG(s) 'tutorial_objectstorage' retrieved from /Users/hongseoklee/miniconda3/envs/aivenv/lib/python3.11/site-packages/airflow/example_dags/tutorial_objectstorage.py
[2024-12-16T09:05:00.210+0900] {logging_mixin.py:190} INFO - [2024-12-16T09:05:00.210+0900] {dag.py:3239} INFO - Sync 1 DAGs
[2024-12-16T09:05:00.247+0900] {logging_mixin.py:190} INFO - [2024-12-16T09:05:00.247+0900] {dag.py:4180} INFO - Setting next_dagrun for tutorial_objectstorage to None, run_after=None
[2024-12-16T09:05:00.254+0900] {processor.py:208} INFO - Processing /Users/hongseoklee/miniconda3/envs/aivenv/lib/python3.11/site-packages/airflow/example_dags/tutorial_objectstorage.py took 0.114 seconds
[2024-12-16T09:06:18.818+0900] {processor.py:186} INFO - Started process (PID=51255) to work on /Users/hongseoklee/miniconda3/envs/aivenv/lib/python3.11/site-packages/airflow/example_dags/tutorial_objectstorage.py
[2024-12-16T09:06:18.819+0900] {processor.py:914} INFO - Processing file /Users/hongseoklee/miniconda3/envs/aivenv/lib/python3.11/site-packages/airflow/example_dags/tutorial_objectstorage.py for tasks to queue
[2024-12-16T09:06:18.820+0900] {logging_mixin.py:190} INFO - [2024-12-16T09:06:18.819+0900] {dagbag.py:588} INFO - Filling up the DagBag from /Users/hongseoklee/miniconda3/envs/aivenv/lib/python3.11/site-packages/airflow/example_dags/tutorial_objectstorage.py
[2024-12-16T09:06:18.834+0900] {processor.py:925} INFO - DAG(s) 'tutorial_objectstorage' retrieved from /Users/hongseoklee/miniconda3/envs/aivenv/lib/python3.11/site-packages/airflow/example_dags/tutorial_objectstorage.py
[2024-12-16T09:06:18.869+0900] {logging_mixin.py:190} INFO - [2024-12-16T09:06:18.869+0900] {dag.py:3239} INFO - Sync 1 DAGs
[2024-12-16T09:06:18.909+0900] {logging_mixin.py:190} INFO - [2024-12-16T09:06:18.908+0900] {dag.py:4180} INFO - Setting next_dagrun for tutorial_objectstorage to None, run_after=None
[2024-12-16T09:06:18.916+0900] {processor.py:208} INFO - Processing /Users/hongseoklee/miniconda3/envs/aivenv/lib/python3.11/site-packages/airflow/example_dags/tutorial_objectstorage.py took 0.099 seconds
[2024-12-16T09:07:35.277+0900] {processor.py:186} INFO - Started process (PID=51461) to work on /Users/hongseoklee/miniconda3/envs/aivenv/lib/python3.11/site-packages/airflow/example_dags/tutorial_objectstorage.py
[2024-12-16T09:07:35.278+0900] {processor.py:914} INFO - Processing file /Users/hongseoklee/miniconda3/envs/aivenv/lib/python3.11/site-packages/airflow/example_dags/tutorial_objectstorage.py for tasks to queue
[2024-12-16T09:07:35.279+0900] {logging_mixin.py:190} INFO - [2024-12-16T09:07:35.278+0900] {dagbag.py:588} INFO - Filling up the DagBag from /Users/hongseoklee/miniconda3/envs/aivenv/lib/python3.11/site-packages/airflow/example_dags/tutorial_objectstorage.py
[2024-12-16T09:07:35.291+0900] {processor.py:925} INFO - DAG(s) 'tutorial_objectstorage' retrieved from /Users/hongseoklee/miniconda3/envs/aivenv/lib/python3.11/site-packages/airflow/example_dags/tutorial_objectstorage.py
[2024-12-16T09:07:35.319+0900] {logging_mixin.py:190} INFO - [2024-12-16T09:07:35.319+0900] {dag.py:3239} INFO - Sync 1 DAGs
[2024-12-16T09:07:35.357+0900] {logging_mixin.py:190} INFO - [2024-12-16T09:07:35.356+0900] {dag.py:4180} INFO - Setting next_dagrun for tutorial_objectstorage to None, run_after=None
[2024-12-16T09:07:35.363+0900] {processor.py:208} INFO - Processing /Users/hongseoklee/miniconda3/envs/aivenv/lib/python3.11/site-packages/airflow/example_dags/tutorial_objectstorage.py took 0.087 seconds
