[2024-12-16T09:01:04.413+0900] {processor.py:186} INFO - Started process (PID=50232) to work on /Users/hongseoklee/miniconda3/envs/aivenv/lib/python3.11/site-packages/airflow/example_dags/tutorial_taskflow_api.py
[2024-12-16T09:01:04.413+0900] {processor.py:914} INFO - Processing file /Users/hongseoklee/miniconda3/envs/aivenv/lib/python3.11/site-packages/airflow/example_dags/tutorial_taskflow_api.py for tasks to queue
[2024-12-16T09:01:04.414+0900] {logging_mixin.py:190} INFO - [2024-12-16T09:01:04.414+0900] {dagbag.py:588} INFO - Filling up the DagBag from /Users/hongseoklee/miniconda3/envs/aivenv/lib/python3.11/site-packages/airflow/example_dags/tutorial_taskflow_api.py
[2024-12-16T09:01:04.426+0900] {processor.py:925} INFO - DAG(s) 'tutorial_taskflow_api' retrieved from /Users/hongseoklee/miniconda3/envs/aivenv/lib/python3.11/site-packages/airflow/example_dags/tutorial_taskflow_api.py
[2024-12-16T09:01:04.456+0900] {logging_mixin.py:190} INFO - [2024-12-16T09:01:04.456+0900] {dag.py:3239} INFO - Sync 1 DAGs
[2024-12-16T09:01:04.495+0900] {logging_mixin.py:190} INFO - [2024-12-16T09:01:04.495+0900] {dag.py:4180} INFO - Setting next_dagrun for tutorial_taskflow_api to None, run_after=None
[2024-12-16T09:01:04.502+0900] {processor.py:208} INFO - Processing /Users/hongseoklee/miniconda3/envs/aivenv/lib/python3.11/site-packages/airflow/example_dags/tutorial_taskflow_api.py took 0.090 seconds
[2024-12-16T09:02:21.414+0900] {processor.py:186} INFO - Started process (PID=50583) to work on /Users/hongseoklee/miniconda3/envs/aivenv/lib/python3.11/site-packages/airflow/example_dags/tutorial_taskflow_api.py
[2024-12-16T09:02:21.414+0900] {processor.py:914} INFO - Processing file /Users/hongseoklee/miniconda3/envs/aivenv/lib/python3.11/site-packages/airflow/example_dags/tutorial_taskflow_api.py for tasks to queue
[2024-12-16T09:02:21.415+0900] {logging_mixin.py:190} INFO - [2024-12-16T09:02:21.415+0900] {dagbag.py:588} INFO - Filling up the DagBag from /Users/hongseoklee/miniconda3/envs/aivenv/lib/python3.11/site-packages/airflow/example_dags/tutorial_taskflow_api.py
[2024-12-16T09:02:21.428+0900] {processor.py:925} INFO - DAG(s) 'tutorial_taskflow_api' retrieved from /Users/hongseoklee/miniconda3/envs/aivenv/lib/python3.11/site-packages/airflow/example_dags/tutorial_taskflow_api.py
[2024-12-16T09:02:21.456+0900] {logging_mixin.py:190} INFO - [2024-12-16T09:02:21.456+0900] {dag.py:3239} INFO - Sync 1 DAGs
[2024-12-16T09:02:21.493+0900] {logging_mixin.py:190} INFO - [2024-12-16T09:02:21.493+0900] {dag.py:4180} INFO - Setting next_dagrun for tutorial_taskflow_api to None, run_after=None
[2024-12-16T09:02:21.501+0900] {processor.py:208} INFO - Processing /Users/hongseoklee/miniconda3/envs/aivenv/lib/python3.11/site-packages/airflow/example_dags/tutorial_taskflow_api.py took 0.088 seconds
[2024-12-16T09:03:38.144+0900] {processor.py:186} INFO - Started process (PID=50799) to work on /Users/hongseoklee/miniconda3/envs/aivenv/lib/python3.11/site-packages/airflow/example_dags/tutorial_taskflow_api.py
[2024-12-16T09:03:38.144+0900] {processor.py:914} INFO - Processing file /Users/hongseoklee/miniconda3/envs/aivenv/lib/python3.11/site-packages/airflow/example_dags/tutorial_taskflow_api.py for tasks to queue
[2024-12-16T09:03:38.144+0900] {logging_mixin.py:190} INFO - [2024-12-16T09:03:38.144+0900] {dagbag.py:588} INFO - Filling up the DagBag from /Users/hongseoklee/miniconda3/envs/aivenv/lib/python3.11/site-packages/airflow/example_dags/tutorial_taskflow_api.py
[2024-12-16T09:03:38.156+0900] {processor.py:925} INFO - DAG(s) 'tutorial_taskflow_api' retrieved from /Users/hongseoklee/miniconda3/envs/aivenv/lib/python3.11/site-packages/airflow/example_dags/tutorial_taskflow_api.py
[2024-12-16T09:03:38.184+0900] {logging_mixin.py:190} INFO - [2024-12-16T09:03:38.184+0900] {dag.py:3239} INFO - Sync 1 DAGs
[2024-12-16T09:03:38.219+0900] {logging_mixin.py:190} INFO - [2024-12-16T09:03:38.218+0900] {dag.py:4180} INFO - Setting next_dagrun for tutorial_taskflow_api to None, run_after=None
[2024-12-16T09:03:38.225+0900] {processor.py:208} INFO - Processing /Users/hongseoklee/miniconda3/envs/aivenv/lib/python3.11/site-packages/airflow/example_dags/tutorial_taskflow_api.py took 0.083 seconds
[2024-12-16T09:04:58.469+0900] {processor.py:186} INFO - Started process (PID=51037) to work on /Users/hongseoklee/miniconda3/envs/aivenv/lib/python3.11/site-packages/airflow/example_dags/tutorial_taskflow_api.py
[2024-12-16T09:04:58.470+0900] {processor.py:914} INFO - Processing file /Users/hongseoklee/miniconda3/envs/aivenv/lib/python3.11/site-packages/airflow/example_dags/tutorial_taskflow_api.py for tasks to queue
[2024-12-16T09:04:58.471+0900] {logging_mixin.py:190} INFO - [2024-12-16T09:04:58.471+0900] {dagbag.py:588} INFO - Filling up the DagBag from /Users/hongseoklee/miniconda3/envs/aivenv/lib/python3.11/site-packages/airflow/example_dags/tutorial_taskflow_api.py
[2024-12-16T09:04:58.485+0900] {processor.py:925} INFO - DAG(s) 'tutorial_taskflow_api' retrieved from /Users/hongseoklee/miniconda3/envs/aivenv/lib/python3.11/site-packages/airflow/example_dags/tutorial_taskflow_api.py
[2024-12-16T09:04:58.516+0900] {logging_mixin.py:190} INFO - [2024-12-16T09:04:58.516+0900] {dag.py:3239} INFO - Sync 1 DAGs
[2024-12-16T09:04:58.553+0900] {logging_mixin.py:190} INFO - [2024-12-16T09:04:58.553+0900] {dag.py:4180} INFO - Setting next_dagrun for tutorial_taskflow_api to None, run_after=None
[2024-12-16T09:04:58.560+0900] {processor.py:208} INFO - Processing /Users/hongseoklee/miniconda3/envs/aivenv/lib/python3.11/site-packages/airflow/example_dags/tutorial_taskflow_api.py took 0.091 seconds
[2024-12-16T09:06:16.783+0900] {processor.py:186} INFO - Started process (PID=51248) to work on /Users/hongseoklee/miniconda3/envs/aivenv/lib/python3.11/site-packages/airflow/example_dags/tutorial_taskflow_api.py
[2024-12-16T09:06:16.784+0900] {processor.py:914} INFO - Processing file /Users/hongseoklee/miniconda3/envs/aivenv/lib/python3.11/site-packages/airflow/example_dags/tutorial_taskflow_api.py for tasks to queue
[2024-12-16T09:06:16.785+0900] {logging_mixin.py:190} INFO - [2024-12-16T09:06:16.785+0900] {dagbag.py:588} INFO - Filling up the DagBag from /Users/hongseoklee/miniconda3/envs/aivenv/lib/python3.11/site-packages/airflow/example_dags/tutorial_taskflow_api.py
[2024-12-16T09:06:16.797+0900] {processor.py:925} INFO - DAG(s) 'tutorial_taskflow_api' retrieved from /Users/hongseoklee/miniconda3/envs/aivenv/lib/python3.11/site-packages/airflow/example_dags/tutorial_taskflow_api.py
[2024-12-16T09:06:16.827+0900] {logging_mixin.py:190} INFO - [2024-12-16T09:06:16.827+0900] {dag.py:3239} INFO - Sync 1 DAGs
[2024-12-16T09:06:16.866+0900] {logging_mixin.py:190} INFO - [2024-12-16T09:06:16.866+0900] {dag.py:4180} INFO - Setting next_dagrun for tutorial_taskflow_api to None, run_after=None
[2024-12-16T09:06:16.873+0900] {processor.py:208} INFO - Processing /Users/hongseoklee/miniconda3/envs/aivenv/lib/python3.11/site-packages/airflow/example_dags/tutorial_taskflow_api.py took 0.091 seconds
[2024-12-16T09:07:33.321+0900] {processor.py:186} INFO - Started process (PID=51457) to work on /Users/hongseoklee/miniconda3/envs/aivenv/lib/python3.11/site-packages/airflow/example_dags/tutorial_taskflow_api.py
[2024-12-16T09:07:33.322+0900] {processor.py:914} INFO - Processing file /Users/hongseoklee/miniconda3/envs/aivenv/lib/python3.11/site-packages/airflow/example_dags/tutorial_taskflow_api.py for tasks to queue
[2024-12-16T09:07:33.323+0900] {logging_mixin.py:190} INFO - [2024-12-16T09:07:33.323+0900] {dagbag.py:588} INFO - Filling up the DagBag from /Users/hongseoklee/miniconda3/envs/aivenv/lib/python3.11/site-packages/airflow/example_dags/tutorial_taskflow_api.py
[2024-12-16T09:07:33.335+0900] {processor.py:925} INFO - DAG(s) 'tutorial_taskflow_api' retrieved from /Users/hongseoklee/miniconda3/envs/aivenv/lib/python3.11/site-packages/airflow/example_dags/tutorial_taskflow_api.py
[2024-12-16T09:07:33.363+0900] {logging_mixin.py:190} INFO - [2024-12-16T09:07:33.362+0900] {dag.py:3239} INFO - Sync 1 DAGs
[2024-12-16T09:07:33.397+0900] {logging_mixin.py:190} INFO - [2024-12-16T09:07:33.397+0900] {dag.py:4180} INFO - Setting next_dagrun for tutorial_taskflow_api to None, run_after=None
[2024-12-16T09:07:33.403+0900] {processor.py:208} INFO - Processing /Users/hongseoklee/miniconda3/envs/aivenv/lib/python3.11/site-packages/airflow/example_dags/tutorial_taskflow_api.py took 0.083 seconds
