[2024-12-16T09:01:01.329+0900] {processor.py:186} INFO - Started process (PID=50209) to work on /Users/hongseoklee/miniconda3/envs/aivenv/lib/python3.11/site-packages/airflow/example_dags/tutorial_taskflow_templates.py
[2024-12-16T09:01:01.329+0900] {processor.py:914} INFO - Processing file /Users/hongseoklee/miniconda3/envs/aivenv/lib/python3.11/site-packages/airflow/example_dags/tutorial_taskflow_templates.py for tasks to queue
[2024-12-16T09:01:01.330+0900] {logging_mixin.py:190} INFO - [2024-12-16T09:01:01.330+0900] {dagbag.py:588} INFO - Filling up the DagBag from /Users/hongseoklee/miniconda3/envs/aivenv/lib/python3.11/site-packages/airflow/example_dags/tutorial_taskflow_templates.py
[2024-12-16T09:01:01.351+0900] {processor.py:925} INFO - DAG(s) 'tutorial_taskflow_templates' retrieved from /Users/hongseoklee/miniconda3/envs/aivenv/lib/python3.11/site-packages/airflow/example_dags/tutorial_taskflow_templates.py
[2024-12-16T09:01:01.382+0900] {logging_mixin.py:190} INFO - [2024-12-16T09:01:01.382+0900] {dag.py:3239} INFO - Sync 1 DAGs
[2024-12-16T09:01:01.424+0900] {logging_mixin.py:190} INFO - [2024-12-16T09:01:01.424+0900] {dag.py:4180} INFO - Setting next_dagrun for tutorial_taskflow_templates to 2024-12-15T00:00:00+00:00, run_after=2024-12-16T00:00:00+00:00
[2024-12-16T09:01:01.431+0900] {processor.py:208} INFO - Processing /Users/hongseoklee/miniconda3/envs/aivenv/lib/python3.11/site-packages/airflow/example_dags/tutorial_taskflow_templates.py took 0.103 seconds
[2024-12-16T09:02:17.391+0900] {processor.py:186} INFO - Started process (PID=50570) to work on /Users/hongseoklee/miniconda3/envs/aivenv/lib/python3.11/site-packages/airflow/example_dags/tutorial_taskflow_templates.py
[2024-12-16T09:02:17.392+0900] {processor.py:914} INFO - Processing file /Users/hongseoklee/miniconda3/envs/aivenv/lib/python3.11/site-packages/airflow/example_dags/tutorial_taskflow_templates.py for tasks to queue
[2024-12-16T09:02:17.392+0900] {logging_mixin.py:190} INFO - [2024-12-16T09:02:17.392+0900] {dagbag.py:588} INFO - Filling up the DagBag from /Users/hongseoklee/miniconda3/envs/aivenv/lib/python3.11/site-packages/airflow/example_dags/tutorial_taskflow_templates.py
[2024-12-16T09:02:17.411+0900] {processor.py:925} INFO - DAG(s) 'tutorial_taskflow_templates' retrieved from /Users/hongseoklee/miniconda3/envs/aivenv/lib/python3.11/site-packages/airflow/example_dags/tutorial_taskflow_templates.py
[2024-12-16T09:02:17.444+0900] {logging_mixin.py:190} INFO - [2024-12-16T09:02:17.444+0900] {dag.py:3239} INFO - Sync 1 DAGs
[2024-12-16T09:02:17.485+0900] {logging_mixin.py:190} INFO - [2024-12-16T09:02:17.485+0900] {dag.py:4180} INFO - Setting next_dagrun for tutorial_taskflow_templates to 2024-12-15T00:00:00+00:00, run_after=2024-12-16T00:00:00+00:00
[2024-12-16T09:02:17.491+0900] {processor.py:208} INFO - Processing /Users/hongseoklee/miniconda3/envs/aivenv/lib/python3.11/site-packages/airflow/example_dags/tutorial_taskflow_templates.py took 0.100 seconds
[2024-12-16T09:03:34.252+0900] {processor.py:186} INFO - Started process (PID=50789) to work on /Users/hongseoklee/miniconda3/envs/aivenv/lib/python3.11/site-packages/airflow/example_dags/tutorial_taskflow_templates.py
[2024-12-16T09:03:34.252+0900] {processor.py:914} INFO - Processing file /Users/hongseoklee/miniconda3/envs/aivenv/lib/python3.11/site-packages/airflow/example_dags/tutorial_taskflow_templates.py for tasks to queue
[2024-12-16T09:03:34.252+0900] {logging_mixin.py:190} INFO - [2024-12-16T09:03:34.252+0900] {dagbag.py:588} INFO - Filling up the DagBag from /Users/hongseoklee/miniconda3/envs/aivenv/lib/python3.11/site-packages/airflow/example_dags/tutorial_taskflow_templates.py
[2024-12-16T09:03:34.265+0900] {processor.py:925} INFO - DAG(s) 'tutorial_taskflow_templates' retrieved from /Users/hongseoklee/miniconda3/envs/aivenv/lib/python3.11/site-packages/airflow/example_dags/tutorial_taskflow_templates.py
[2024-12-16T09:03:34.294+0900] {logging_mixin.py:190} INFO - [2024-12-16T09:03:34.293+0900] {dag.py:3239} INFO - Sync 1 DAGs
[2024-12-16T09:03:34.330+0900] {logging_mixin.py:190} INFO - [2024-12-16T09:03:34.330+0900] {dag.py:4180} INFO - Setting next_dagrun for tutorial_taskflow_templates to 2024-12-15T00:00:00+00:00, run_after=2024-12-16T00:00:00+00:00
[2024-12-16T09:03:34.337+0900] {processor.py:208} INFO - Processing /Users/hongseoklee/miniconda3/envs/aivenv/lib/python3.11/site-packages/airflow/example_dags/tutorial_taskflow_templates.py took 0.086 seconds
[2024-12-16T09:04:54.439+0900] {processor.py:186} INFO - Started process (PID=51025) to work on /Users/hongseoklee/miniconda3/envs/aivenv/lib/python3.11/site-packages/airflow/example_dags/tutorial_taskflow_templates.py
[2024-12-16T09:04:54.439+0900] {processor.py:914} INFO - Processing file /Users/hongseoklee/miniconda3/envs/aivenv/lib/python3.11/site-packages/airflow/example_dags/tutorial_taskflow_templates.py for tasks to queue
[2024-12-16T09:04:54.440+0900] {logging_mixin.py:190} INFO - [2024-12-16T09:04:54.440+0900] {dagbag.py:588} INFO - Filling up the DagBag from /Users/hongseoklee/miniconda3/envs/aivenv/lib/python3.11/site-packages/airflow/example_dags/tutorial_taskflow_templates.py
[2024-12-16T09:04:54.455+0900] {processor.py:925} INFO - DAG(s) 'tutorial_taskflow_templates' retrieved from /Users/hongseoklee/miniconda3/envs/aivenv/lib/python3.11/site-packages/airflow/example_dags/tutorial_taskflow_templates.py
[2024-12-16T09:04:54.485+0900] {logging_mixin.py:190} INFO - [2024-12-16T09:04:54.485+0900] {dag.py:3239} INFO - Sync 1 DAGs
[2024-12-16T09:04:54.529+0900] {logging_mixin.py:190} INFO - [2024-12-16T09:04:54.529+0900] {dag.py:4180} INFO - Setting next_dagrun for tutorial_taskflow_templates to 2024-12-15T00:00:00+00:00, run_after=2024-12-16T00:00:00+00:00
[2024-12-16T09:04:54.535+0900] {processor.py:208} INFO - Processing /Users/hongseoklee/miniconda3/envs/aivenv/lib/python3.11/site-packages/airflow/example_dags/tutorial_taskflow_templates.py took 0.097 seconds
[2024-12-16T09:06:13.568+0900] {processor.py:186} INFO - Started process (PID=51240) to work on /Users/hongseoklee/miniconda3/envs/aivenv/lib/python3.11/site-packages/airflow/example_dags/tutorial_taskflow_templates.py
[2024-12-16T09:06:13.569+0900] {processor.py:914} INFO - Processing file /Users/hongseoklee/miniconda3/envs/aivenv/lib/python3.11/site-packages/airflow/example_dags/tutorial_taskflow_templates.py for tasks to queue
[2024-12-16T09:06:13.569+0900] {logging_mixin.py:190} INFO - [2024-12-16T09:06:13.569+0900] {dagbag.py:588} INFO - Filling up the DagBag from /Users/hongseoklee/miniconda3/envs/aivenv/lib/python3.11/site-packages/airflow/example_dags/tutorial_taskflow_templates.py
[2024-12-16T09:06:13.582+0900] {processor.py:925} INFO - DAG(s) 'tutorial_taskflow_templates' retrieved from /Users/hongseoklee/miniconda3/envs/aivenv/lib/python3.11/site-packages/airflow/example_dags/tutorial_taskflow_templates.py
[2024-12-16T09:06:13.611+0900] {logging_mixin.py:190} INFO - [2024-12-16T09:06:13.611+0900] {dag.py:3239} INFO - Sync 1 DAGs
[2024-12-16T09:06:13.648+0900] {logging_mixin.py:190} INFO - [2024-12-16T09:06:13.648+0900] {dag.py:4180} INFO - Setting next_dagrun for tutorial_taskflow_templates to 2024-12-15T00:00:00+00:00, run_after=2024-12-16T00:00:00+00:00
[2024-12-16T09:06:13.654+0900] {processor.py:208} INFO - Processing /Users/hongseoklee/miniconda3/envs/aivenv/lib/python3.11/site-packages/airflow/example_dags/tutorial_taskflow_templates.py took 0.087 seconds
[2024-12-16T09:07:31.262+0900] {processor.py:186} INFO - Started process (PID=51449) to work on /Users/hongseoklee/miniconda3/envs/aivenv/lib/python3.11/site-packages/airflow/example_dags/tutorial_taskflow_templates.py
[2024-12-16T09:07:31.263+0900] {processor.py:914} INFO - Processing file /Users/hongseoklee/miniconda3/envs/aivenv/lib/python3.11/site-packages/airflow/example_dags/tutorial_taskflow_templates.py for tasks to queue
[2024-12-16T09:07:31.263+0900] {logging_mixin.py:190} INFO - [2024-12-16T09:07:31.263+0900] {dagbag.py:588} INFO - Filling up the DagBag from /Users/hongseoklee/miniconda3/envs/aivenv/lib/python3.11/site-packages/airflow/example_dags/tutorial_taskflow_templates.py
[2024-12-16T09:07:31.276+0900] {processor.py:925} INFO - DAG(s) 'tutorial_taskflow_templates' retrieved from /Users/hongseoklee/miniconda3/envs/aivenv/lib/python3.11/site-packages/airflow/example_dags/tutorial_taskflow_templates.py
[2024-12-16T09:07:31.305+0900] {logging_mixin.py:190} INFO - [2024-12-16T09:07:31.305+0900] {dag.py:3239} INFO - Sync 1 DAGs
[2024-12-16T09:07:31.348+0900] {logging_mixin.py:190} INFO - [2024-12-16T09:07:31.347+0900] {dag.py:4180} INFO - Setting next_dagrun for tutorial_taskflow_templates to 2024-12-15T00:00:00+00:00, run_after=2024-12-16T00:00:00+00:00
[2024-12-16T09:07:31.354+0900] {processor.py:208} INFO - Processing /Users/hongseoklee/miniconda3/envs/aivenv/lib/python3.11/site-packages/airflow/example_dags/tutorial_taskflow_templates.py took 0.093 seconds
