[2024-12-16T09:00:51.534+0900] {processor.py:186} INFO - Started process (PID=50179) to work on /Users/hongseoklee/miniconda3/envs/aivenv/lib/python3.11/site-packages/airflow/example_dags/subdags/subdag.py
[2024-12-16T09:00:51.534+0900] {processor.py:914} INFO - Processing file /Users/hongseoklee/miniconda3/envs/aivenv/lib/python3.11/site-packages/airflow/example_dags/subdags/subdag.py for tasks to queue
[2024-12-16T09:00:51.535+0900] {logging_mixin.py:190} INFO - [2024-12-16T09:00:51.535+0900] {dagbag.py:588} INFO - Filling up the DagBag from /Users/hongseoklee/miniconda3/envs/aivenv/lib/python3.11/site-packages/airflow/example_dags/subdags/subdag.py
[2024-12-16T09:00:51.535+0900] {processor.py:927} WARNING - No viable dags retrieved from /Users/hongseoklee/miniconda3/envs/aivenv/lib/python3.11/site-packages/airflow/example_dags/subdags/subdag.py
[2024-12-16T09:00:51.561+0900] {processor.py:208} INFO - Processing /Users/hongseoklee/miniconda3/envs/aivenv/lib/python3.11/site-packages/airflow/example_dags/subdags/subdag.py took 0.028 seconds
[2024-12-16T09:02:07.321+0900] {processor.py:186} INFO - Started process (PID=50512) to work on /Users/hongseoklee/miniconda3/envs/aivenv/lib/python3.11/site-packages/airflow/example_dags/subdags/subdag.py
[2024-12-16T09:02:07.322+0900] {processor.py:914} INFO - Processing file /Users/hongseoklee/miniconda3/envs/aivenv/lib/python3.11/site-packages/airflow/example_dags/subdags/subdag.py for tasks to queue
[2024-12-16T09:02:07.322+0900] {logging_mixin.py:190} INFO - [2024-12-16T09:02:07.322+0900] {dagbag.py:588} INFO - Filling up the DagBag from /Users/hongseoklee/miniconda3/envs/aivenv/lib/python3.11/site-packages/airflow/example_dags/subdags/subdag.py
[2024-12-16T09:02:07.323+0900] {processor.py:927} WARNING - No viable dags retrieved from /Users/hongseoklee/miniconda3/envs/aivenv/lib/python3.11/site-packages/airflow/example_dags/subdags/subdag.py
[2024-12-16T09:02:07.350+0900] {processor.py:208} INFO - Processing /Users/hongseoklee/miniconda3/envs/aivenv/lib/python3.11/site-packages/airflow/example_dags/subdags/subdag.py took 0.029 seconds
[2024-12-16T09:03:25.236+0900] {processor.py:186} INFO - Started process (PID=50762) to work on /Users/hongseoklee/miniconda3/envs/aivenv/lib/python3.11/site-packages/airflow/example_dags/subdags/subdag.py
[2024-12-16T09:03:25.237+0900] {processor.py:914} INFO - Processing file /Users/hongseoklee/miniconda3/envs/aivenv/lib/python3.11/site-packages/airflow/example_dags/subdags/subdag.py for tasks to queue
[2024-12-16T09:03:25.237+0900] {logging_mixin.py:190} INFO - [2024-12-16T09:03:25.237+0900] {dagbag.py:588} INFO - Filling up the DagBag from /Users/hongseoklee/miniconda3/envs/aivenv/lib/python3.11/site-packages/airflow/example_dags/subdags/subdag.py
[2024-12-16T09:03:25.238+0900] {processor.py:927} WARNING - No viable dags retrieved from /Users/hongseoklee/miniconda3/envs/aivenv/lib/python3.11/site-packages/airflow/example_dags/subdags/subdag.py
[2024-12-16T09:03:25.265+0900] {processor.py:208} INFO - Processing /Users/hongseoklee/miniconda3/envs/aivenv/lib/python3.11/site-packages/airflow/example_dags/subdags/subdag.py took 0.029 seconds
[2024-12-16T09:04:44.491+0900] {processor.py:186} INFO - Started process (PID=50984) to work on /Users/hongseoklee/miniconda3/envs/aivenv/lib/python3.11/site-packages/airflow/example_dags/subdags/subdag.py
[2024-12-16T09:04:44.492+0900] {processor.py:914} INFO - Processing file /Users/hongseoklee/miniconda3/envs/aivenv/lib/python3.11/site-packages/airflow/example_dags/subdags/subdag.py for tasks to queue
[2024-12-16T09:04:44.492+0900] {logging_mixin.py:190} INFO - [2024-12-16T09:04:44.492+0900] {dagbag.py:588} INFO - Filling up the DagBag from /Users/hongseoklee/miniconda3/envs/aivenv/lib/python3.11/site-packages/airflow/example_dags/subdags/subdag.py
[2024-12-16T09:04:44.493+0900] {processor.py:927} WARNING - No viable dags retrieved from /Users/hongseoklee/miniconda3/envs/aivenv/lib/python3.11/site-packages/airflow/example_dags/subdags/subdag.py
[2024-12-16T09:04:44.524+0900] {processor.py:208} INFO - Processing /Users/hongseoklee/miniconda3/envs/aivenv/lib/python3.11/site-packages/airflow/example_dags/subdags/subdag.py took 0.034 seconds
[2024-12-16T09:06:03.544+0900] {processor.py:186} INFO - Started process (PID=51215) to work on /Users/hongseoklee/miniconda3/envs/aivenv/lib/python3.11/site-packages/airflow/example_dags/subdags/subdag.py
[2024-12-16T09:06:03.544+0900] {processor.py:914} INFO - Processing file /Users/hongseoklee/miniconda3/envs/aivenv/lib/python3.11/site-packages/airflow/example_dags/subdags/subdag.py for tasks to queue
[2024-12-16T09:06:03.545+0900] {logging_mixin.py:190} INFO - [2024-12-16T09:06:03.545+0900] {dagbag.py:588} INFO - Filling up the DagBag from /Users/hongseoklee/miniconda3/envs/aivenv/lib/python3.11/site-packages/airflow/example_dags/subdags/subdag.py
[2024-12-16T09:06:03.546+0900] {processor.py:927} WARNING - No viable dags retrieved from /Users/hongseoklee/miniconda3/envs/aivenv/lib/python3.11/site-packages/airflow/example_dags/subdags/subdag.py
[2024-12-16T09:06:03.573+0900] {processor.py:208} INFO - Processing /Users/hongseoklee/miniconda3/envs/aivenv/lib/python3.11/site-packages/airflow/example_dags/subdags/subdag.py took 0.030 seconds
[2024-12-16T09:07:21.433+0900] {processor.py:186} INFO - Started process (PID=51420) to work on /Users/hongseoklee/miniconda3/envs/aivenv/lib/python3.11/site-packages/airflow/example_dags/subdags/subdag.py
[2024-12-16T09:07:21.434+0900] {processor.py:914} INFO - Processing file /Users/hongseoklee/miniconda3/envs/aivenv/lib/python3.11/site-packages/airflow/example_dags/subdags/subdag.py for tasks to queue
[2024-12-16T09:07:21.434+0900] {logging_mixin.py:190} INFO - [2024-12-16T09:07:21.434+0900] {dagbag.py:588} INFO - Filling up the DagBag from /Users/hongseoklee/miniconda3/envs/aivenv/lib/python3.11/site-packages/airflow/example_dags/subdags/subdag.py
[2024-12-16T09:07:21.435+0900] {processor.py:927} WARNING - No viable dags retrieved from /Users/hongseoklee/miniconda3/envs/aivenv/lib/python3.11/site-packages/airflow/example_dags/subdags/subdag.py
[2024-12-16T09:07:21.463+0900] {processor.py:208} INFO - Processing /Users/hongseoklee/miniconda3/envs/aivenv/lib/python3.11/site-packages/airflow/example_dags/subdags/subdag.py took 0.031 seconds
[2024-12-16T09:08:38.707+0900] {processor.py:186} INFO - Started process (PID=51633) to work on /Users/hongseoklee/miniconda3/envs/aivenv/lib/python3.11/site-packages/airflow/example_dags/subdags/subdag.py
[2024-12-16T09:08:38.708+0900] {processor.py:914} INFO - Processing file /Users/hongseoklee/miniconda3/envs/aivenv/lib/python3.11/site-packages/airflow/example_dags/subdags/subdag.py for tasks to queue
[2024-12-16T09:08:38.708+0900] {logging_mixin.py:190} INFO - [2024-12-16T09:08:38.708+0900] {dagbag.py:588} INFO - Filling up the DagBag from /Users/hongseoklee/miniconda3/envs/aivenv/lib/python3.11/site-packages/airflow/example_dags/subdags/subdag.py
[2024-12-16T09:08:38.709+0900] {processor.py:927} WARNING - No viable dags retrieved from /Users/hongseoklee/miniconda3/envs/aivenv/lib/python3.11/site-packages/airflow/example_dags/subdags/subdag.py
[2024-12-16T09:08:38.736+0900] {processor.py:208} INFO - Processing /Users/hongseoklee/miniconda3/envs/aivenv/lib/python3.11/site-packages/airflow/example_dags/subdags/subdag.py took 0.030 seconds
