[2024-12-15T20:03:55.748+0900] {local_task_job_runner.py:123} INFO - ::group::Pre task execution logs
[2024-12-15T20:03:55.751+0900] {taskinstance.py:2613} INFO - Dependencies all met for dep_context=non-requeueable deps ti=<TaskInstance: maplestory_rank_collection.collect_rank_data manual__2024-12-15T11:01:38.536354+00:00 [queued]>
[2024-12-15T20:03:55.752+0900] {taskinstance.py:2613} INFO - Dependencies all met for dep_context=requeueable deps ti=<TaskInstance: maplestory_rank_collection.collect_rank_data manual__2024-12-15T11:01:38.536354+00:00 [queued]>
[2024-12-15T20:03:55.752+0900] {taskinstance.py:2866} INFO - Starting attempt 1 of 4
[2024-12-15T20:03:55.756+0900] {taskinstance.py:2889} INFO - Executing <Task(PythonOperator): collect_rank_data> on 2024-12-15 11:01:38.536354+00:00
[2024-12-15T20:03:55.759+0900] {standard_task_runner.py:72} INFO - Started process 81671 to run task
[2024-12-15T20:03:55.762+0900] {standard_task_runner.py:104} INFO - Running: ['airflow', 'tasks', 'run', 'maplestory_rank_collection', 'collect_rank_data', 'manual__2024-12-15T11:01:38.536354+00:00', '--job-id', '18', '--raw', '--subdir', 'DAGS_FOLDER/maple_dag.py', '--cfg-path', '/var/folders/6m/mmxhhxc56qbbz6384vmmvc3m0000gn/T/tmpwc1cblyg']
[2024-12-15T20:03:55.764+0900] {standard_task_runner.py:105} INFO - Job 18: Subtask collect_rank_data
[2024-12-15T20:03:55.793+0900] {task_command.py:467} INFO - Running <TaskInstance: maplestory_rank_collection.collect_rank_data manual__2024-12-15T11:01:38.536354+00:00 [running]> on host hongseokui-macbookpro.local
[2024-12-15T20:03:55.811+0900] {taskinstance.py:3132} INFO - Exporting env vars: AIRFLOW_CTX_DAG_OWNER='airflow' AIRFLOW_CTX_DAG_ID='maplestory_rank_collection' AIRFLOW_CTX_TASK_ID='collect_rank_data' AIRFLOW_CTX_EXECUTION_DATE='2024-12-15T11:01:38.536354+00:00' AIRFLOW_CTX_TRY_NUMBER='1' AIRFLOW_CTX_DAG_RUN_ID='manual__2024-12-15T11:01:38.536354+00:00'
[2024-12-15T20:03:55.812+0900] {logging_mixin.py:190} INFO - Task instance is in running state
[2024-12-15T20:03:55.812+0900] {logging_mixin.py:190} INFO -  Previous state of the Task instance: queued
[2024-12-15T20:03:55.812+0900] {logging_mixin.py:190} INFO - Current task name:collect_rank_data state:running start_date:2024-12-15 11:03:55.751404+00:00
[2024-12-15T20:03:55.812+0900] {logging_mixin.py:190} INFO - Dag name:maplestory_rank_collection and current dag run status:running
[2024-12-15T20:03:55.812+0900] {taskinstance.py:731} INFO - ::endgroup::
[2024-12-15T20:03:58.438+0900] {logging_mixin.py:190} INFO - 2024-06-01의 데이터를 수집합니다.
[2024-12-15T20:03:58.445+0900] {logging_mixin.py:190} WARNING -   0%|          | 0/70000 [00:00<?, ?it/s]
[2024-12-15T20:03:58.520+0900] {logging_mixin.py:190} INFO - Error: 429 - {"error":{"name":"OPENAPI00007","message":"Please try again later"}}
[2024-12-15T20:03:58.521+0900] {logging_mixin.py:190} WARNING -   3%|2         | 1774/70000 [00:00<00:02, 23761.71it/s]
[2024-12-15T20:03:58.522+0900] {logging_mixin.py:190} INFO - 2024-06-01에 대한 데이터가 없습니다.
[2024-12-15T20:03:58.522+0900] {logging_mixin.py:190} INFO - 2024-06-02의 데이터를 수집합니다.
[2024-12-15T20:03:58.522+0900] {logging_mixin.py:190} WARNING -   0%|          | 0/70000 [00:00<?, ?it/s]
[2024-12-15T20:03:58.573+0900] {logging_mixin.py:190} INFO - Error: 429 - {"error":{"name":"OPENAPI00007","message":"Please try again later"}}
[2024-12-15T20:03:58.573+0900] {logging_mixin.py:190} WARNING -   3%|2         | 1865/70000 [00:00<00:01, 36701.17it/s]
[2024-12-15T20:03:58.574+0900] {logging_mixin.py:190} INFO - 2024-06-02에 대한 데이터가 없습니다.
[2024-12-15T20:03:58.574+0900] {logging_mixin.py:190} INFO - 2024-06-03의 데이터를 수집합니다.
[2024-12-15T20:03:58.575+0900] {logging_mixin.py:190} WARNING -   0%|          | 0/70000 [00:00<?, ?it/s]
[2024-12-15T20:03:58.630+0900] {logging_mixin.py:190} INFO - Error: 429 - {"error":{"name":"OPENAPI00007","message":"Please try again later"}}
[2024-12-15T20:03:58.631+0900] {logging_mixin.py:190} WARNING -   3%|2         | 1865/70000 [00:00<00:02, 33461.28it/s]
[2024-12-15T20:03:58.632+0900] {logging_mixin.py:190} INFO - 2024-06-03에 대한 데이터가 없습니다.
[2024-12-15T20:03:58.632+0900] {logging_mixin.py:190} INFO - 2024-06-04의 데이터를 수집합니다.
[2024-12-15T20:03:58.632+0900] {logging_mixin.py:190} WARNING -   0%|          | 0/70000 [00:00<?, ?it/s]
[2024-12-15T20:03:58.685+0900] {logging_mixin.py:190} INFO - Error: 429 - {"error":{"name":"OPENAPI00007","message":"Please try again later"}}
[2024-12-15T20:03:58.685+0900] {logging_mixin.py:190} WARNING -   2%|2         | 1466/70000 [00:00<00:02, 27802.09it/s]
[2024-12-15T20:03:58.687+0900] {logging_mixin.py:190} INFO - 2024-06-04에 대한 데이터가 없습니다.
[2024-12-15T20:03:58.687+0900] {logging_mixin.py:190} INFO - 2024-06-05의 데이터를 수집합니다.
[2024-12-15T20:03:58.688+0900] {logging_mixin.py:190} WARNING -   0%|          | 0/70000 [00:00<?, ?it/s]
[2024-12-15T20:03:58.734+0900] {logging_mixin.py:190} INFO - Error: 429 - {"error":{"name":"OPENAPI00007","message":"Please try again later"}}
[2024-12-15T20:03:58.735+0900] {logging_mixin.py:190} WARNING -   0%|          | 0/70000 [00:00<?, ?it/s]
[2024-12-15T20:03:58.736+0900] {logging_mixin.py:190} INFO - 2024-06-05에 대한 데이터가 없습니다.
[2024-12-15T20:03:58.736+0900] {logging_mixin.py:190} INFO - 2024-06-06의 데이터를 수집합니다.
[2024-12-15T20:03:58.736+0900] {logging_mixin.py:190} WARNING -   0%|          | 0/70000 [00:00<?, ?it/s]
[2024-12-15T20:03:58.779+0900] {logging_mixin.py:190} INFO - Error: 429 - {"error":{"name":"OPENAPI00007","message":"Please try again later"}}
[2024-12-15T20:03:58.780+0900] {logging_mixin.py:190} WARNING -   0%|          | 0/70000 [00:00<?, ?it/s]
[2024-12-15T20:03:58.781+0900] {logging_mixin.py:190} INFO - 2024-06-06에 대한 데이터가 없습니다.
[2024-12-15T20:03:58.781+0900] {logging_mixin.py:190} INFO - 2024-06-07의 데이터를 수집합니다.
[2024-12-15T20:03:58.781+0900] {logging_mixin.py:190} WARNING -   0%|          | 0/70000 [00:00<?, ?it/s]
[2024-12-15T20:03:58.834+0900] {logging_mixin.py:190} INFO - Error: 429 - {"error":{"name":"OPENAPI00007","message":"Please try again later"}}
[2024-12-15T20:03:58.834+0900] {logging_mixin.py:190} WARNING -   0%|          | 0/70000 [00:00<?, ?it/s]
[2024-12-15T20:03:58.835+0900] {logging_mixin.py:190} INFO - 2024-06-07에 대한 데이터가 없습니다.
[2024-12-15T20:03:58.835+0900] {logging_mixin.py:190} INFO - 2024-06-08의 데이터를 수집합니다.
[2024-12-15T20:03:58.836+0900] {logging_mixin.py:190} WARNING -   0%|          | 0/70000 [00:00<?, ?it/s]
[2024-12-15T20:03:58.882+0900] {logging_mixin.py:190} INFO - Error: 429 - {"error":{"name":"OPENAPI00007","message":"Please try again later"}}
[2024-12-15T20:03:58.882+0900] {logging_mixin.py:190} WARNING -   0%|          | 0/70000 [00:00<?, ?it/s]
[2024-12-15T20:03:58.883+0900] {logging_mixin.py:190} INFO - 2024-06-08에 대한 데이터가 없습니다.
[2024-12-15T20:03:58.883+0900] {logging_mixin.py:190} INFO - 2024-06-09의 데이터를 수집합니다.
[2024-12-15T20:03:58.883+0900] {logging_mixin.py:190} WARNING -   0%|          | 0/70000 [00:00<?, ?it/s]
[2024-12-15T20:03:58.927+0900] {logging_mixin.py:190} INFO - Error: 429 - {"error":{"name":"OPENAPI00007","message":"Please try again later"}}
[2024-12-15T20:03:58.928+0900] {logging_mixin.py:190} WARNING -   0%|          | 0/70000 [00:00<?, ?it/s]
[2024-12-15T20:03:58.929+0900] {logging_mixin.py:190} INFO - 2024-06-09에 대한 데이터가 없습니다.
[2024-12-15T20:03:58.929+0900] {logging_mixin.py:190} INFO - 2024-06-10의 데이터를 수집합니다.
[2024-12-15T20:03:58.929+0900] {logging_mixin.py:190} WARNING -   0%|          | 0/70000 [00:00<?, ?it/s]
[2024-12-15T20:03:58.978+0900] {logging_mixin.py:190} INFO - Error: 429 - {"error":{"name":"OPENAPI00007","message":"Please try again later"}}
[2024-12-15T20:03:58.978+0900] {logging_mixin.py:190} WARNING -   0%|          | 0/70000 [00:00<?, ?it/s]
[2024-12-15T20:03:58.980+0900] {logging_mixin.py:190} INFO - 2024-06-10에 대한 데이터가 없습니다.
[2024-12-15T20:03:58.981+0900] {python.py:240} INFO - Done. Returned value was: Data collection completed successfully
[2024-12-15T20:03:58.989+0900] {taskinstance.py:340} INFO - ::group::Post task execution logs
[2024-12-15T20:03:58.990+0900] {taskinstance.py:352} INFO - Marking task as SUCCESS. dag_id=maplestory_rank_collection, task_id=collect_rank_data, run_id=manual__2024-12-15T11:01:38.536354+00:00, execution_date=20241215T110138, start_date=20241215T110355, end_date=20241215T110358
[2024-12-15T20:03:58.993+0900] {logging_mixin.py:190} INFO - Task instance in success state
[2024-12-15T20:03:58.993+0900] {logging_mixin.py:190} INFO -  Previous state of the Task instance: running
[2024-12-15T20:03:58.993+0900] {logging_mixin.py:190} INFO - Dag name:maplestory_rank_collection queued_at:2024-12-15 11:01:38.542658+00:00
[2024-12-15T20:03:58.993+0900] {logging_mixin.py:190} INFO - Task hostname:hongseokui-macbookpro.local operator:PythonOperator
[2024-12-15T20:03:59.014+0900] {local_task_job_runner.py:266} INFO - Task exited with return code 0
[2024-12-15T20:03:59.024+0900] {taskinstance.py:3895} INFO - 1 downstream tasks scheduled from follow-on schedule check
[2024-12-15T20:03:59.024+0900] {local_task_job_runner.py:245} INFO - ::endgroup::
