[2024-12-15T20:04:01.841+0900] {local_task_job_runner.py:123} INFO - ::group::Pre task execution logs
[2024-12-15T20:04:01.844+0900] {taskinstance.py:2613} INFO - Dependencies all met for dep_context=non-requeueable deps ti=<TaskInstance: maplestory_rank_collection.run_bigquery_query manual__2024-12-15T11:01:38.536354+00:00 [queued]>
[2024-12-15T20:04:01.846+0900] {taskinstance.py:2613} INFO - Dependencies all met for dep_context=requeueable deps ti=<TaskInstance: maplestory_rank_collection.run_bigquery_query manual__2024-12-15T11:01:38.536354+00:00 [queued]>
[2024-12-15T20:04:01.846+0900] {taskinstance.py:2866} INFO - Starting attempt 1 of 4
[2024-12-15T20:04:01.850+0900] {taskinstance.py:2889} INFO - Executing <Task(BigQueryInsertJobOperator): run_bigquery_query> on 2024-12-15 11:01:38.536354+00:00
[2024-12-15T20:04:01.852+0900] {standard_task_runner.py:72} INFO - Started process 81687 to run task
[2024-12-15T20:04:01.856+0900] {standard_task_runner.py:104} INFO - Running: ['airflow', 'tasks', 'run', 'maplestory_rank_collection', 'run_bigquery_query', 'manual__2024-12-15T11:01:38.536354+00:00', '--job-id', '19', '--raw', '--subdir', 'DAGS_FOLDER/maple_dag.py', '--cfg-path', '/var/folders/6m/mmxhhxc56qbbz6384vmmvc3m0000gn/T/tmprfi2lfij']
[2024-12-15T20:04:01.857+0900] {standard_task_runner.py:105} INFO - Job 19: Subtask run_bigquery_query
[2024-12-15T20:04:01.872+0900] {task_command.py:467} INFO - Running <TaskInstance: maplestory_rank_collection.run_bigquery_query manual__2024-12-15T11:01:38.536354+00:00 [running]> on host hongseokui-macbookpro.local
[2024-12-15T20:04:01.890+0900] {taskinstance.py:3132} INFO - Exporting env vars: AIRFLOW_CTX_DAG_OWNER='airflow' AIRFLOW_CTX_DAG_ID='maplestory_rank_collection' AIRFLOW_CTX_TASK_ID='run_bigquery_query' AIRFLOW_CTX_EXECUTION_DATE='2024-12-15T11:01:38.536354+00:00' AIRFLOW_CTX_TRY_NUMBER='1' AIRFLOW_CTX_DAG_RUN_ID='manual__2024-12-15T11:01:38.536354+00:00'
[2024-12-15T20:04:01.891+0900] {logging_mixin.py:190} INFO - Task instance is in running state
[2024-12-15T20:04:01.891+0900] {logging_mixin.py:190} INFO -  Previous state of the Task instance: queued
[2024-12-15T20:04:01.891+0900] {logging_mixin.py:190} INFO - Current task name:run_bigquery_query state:running start_date:2024-12-15 11:04:01.845065+00:00
[2024-12-15T20:04:01.891+0900] {logging_mixin.py:190} INFO - Dag name:maplestory_rank_collection and current dag run status:running
[2024-12-15T20:04:01.891+0900] {taskinstance.py:731} INFO - ::endgroup::
[2024-12-15T20:04:01.893+0900] {connection.py:277} WARNING - Connection schemes (type: google_cloud_platform) shall not contain '_' according to RFC3986.
[2024-12-15T20:04:01.893+0900] {base.py:84} INFO - Retrieving connection 'google_cloud_default'
[2024-12-15T20:04:01.893+0900] {bigquery.py:2792} INFO - Executing: {'query': {'query': '\n                CREATE OR REPLACE VIEW `gameanalysis-440113.maplestory_data.exp_diff_view` AS\n\n                -- 유저의 유지 여부를 나타내는 컬럼을 추가하는 쿼리\n                WITH daily_exp AS (\n                SELECT\n                    date,\n                    character_name,\n                    MAX(character_exp) AS character_exp,\n                    MAX(character_level) AS character_level\n                FROM\n                    `gameanalysis-440113.maplestory_data.NovaRankTable`\n                GROUP BY\n                    date, character_name\n                ),\n\n                exp_diff_data AS (\n                SELECT\n                    date,\n                    character_name,\n                    character_level,\n                    character_exp,\n                    LAG(character_exp) OVER (PARTITION BY character_name ORDER BY date) AS character_exp_prev,\n                    character_exp - LAG(character_exp) OVER (PARTITION BY character_name ORDER BY date) AS exp_diff\n                FROM\n                    daily_exp\n                ),\n\n                access_data AS (\n                SELECT\n                    *,\n                    exp_diff != 0 AS is_access\n                FROM\n                    exp_diff_data\n                ),\n\n                retention_data AS (\n                SELECT\n                    *,\n                    LAG(is_access) OVER (PARTITION BY character_name ORDER BY date) AS is_access_prev,\n                    CASE\n                    WHEN is_access = TRUE AND LAG(is_access) OVER (PARTITION BY character_name ORDER BY date) = TRUE THEN TRUE\n                    ELSE FALSE\n                    END AS is_retained\n                FROM\n                    access_data\n                )\n                SELECT\n                date,\n                character_name,\n                character_level,\n                FLOOR(character_level / 5) * 5 AS level_band,\n                character_exp,\n                character_exp_prev,\n                exp_diff,\n                is_access,\n                LAG(is_access) OVER (PARTITION BY character_name ORDER BY date) AS is_access_prev,\n                is_retained\n                FROM\n                retention_data\n                ORDER BY\n                character_name, date;\n\n            ', 'useLegacySql': False}}'
[2024-12-15T20:04:01.893+0900] {credentials_provider.py:353} INFO - Getting connection using `google.auth.default()` since no explicit credentials are provided.
[2024-12-15T20:04:01.956+0900] {bigquery.py:1596} INFO - Inserting job airflow_maplestory_rank_collection_run_bigquery_query_2024_12_15T11_01_38_536354_00_00_77e400eb9331a903497f6a41780306c7
[2024-12-15T20:04:03.329+0900] {taskinstance.py:340} INFO - ::group::Post task execution logs
[2024-12-15T20:04:03.330+0900] {taskinstance.py:352} INFO - Marking task as SUCCESS. dag_id=maplestory_rank_collection, task_id=run_bigquery_query, run_id=manual__2024-12-15T11:01:38.536354+00:00, execution_date=20241215T110138, start_date=20241215T110401, end_date=20241215T110403
[2024-12-15T20:04:03.336+0900] {logging_mixin.py:190} INFO - Task instance in success state
[2024-12-15T20:04:03.336+0900] {logging_mixin.py:190} INFO -  Previous state of the Task instance: running
[2024-12-15T20:04:03.337+0900] {logging_mixin.py:190} INFO - Dag name:maplestory_rank_collection queued_at:2024-12-15 11:01:38.542658+00:00
[2024-12-15T20:04:03.337+0900] {logging_mixin.py:190} INFO - Task hostname:hongseokui-macbookpro.local operator:BigQueryInsertJobOperator
[2024-12-15T20:04:03.361+0900] {local_task_job_runner.py:266} INFO - Task exited with return code 0
[2024-12-15T20:04:03.374+0900] {taskinstance.py:3895} INFO - 0 downstream tasks scheduled from follow-on schedule check
[2024-12-15T20:04:03.375+0900] {local_task_job_runner.py:245} INFO - ::endgroup::
