[2024-12-16T09:00:48.892+0900] {processor.py:186} INFO - Started process (PID=50174) to work on /Users/hongseoklee/airflow/dags/maple_dag.py
[2024-12-16T09:00:48.892+0900] {processor.py:914} INFO - Processing file /Users/hongseoklee/airflow/dags/maple_dag.py for tasks to queue
[2024-12-16T09:00:48.893+0900] {logging_mixin.py:190} INFO - [2024-12-16T09:00:48.893+0900] {dagbag.py:588} INFO - Filling up the DagBag from /Users/hongseoklee/airflow/dags/maple_dag.py
[2024-12-16T09:00:49.495+0900] {processor.py:925} INFO - DAG(s) 'maplestory_rank_collection' retrieved from /Users/hongseoklee/airflow/dags/maple_dag.py
[2024-12-16T09:00:49.523+0900] {logging_mixin.py:190} INFO - [2024-12-16T09:00:49.523+0900] {dag.py:3239} INFO - Sync 1 DAGs
[2024-12-16T09:00:49.530+0900] {logging_mixin.py:190} INFO - [2024-12-16T09:00:49.530+0900] {dag.py:4180} INFO - Setting next_dagrun for maplestory_rank_collection to 2024-12-15T04:05:00+00:00, run_after=2024-12-16T04:05:00+00:00
[2024-12-16T09:00:49.535+0900] {processor.py:208} INFO - Processing /Users/hongseoklee/airflow/dags/maple_dag.py took 0.644 seconds
[2024-12-16T09:02:05.238+0900] {processor.py:186} INFO - Started process (PID=50508) to work on /Users/hongseoklee/airflow/dags/maple_dag.py
[2024-12-16T09:02:05.239+0900] {processor.py:914} INFO - Processing file /Users/hongseoklee/airflow/dags/maple_dag.py for tasks to queue
[2024-12-16T09:02:05.240+0900] {logging_mixin.py:190} INFO - [2024-12-16T09:02:05.240+0900] {dagbag.py:588} INFO - Filling up the DagBag from /Users/hongseoklee/airflow/dags/maple_dag.py
[2024-12-16T09:02:05.900+0900] {processor.py:925} INFO - DAG(s) 'maplestory_rank_collection' retrieved from /Users/hongseoklee/airflow/dags/maple_dag.py
[2024-12-16T09:02:05.930+0900] {logging_mixin.py:190} INFO - [2024-12-16T09:02:05.929+0900] {dag.py:3239} INFO - Sync 1 DAGs
[2024-12-16T09:02:05.936+0900] {logging_mixin.py:190} INFO - [2024-12-16T09:02:05.936+0900] {dag.py:4180} INFO - Setting next_dagrun for maplestory_rank_collection to 2024-12-15T04:05:00+00:00, run_after=2024-12-16T04:05:00+00:00
[2024-12-16T09:02:05.942+0900] {processor.py:208} INFO - Processing /Users/hongseoklee/airflow/dags/maple_dag.py took 0.704 seconds
[2024-12-16T09:03:22.595+0900] {processor.py:186} INFO - Started process (PID=50757) to work on /Users/hongseoklee/airflow/dags/maple_dag.py
[2024-12-16T09:03:22.597+0900] {processor.py:914} INFO - Processing file /Users/hongseoklee/airflow/dags/maple_dag.py for tasks to queue
[2024-12-16T09:03:22.597+0900] {logging_mixin.py:190} INFO - [2024-12-16T09:03:22.597+0900] {dagbag.py:588} INFO - Filling up the DagBag from /Users/hongseoklee/airflow/dags/maple_dag.py
[2024-12-16T09:03:23.236+0900] {processor.py:925} INFO - DAG(s) 'maplestory_rank_collection' retrieved from /Users/hongseoklee/airflow/dags/maple_dag.py
[2024-12-16T09:03:23.264+0900] {logging_mixin.py:190} INFO - [2024-12-16T09:03:23.264+0900] {dag.py:3239} INFO - Sync 1 DAGs
[2024-12-16T09:03:23.270+0900] {logging_mixin.py:190} INFO - [2024-12-16T09:03:23.270+0900] {dag.py:4180} INFO - Setting next_dagrun for maplestory_rank_collection to 2024-12-15T04:05:00+00:00, run_after=2024-12-16T04:05:00+00:00
[2024-12-16T09:03:23.276+0900] {processor.py:208} INFO - Processing /Users/hongseoklee/airflow/dags/maple_dag.py took 0.681 seconds
[2024-12-16T09:04:40.680+0900] {processor.py:186} INFO - Started process (PID=50978) to work on /Users/hongseoklee/airflow/dags/maple_dag.py
[2024-12-16T09:04:40.681+0900] {processor.py:914} INFO - Processing file /Users/hongseoklee/airflow/dags/maple_dag.py for tasks to queue
[2024-12-16T09:04:40.681+0900] {logging_mixin.py:190} INFO - [2024-12-16T09:04:40.681+0900] {dagbag.py:588} INFO - Filling up the DagBag from /Users/hongseoklee/airflow/dags/maple_dag.py
[2024-12-16T09:04:41.280+0900] {processor.py:925} INFO - DAG(s) 'maplestory_rank_collection' retrieved from /Users/hongseoklee/airflow/dags/maple_dag.py
[2024-12-16T09:04:41.309+0900] {logging_mixin.py:190} INFO - [2024-12-16T09:04:41.309+0900] {dag.py:3239} INFO - Sync 1 DAGs
[2024-12-16T09:04:41.316+0900] {logging_mixin.py:190} INFO - [2024-12-16T09:04:41.316+0900] {dag.py:4180} INFO - Setting next_dagrun for maplestory_rank_collection to 2024-12-15T04:05:00+00:00, run_after=2024-12-16T04:05:00+00:00
[2024-12-16T09:04:41.321+0900] {processor.py:208} INFO - Processing /Users/hongseoklee/airflow/dags/maple_dag.py took 0.642 seconds
[2024-12-16T09:06:01.536+0900] {processor.py:186} INFO - Started process (PID=51208) to work on /Users/hongseoklee/airflow/dags/maple_dag.py
[2024-12-16T09:06:01.537+0900] {processor.py:914} INFO - Processing file /Users/hongseoklee/airflow/dags/maple_dag.py for tasks to queue
[2024-12-16T09:06:01.538+0900] {logging_mixin.py:190} INFO - [2024-12-16T09:06:01.537+0900] {dagbag.py:588} INFO - Filling up the DagBag from /Users/hongseoklee/airflow/dags/maple_dag.py
[2024-12-16T09:06:02.213+0900] {processor.py:925} INFO - DAG(s) 'maplestory_rank_collection' retrieved from /Users/hongseoklee/airflow/dags/maple_dag.py
[2024-12-16T09:06:02.241+0900] {logging_mixin.py:190} INFO - [2024-12-16T09:06:02.241+0900] {dag.py:3239} INFO - Sync 1 DAGs
[2024-12-16T09:06:02.246+0900] {logging_mixin.py:190} INFO - [2024-12-16T09:06:02.246+0900] {dag.py:4180} INFO - Setting next_dagrun for maplestory_rank_collection to 2024-12-15T04:05:00+00:00, run_after=2024-12-16T04:05:00+00:00
[2024-12-16T09:06:02.252+0900] {processor.py:208} INFO - Processing /Users/hongseoklee/airflow/dags/maple_dag.py took 0.717 seconds
[2024-12-16T09:07:19.489+0900] {processor.py:186} INFO - Started process (PID=51415) to work on /Users/hongseoklee/airflow/dags/maple_dag.py
[2024-12-16T09:07:19.490+0900] {processor.py:914} INFO - Processing file /Users/hongseoklee/airflow/dags/maple_dag.py for tasks to queue
[2024-12-16T09:07:19.490+0900] {logging_mixin.py:190} INFO - [2024-12-16T09:07:19.490+0900] {dagbag.py:588} INFO - Filling up the DagBag from /Users/hongseoklee/airflow/dags/maple_dag.py
[2024-12-16T09:07:20.128+0900] {processor.py:925} INFO - DAG(s) 'maplestory_rank_collection' retrieved from /Users/hongseoklee/airflow/dags/maple_dag.py
[2024-12-16T09:07:20.156+0900] {logging_mixin.py:190} INFO - [2024-12-16T09:07:20.156+0900] {dag.py:3239} INFO - Sync 1 DAGs
[2024-12-16T09:07:20.162+0900] {logging_mixin.py:190} INFO - [2024-12-16T09:07:20.162+0900] {dag.py:4180} INFO - Setting next_dagrun for maplestory_rank_collection to 2024-12-15T04:05:00+00:00, run_after=2024-12-16T04:05:00+00:00
[2024-12-16T09:07:20.168+0900] {processor.py:208} INFO - Processing /Users/hongseoklee/airflow/dags/maple_dag.py took 0.680 seconds
[2024-12-16T09:08:37.028+0900] {processor.py:186} INFO - Started process (PID=51627) to work on /Users/hongseoklee/airflow/dags/maple_dag.py
[2024-12-16T09:08:37.029+0900] {processor.py:914} INFO - Processing file /Users/hongseoklee/airflow/dags/maple_dag.py for tasks to queue
[2024-12-16T09:08:37.029+0900] {logging_mixin.py:190} INFO - [2024-12-16T09:08:37.029+0900] {dagbag.py:588} INFO - Filling up the DagBag from /Users/hongseoklee/airflow/dags/maple_dag.py
[2024-12-16T09:08:37.620+0900] {processor.py:925} INFO - DAG(s) 'maplestory_rank_collection' retrieved from /Users/hongseoklee/airflow/dags/maple_dag.py
[2024-12-16T09:08:37.648+0900] {logging_mixin.py:190} INFO - [2024-12-16T09:08:37.648+0900] {dag.py:3239} INFO - Sync 1 DAGs
[2024-12-16T09:08:37.654+0900] {logging_mixin.py:190} INFO - [2024-12-16T09:08:37.654+0900] {dag.py:4180} INFO - Setting next_dagrun for maplestory_rank_collection to 2024-12-15T04:05:00+00:00, run_after=2024-12-16T04:05:00+00:00
[2024-12-16T09:08:37.660+0900] {processor.py:208} INFO - Processing /Users/hongseoklee/airflow/dags/maple_dag.py took 0.633 seconds
